<?xml version="1.0" encoding="UTF-8"?>
<testsuites name="Test Suite1- Regression" time="956.064" tests="15" failures="5" skips="0" errors="0">
   <testsuite name="Test Suite1- Regression" tests="15" failures="5" errors="0" time="956.064" skips="0" timestamp="2021-03-02 09:48:57" hostname="elsylitsonlambert - localhost" id="Test Suites/Test Suite1- Regression">
      <properties>
         <property name="deviceName" value=""/>
         <property name="devicePlatform" value=""/>
         <property name="logFolder" value="/Users/elsylitsonlambert/git/tcCreateQA/Reports/20210302_094855/Test Suite1- Regression/20210302_094855"/>
         <property name="logFiles" value="/Users/elsylitsonlambert/git/tcCreateQA/Reports/20210302_094855/Test Suite1- Regression/20210302_094855/execution0.log"/>
         <property name="attachments" value="/Users/elsylitsonlambert/git/tcCreateQA/Reports/20210302_094855/Test Suite1- Regression/20210302_094855/1614696578361.png, /Users/elsylitsonlambert/git/tcCreateQA/Reports/20210302_094855/Test Suite1- Regression/20210302_094855/1614696694715.png, /Users/elsylitsonlambert/git/tcCreateQA/Reports/20210302_094855/Test Suite1- Regression/20210302_094855/1614696726478.png, /Users/elsylitsonlambert/git/tcCreateQA/Reports/20210302_094855/Test Suite1- Regression/20210302_094855/1614696872339.png, /Users/elsylitsonlambert/git/tcCreateQA/Reports/20210302_094855/Test Suite1- Regression/20210302_094855/1614696904263.png, /Users/elsylitsonlambert/git/tcCreateQA/Reports/20210302_094855/Test Suite1- Regression/20210302_094855/1614696942058.png, /Users/elsylitsonlambert/git/tcCreateQA/Reports/20210302_094855/Test Suite1- Regression/20210302_094855/1614696973799.png, /Users/elsylitsonlambert/git/tcCreateQA/Reports/20210302_094855/Test Suite1- Regression/20210302_094855/1614696976895.png, /Users/elsylitsonlambert/git/tcCreateQA/Reports/20210302_094855/Test Suite1- Regression/20210302_094855/1614697041233.png, /Users/elsylitsonlambert/git/tcCreateQA/Reports/20210302_094855/Test Suite1- Regression/20210302_094855/1614697044084.png, /Users/elsylitsonlambert/git/tcCreateQA/Reports/20210302_094855/Test Suite1- Regression/20210302_094855/1614697105815.png, /Users/elsylitsonlambert/git/tcCreateQA/Reports/20210302_094855/Test Suite1- Regression/20210302_094855/1614697137556.png, /Users/elsylitsonlambert/git/tcCreateQA/Reports/20210302_094855/Test Suite1- Regression/20210302_094855/1614697140620.png, /Users/elsylitsonlambert/git/tcCreateQA/Reports/20210302_094855/Test Suite1- Regression/20210302_094855/1614697207153.png, /Users/elsylitsonlambert/git/tcCreateQA/Reports/20210302_094855/Test Suite1- Regression/20210302_094855/1614697307118.png"/>
         <property name="hostName" value="elsylitsonlambert - localhost"/>
         <property name="os" value="Mac OS X 64bit"/>
         <property name="katalonVersion" value="7.9.1.208"/>
         <property name="browser" value="Chrome 88.0.4324.192"/>
         <property name="hostAddress" value="127.0.0.1"/>
         <property name="sessionId" value="86b171cab3361d092014c3808bbe1e36"/>
         <property name="seleniumVersion" value="3.141.59"/>
         <property name="proxyInformation" value="ProxyInformation { proxyOption=NO_PROXY, proxyServerType=HTTP, username=, password=********, proxyServerAddress=, proxyServerPort=0, executionList=&quot;&quot;, isApplyToDesiredCapabilities=true }"/>
         <property name="platform" value="Mac OS X"/>
      </properties>
      <testcase name="Test Cases/tCC Test Cases/tN_Parallel Scripture viewer" time="56.951" classname="Test Cases/tCC Test Cases/tN_Parallel Scripture viewer" status="PASSED">
         <system-out><![CDATA[2021-03-02 09:48:58 - [TEST_CASE][PASSED] - Test Cases/tCC Test Cases/tN_Parallel Scripture viewer: Test Cases/tCC Test Cases/tN_Parallel Scripture viewer

2021-03-02 09:48:58 - [TEST_STEP][PASSED] - com.tccreate.keywords.WriteToFile.writeTofilename("tN-Parallel Scripture Viewer"): com.tccreate.keywords.WriteToFile.writeTofilename is PASSED

2021-03-02 09:48:58 - [MESSAGE][PASSED] - com.tccreate.keywords.WriteToFile.writeTofilename is PASSED

2021-03-02 09:48:58 - [TEST_STEP][PASSED] - com.helper.login.TimeDate.getTimeDate(): com.helper.login.TimeDate.getTimeDate is PASSED

2021-03-02 09:48:58 - [MESSAGE][INFO] - Time at which the test run:2021-03-02 09:48:58.35

2021-03-02 09:48:58 - [MESSAGE][PASSED] - com.helper.login.TimeDate.getTimeDate is PASSED

2021-03-02 09:48:58 - [TEST_STEP][PASSED] - com.helper.login.loginhelper.logintoapp(): com.helper.login.loginhelper.logintoapp is PASSED

2021-03-02 09:48:58 - [MESSAGE][INFO] - Starting 'Chrome' driver

2021-03-02 09:48:58 - [MESSAGE][INFO] - Action delay is set to 1,000 milliseconds

2021-03-02 09:49:03 - [MESSAGE][WARNING] - FFmpeg was not installed! Browser Recording will be disabled. Please follow this document to install FFmpeg first: https://docs.katalon.com/katalon-studio/docs/screenshots-videos.html#browser-based-recorder

2021-03-02 09:49:05 - [MESSAGE][PASSED] - Browser is opened with url: 'https://develop--tc-create-app.netlify.app/'

2021-03-02 09:49:05 - [MESSAGE][PASSED] - Wait for page load successfully

2021-03-02 09:49:06 - [MESSAGE][PASSED] - Current window maximized

2021-03-02 09:49:07 - [MESSAGE][PASSED] - Keys 'elsylambert' sent to object: 'Object Repository/Page_tC Create/input__username'

2021-03-02 09:49:08 - [MESSAGE][PASSED] - Keys 'fatak43' sent to object: 'Object Repository/Page_tC Create/input__password'

2021-03-02 09:49:10 - [MESSAGE][PASSED] - Object: 'Object Repository/Page_tC Create/button_Login' is clicked on

2021-03-02 09:49:11 - [MESSAGE][PASSED] - Delayed 1 second(s)

2021-03-02 09:49:12 - [MESSAGE][PASSED] - Text of object 'Object Repository/Page_tC Create/tcc-version number' is: 'translationCore Create - v1.2.0-rc.2 build 28-4717783'

2021-03-02 09:49:12 - [MESSAGE][INFO] - : The current version and build number is translationCore Create - v1.2.0-rc.2 build 28-4717783

2021-03-02 09:49:12 - [MESSAGE][PASSED] - com.helper.login.loginhelper.logintoapp is PASSED

2021-03-02 09:49:12 - [TEST_STEP][PASSED] - com.tccreate.keywords.selectOrg.organization(""): com.tccreate.keywords.selectOrg.organization is PASSED

2021-03-02 09:49:13 - [MESSAGE][PASSED] - Object: 'Object Repository/page_tC Create/Organization unfoldingWord' is clicked on

2021-03-02 09:49:15 - [MESSAGE][WARNING] - No alert found after 2 second(s).

2021-03-02 09:49:15 - [MESSAGE][PASSED] - com.tccreate.keywords.selectOrg.organization is PASSED

2021-03-02 09:49:15 - [TEST_STEP][PASSED] - com.tccreate.keywords.selectOrg.resource("unfoldingWordÂ® Translation Notes"): com.tccreate.keywords.selectOrg.resource is PASSED

2021-03-02 09:49:16 - [MESSAGE][PASSED] - Object: 'Object Repository/Page_tC Create/resource_Parmed' is clicked on

2021-03-02 09:49:16 - [MESSAGE][PASSED] - com.tccreate.keywords.selectOrg.resource is PASSED

2021-03-02 09:49:16 - [TEST_STEP][PASSED] - com.tccreate.keywords.selectOrg.language(""): com.tccreate.keywords.selectOrg.language is PASSED

2021-03-02 09:49:18 - [MESSAGE][PASSED] - Object: 'Object Repository/Page_tC Create/combo_Select Language' is clicked on

2021-03-02 09:49:20 - [MESSAGE][PASSED] - Object: 'Object Repository/Page_tC Create/listOption_Language_Parmed' is clicked on

2021-03-02 09:49:20 - [MESSAGE][PASSED] - com.tccreate.keywords.selectOrg.language is PASSED

2021-03-02 09:49:20 - [TEST_STEP][PASSED] - click(findTestObject("Object Repository/Page_tC Create/span_en_tn_57-TIT.tsv")): Object: 'Object Repository/Page_tC Create/span_en_tn_57-TIT.tsv' is clicked on

2021-03-02 09:49:22 - [MESSAGE][PASSED] - Object: 'Object Repository/Page_tC Create/span_en_tn_57-TIT.tsv' is clicked on

2021-03-02 09:49:22 - [TEST_STEP][PASSED] - com.tccreate.keywords.ExpandAllScriptureToggle.toggleAllScripture(""test""): com.tccreate.keywords.ExpandAllScriptureToggle.toggleAllScripture is PASSED

2021-03-02 09:49:25 - [MESSAGE][INFO] - Unable to find the element located by 'By.xpath: //*[@type = 'button' and @data-test = 'drawer-menu-close-button']'. Please recheck the objects properties to make sure the desired element is located. 

2021-03-02 09:49:25 - [MESSAGE][WARNING] - Object 'Object Repository/Page_tC Create/button_DrawerClose' is not present after 2 second(s)

2021-03-02 09:49:26 - [MESSAGE][PASSED] - Object: 'Object Repository/Page_tC Create/Hamburger Menu Button' is clicked on

2021-03-02 09:49:27 - [MESSAGE][PASSED] - Delayed 1 second(s)

2021-03-02 09:49:27 - [MESSAGE][PASSED] - Object 'Object Repository/Page_tC Create/input_Expand all Scripture_default' is checked

2021-03-02 09:49:29 - [MESSAGE][PASSED] - Object: 'Object Repository/Page_tC Create/input_Expand all Scripture_default' is clicked on

2021-03-02 09:49:30 - [MESSAGE][PASSED] - Delayed 1 second(s)

2021-03-02 09:49:31 - [MESSAGE][PASSED] - Object: 'Object Repository/Page_tC Create/button_DrawerClose' is clicked on

2021-03-02 09:49:32 - [MESSAGE][PASSED] - Object 'Object Repository/Page_tC Create/Hamburger Menu Button' is visible

2021-03-02 09:49:32 - [MESSAGE][PASSED] - com.tccreate.keywords.ExpandAllScriptureToggle.toggleAllScripture is PASSED

2021-03-02 09:49:32 - [TEST_STEP][PASSED] - com.tccreate.keywords.ExpandAllScriptureToggle.toggleAllScripture(""on""): com.tccreate.keywords.ExpandAllScriptureToggle.toggleAllScripture is PASSED

2021-03-02 09:49:35 - [MESSAGE][INFO] - Unable to find the element located by 'By.xpath: //*[@type = 'button' and @data-test = 'drawer-menu-close-button']'. Please recheck the objects properties to make sure the desired element is located. 

2021-03-02 09:49:35 - [MESSAGE][WARNING] - Object 'Object Repository/Page_tC Create/button_DrawerClose' is not present after 2 second(s)

2021-03-02 09:49:37 - [MESSAGE][PASSED] - Object: 'Object Repository/Page_tC Create/Hamburger Menu Button' is clicked on

2021-03-02 09:49:38 - [MESSAGE][PASSED] - Delayed 1 second(s)

2021-03-02 09:49:38 - [MESSAGE][WARNING] - Object 'Object Repository/Page_tC Create/input_Expand all Scripture_default' is not checked (Root cause: com.kms.katalon.core.exception.StepFailedException: Object 'Object Repository/Page_tC Create/input_Expand all Scripture_default' is not checked
	at com.kms.katalon.core.webui.keyword.internal.WebUIKeywordMain.stepFailed(WebUIKeywordMain.groovy:64)
	at com.kms.katalon.core.webui.keyword.builtin.VerifyElementCheckedKeyword$_verifyElementChecked_closure1.doCall(VerifyElementCheckedKeyword.groovy:81)
	at com.kms.katalon.core.webui.keyword.builtin.VerifyElementCheckedKeyword$_verifyElementChecked_closure1.call(VerifyElementCheckedKeyword.groovy)
	at com.kms.katalon.core.webui.keyword.internal.WebUIKeywordMain.runKeyword(WebUIKeywordMain.groovy:20)
	at com.kms.katalon.core.webui.keyword.builtin.VerifyElementCheckedKeyword.verifyElementChecked(VerifyElementCheckedKeyword.groovy:92)
	at com.kms.katalon.core.webui.keyword.builtin.VerifyElementCheckedKeyword.execute(VerifyElementCheckedKeyword.groovy:68)
	at com.kms.katalon.core.keyword.internal.KeywordExecutor.executeKeywordForPlatform(KeywordExecutor.groovy:73)
	at com.kms.katalon.core.webui.keyword.WebUiBuiltInKeywords.verifyElementChecked(WebUiBuiltInKeywords.groovy:1381)
	at com.kms.katalon.core.webui.keyword.WebUiBuiltInKeywords$verifyElementChecked$8.call(Unknown Source)
	at com.tccreate.keywords.ExpandAllScriptureToggle.toggleAllScripture(ExpandAllScriptureToggle.groovy:43)
	at com.tccreate.keywords.ExpandAllScriptureToggle.invokeMethod(ExpandAllScriptureToggle.groovy)
	at com.kms.katalon.core.main.CustomKeywordDelegatingMetaClass.invokeStaticMethod(CustomKeywordDelegatingMetaClass.java:50)
	at tN_Parallel Scripture viewer.run(tN_Parallel Scripture viewer:39)
	at com.kms.katalon.core.main.ScriptEngine.run(ScriptEngine.java:194)
	at com.kms.katalon.core.main.ScriptEngine.runScriptAsRawText(ScriptEngine.java:119)
	at com.kms.katalon.core.main.TestCaseExecutor.runScript(TestCaseExecutor.java:398)
	at com.kms.katalon.core.main.TestCaseExecutor.doExecute(TestCaseExecutor.java:389)
	at com.kms.katalon.core.main.TestCaseExecutor.processExecutionPhase(TestCaseExecutor.java:368)
	at com.kms.katalon.core.main.TestCaseExecutor.accessMainPhase(TestCaseExecutor.java:360)
	at com.kms.katalon.core.main.TestCaseExecutor.execute(TestCaseExecutor.java:255)
	at com.kms.katalon.core.main.TestSuiteExecutor.accessTestCaseMainPhase(TestSuiteExecutor.java:203)
	at com.kms.katalon.core.main.TestSuiteExecutor.accessTestSuiteMainPhase(TestSuiteExecutor.java:152)
	at com.kms.katalon.core.main.TestSuiteExecutor.execute(TestSuiteExecutor.java:95)
	at com.kms.katalon.core.main.TestCaseMain.startTestSuite(TestCaseMain.java:157)
	at com.kms.katalon.core.main.TestCaseMain$startTestSuite$0.call(Unknown Source)
	at TempTestSuite1614696535798.run(TempTestSuite1614696535798.groovy:39)
)
[[ATTACHMENT|/Users/elsylitsonlambert/git/tcCreateQA/Reports/20210302_094855/Test Suite1- Regression/20210302_094855/1614696578361.png]]

2021-03-02 09:49:40 - [MESSAGE][PASSED] - Object: 'Object Repository/Page_tC Create/input_Expand all Scripture_default' is clicked on

2021-03-02 09:49:41 - [MESSAGE][PASSED] - Delayed 1 second(s)

2021-03-02 09:49:43 - [MESSAGE][PASSED] - Object: 'Object Repository/Page_tC Create/button_DrawerClose' is clicked on

2021-03-02 09:49:43 - [MESSAGE][PASSED] - Object 'Object Repository/Page_tC Create/Hamburger Menu Button' is visible

2021-03-02 09:49:43 - [MESSAGE][PASSED] - com.tccreate.keywords.ExpandAllScriptureToggle.toggleAllScripture is PASSED

2021-03-02 09:49:43 - [TEST_STEP][PASSED] - if (verifyElementPresent(findTestObject("Page_tC Create/span_unfoldingWord Literal Text v14"), 5)): null

2021-03-02 09:49:44 - [MESSAGE][PASSED] - Object 'Object Repository/Page_tC Create/span_unfoldingWord Literal Text v14' is present

2021-03-02 09:49:44 - [TEST_STEP][PASSED] - logInfo("ULT is visible 1"): ULT is visible 1

2021-03-02 09:49:44 - [MESSAGE][INFO] - ULT is visible 1

2021-03-02 09:49:44 - [TEST_STEP][PASSED] - if (verifyElementPresent(findTestObject("Page_tC Create/span_unfoldingWord Simplified Text v14"), 5)): null

2021-03-02 09:49:44 - [MESSAGE][PASSED] - Object 'Object Repository/Page_tC Create/span_unfoldingWord Simplified Text v14' is present

2021-03-02 09:49:44 - [TEST_STEP][PASSED] - logInfo("UST is visible"): UST is visible

2021-03-02 09:49:44 - [MESSAGE][INFO] - UST is visible

2021-03-02 09:49:44 - [TEST_STEP][PASSED] - logInfo("ParallelScripture is present"): ParallelScripture is present

2021-03-02 09:49:44 - [MESSAGE][INFO] - ParallelScripture is present

2021-03-02 09:49:44 - [TEST_STEP][PASSED] - com.tccreate.keywords.ExpandAllScriptureToggle.toggleAllScripture(""off""): com.tccreate.keywords.ExpandAllScriptureToggle.toggleAllScripture is PASSED

2021-03-02 09:49:47 - [MESSAGE][INFO] - Unable to find the element located by 'By.xpath: //*[@type = 'button' and @data-test = 'drawer-menu-close-button']'. Please recheck the objects properties to make sure the desired element is located. 

2021-03-02 09:49:47 - [MESSAGE][WARNING] - Object 'Object Repository/Page_tC Create/button_DrawerClose' is not present after 2 second(s)

2021-03-02 09:49:48 - [MESSAGE][PASSED] - Object: 'Object Repository/Page_tC Create/Hamburger Menu Button' is clicked on

2021-03-02 09:49:49 - [MESSAGE][PASSED] - Delayed 1 second(s)

2021-03-02 09:49:50 - [MESSAGE][PASSED] - Object 'Object Repository/Page_tC Create/input_Expand all Scripture_default' is checked

2021-03-02 09:49:51 - [MESSAGE][PASSED] - Object: 'Object Repository/Page_tC Create/input_Expand all Scripture_default' is clicked on

2021-03-02 09:49:52 - [MESSAGE][PASSED] - Delayed 1 second(s)

2021-03-02 09:49:53 - [MESSAGE][PASSED] - Object: 'Object Repository/Page_tC Create/button_DrawerClose' is clicked on

2021-03-02 09:49:54 - [MESSAGE][PASSED] - Object 'Object Repository/Page_tC Create/Hamburger Menu Button' is visible

2021-03-02 09:49:54 - [MESSAGE][PASSED] - com.tccreate.keywords.ExpandAllScriptureToggle.toggleAllScripture is PASSED

2021-03-02 09:49:54 - [TEST_STEP][PASSED] - logInfo("button is toggled"): button is toggled

2021-03-02 09:49:54 - [MESSAGE][INFO] - button is toggled

2021-03-02 09:49:54 - [TEST_STEP][PASSED] - if (verifyElementNotPresent(findTestObject("Page_tC Create/span_unfoldingWord Literal Text v14"), 3)): null

2021-03-02 09:49:54 - [MESSAGE][PASSED] - Web element with id: 'Object Repository/Page_tC Create/span_unfoldingWord Literal Text v14' located by 'By.xpath: //div[@id='wrapY']/table/thead/tr/th[2]/span' is not present after '3' second(s)

2021-03-02 09:49:54 - [TEST_STEP][PASSED] - logInfo("ULT is not visible as expected"): ULT is not visible as expected

2021-03-02 09:49:54 - [MESSAGE][INFO] - ULT is not visible as expected

2021-03-02 09:49:54 - [TEST_STEP][PASSED] - closeBrowser(): Browser is closed

2021-03-02 09:49:55 - [MESSAGE][PASSED] - Browser is closed]]></system-out>
         <system-err><![CDATA[]]></system-err>
      </testcase>
      <testcase name="Test Cases/tCC Test Cases/tCC_Link to Organization page" time="13.556" classname="Test Cases/tCC Test Cases/tCC_Link to Organization page" status="PASSED">
         <system-out><![CDATA[2021-03-02 09:49:55 - [TEST_CASE][PASSED] - Test Cases/tCC Test Cases/tCC_Link to Organization page: Test Cases/tCC Test Cases/tCC_Link to Organization page

2021-03-02 09:49:55 - [TEST_STEP][PASSED] - com.tccreate.keywords.WriteToFile.writeTofilename("Links to Org page"): com.tccreate.keywords.WriteToFile.writeTofilename is PASSED

2021-03-02 09:49:55 - [MESSAGE][PASSED] - com.tccreate.keywords.WriteToFile.writeTofilename is PASSED

2021-03-02 09:49:55 - [TEST_STEP][PASSED] - com.helper.login.TimeDate.getTimeDate(): com.helper.login.TimeDate.getTimeDate is PASSED

2021-03-02 09:49:55 - [MESSAGE][INFO] - Time at which the test run:2021-03-02 09:49:55.162

2021-03-02 09:49:55 - [MESSAGE][PASSED] - com.helper.login.TimeDate.getTimeDate is PASSED

2021-03-02 09:49:55 - [TEST_STEP][PASSED] - com.helper.login.loginhelper.logintoapp(): com.helper.login.loginhelper.logintoapp is PASSED

2021-03-02 09:49:55 - [MESSAGE][INFO] - Starting 'Chrome' driver

2021-03-02 09:49:55 - [MESSAGE][INFO] - Action delay is set to 1,000 milliseconds

2021-03-02 09:49:56 - [MESSAGE][WARNING] - FFmpeg was not installed! Browser Recording will be disabled. Please follow this document to install FFmpeg first: https://docs.katalon.com/katalon-studio/docs/screenshots-videos.html#browser-based-recorder

2021-03-02 09:49:58 - [MESSAGE][PASSED] - Browser is opened with url: 'https://develop--tc-create-app.netlify.app/'

2021-03-02 09:49:58 - [MESSAGE][PASSED] - Wait for page load successfully

2021-03-02 09:49:59 - [MESSAGE][PASSED] - Current window maximized

2021-03-02 09:50:00 - [MESSAGE][PASSED] - Keys 'elsylambert' sent to object: 'Object Repository/Page_tC Create/input__username'

2021-03-02 09:50:02 - [MESSAGE][PASSED] - Keys 'fatak43' sent to object: 'Object Repository/Page_tC Create/input__password'

2021-03-02 09:50:03 - [MESSAGE][PASSED] - Object: 'Object Repository/Page_tC Create/button_Login' is clicked on

2021-03-02 09:50:04 - [MESSAGE][PASSED] - Delayed 1 second(s)

2021-03-02 09:50:05 - [MESSAGE][PASSED] - Text of object 'Object Repository/Page_tC Create/tcc-version number' is: 'translationCore Create - v1.2.0-rc.2 build 28-4717783'

2021-03-02 09:50:05 - [MESSAGE][INFO] - : The current version and build number is translationCore Create - v1.2.0-rc.2 build 28-4717783

2021-03-02 09:50:05 - [MESSAGE][PASSED] - com.helper.login.loginhelper.logintoapp is PASSED

2021-03-02 09:50:05 - [TEST_STEP][PASSED] - verifyElementPresent(findTestObject("Object Repository/Organization Link/span_unfoldingWord"), 1): Object 'Object Repository/Organization Link/span_unfoldingWord' is present

2021-03-02 09:50:05 - [MESSAGE][PASSED] - Object 'Object Repository/Organization Link/span_unfoldingWord' is present

2021-03-02 09:50:05 - [TEST_STEP][PASSED] - expectedTooltip = "Go to Organization": null

2021-03-02 09:50:05 - [TEST_STEP][PASSED] - actualTooltip = getAttribute(findTestObject("Object Repository/Organization Link/button_unfoldingWord_MuiButtonBase-root MuiIconButton-root"), "title"): Attribute 'title' of object 'Object Repository/Organization Link/button_unfoldingWord_MuiButtonBase-root MuiIconButton-root' is: 'Go to Organization'

2021-03-02 09:50:05 - [MESSAGE][PASSED] - Attribute 'title' of object 'Object Repository/Organization Link/button_unfoldingWord_MuiButtonBase-root MuiIconButton-root' is: 'Go to Organization'

2021-03-02 09:50:05 - [TEST_STEP][PASSED] - out.println("Actual Title of Tool Tip" + actualTooltip): null

2021-03-02 09:50:05 - [TEST_STEP][PASSED] - if (actualTooltip.equals(expectedTooltip)): null

2021-03-02 09:50:05 - [TEST_STEP][PASSED] - out.println("Test Case Passed"): null

2021-03-02 09:50:05 - [TEST_STEP][PASSED] - click(findTestObject("Object Repository/Organization Link/button_unfoldingWord_MuiButtonBase-root MuiIconButton-root")): Object: 'Object Repository/Organization Link/button_unfoldingWord_MuiButtonBase-root MuiIconButton-root' is clicked on

2021-03-02 09:50:07 - [MESSAGE][PASSED] - Object: 'Object Repository/Organization Link/button_unfoldingWord_MuiButtonBase-root MuiIconButton-root' is clicked on

2021-03-02 09:50:07 - [TEST_STEP][PASSED] - switchToWindowIndex(1): Switched to window with index: '1'

2021-03-02 09:50:07 - [MESSAGE][PASSED] - Switched to window with index: '1'

2021-03-02 09:50:07 - [TEST_STEP][PASSED] - if (verifyElementVisible(findTestObject("Object Repository/Organization Link/div_unfoldingWord"), CONTINUE_ON_FAILURE)): null

2021-03-02 09:50:08 - [MESSAGE][PASSED] - Object 'Object Repository/Organization Link/div_unfoldingWord' is visible

2021-03-02 09:50:08 - [TEST_STEP][PASSED] - out.println("Organization page is opening"): null

2021-03-02 09:50:08 - [TEST_STEP][PASSED] - switchToWindowIndex(0): Switched to window with index: '0'

2021-03-02 09:50:08 - [MESSAGE][PASSED] - Switched to window with index: '0'

2021-03-02 09:50:08 - [TEST_STEP][PASSED] - closeBrowser(): Browser is closed

2021-03-02 09:50:08 - [MESSAGE][PASSED] - Browser is closed]]></system-out>
         <system-err><![CDATA[]]></system-err>
      </testcase>
      <testcase name="Test Cases/tCC Test Cases/tN_undo text in tN Editor" time="27.242" classname="Test Cases/tCC Test Cases/tN_undo text in tN Editor" status="PASSED">
         <system-out><![CDATA[2021-03-02 09:50:08 - [TEST_CASE][PASSED] - Test Cases/tCC Test Cases/tN_undo text in tN Editor: Test Cases/tCC Test Cases/tN_undo text in tN Editor

2021-03-02 09:50:08 - [TEST_STEP][PASSED] - com.tccreate.keywords.WriteToFile.writeTofilename("tN-undo editing"): com.tccreate.keywords.WriteToFile.writeTofilename is PASSED

2021-03-02 09:50:08 - [MESSAGE][PASSED] - com.tccreate.keywords.WriteToFile.writeTofilename is PASSED

2021-03-02 09:50:08 - [TEST_STEP][PASSED] - com.helper.login.TimeDate.getTimeDate(): com.helper.login.TimeDate.getTimeDate is PASSED

2021-03-02 09:50:08 - [MESSAGE][INFO] - Time at which the test run:2021-03-02 09:50:08.805

2021-03-02 09:50:08 - [MESSAGE][PASSED] - com.helper.login.TimeDate.getTimeDate is PASSED

2021-03-02 09:50:08 - [TEST_STEP][PASSED] - com.helper.login.loginhelper.logintoapp(): com.helper.login.loginhelper.logintoapp is PASSED

2021-03-02 09:50:08 - [MESSAGE][INFO] - Starting 'Chrome' driver

2021-03-02 09:50:08 - [MESSAGE][INFO] - Action delay is set to 1,000 milliseconds

2021-03-02 09:50:09 - [MESSAGE][WARNING] - FFmpeg was not installed! Browser Recording will be disabled. Please follow this document to install FFmpeg first: https://docs.katalon.com/katalon-studio/docs/screenshots-videos.html#browser-based-recorder

2021-03-02 09:50:12 - [MESSAGE][PASSED] - Browser is opened with url: 'https://develop--tc-create-app.netlify.app/'

2021-03-02 09:50:12 - [MESSAGE][PASSED] - Wait for page load successfully

2021-03-02 09:50:12 - [MESSAGE][PASSED] - Current window maximized

2021-03-02 09:50:14 - [MESSAGE][PASSED] - Keys 'elsylambert' sent to object: 'Object Repository/Page_tC Create/input__username'

2021-03-02 09:50:15 - [MESSAGE][PASSED] - Keys 'fatak43' sent to object: 'Object Repository/Page_tC Create/input__password'

2021-03-02 09:50:16 - [MESSAGE][PASSED] - Object: 'Object Repository/Page_tC Create/button_Login' is clicked on

2021-03-02 09:50:17 - [MESSAGE][PASSED] - Delayed 1 second(s)

2021-03-02 09:50:18 - [MESSAGE][PASSED] - Text of object 'Object Repository/Page_tC Create/tcc-version number' is: 'translationCore Create - v1.2.0-rc.2 build 28-4717783'

2021-03-02 09:50:18 - [MESSAGE][INFO] - : The current version and build number is translationCore Create - v1.2.0-rc.2 build 28-4717783

2021-03-02 09:50:18 - [MESSAGE][PASSED] - com.helper.login.loginhelper.logintoapp is PASSED

2021-03-02 09:50:18 - [TEST_STEP][PASSED] - com.tccreate.keywords.selectOrg.organization(""): com.tccreate.keywords.selectOrg.organization is PASSED

2021-03-02 09:50:19 - [MESSAGE][PASSED] - Object: 'Object Repository/page_tC Create/Organization unfoldingWord' is clicked on

2021-03-02 09:50:21 - [MESSAGE][WARNING] - No alert found after 2 second(s).

2021-03-02 09:50:21 - [MESSAGE][PASSED] - com.tccreate.keywords.selectOrg.organization is PASSED

2021-03-02 09:50:21 - [TEST_STEP][PASSED] - com.tccreate.keywords.selectOrg.resource("unfoldingWordÂ® Translation Notes"): com.tccreate.keywords.selectOrg.resource is PASSED

2021-03-02 09:50:23 - [MESSAGE][PASSED] - Object: 'Object Repository/Page_tC Create/resource_Parmed' is clicked on

2021-03-02 09:50:23 - [MESSAGE][PASSED] - com.tccreate.keywords.selectOrg.resource is PASSED

2021-03-02 09:50:23 - [TEST_STEP][PASSED] - com.tccreate.keywords.selectOrg.language(""): com.tccreate.keywords.selectOrg.language is PASSED

2021-03-02 09:50:25 - [MESSAGE][PASSED] - Object: 'Object Repository/Page_tC Create/combo_Select Language' is clicked on

2021-03-02 09:50:26 - [MESSAGE][PASSED] - Object: 'Object Repository/Page_tC Create/listOption_Language_Parmed' is clicked on

2021-03-02 09:50:26 - [MESSAGE][PASSED] - com.tccreate.keywords.selectOrg.language is PASSED

2021-03-02 09:50:26 - [TEST_STEP][PASSED] - click(findTestObject("Object Repository/Page_tC Create/span_en_tn_57-TIT.tsv")): Object: 'Object Repository/Page_tC Create/span_en_tn_57-TIT.tsv' is clicked on

2021-03-02 09:50:28 - [MESSAGE][PASSED] - Object: 'Object Repository/Page_tC Create/span_en_tn_57-TIT.tsv' is clicked on

2021-03-02 09:50:28 - [TEST_STEP][PASSED] - click(findTestObject("Object Repository/Page_tC Create/div_Introduction to TitusPart 1")): Object: 'Object Repository/Page_tC Create/div_Introduction to TitusPart 1' is clicked on

2021-03-02 09:50:32 - [MESSAGE][PASSED] - Object: 'Object Repository/Page_tC Create/div_Introduction to TitusPart 1' is clicked on

2021-03-02 09:50:32 - [TEST_STEP][PASSED] - sendKeys(findTestObject("Object Repository/Page_tC Create/div_Introduction to TitusPart 1"), "edit again "): Keys 'edit again ' sent to object: 'Object Repository/Page_tC Create/div_Introduction to TitusPart 1'

2021-03-02 09:50:34 - [MESSAGE][PASSED] - Keys 'edit again ' sent to object: 'Object Repository/Page_tC Create/div_Introduction to TitusPart 1'

2021-03-02 09:50:34 - [TEST_STEP][PASSED] - driver = getWebDriver(): null

2021-03-02 09:50:34 - [TEST_STEP][PASSED] - action = new org.openqa.selenium.interactions.Actions(driver): null

2021-03-02 09:50:34 - [TEST_STEP][PASSED] - keyUp(COMMAND).perform(): null

2021-03-02 09:50:34 - [TEST_STEP][PASSED] - sendKeys(findTestObject("Object Repository/Page_tC Create/div_Introduction to TitusPart 1"), Keys.chord(COMMAND, "z")): Keys 'COMMAND + z' sent to object: 'Object Repository/Page_tC Create/div_Introduction to TitusPart 1'

2021-03-02 09:50:35 - [MESSAGE][PASSED] - Keys 'COMMAND + z' sent to object: 'Object Repository/Page_tC Create/div_Introduction to TitusPart 1'

2021-03-02 09:50:35 - [TEST_STEP][PASSED] - logInfo("Text is cleared successfully by undo action"): Text is cleared successfully by undo action

2021-03-02 09:50:35 - [MESSAGE][INFO] - Text is cleared successfully by undo action

2021-03-02 09:50:35 - [TEST_STEP][PASSED] - closeBrowser(): Browser is closed

2021-03-02 09:50:35 - [MESSAGE][PASSED] - Browser is closed]]></system-out>
         <system-err><![CDATA[]]></system-err>
      </testcase>
      <testcase name="Test Cases/tCC Test Cases/tN_Add or Delete a Row" time="95.802" classname="Test Cases/tCC Test Cases/tN_Add or Delete a Row" status="FAILED">
         <failure type="FAILED" message="Test Cases/tCC Test Cases/tN_Add or Delete a Row FAILED.
Reason:
com.kms.katalon.core.exception.StepFailedException: Unable to click on object 'Object Repository/tN objects/button_Titus 11_add a new row' (Root cause: com.kms.katalon.core.exception.StepFailedException: Unable to click on object 'Object Repository/tN objects/button_Titus 11_add a new row'
	at com.kms.katalon.core.webui.keyword.internal.WebUIKeywordMain.stepFailed(WebUIKeywordMain.groovy:64)
	at com.kms.katalon.core.webui.keyword.internal.WebUIKeywordMain.runKeyword(WebUIKeywordMain.groovy:26)
	at com.kms.katalon.core.webui.keyword.builtin.ClickKeyword.click(ClickKeyword.groovy:75)
	at com.kms.katalon.core.webui.keyword.builtin.ClickKeyword.execute(ClickKeyword.groovy:42)
	at com.kms.katalon.core.keyword.internal.KeywordExecutor.executeKeywordForPlatform(KeywordExecutor.groovy:73)
	at com.kms.katalon.core.webui.keyword.WebUiBuiltInKeywords.click(WebUiBuiltInKeywords.groovy:619)
	at com.kms.katalon.core.webui.keyword.WebUiBuiltInKeywords$click$3.call(Unknown Source)
	at tN_Add or Delete a Row.run(tN_Add or Delete a Row:38)
	at com.kms.katalon.core.main.ScriptEngine.run(ScriptEngine.java:194)
	at com.kms.katalon.core.main.ScriptEngine.runScriptAsRawText(ScriptEngine.java:119)
	at com.kms.katalon.core.main.TestCaseExecutor.runScript(TestCaseExecutor.java:398)
	at com.kms.katalon.core.main.TestCaseExecutor.doExecute(TestCaseExecutor.java:389)
	at com.kms.katalon.core.main.TestCaseExecutor.processExecutionPhase(TestCaseExecutor.java:368)
	at com.kms.katalon.core.main.TestCaseExecutor.accessMainPhase(TestCaseExecutor.java:360)
	at com.kms.katalon.core.main.TestCaseExecutor.execute(TestCaseExecutor.java:255)
	at com.kms.katalon.core.main.TestSuiteExecutor.accessTestCaseMainPhase(TestSuiteExecutor.java:203)
	at com.kms.katalon.core.main.TestSuiteExecutor.accessTestSuiteMainPhase(TestSuiteExecutor.java:152)
	at com.kms.katalon.core.main.TestSuiteExecutor.execute(TestSuiteExecutor.java:95)
	at com.kms.katalon.core.main.TestCaseMain.startTestSuite(TestCaseMain.java:157)
	at com.kms.katalon.core.main.TestCaseMain$startTestSuite$0.call(Unknown Source)
	at TempTestSuite1614696535798.run(TempTestSuite1614696535798.groovy:39)
Caused by: com.kms.katalon.core.webui.exception.WebElementNotFoundException: Web element with id: 'Object Repository/tN objects/button_Titus 11_add a new row' located by '//*[@class = 'MuiButtonBase-root-482 MuiIconButton-root-474 jss500' and @type = 'button' and @title = 'Add a Row']' not found
	at com.kms.katalon.core.webui.common.WebUiCommonHelper.findWebElement(WebUiCommonHelper.java:1368)
	at com.kms.katalon.core.webui.keyword.internal.WebUIAbstractKeyword.findWebElement(WebUIAbstractKeyword.groovy:27)
	at com.kms.katalon.core.webui.keyword.internal.WebUIAbstractKeyword.findWebElement(WebUIAbstractKeyword.groovy:26)
	at com.kms.katalon.core.webui.keyword.builtin.ClickKeyword$_click_closure1.doCall(ClickKeyword.groovy:66)
	at com.kms.katalon.core.webui.keyword.builtin.ClickKeyword$_click_closure1.call(ClickKeyword.groovy)
	at com.kms.katalon.core.webui.keyword.internal.WebUIKeywordMain.runKeyword(WebUIKeywordMain.groovy:20)
	at com.kms.katalon.core.webui.keyword.builtin.ClickKeyword.click(ClickKeyword.groovy:75)
	at com.kms.katalon.core.webui.keyword.builtin.ClickKeyword.execute(ClickKeyword.groovy:42)
	at com.kms.katalon.core.keyword.internal.KeywordExecutor.executeKeywordForPlatform(KeywordExecutor.groovy:73)
	at com.kms.katalon.core.webui.keyword.WebUiBuiltInKeywords.click(WebUiBuiltInKeywords.groovy:619)
	at com.kms.katalon.core.webui.keyword.WebUiBuiltInKeywords$click$3.call(Unknown Source)
	at Script1607640096280.run(Script1607640096280.groovy:38)
	... 13 more
)
	at com.kms.katalon.core.keyword.internal.KeywordMain.stepFailed(KeywordMain.groovy:39)
	at com.kms.katalon.core.webui.keyword.internal.WebUIKeywordMain.stepFailed(WebUIKeywordMain.groovy:64)
	at com.kms.katalon.core.webui.keyword.internal.WebUIKeywordMain.runKeyword(WebUIKeywordMain.groovy:26)
	at com.kms.katalon.core.webui.keyword.builtin.ClickKeyword.click(ClickKeyword.groovy:75)
	at com.kms.katalon.core.webui.keyword.builtin.ClickKeyword.execute(ClickKeyword.groovy:42)
	at com.kms.katalon.core.keyword.internal.KeywordExecutor.executeKeywordForPlatform(KeywordExecutor.groovy:73)
	at com.kms.katalon.core.webui.keyword.WebUiBuiltInKeywords.click(WebUiBuiltInKeywords.groovy:619)
	at com.kms.katalon.core.webui.keyword.WebUiBuiltInKeywords$click$3.call(Unknown Source)
	at tN_Add or Delete a Row.run(tN_Add or Delete a Row:38)
	at com.kms.katalon.core.main.ScriptEngine.run(ScriptEngine.java:194)
	at com.kms.katalon.core.main.ScriptEngine.runScriptAsRawText(ScriptEngine.java:119)
	at com.kms.katalon.core.main.TestCaseExecutor.runScript(TestCaseExecutor.java:398)
	at com.kms.katalon.core.main.TestCaseExecutor.doExecute(TestCaseExecutor.java:389)
	at com.kms.katalon.core.main.TestCaseExecutor.processExecutionPhase(TestCaseExecutor.java:368)
	at com.kms.katalon.core.main.TestCaseExecutor.accessMainPhase(TestCaseExecutor.java:360)
	at com.kms.katalon.core.main.TestCaseExecutor.execute(TestCaseExecutor.java:255)
	at com.kms.katalon.core.main.TestSuiteExecutor.accessTestCaseMainPhase(TestSuiteExecutor.java:203)
	at com.kms.katalon.core.main.TestSuiteExecutor.accessTestSuiteMainPhase(TestSuiteExecutor.java:152)
	at com.kms.katalon.core.main.TestSuiteExecutor.execute(TestSuiteExecutor.java:95)
	at com.kms.katalon.core.main.TestCaseMain.startTestSuite(TestCaseMain.java:157)
	at com.kms.katalon.core.main.TestCaseMain$startTestSuite$0.call(Unknown Source)
	at TempTestSuite1614696535798.run(TempTestSuite1614696535798.groovy:39)
Caused by: com.kms.katalon.core.exception.StepFailedException: Unable to click on object 'Object Repository/tN objects/button_Titus 11_add a new row'
	... 21 more
Caused by: com.kms.katalon.core.webui.exception.WebElementNotFoundException: Web element with id: 'Object Repository/tN objects/button_Titus 11_add a new row' located by '//*[@class = 'MuiButtonBase-root-482 MuiIconButton-root-474 jss500' and @type = 'button' and @title = 'Add a Row']' not found
	at com.kms.katalon.core.webui.common.WebUiCommonHelper.findWebElement(WebUiCommonHelper.java:1368)
	at com.kms.katalon.core.webui.keyword.internal.WebUIAbstractKeyword.findWebElement(WebUIAbstractKeyword.groovy:27)
	at com.kms.katalon.core.webui.keyword.internal.WebUIAbstractKeyword.findWebElement(WebUIAbstractKeyword.groovy:26)
	at com.kms.katalon.core.webui.keyword.builtin.ClickKeyword$_click_closure1.doCall(ClickKeyword.groovy:66)
	at com.kms.katalon.core.webui.keyword.builtin.ClickKeyword$_click_closure1.call(ClickKeyword.groovy)
	at com.kms.katalon.core.webui.keyword.internal.WebUIKeywordMain.runKeyword(WebUIKeywordMain.groovy:20)
	... 19 more
"/>
         <system-out><![CDATA[2021-03-02 09:50:35 - [TEST_CASE][FAILED] - Test Cases/tCC Test Cases/tN_Add or Delete a Row: Test Cases/tCC Test Cases/tN_Add or Delete a Row FAILED.
Reason:
com.kms.katalon.core.exception.StepFailedException: Unable to click on object 'Object Repository/tN objects/button_Titus 11_add a new row' (Root cause: com.kms.katalon.core.exception.StepFailedException: Unable to click on object 'Object Repository/tN objects/button_Titus 11_add a new row'
	at com.kms.katalon.core.webui.keyword.internal.WebUIKeywordMain.stepFailed(WebUIKeywordMain.groovy:64)
	at com.kms.katalon.core.webui.keyword.internal.WebUIKeywordMain.runKeyword(WebUIKeywordMain.groovy:26)
	at com.kms.katalon.core.webui.keyword.builtin.ClickKeyword.click(ClickKeyword.groovy:75)
	at com.kms.katalon.core.webui.keyword.builtin.ClickKeyword.execute(ClickKeyword.groovy:42)
	at com.kms.katalon.core.keyword.internal.KeywordExecutor.executeKeywordForPlatform(KeywordExecutor.groovy:73)
	at com.kms.katalon.core.webui.keyword.WebUiBuiltInKeywords.click(WebUiBuiltInKeywords.groovy:619)
	at com.kms.katalon.core.webui.keyword.WebUiBuiltInKeywords$click$3.call(Unknown Source)
	at tN_Add or Delete a Row.run(tN_Add or Delete a Row:38)
	at com.kms.katalon.core.main.ScriptEngine.run(ScriptEngine.java:194)
	at com.kms.katalon.core.main.ScriptEngine.runScriptAsRawText(ScriptEngine.java:119)
	at com.kms.katalon.core.main.TestCaseExecutor.runScript(TestCaseExecutor.java:398)
	at com.kms.katalon.core.main.TestCaseExecutor.doExecute(TestCaseExecutor.java:389)
	at com.kms.katalon.core.main.TestCaseExecutor.processExecutionPhase(TestCaseExecutor.java:368)
	at com.kms.katalon.core.main.TestCaseExecutor.accessMainPhase(TestCaseExecutor.java:360)
	at com.kms.katalon.core.main.TestCaseExecutor.execute(TestCaseExecutor.java:255)
	at com.kms.katalon.core.main.TestSuiteExecutor.accessTestCaseMainPhase(TestSuiteExecutor.java:203)
	at com.kms.katalon.core.main.TestSuiteExecutor.accessTestSuiteMainPhase(TestSuiteExecutor.java:152)
	at com.kms.katalon.core.main.TestSuiteExecutor.execute(TestSuiteExecutor.java:95)
	at com.kms.katalon.core.main.TestCaseMain.startTestSuite(TestCaseMain.java:157)
	at com.kms.katalon.core.main.TestCaseMain$startTestSuite$0.call(Unknown Source)
	at TempTestSuite1614696535798.run(TempTestSuite1614696535798.groovy:39)
Caused by: com.kms.katalon.core.webui.exception.WebElementNotFoundException: Web element with id: 'Object Repository/tN objects/button_Titus 11_add a new row' located by '//*[@class = 'MuiButtonBase-root-482 MuiIconButton-root-474 jss500' and @type = 'button' and @title = 'Add a Row']' not found
	at com.kms.katalon.core.webui.common.WebUiCommonHelper.findWebElement(WebUiCommonHelper.java:1368)
	at com.kms.katalon.core.webui.keyword.internal.WebUIAbstractKeyword.findWebElement(WebUIAbstractKeyword.groovy:27)
	at com.kms.katalon.core.webui.keyword.internal.WebUIAbstractKeyword.findWebElement(WebUIAbstractKeyword.groovy:26)
	at com.kms.katalon.core.webui.keyword.builtin.ClickKeyword$_click_closure1.doCall(ClickKeyword.groovy:66)
	at com.kms.katalon.core.webui.keyword.builtin.ClickKeyword$_click_closure1.call(ClickKeyword.groovy)
	at com.kms.katalon.core.webui.keyword.internal.WebUIKeywordMain.runKeyword(WebUIKeywordMain.groovy:20)
	at com.kms.katalon.core.webui.keyword.builtin.ClickKeyword.click(ClickKeyword.groovy:75)
	at com.kms.katalon.core.webui.keyword.builtin.ClickKeyword.execute(ClickKeyword.groovy:42)
	at com.kms.katalon.core.keyword.internal.KeywordExecutor.executeKeywordForPlatform(KeywordExecutor.groovy:73)
	at com.kms.katalon.core.webui.keyword.WebUiBuiltInKeywords.click(WebUiBuiltInKeywords.groovy:619)
	at com.kms.katalon.core.webui.keyword.WebUiBuiltInKeywords$click$3.call(Unknown Source)
	at Script1607640096280.run(Script1607640096280.groovy:38)
	... 13 more
)
	at com.kms.katalon.core.keyword.internal.KeywordMain.stepFailed(KeywordMain.groovy:39)
	at com.kms.katalon.core.webui.keyword.internal.WebUIKeywordMain.stepFailed(WebUIKeywordMain.groovy:64)
	at com.kms.katalon.core.webui.keyword.internal.WebUIKeywordMain.runKeyword(WebUIKeywordMain.groovy:26)
	at com.kms.katalon.core.webui.keyword.builtin.ClickKeyword.click(ClickKeyword.groovy:75)
	at com.kms.katalon.core.webui.keyword.builtin.ClickKeyword.execute(ClickKeyword.groovy:42)
	at com.kms.katalon.core.keyword.internal.KeywordExecutor.executeKeywordForPlatform(KeywordExecutor.groovy:73)
	at com.kms.katalon.core.webui.keyword.WebUiBuiltInKeywords.click(WebUiBuiltInKeywords.groovy:619)
	at com.kms.katalon.core.webui.keyword.WebUiBuiltInKeywords$click$3.call(Unknown Source)
	at tN_Add or Delete a Row.run(tN_Add or Delete a Row:38)
	at com.kms.katalon.core.main.ScriptEngine.run(ScriptEngine.java:194)
	at com.kms.katalon.core.main.ScriptEngine.runScriptAsRawText(ScriptEngine.java:119)
	at com.kms.katalon.core.main.TestCaseExecutor.runScript(TestCaseExecutor.java:398)
	at com.kms.katalon.core.main.TestCaseExecutor.doExecute(TestCaseExecutor.java:389)
	at com.kms.katalon.core.main.TestCaseExecutor.processExecutionPhase(TestCaseExecutor.java:368)
	at com.kms.katalon.core.main.TestCaseExecutor.accessMainPhase(TestCaseExecutor.java:360)
	at com.kms.katalon.core.main.TestCaseExecutor.execute(TestCaseExecutor.java:255)
	at com.kms.katalon.core.main.TestSuiteExecutor.accessTestCaseMainPhase(TestSuiteExecutor.java:203)
	at com.kms.katalon.core.main.TestSuiteExecutor.accessTestSuiteMainPhase(TestSuiteExecutor.java:152)
	at com.kms.katalon.core.main.TestSuiteExecutor.execute(TestSuiteExecutor.java:95)
	at com.kms.katalon.core.main.TestCaseMain.startTestSuite(TestCaseMain.java:157)
	at com.kms.katalon.core.main.TestCaseMain$startTestSuite$0.call(Unknown Source)
	at TempTestSuite1614696535798.run(TempTestSuite1614696535798.groovy:39)
Caused by: com.kms.katalon.core.exception.StepFailedException: Unable to click on object 'Object Repository/tN objects/button_Titus 11_add a new row'
	... 21 more
Caused by: com.kms.katalon.core.webui.exception.WebElementNotFoundException: Web element with id: 'Object Repository/tN objects/button_Titus 11_add a new row' located by '//*[@class = 'MuiButtonBase-root-482 MuiIconButton-root-474 jss500' and @type = 'button' and @title = 'Add a Row']' not found
	at com.kms.katalon.core.webui.common.WebUiCommonHelper.findWebElement(WebUiCommonHelper.java:1368)
	at com.kms.katalon.core.webui.keyword.internal.WebUIAbstractKeyword.findWebElement(WebUIAbstractKeyword.groovy:27)
	at com.kms.katalon.core.webui.keyword.internal.WebUIAbstractKeyword.findWebElement(WebUIAbstractKeyword.groovy:26)
	at com.kms.katalon.core.webui.keyword.builtin.ClickKeyword$_click_closure1.doCall(ClickKeyword.groovy:66)
	at com.kms.katalon.core.webui.keyword.builtin.ClickKeyword$_click_closure1.call(ClickKeyword.groovy)
	at com.kms.katalon.core.webui.keyword.internal.WebUIKeywordMain.runKeyword(WebUIKeywordMain.groovy:20)
	... 19 more


2021-03-02 09:50:35 - [TEST_STEP][PASSED] - com.tccreate.keywords.WriteToFile.writeTofilename("tA-Add or delete row"): com.tccreate.keywords.WriteToFile.writeTofilename is PASSED

2021-03-02 09:50:35 - [MESSAGE][PASSED] - com.tccreate.keywords.WriteToFile.writeTofilename is PASSED

2021-03-02 09:50:35 - [TEST_STEP][PASSED] - com.helper.login.TimeDate.getTimeDate(): com.helper.login.TimeDate.getTimeDate is PASSED

2021-03-02 09:50:35 - [MESSAGE][INFO] - Time at which the test run:2021-03-02 09:50:35.959

2021-03-02 09:50:35 - [MESSAGE][PASSED] - com.helper.login.TimeDate.getTimeDate is PASSED

2021-03-02 09:50:35 - [TEST_STEP][PASSED] - com.helper.login.loginhelper.logintoapp(): com.helper.login.loginhelper.logintoapp is PASSED

2021-03-02 09:50:35 - [MESSAGE][INFO] - Starting 'Chrome' driver

2021-03-02 09:50:35 - [MESSAGE][INFO] - Action delay is set to 1,000 milliseconds

2021-03-02 09:50:36 - [MESSAGE][WARNING] - FFmpeg was not installed! Browser Recording will be disabled. Please follow this document to install FFmpeg first: https://docs.katalon.com/katalon-studio/docs/screenshots-videos.html#browser-based-recorder

2021-03-02 09:50:39 - [MESSAGE][PASSED] - Browser is opened with url: 'https://develop--tc-create-app.netlify.app/'

2021-03-02 09:50:39 - [MESSAGE][PASSED] - Wait for page load successfully

2021-03-02 09:50:40 - [MESSAGE][PASSED] - Current window maximized

2021-03-02 09:50:41 - [MESSAGE][PASSED] - Keys 'elsylambert' sent to object: 'Object Repository/Page_tC Create/input__username'

2021-03-02 09:50:42 - [MESSAGE][PASSED] - Keys 'fatak43' sent to object: 'Object Repository/Page_tC Create/input__password'

2021-03-02 09:50:44 - [MESSAGE][PASSED] - Object: 'Object Repository/Page_tC Create/button_Login' is clicked on

2021-03-02 09:50:45 - [MESSAGE][PASSED] - Delayed 1 second(s)

2021-03-02 09:50:46 - [MESSAGE][PASSED] - Text of object 'Object Repository/Page_tC Create/tcc-version number' is: 'translationCore Create - v1.2.0-rc.2 build 28-4717783'

2021-03-02 09:50:46 - [MESSAGE][INFO] - : The current version and build number is translationCore Create - v1.2.0-rc.2 build 28-4717783

2021-03-02 09:50:46 - [MESSAGE][PASSED] - com.helper.login.loginhelper.logintoapp is PASSED

2021-03-02 09:50:46 - [TEST_STEP][PASSED] - com.tccreate.keywords.selectOrg.organization(""): com.tccreate.keywords.selectOrg.organization is PASSED

2021-03-02 09:50:47 - [MESSAGE][PASSED] - Object: 'Object Repository/page_tC Create/Organization unfoldingWord' is clicked on

2021-03-02 09:50:49 - [MESSAGE][WARNING] - No alert found after 2 second(s).

2021-03-02 09:50:49 - [MESSAGE][PASSED] - com.tccreate.keywords.selectOrg.organization is PASSED

2021-03-02 09:50:49 - [TEST_STEP][PASSED] - com.tccreate.keywords.selectOrg.resource("unfoldingWordÂ® Translation Notes"): com.tccreate.keywords.selectOrg.resource is PASSED

2021-03-02 09:50:50 - [MESSAGE][PASSED] - Object: 'Object Repository/Page_tC Create/resource_Parmed' is clicked on

2021-03-02 09:50:50 - [MESSAGE][PASSED] - com.tccreate.keywords.selectOrg.resource is PASSED

2021-03-02 09:50:50 - [TEST_STEP][PASSED] - com.tccreate.keywords.selectOrg.language(""): com.tccreate.keywords.selectOrg.language is PASSED

2021-03-02 09:50:52 - [MESSAGE][PASSED] - Object: 'Object Repository/Page_tC Create/combo_Select Language' is clicked on

2021-03-02 09:50:53 - [MESSAGE][PASSED] - Object: 'Object Repository/Page_tC Create/listOption_Language_Parmed' is clicked on

2021-03-02 09:50:53 - [MESSAGE][PASSED] - com.tccreate.keywords.selectOrg.language is PASSED

2021-03-02 09:50:53 - [TEST_STEP][PASSED] - click(findTestObject("Page_tC Create/Add new resource objects/span_en_tn_57-TIT.tsv")): Object: 'Object Repository/Page_tC Create/Add new resource objects/span_en_tn_57-TIT.tsv' is clicked on

2021-03-02 09:50:55 - [MESSAGE][PASSED] - Object: 'Object Repository/Page_tC Create/Add new resource objects/span_en_tn_57-TIT.tsv' is clicked on

2021-03-02 09:50:55 - [TEST_STEP][PASSED] - click(findTestObject("Object Repository/tN objects/button_view columns")): Object: 'Object Repository/tN objects/button_view columns' is clicked on

2021-03-02 09:50:59 - [MESSAGE][PASSED] - Object: 'Object Repository/tN objects/button_view columns' is clicked on

2021-03-02 09:50:59 - [TEST_STEP][PASSED] - click(findTestObject("Object Repository/tN objects/input_ID")): Object: 'Object Repository/tN objects/input_ID' is clicked on

2021-03-02 09:51:01 - [MESSAGE][PASSED] - Object: 'Object Repository/tN objects/input_ID' is clicked on

2021-03-02 09:51:01 - [TEST_STEP][PASSED] - click(findTestObject("tN objects/button__Close-Columns")): Object: 'Object Repository/tN objects/button__Close-Columns' is clicked on

2021-03-02 09:51:02 - [MESSAGE][PASSED] - Object: 'Object Repository/tN objects/button__Close-Columns' is clicked on

2021-03-02 09:51:02 - [TEST_STEP][PASSED] - scrollToElement(findTestObject("Object Repository/tN objects/div_Titus 11"), 2): Scroll to object 'Object Repository/tN objects/div_Titus 11' successfully

2021-03-02 09:51:03 - [MESSAGE][PASSED] - Scroll to object 'Object Repository/tN objects/div_Titus 11' successfully

2021-03-02 09:51:03 - [TEST_STEP][FAILED] - click(findTestObject("Object Repository/tN objects/button_Titus 11_add a new row")): Unable to click on object 'Object Repository/tN objects/button_Titus 11_add a new row' (Root cause: com.kms.katalon.core.exception.StepFailedException: Unable to click on object 'Object Repository/tN objects/button_Titus 11_add a new row'
	at com.kms.katalon.core.webui.keyword.internal.WebUIKeywordMain.stepFailed(WebUIKeywordMain.groovy:64)
	at com.kms.katalon.core.webui.keyword.internal.WebUIKeywordMain.runKeyword(WebUIKeywordMain.groovy:26)
	at com.kms.katalon.core.webui.keyword.builtin.ClickKeyword.click(ClickKeyword.groovy:75)
	at com.kms.katalon.core.webui.keyword.builtin.ClickKeyword.execute(ClickKeyword.groovy:42)
	at com.kms.katalon.core.keyword.internal.KeywordExecutor.executeKeywordForPlatform(KeywordExecutor.groovy:73)
	at com.kms.katalon.core.webui.keyword.WebUiBuiltInKeywords.click(WebUiBuiltInKeywords.groovy:619)
	at com.kms.katalon.core.webui.keyword.WebUiBuiltInKeywords$click$3.call(Unknown Source)
	at tN_Add or Delete a Row.run(tN_Add or Delete a Row:38)
	at com.kms.katalon.core.main.ScriptEngine.run(ScriptEngine.java:194)
	at com.kms.katalon.core.main.ScriptEngine.runScriptAsRawText(ScriptEngine.java:119)
	at com.kms.katalon.core.main.TestCaseExecutor.runScript(TestCaseExecutor.java:398)
	at com.kms.katalon.core.main.TestCaseExecutor.doExecute(TestCaseExecutor.java:389)
	at com.kms.katalon.core.main.TestCaseExecutor.processExecutionPhase(TestCaseExecutor.java:368)
	at com.kms.katalon.core.main.TestCaseExecutor.accessMainPhase(TestCaseExecutor.java:360)
	at com.kms.katalon.core.main.TestCaseExecutor.execute(TestCaseExecutor.java:255)
	at com.kms.katalon.core.main.TestSuiteExecutor.accessTestCaseMainPhase(TestSuiteExecutor.java:203)
	at com.kms.katalon.core.main.TestSuiteExecutor.accessTestSuiteMainPhase(TestSuiteExecutor.java:152)
	at com.kms.katalon.core.main.TestSuiteExecutor.execute(TestSuiteExecutor.java:95)
	at com.kms.katalon.core.main.TestCaseMain.startTestSuite(TestCaseMain.java:157)
	at com.kms.katalon.core.main.TestCaseMain$startTestSuite$0.call(Unknown Source)
	at TempTestSuite1614696535798.run(TempTestSuite1614696535798.groovy:39)
Caused by: com.kms.katalon.core.webui.exception.WebElementNotFoundException: Web element with id: 'Object Repository/tN objects/button_Titus 11_add a new row' located by '//*[@class = 'MuiButtonBase-root-482 MuiIconButton-root-474 jss500' and @type = 'button' and @title = 'Add a Row']' not found
	at com.kms.katalon.core.webui.common.WebUiCommonHelper.findWebElement(WebUiCommonHelper.java:1368)
	at com.kms.katalon.core.webui.keyword.internal.WebUIAbstractKeyword.findWebElement(WebUIAbstractKeyword.groovy:27)
	at com.kms.katalon.core.webui.keyword.internal.WebUIAbstractKeyword.findWebElement(WebUIAbstractKeyword.groovy:26)
	at com.kms.katalon.core.webui.keyword.builtin.ClickKeyword$_click_closure1.doCall(ClickKeyword.groovy:66)
	at com.kms.katalon.core.webui.keyword.builtin.ClickKeyword$_click_closure1.call(ClickKeyword.groovy)
	at com.kms.katalon.core.webui.keyword.internal.WebUIKeywordMain.runKeyword(WebUIKeywordMain.groovy:20)
	at com.kms.katalon.core.webui.keyword.builtin.ClickKeyword.click(ClickKeyword.groovy:75)
	at com.kms.katalon.core.webui.keyword.builtin.ClickKeyword.execute(ClickKeyword.groovy:42)
	at com.kms.katalon.core.keyword.internal.KeywordExecutor.executeKeywordForPlatform(KeywordExecutor.groovy:73)
	at com.kms.katalon.core.webui.keyword.WebUiBuiltInKeywords.click(WebUiBuiltInKeywords.groovy:619)
	at com.kms.katalon.core.webui.keyword.WebUiBuiltInKeywords$click$3.call(Unknown Source)
	at Script1607640096280.run(Script1607640096280.groovy:38)
	... 13 more
)

2021-03-02 09:51:34 - [MESSAGE][INFO] - Unable to find the element located by 'By.xpath: //*[@class = 'MuiButtonBase-root-482 MuiIconButton-root-474 jss500' and @type = 'button' and @title = 'Add a Row']'. Please recheck the objects properties to make sure the desired element is located. 

2021-03-02 09:51:35 - [MESSAGE][FAILED] - Unable to click on object 'Object Repository/tN objects/button_Titus 11_add a new row' (Root cause: com.kms.katalon.core.exception.StepFailedException: Unable to click on object 'Object Repository/tN objects/button_Titus 11_add a new row'
	at com.kms.katalon.core.webui.keyword.internal.WebUIKeywordMain.stepFailed(WebUIKeywordMain.groovy:64)
	at com.kms.katalon.core.webui.keyword.internal.WebUIKeywordMain.runKeyword(WebUIKeywordMain.groovy:26)
	at com.kms.katalon.core.webui.keyword.builtin.ClickKeyword.click(ClickKeyword.groovy:75)
	at com.kms.katalon.core.webui.keyword.builtin.ClickKeyword.execute(ClickKeyword.groovy:42)
	at com.kms.katalon.core.keyword.internal.KeywordExecutor.executeKeywordForPlatform(KeywordExecutor.groovy:73)
	at com.kms.katalon.core.webui.keyword.WebUiBuiltInKeywords.click(WebUiBuiltInKeywords.groovy:619)
	at com.kms.katalon.core.webui.keyword.WebUiBuiltInKeywords$click$3.call(Unknown Source)
	at tN_Add or Delete a Row.run(tN_Add or Delete a Row:38)
	at com.kms.katalon.core.main.ScriptEngine.run(ScriptEngine.java:194)
	at com.kms.katalon.core.main.ScriptEngine.runScriptAsRawText(ScriptEngine.java:119)
	at com.kms.katalon.core.main.TestCaseExecutor.runScript(TestCaseExecutor.java:398)
	at com.kms.katalon.core.main.TestCaseExecutor.doExecute(TestCaseExecutor.java:389)
	at com.kms.katalon.core.main.TestCaseExecutor.processExecutionPhase(TestCaseExecutor.java:368)
	at com.kms.katalon.core.main.TestCaseExecutor.accessMainPhase(TestCaseExecutor.java:360)
	at com.kms.katalon.core.main.TestCaseExecutor.execute(TestCaseExecutor.java:255)
	at com.kms.katalon.core.main.TestSuiteExecutor.accessTestCaseMainPhase(TestSuiteExecutor.java:203)
	at com.kms.katalon.core.main.TestSuiteExecutor.accessTestSuiteMainPhase(TestSuiteExecutor.java:152)
	at com.kms.katalon.core.main.TestSuiteExecutor.execute(TestSuiteExecutor.java:95)
	at com.kms.katalon.core.main.TestCaseMain.startTestSuite(TestCaseMain.java:157)
	at com.kms.katalon.core.main.TestCaseMain$startTestSuite$0.call(Unknown Source)
	at TempTestSuite1614696535798.run(TempTestSuite1614696535798.groovy:39)
Caused by: com.kms.katalon.core.webui.exception.WebElementNotFoundException: Web element with id: 'Object Repository/tN objects/button_Titus 11_add a new row' located by '//*[@class = 'MuiButtonBase-root-482 MuiIconButton-root-474 jss500' and @type = 'button' and @title = 'Add a Row']' not found
	at com.kms.katalon.core.webui.common.WebUiCommonHelper.findWebElement(WebUiCommonHelper.java:1368)
	at com.kms.katalon.core.webui.keyword.internal.WebUIAbstractKeyword.findWebElement(WebUIAbstractKeyword.groovy:27)
	at com.kms.katalon.core.webui.keyword.internal.WebUIAbstractKeyword.findWebElement(WebUIAbstractKeyword.groovy:26)
	at com.kms.katalon.core.webui.keyword.builtin.ClickKeyword$_click_closure1.doCall(ClickKeyword.groovy:66)
	at com.kms.katalon.core.webui.keyword.builtin.ClickKeyword$_click_closure1.call(ClickKeyword.groovy)
	at com.kms.katalon.core.webui.keyword.internal.WebUIKeywordMain.runKeyword(WebUIKeywordMain.groovy:20)
	at com.kms.katalon.core.webui.keyword.builtin.ClickKeyword.click(ClickKeyword.groovy:75)
	at com.kms.katalon.core.webui.keyword.builtin.ClickKeyword.execute(ClickKeyword.groovy:42)
	at com.kms.katalon.core.keyword.internal.KeywordExecutor.executeKeywordForPlatform(KeywordExecutor.groovy:73)
	at com.kms.katalon.core.webui.keyword.WebUiBuiltInKeywords.click(WebUiBuiltInKeywords.groovy:619)
	at com.kms.katalon.core.webui.keyword.WebUiBuiltInKeywords$click$3.call(Unknown Source)
	at Script1607640096280.run(Script1607640096280.groovy:38)
	... 13 more
)
[[ATTACHMENT|/Users/elsylitsonlambert/git/tcCreateQA/Reports/20210302_094855/Test Suite1- Regression/20210302_094855/1614696694715.png]]

2021-03-02 09:51:35 - [TEST_STEP][FAILED] - click(findTestObject("Object Repository/tN objects/button_Add")): Unable to click on object 'Object Repository/tN objects/button_Add' (Root cause: com.kms.katalon.core.exception.StepFailedException: Unable to click on object 'Object Repository/tN objects/button_Add'
	at com.kms.katalon.core.webui.keyword.internal.WebUIKeywordMain.stepFailed(WebUIKeywordMain.groovy:64)
	at com.kms.katalon.core.webui.keyword.internal.WebUIKeywordMain.runKeyword(WebUIKeywordMain.groovy:26)
	at com.kms.katalon.core.webui.keyword.builtin.ClickKeyword.click(ClickKeyword.groovy:75)
	at com.kms.katalon.core.webui.keyword.builtin.ClickKeyword.execute(ClickKeyword.groovy:42)
	at com.kms.katalon.core.keyword.internal.KeywordExecutor.executeKeywordForPlatform(KeywordExecutor.groovy:73)
	at com.kms.katalon.core.webui.keyword.WebUiBuiltInKeywords.click(WebUiBuiltInKeywords.groovy:619)
	at com.kms.katalon.core.webui.keyword.WebUiBuiltInKeywords$click$3.call(Unknown Source)
	at tN_Add or Delete a Row.run(tN_Add or Delete a Row:39)
	at com.kms.katalon.core.main.ScriptEngine.run(ScriptEngine.java:194)
	at com.kms.katalon.core.main.ScriptEngine.runScriptAsRawText(ScriptEngine.java:119)
	at com.kms.katalon.core.main.TestCaseExecutor.runScript(TestCaseExecutor.java:398)
	at com.kms.katalon.core.main.TestCaseExecutor.doExecute(TestCaseExecutor.java:389)
	at com.kms.katalon.core.main.TestCaseExecutor.processExecutionPhase(TestCaseExecutor.java:368)
	at com.kms.katalon.core.main.TestCaseExecutor.accessMainPhase(TestCaseExecutor.java:360)
	at com.kms.katalon.core.main.TestCaseExecutor.execute(TestCaseExecutor.java:255)
	at com.kms.katalon.core.main.TestSuiteExecutor.accessTestCaseMainPhase(TestSuiteExecutor.java:203)
	at com.kms.katalon.core.main.TestSuiteExecutor.accessTestSuiteMainPhase(TestSuiteExecutor.java:152)
	at com.kms.katalon.core.main.TestSuiteExecutor.execute(TestSuiteExecutor.java:95)
	at com.kms.katalon.core.main.TestCaseMain.startTestSuite(TestCaseMain.java:157)
	at com.kms.katalon.core.main.TestCaseMain$startTestSuite$0.call(Unknown Source)
	at TempTestSuite1614696535798.run(TempTestSuite1614696535798.groovy:39)
Caused by: com.kms.katalon.core.webui.exception.WebElementNotFoundException: Web element with id: 'Object Repository/tN objects/button_Add' located by '//*[@type = 'button' and (text() = 'Add' or . = 'Add')]' not found
	at com.kms.katalon.core.webui.common.WebUiCommonHelper.findWebElement(WebUiCommonHelper.java:1368)
	at com.kms.katalon.core.webui.keyword.internal.WebUIAbstractKeyword.findWebElement(WebUIAbstractKeyword.groovy:27)
	at com.kms.katalon.core.webui.keyword.internal.WebUIAbstractKeyword.findWebElement(WebUIAbstractKeyword.groovy:26)
	at com.kms.katalon.core.webui.keyword.builtin.ClickKeyword$_click_closure1.doCall(ClickKeyword.groovy:66)
	at com.kms.katalon.core.webui.keyword.builtin.ClickKeyword$_click_closure1.call(ClickKeyword.groovy)
	at com.kms.katalon.core.webui.keyword.internal.WebUIKeywordMain.runKeyword(WebUIKeywordMain.groovy:20)
	at com.kms.katalon.core.webui.keyword.builtin.ClickKeyword.click(ClickKeyword.groovy:75)
	at com.kms.katalon.core.webui.keyword.builtin.ClickKeyword.execute(ClickKeyword.groovy:42)
	at com.kms.katalon.core.keyword.internal.KeywordExecutor.executeKeywordForPlatform(KeywordExecutor.groovy:73)
	at com.kms.katalon.core.webui.keyword.WebUiBuiltInKeywords.click(WebUiBuiltInKeywords.groovy:619)
	at com.kms.katalon.core.webui.keyword.WebUiBuiltInKeywords$click$3.call(Unknown Source)
	at Script1607640096280.run(Script1607640096280.groovy:39)
	... 13 more
)

2021-03-02 09:52:06 - [MESSAGE][INFO] - Unable to find the element located by 'By.xpath: //*[@type = 'button' and (text() = 'Add' or . = 'Add')]'. Please recheck the objects properties to make sure the desired element is located. 

2021-03-02 09:52:07 - [MESSAGE][FAILED] - Unable to click on object 'Object Repository/tN objects/button_Add' (Root cause: com.kms.katalon.core.exception.StepFailedException: Unable to click on object 'Object Repository/tN objects/button_Add'
	at com.kms.katalon.core.webui.keyword.internal.WebUIKeywordMain.stepFailed(WebUIKeywordMain.groovy:64)
	at com.kms.katalon.core.webui.keyword.internal.WebUIKeywordMain.runKeyword(WebUIKeywordMain.groovy:26)
	at com.kms.katalon.core.webui.keyword.builtin.ClickKeyword.click(ClickKeyword.groovy:75)
	at com.kms.katalon.core.webui.keyword.builtin.ClickKeyword.execute(ClickKeyword.groovy:42)
	at com.kms.katalon.core.keyword.internal.KeywordExecutor.executeKeywordForPlatform(KeywordExecutor.groovy:73)
	at com.kms.katalon.core.webui.keyword.WebUiBuiltInKeywords.click(WebUiBuiltInKeywords.groovy:619)
	at com.kms.katalon.core.webui.keyword.WebUiBuiltInKeywords$click$3.call(Unknown Source)
	at tN_Add or Delete a Row.run(tN_Add or Delete a Row:39)
	at com.kms.katalon.core.main.ScriptEngine.run(ScriptEngine.java:194)
	at com.kms.katalon.core.main.ScriptEngine.runScriptAsRawText(ScriptEngine.java:119)
	at com.kms.katalon.core.main.TestCaseExecutor.runScript(TestCaseExecutor.java:398)
	at com.kms.katalon.core.main.TestCaseExecutor.doExecute(TestCaseExecutor.java:389)
	at com.kms.katalon.core.main.TestCaseExecutor.processExecutionPhase(TestCaseExecutor.java:368)
	at com.kms.katalon.core.main.TestCaseExecutor.accessMainPhase(TestCaseExecutor.java:360)
	at com.kms.katalon.core.main.TestCaseExecutor.execute(TestCaseExecutor.java:255)
	at com.kms.katalon.core.main.TestSuiteExecutor.accessTestCaseMainPhase(TestSuiteExecutor.java:203)
	at com.kms.katalon.core.main.TestSuiteExecutor.accessTestSuiteMainPhase(TestSuiteExecutor.java:152)
	at com.kms.katalon.core.main.TestSuiteExecutor.execute(TestSuiteExecutor.java:95)
	at com.kms.katalon.core.main.TestCaseMain.startTestSuite(TestCaseMain.java:157)
	at com.kms.katalon.core.main.TestCaseMain$startTestSuite$0.call(Unknown Source)
	at TempTestSuite1614696535798.run(TempTestSuite1614696535798.groovy:39)
Caused by: com.kms.katalon.core.webui.exception.WebElementNotFoundException: Web element with id: 'Object Repository/tN objects/button_Add' located by '//*[@type = 'button' and (text() = 'Add' or . = 'Add')]' not found
	at com.kms.katalon.core.webui.common.WebUiCommonHelper.findWebElement(WebUiCommonHelper.java:1368)
	at com.kms.katalon.core.webui.keyword.internal.WebUIAbstractKeyword.findWebElement(WebUIAbstractKeyword.groovy:27)
	at com.kms.katalon.core.webui.keyword.internal.WebUIAbstractKeyword.findWebElement(WebUIAbstractKeyword.groovy:26)
	at com.kms.katalon.core.webui.keyword.builtin.ClickKeyword$_click_closure1.doCall(ClickKeyword.groovy:66)
	at com.kms.katalon.core.webui.keyword.builtin.ClickKeyword$_click_closure1.call(ClickKeyword.groovy)
	at com.kms.katalon.core.webui.keyword.internal.WebUIKeywordMain.runKeyword(WebUIKeywordMain.groovy:20)
	at com.kms.katalon.core.webui.keyword.builtin.ClickKeyword.click(ClickKeyword.groovy:75)
	at com.kms.katalon.core.webui.keyword.builtin.ClickKeyword.execute(ClickKeyword.groovy:42)
	at com.kms.katalon.core.keyword.internal.KeywordExecutor.executeKeywordForPlatform(KeywordExecutor.groovy:73)
	at com.kms.katalon.core.webui.keyword.WebUiBuiltInKeywords.click(WebUiBuiltInKeywords.groovy:619)
	at com.kms.katalon.core.webui.keyword.WebUiBuiltInKeywords$click$3.call(Unknown Source)
	at Script1607640096280.run(Script1607640096280.groovy:39)
	... 13 more
)
[[ATTACHMENT|/Users/elsylitsonlambert/git/tcCreateQA/Reports/20210302_094855/Test Suite1- Regression/20210302_094855/1614696726478.png]]

2021-03-02 09:52:07 - [TEST_STEP][PASSED] - if (verifyElementVisible(findTestObject("Object Repository/tN objects/p_empty"))): null

2021-03-02 09:52:07 - [MESSAGE][PASSED] - Object 'Object Repository/tN objects/p_empty' is visible

2021-03-02 09:52:07 - [TEST_STEP][PASSED] - logInfo(" New row is added successfully"):  New row is added successfully

2021-03-02 09:52:07 - [MESSAGE][INFO] -  New row is added successfully

2021-03-02 09:52:07 - [TEST_STEP][PASSED] - click(findTestObject("Object Repository/tN objects/button_Titus 11_Delete new row")): Object: 'Object Repository/tN objects/button_Titus 11_Delete new row' is clicked on

2021-03-02 09:52:08 - [MESSAGE][PASSED] - Object: 'Object Repository/tN objects/button_Titus 11_Delete new row' is clicked on

2021-03-02 09:52:08 - [TEST_STEP][PASSED] - click(findTestObject("Object Repository/tN objects/span_Delete")): Object: 'Object Repository/tN objects/span_Delete' is clicked on

2021-03-02 09:52:10 - [MESSAGE][PASSED] - Object: 'Object Repository/tN objects/span_Delete' is clicked on

2021-03-02 09:52:10 - [TEST_STEP][PASSED] - if (verifyElementVisible(findTestObject("Object Repository/tN objects/p_empty"))): null

2021-03-02 09:52:11 - [MESSAGE][PASSED] - Object 'Object Repository/tN objects/p_empty' is visible

2021-03-02 09:52:11 - [TEST_STEP][PASSED] - logInfo(" New row is deleted successfully"):  New row is deleted successfully

2021-03-02 09:52:11 - [MESSAGE][INFO] -  New row is deleted successfully

2021-03-02 09:52:11 - [TEST_STEP][PASSED] - closeBrowser(): Browser is closed

2021-03-02 09:52:11 - [MESSAGE][PASSED] - Browser is closed]]></system-out>
         <system-err><![CDATA[2021-03-02 09:50:35 - [TEST_CASE][FAILED] - Test Cases/tCC Test Cases/tN_Add or Delete a Row: Test Cases/tCC Test Cases/tN_Add or Delete a Row FAILED.
Reason:
com.kms.katalon.core.exception.StepFailedException: Unable to click on object 'Object Repository/tN objects/button_Titus 11_add a new row' (Root cause: com.kms.katalon.core.exception.StepFailedException: Unable to click on object 'Object Repository/tN objects/button_Titus 11_add a new row'
	at com.kms.katalon.core.webui.keyword.internal.WebUIKeywordMain.stepFailed(WebUIKeywordMain.groovy:64)
	at com.kms.katalon.core.webui.keyword.internal.WebUIKeywordMain.runKeyword(WebUIKeywordMain.groovy:26)
	at com.kms.katalon.core.webui.keyword.builtin.ClickKeyword.click(ClickKeyword.groovy:75)
	at com.kms.katalon.core.webui.keyword.builtin.ClickKeyword.execute(ClickKeyword.groovy:42)
	at com.kms.katalon.core.keyword.internal.KeywordExecutor.executeKeywordForPlatform(KeywordExecutor.groovy:73)
	at com.kms.katalon.core.webui.keyword.WebUiBuiltInKeywords.click(WebUiBuiltInKeywords.groovy:619)
	at com.kms.katalon.core.webui.keyword.WebUiBuiltInKeywords$click$3.call(Unknown Source)
	at tN_Add or Delete a Row.run(tN_Add or Delete a Row:38)
	at com.kms.katalon.core.main.ScriptEngine.run(ScriptEngine.java:194)
	at com.kms.katalon.core.main.ScriptEngine.runScriptAsRawText(ScriptEngine.java:119)
	at com.kms.katalon.core.main.TestCaseExecutor.runScript(TestCaseExecutor.java:398)
	at com.kms.katalon.core.main.TestCaseExecutor.doExecute(TestCaseExecutor.java:389)
	at com.kms.katalon.core.main.TestCaseExecutor.processExecutionPhase(TestCaseExecutor.java:368)
	at com.kms.katalon.core.main.TestCaseExecutor.accessMainPhase(TestCaseExecutor.java:360)
	at com.kms.katalon.core.main.TestCaseExecutor.execute(TestCaseExecutor.java:255)
	at com.kms.katalon.core.main.TestSuiteExecutor.accessTestCaseMainPhase(TestSuiteExecutor.java:203)
	at com.kms.katalon.core.main.TestSuiteExecutor.accessTestSuiteMainPhase(TestSuiteExecutor.java:152)
	at com.kms.katalon.core.main.TestSuiteExecutor.execute(TestSuiteExecutor.java:95)
	at com.kms.katalon.core.main.TestCaseMain.startTestSuite(TestCaseMain.java:157)
	at com.kms.katalon.core.main.TestCaseMain$startTestSuite$0.call(Unknown Source)
	at TempTestSuite1614696535798.run(TempTestSuite1614696535798.groovy:39)
Caused by: com.kms.katalon.core.webui.exception.WebElementNotFoundException: Web element with id: 'Object Repository/tN objects/button_Titus 11_add a new row' located by '//*[@class = 'MuiButtonBase-root-482 MuiIconButton-root-474 jss500' and @type = 'button' and @title = 'Add a Row']' not found
	at com.kms.katalon.core.webui.common.WebUiCommonHelper.findWebElement(WebUiCommonHelper.java:1368)
	at com.kms.katalon.core.webui.keyword.internal.WebUIAbstractKeyword.findWebElement(WebUIAbstractKeyword.groovy:27)
	at com.kms.katalon.core.webui.keyword.internal.WebUIAbstractKeyword.findWebElement(WebUIAbstractKeyword.groovy:26)
	at com.kms.katalon.core.webui.keyword.builtin.ClickKeyword$_click_closure1.doCall(ClickKeyword.groovy:66)
	at com.kms.katalon.core.webui.keyword.builtin.ClickKeyword$_click_closure1.call(ClickKeyword.groovy)
	at com.kms.katalon.core.webui.keyword.internal.WebUIKeywordMain.runKeyword(WebUIKeywordMain.groovy:20)
	at com.kms.katalon.core.webui.keyword.builtin.ClickKeyword.click(ClickKeyword.groovy:75)
	at com.kms.katalon.core.webui.keyword.builtin.ClickKeyword.execute(ClickKeyword.groovy:42)
	at com.kms.katalon.core.keyword.internal.KeywordExecutor.executeKeywordForPlatform(KeywordExecutor.groovy:73)
	at com.kms.katalon.core.webui.keyword.WebUiBuiltInKeywords.click(WebUiBuiltInKeywords.groovy:619)
	at com.kms.katalon.core.webui.keyword.WebUiBuiltInKeywords$click$3.call(Unknown Source)
	at Script1607640096280.run(Script1607640096280.groovy:38)
	... 13 more
)
	at com.kms.katalon.core.keyword.internal.KeywordMain.stepFailed(KeywordMain.groovy:39)
	at com.kms.katalon.core.webui.keyword.internal.WebUIKeywordMain.stepFailed(WebUIKeywordMain.groovy:64)
	at com.kms.katalon.core.webui.keyword.internal.WebUIKeywordMain.runKeyword(WebUIKeywordMain.groovy:26)
	at com.kms.katalon.core.webui.keyword.builtin.ClickKeyword.click(ClickKeyword.groovy:75)
	at com.kms.katalon.core.webui.keyword.builtin.ClickKeyword.execute(ClickKeyword.groovy:42)
	at com.kms.katalon.core.keyword.internal.KeywordExecutor.executeKeywordForPlatform(KeywordExecutor.groovy:73)
	at com.kms.katalon.core.webui.keyword.WebUiBuiltInKeywords.click(WebUiBuiltInKeywords.groovy:619)
	at com.kms.katalon.core.webui.keyword.WebUiBuiltInKeywords$click$3.call(Unknown Source)
	at tN_Add or Delete a Row.run(tN_Add or Delete a Row:38)
	at com.kms.katalon.core.main.ScriptEngine.run(ScriptEngine.java:194)
	at com.kms.katalon.core.main.ScriptEngine.runScriptAsRawText(ScriptEngine.java:119)
	at com.kms.katalon.core.main.TestCaseExecutor.runScript(TestCaseExecutor.java:398)
	at com.kms.katalon.core.main.TestCaseExecutor.doExecute(TestCaseExecutor.java:389)
	at com.kms.katalon.core.main.TestCaseExecutor.processExecutionPhase(TestCaseExecutor.java:368)
	at com.kms.katalon.core.main.TestCaseExecutor.accessMainPhase(TestCaseExecutor.java:360)
	at com.kms.katalon.core.main.TestCaseExecutor.execute(TestCaseExecutor.java:255)
	at com.kms.katalon.core.main.TestSuiteExecutor.accessTestCaseMainPhase(TestSuiteExecutor.java:203)
	at com.kms.katalon.core.main.TestSuiteExecutor.accessTestSuiteMainPhase(TestSuiteExecutor.java:152)
	at com.kms.katalon.core.main.TestSuiteExecutor.execute(TestSuiteExecutor.java:95)
	at com.kms.katalon.core.main.TestCaseMain.startTestSuite(TestCaseMain.java:157)
	at com.kms.katalon.core.main.TestCaseMain$startTestSuite$0.call(Unknown Source)
	at TempTestSuite1614696535798.run(TempTestSuite1614696535798.groovy:39)
Caused by: com.kms.katalon.core.exception.StepFailedException: Unable to click on object 'Object Repository/tN objects/button_Titus 11_add a new row'
	... 21 more
Caused by: com.kms.katalon.core.webui.exception.WebElementNotFoundException: Web element with id: 'Object Repository/tN objects/button_Titus 11_add a new row' located by '//*[@class = 'MuiButtonBase-root-482 MuiIconButton-root-474 jss500' and @type = 'button' and @title = 'Add a Row']' not found
	at com.kms.katalon.core.webui.common.WebUiCommonHelper.findWebElement(WebUiCommonHelper.java:1368)
	at com.kms.katalon.core.webui.keyword.internal.WebUIAbstractKeyword.findWebElement(WebUIAbstractKeyword.groovy:27)
	at com.kms.katalon.core.webui.keyword.internal.WebUIAbstractKeyword.findWebElement(WebUIAbstractKeyword.groovy:26)
	at com.kms.katalon.core.webui.keyword.builtin.ClickKeyword$_click_closure1.doCall(ClickKeyword.groovy:66)
	at com.kms.katalon.core.webui.keyword.builtin.ClickKeyword$_click_closure1.call(ClickKeyword.groovy)
	at com.kms.katalon.core.webui.keyword.internal.WebUIKeywordMain.runKeyword(WebUIKeywordMain.groovy:20)
	... 19 more]]></system-err>
      </testcase>
      <testcase name="Test Cases/tCC Test Cases/tN_Expand chapter" time="71.386" classname="Test Cases/tCC Test Cases/tN_Expand chapter" status="PASSED">
         <system-out><![CDATA[2021-03-02 09:52:11 - [TEST_CASE][PASSED] - Test Cases/tCC Test Cases/tN_Expand chapter: Test Cases/tCC Test Cases/tN_Expand chapter

2021-03-02 09:52:11 - [TEST_STEP][PASSED] - com.tccreate.keywords.WriteToFile.writeTofilename("tN-Expand chapter"): com.tccreate.keywords.WriteToFile.writeTofilename is PASSED

2021-03-02 09:52:11 - [MESSAGE][PASSED] - com.tccreate.keywords.WriteToFile.writeTofilename is PASSED

2021-03-02 09:52:11 - [TEST_STEP][PASSED] - com.helper.login.TimeDate.getTimeDate(): com.helper.login.TimeDate.getTimeDate is PASSED

2021-03-02 09:52:11 - [MESSAGE][INFO] - Time at which the test run:2021-03-02 09:52:11.835

2021-03-02 09:52:11 - [MESSAGE][PASSED] - com.helper.login.TimeDate.getTimeDate is PASSED

2021-03-02 09:52:11 - [TEST_STEP][PASSED] - com.helper.login.loginhelper.logintoapp(): com.helper.login.loginhelper.logintoapp is PASSED

2021-03-02 09:52:11 - [MESSAGE][INFO] - Starting 'Chrome' driver

2021-03-02 09:52:11 - [MESSAGE][INFO] - Action delay is set to 1,000 milliseconds

2021-03-02 09:52:12 - [MESSAGE][WARNING] - FFmpeg was not installed! Browser Recording will be disabled. Please follow this document to install FFmpeg first: https://docs.katalon.com/katalon-studio/docs/screenshots-videos.html#browser-based-recorder

2021-03-02 09:52:15 - [MESSAGE][PASSED] - Browser is opened with url: 'https://develop--tc-create-app.netlify.app/'

2021-03-02 09:52:15 - [MESSAGE][PASSED] - Wait for page load successfully

2021-03-02 09:52:16 - [MESSAGE][PASSED] - Current window maximized

2021-03-02 09:52:17 - [MESSAGE][PASSED] - Keys 'elsylambert' sent to object: 'Object Repository/Page_tC Create/input__username'

2021-03-02 09:52:18 - [MESSAGE][PASSED] - Keys 'fatak43' sent to object: 'Object Repository/Page_tC Create/input__password'

2021-03-02 09:52:20 - [MESSAGE][PASSED] - Object: 'Object Repository/Page_tC Create/button_Login' is clicked on

2021-03-02 09:52:21 - [MESSAGE][PASSED] - Delayed 1 second(s)

2021-03-02 09:52:21 - [MESSAGE][PASSED] - Text of object 'Object Repository/Page_tC Create/tcc-version number' is: 'translationCore Create - v1.2.0-rc.2 build 28-4717783'

2021-03-02 09:52:21 - [MESSAGE][INFO] - : The current version and build number is translationCore Create - v1.2.0-rc.2 build 28-4717783

2021-03-02 09:52:21 - [MESSAGE][PASSED] - com.helper.login.loginhelper.logintoapp is PASSED

2021-03-02 09:52:21 - [TEST_STEP][PASSED] - com.tccreate.keywords.selectOrg.organization(""): com.tccreate.keywords.selectOrg.organization is PASSED

2021-03-02 09:52:23 - [MESSAGE][PASSED] - Object: 'Object Repository/page_tC Create/Organization unfoldingWord' is clicked on

2021-03-02 09:52:25 - [MESSAGE][WARNING] - No alert found after 2 second(s).

2021-03-02 09:52:25 - [MESSAGE][PASSED] - com.tccreate.keywords.selectOrg.organization is PASSED

2021-03-02 09:52:25 - [TEST_STEP][PASSED] - com.tccreate.keywords.selectOrg.resource("unfoldingWordÂ® Translation Notes"): com.tccreate.keywords.selectOrg.resource is PASSED

2021-03-02 09:52:26 - [MESSAGE][PASSED] - Object: 'Object Repository/Page_tC Create/resource_Parmed' is clicked on

2021-03-02 09:52:26 - [MESSAGE][PASSED] - com.tccreate.keywords.selectOrg.resource is PASSED

2021-03-02 09:52:26 - [TEST_STEP][PASSED] - com.tccreate.keywords.selectOrg.language(""): com.tccreate.keywords.selectOrg.language is PASSED

2021-03-02 09:52:28 - [MESSAGE][PASSED] - Object: 'Object Repository/Page_tC Create/combo_Select Language' is clicked on

2021-03-02 09:52:29 - [MESSAGE][PASSED] - Object: 'Object Repository/Page_tC Create/listOption_Language_Parmed' is clicked on

2021-03-02 09:52:29 - [MESSAGE][PASSED] - com.tccreate.keywords.selectOrg.language is PASSED

2021-03-02 09:52:29 - [TEST_STEP][PASSED] - click(findTestObject("Page_tC Create/Add new resource objects/span_en_tn_57-TIT.tsv")): Object: 'Object Repository/Page_tC Create/Add new resource objects/span_en_tn_57-TIT.tsv' is clicked on

2021-03-02 09:52:31 - [MESSAGE][PASSED] - Object: 'Object Repository/Page_tC Create/Add new resource objects/span_en_tn_57-TIT.tsv' is clicked on

2021-03-02 09:52:31 - [TEST_STEP][PASSED] - buttonstate = com.tccreate.keywords.ExpandAllScriptureToggle.toggleAllScripture("test"): com.tccreate.keywords.ExpandAllScriptureToggle.toggleAllScripture is PASSED

2021-03-02 09:52:34 - [MESSAGE][INFO] - Unable to find the element located by 'By.xpath: //*[@type = 'button' and @data-test = 'drawer-menu-close-button']'. Please recheck the objects properties to make sure the desired element is located. 

2021-03-02 09:52:34 - [MESSAGE][WARNING] - Object 'Object Repository/Page_tC Create/button_DrawerClose' is not present after 2 second(s)

2021-03-02 09:52:36 - [MESSAGE][PASSED] - Object: 'Object Repository/Page_tC Create/Hamburger Menu Button' is clicked on

2021-03-02 09:52:37 - [MESSAGE][PASSED] - Delayed 1 second(s)

2021-03-02 09:52:37 - [MESSAGE][PASSED] - Object 'Object Repository/Page_tC Create/input_Expand all Scripture_default' is checked

2021-03-02 09:52:38 - [MESSAGE][PASSED] - Object: 'Object Repository/Page_tC Create/button_DrawerClose' is clicked on

2021-03-02 09:52:39 - [MESSAGE][PASSED] - Object 'Object Repository/Page_tC Create/Hamburger Menu Button' is visible

2021-03-02 09:52:39 - [MESSAGE][PASSED] - com.tccreate.keywords.ExpandAllScriptureToggle.toggleAllScripture is PASSED

2021-03-02 09:52:39 - [TEST_STEP][PASSED] - out.println(" the state of the button is" + buttonstate): null

2021-03-02 09:52:39 - [TEST_STEP][PASSED] - delay(1): Delayed 1 second(s)

2021-03-02 09:52:40 - [MESSAGE][PASSED] - Delayed 1 second(s)

2021-03-02 09:52:40 - [TEST_STEP][PASSED] - if (buttonstate == "off"): null

2021-03-02 09:52:40 - [TEST_STEP][PASSED] - else: Parallel scripture viewer is ON

2021-03-02 09:52:40 - [TEST_STEP][PASSED] - logInfo("Parallel scripture viewer is ON"): Parallel scripture viewer is ON

2021-03-02 09:52:40 - [MESSAGE][INFO] - Parallel scripture viewer is ON

2021-03-02 09:52:40 - [TEST_STEP][PASSED] - scrollToElement(findTestObject("Page_tC Create/Add new resource objects/h6_TIT 1intro"), 2, CONTINUE_ON_FAILURE): Scroll to object 'Object Repository/Page_tC Create/Add new resource objects/h6_TIT 1intro' successfully

2021-03-02 09:52:40 - [MESSAGE][PASSED] - Scroll to object 'Object Repository/Page_tC Create/Add new resource objects/h6_TIT 1intro' successfully

2021-03-02 09:52:40 - [TEST_STEP][PASSED] - click(findTestObject("Object Repository/tN objects/button_Titus 11_Expand chapter button")): Object: 'Object Repository/tN objects/button_Titus 11_Expand chapter button' is clicked on

2021-03-02 09:52:42 - [MESSAGE][PASSED] - Object: 'Object Repository/tN objects/button_Titus 11_Expand chapter button' is clicked on

2021-03-02 09:52:42 - [TEST_STEP][PASSED] - mouseOver(findTestObject("Object Repository/tN objects/td_12")): Object: 'Object Repository/tN objects/td_12' is hovered

2021-03-02 09:52:42 - [MESSAGE][PASSED] - Object: 'Object Repository/tN objects/td_12' is hovered

2021-03-02 09:52:42 - [TEST_STEP][PASSED] - click(findTestObject("Object Repository/tN objects/td_12")): Object: 'Object Repository/tN objects/td_12' is clicked on

2021-03-02 09:52:44 - [MESSAGE][PASSED] - Object: 'Object Repository/tN objects/td_12' is clicked on

2021-03-02 09:52:44 - [TEST_STEP][PASSED] - for (int i : (1..18)): Keys 'PAGE_DOWN + ' sent to object: 'tempBody'

2021-03-02 09:52:44 - [TEST_STEP][PASSED] - sendKeys(findTestObject(null), Keys.chord(PAGE_DOWN)): Keys 'PAGE_DOWN + ' sent to object: 'tempBody'

2021-03-02 09:52:44 - [MESSAGE][WARNING] - Test object id is null

2021-03-02 09:52:44 - [MESSAGE][WARNING] - Test object with id 'Object Repository/' does not exist

2021-03-02 09:52:45 - [MESSAGE][PASSED] - Keys 'PAGE_DOWN + ' sent to object: 'tempBody'

2021-03-02 09:52:45 - [TEST_STEP][PASSED] - sendKeys(findTestObject(null), Keys.chord(PAGE_DOWN)): Keys 'PAGE_DOWN + ' sent to object: 'tempBody'

2021-03-02 09:52:45 - [MESSAGE][WARNING] - Test object id is null

2021-03-02 09:52:45 - [MESSAGE][WARNING] - Test object with id 'Object Repository/' does not exist

2021-03-02 09:52:47 - [MESSAGE][PASSED] - Keys 'PAGE_DOWN + ' sent to object: 'tempBody'

2021-03-02 09:52:47 - [TEST_STEP][PASSED] - sendKeys(findTestObject(null), Keys.chord(PAGE_DOWN)): Keys 'PAGE_DOWN + ' sent to object: 'tempBody'

2021-03-02 09:52:47 - [MESSAGE][WARNING] - Test object id is null

2021-03-02 09:52:47 - [MESSAGE][WARNING] - Test object with id 'Object Repository/' does not exist

2021-03-02 09:52:48 - [MESSAGE][PASSED] - Keys 'PAGE_DOWN + ' sent to object: 'tempBody'

2021-03-02 09:52:48 - [TEST_STEP][PASSED] - sendKeys(findTestObject(null), Keys.chord(PAGE_DOWN)): Keys 'PAGE_DOWN + ' sent to object: 'tempBody'

2021-03-02 09:52:48 - [MESSAGE][WARNING] - Test object id is null

2021-03-02 09:52:48 - [MESSAGE][WARNING] - Test object with id 'Object Repository/' does not exist

2021-03-02 09:52:50 - [MESSAGE][PASSED] - Keys 'PAGE_DOWN + ' sent to object: 'tempBody'

2021-03-02 09:52:50 - [TEST_STEP][PASSED] - sendKeys(findTestObject(null), Keys.chord(PAGE_DOWN)): Keys 'PAGE_DOWN + ' sent to object: 'tempBody'

2021-03-02 09:52:50 - [MESSAGE][WARNING] - Test object id is null

2021-03-02 09:52:50 - [MESSAGE][WARNING] - Test object with id 'Object Repository/' does not exist

2021-03-02 09:52:52 - [MESSAGE][PASSED] - Keys 'PAGE_DOWN + ' sent to object: 'tempBody'

2021-03-02 09:52:52 - [TEST_STEP][PASSED] - sendKeys(findTestObject(null), Keys.chord(PAGE_DOWN)): Keys 'PAGE_DOWN + ' sent to object: 'tempBody'

2021-03-02 09:52:52 - [MESSAGE][WARNING] - Test object id is null

2021-03-02 09:52:52 - [MESSAGE][WARNING] - Test object with id 'Object Repository/' does not exist

2021-03-02 09:52:53 - [MESSAGE][PASSED] - Keys 'PAGE_DOWN + ' sent to object: 'tempBody'

2021-03-02 09:52:53 - [TEST_STEP][PASSED] - sendKeys(findTestObject(null), Keys.chord(PAGE_DOWN)): Keys 'PAGE_DOWN + ' sent to object: 'tempBody'

2021-03-02 09:52:53 - [MESSAGE][WARNING] - Test object id is null

2021-03-02 09:52:53 - [MESSAGE][WARNING] - Test object with id 'Object Repository/' does not exist

2021-03-02 09:52:55 - [MESSAGE][PASSED] - Keys 'PAGE_DOWN + ' sent to object: 'tempBody'

2021-03-02 09:52:55 - [TEST_STEP][PASSED] - sendKeys(findTestObject(null), Keys.chord(PAGE_DOWN)): Keys 'PAGE_DOWN + ' sent to object: 'tempBody'

2021-03-02 09:52:55 - [MESSAGE][WARNING] - Test object id is null

2021-03-02 09:52:55 - [MESSAGE][WARNING] - Test object with id 'Object Repository/' does not exist

2021-03-02 09:52:57 - [MESSAGE][PASSED] - Keys 'PAGE_DOWN + ' sent to object: 'tempBody'

2021-03-02 09:52:57 - [TEST_STEP][PASSED] - sendKeys(findTestObject(null), Keys.chord(PAGE_DOWN)): Keys 'PAGE_DOWN + ' sent to object: 'tempBody'

2021-03-02 09:52:57 - [MESSAGE][WARNING] - Test object id is null

2021-03-02 09:52:57 - [MESSAGE][WARNING] - Test object with id 'Object Repository/' does not exist

2021-03-02 09:52:58 - [MESSAGE][PASSED] - Keys 'PAGE_DOWN + ' sent to object: 'tempBody'

2021-03-02 09:52:58 - [TEST_STEP][PASSED] - sendKeys(findTestObject(null), Keys.chord(PAGE_DOWN)): Keys 'PAGE_DOWN + ' sent to object: 'tempBody'

2021-03-02 09:52:58 - [MESSAGE][WARNING] - Test object id is null

2021-03-02 09:52:58 - [MESSAGE][WARNING] - Test object with id 'Object Repository/' does not exist

2021-03-02 09:53:00 - [MESSAGE][PASSED] - Keys 'PAGE_DOWN + ' sent to object: 'tempBody'

2021-03-02 09:53:00 - [TEST_STEP][PASSED] - sendKeys(findTestObject(null), Keys.chord(PAGE_DOWN)): Keys 'PAGE_DOWN + ' sent to object: 'tempBody'

2021-03-02 09:53:00 - [MESSAGE][WARNING] - Test object id is null

2021-03-02 09:53:00 - [MESSAGE][WARNING] - Test object with id 'Object Repository/' does not exist

2021-03-02 09:53:02 - [MESSAGE][PASSED] - Keys 'PAGE_DOWN + ' sent to object: 'tempBody'

2021-03-02 09:53:02 - [TEST_STEP][PASSED] - sendKeys(findTestObject(null), Keys.chord(PAGE_DOWN)): Keys 'PAGE_DOWN + ' sent to object: 'tempBody'

2021-03-02 09:53:02 - [MESSAGE][WARNING] - Test object id is null

2021-03-02 09:53:02 - [MESSAGE][WARNING] - Test object with id 'Object Repository/' does not exist

2021-03-02 09:53:04 - [MESSAGE][PASSED] - Keys 'PAGE_DOWN + ' sent to object: 'tempBody'

2021-03-02 09:53:04 - [TEST_STEP][PASSED] - sendKeys(findTestObject(null), Keys.chord(PAGE_DOWN)): Keys 'PAGE_DOWN + ' sent to object: 'tempBody'

2021-03-02 09:53:04 - [MESSAGE][WARNING] - Test object id is null

2021-03-02 09:53:04 - [MESSAGE][WARNING] - Test object with id 'Object Repository/' does not exist

2021-03-02 09:53:05 - [MESSAGE][PASSED] - Keys 'PAGE_DOWN + ' sent to object: 'tempBody'

2021-03-02 09:53:05 - [TEST_STEP][PASSED] - sendKeys(findTestObject(null), Keys.chord(PAGE_DOWN)): Keys 'PAGE_DOWN + ' sent to object: 'tempBody'

2021-03-02 09:53:05 - [MESSAGE][WARNING] - Test object id is null

2021-03-02 09:53:05 - [MESSAGE][WARNING] - Test object with id 'Object Repository/' does not exist

2021-03-02 09:53:07 - [MESSAGE][PASSED] - Keys 'PAGE_DOWN + ' sent to object: 'tempBody'

2021-03-02 09:53:07 - [TEST_STEP][PASSED] - sendKeys(findTestObject(null), Keys.chord(PAGE_DOWN)): Keys 'PAGE_DOWN + ' sent to object: 'tempBody'

2021-03-02 09:53:07 - [MESSAGE][WARNING] - Test object id is null

2021-03-02 09:53:07 - [MESSAGE][WARNING] - Test object with id 'Object Repository/' does not exist

2021-03-02 09:53:09 - [MESSAGE][PASSED] - Keys 'PAGE_DOWN + ' sent to object: 'tempBody'

2021-03-02 09:53:09 - [TEST_STEP][PASSED] - sendKeys(findTestObject(null), Keys.chord(PAGE_DOWN)): Keys 'PAGE_DOWN + ' sent to object: 'tempBody'

2021-03-02 09:53:09 - [MESSAGE][WARNING] - Test object id is null

2021-03-02 09:53:09 - [MESSAGE][WARNING] - Test object with id 'Object Repository/' does not exist

2021-03-02 09:53:10 - [MESSAGE][PASSED] - Keys 'PAGE_DOWN + ' sent to object: 'tempBody'

2021-03-02 09:53:10 - [TEST_STEP][PASSED] - sendKeys(findTestObject(null), Keys.chord(PAGE_DOWN)): Keys 'PAGE_DOWN + ' sent to object: 'tempBody'

2021-03-02 09:53:10 - [MESSAGE][WARNING] - Test object id is null

2021-03-02 09:53:10 - [MESSAGE][WARNING] - Test object with id 'Object Repository/' does not exist

2021-03-02 09:53:12 - [MESSAGE][PASSED] - Keys 'PAGE_DOWN + ' sent to object: 'tempBody'

2021-03-02 09:53:12 - [TEST_STEP][PASSED] - sendKeys(findTestObject(null), Keys.chord(PAGE_DOWN)): Keys 'PAGE_DOWN + ' sent to object: 'tempBody'

2021-03-02 09:53:12 - [MESSAGE][WARNING] - Test object id is null

2021-03-02 09:53:12 - [MESSAGE][WARNING] - Test object with id 'Object Repository/' does not exist

2021-03-02 09:53:14 - [MESSAGE][PASSED] - Keys 'PAGE_DOWN + ' sent to object: 'tempBody'

2021-03-02 09:53:14 - [TEST_STEP][PASSED] - if (verifyElementVisible(findTestObject("Object Repository/tN objects/sup_315"))): null

2021-03-02 09:53:15 - [MESSAGE][PASSED] - Object 'Object Repository/tN objects/sup_315' is visible

2021-03-02 09:53:15 - [TEST_STEP][PASSED] - logInfo("Chapter is expanded successfully"): Chapter is expanded successfully

2021-03-02 09:53:15 - [MESSAGE][INFO] - Chapter is expanded successfully

2021-03-02 09:53:15 - [TEST_STEP][PASSED] - delay(3): Delayed 3 second(s)

2021-03-02 09:53:18 - [MESSAGE][PASSED] - Delayed 3 second(s)

2021-03-02 09:53:18 - [TEST_STEP][PASSED] - sendKeys(findTestObject(null), Keys.chord(PAGE_UP)): Keys 'PAGE_UP + ' sent to object: 'tempBody'

2021-03-02 09:53:18 - [MESSAGE][WARNING] - Test object id is null

2021-03-02 09:53:18 - [MESSAGE][WARNING] - Test object with id 'Object Repository/' does not exist

2021-03-02 09:53:19 - [MESSAGE][PASSED] - Keys 'PAGE_UP + ' sent to object: 'tempBody'

2021-03-02 09:53:19 - [TEST_STEP][PASSED] - click(findTestObject("Object Repository/tN objects/button_Titus 11_collapse-chapter")): Object: 'Object Repository/tN objects/button_Titus 11_collapse-chapter' is clicked on

2021-03-02 09:53:20 - [MESSAGE][PASSED] - Object: 'Object Repository/tN objects/button_Titus 11_collapse-chapter' is clicked on

2021-03-02 09:53:20 - [TEST_STEP][PASSED] - delay(2): Delayed 2 second(s)

2021-03-02 09:53:22 - [MESSAGE][PASSED] - Delayed 2 second(s)

2021-03-02 09:53:22 - [TEST_STEP][PASSED] - if (verifyElementNotPresent(findTestObject("Object Repository/tN objects/sup_315"), 2, CONTINUE_ON_FAILURE)): null

2021-03-02 09:53:22 - [MESSAGE][PASSED] - Web element with id: 'Object Repository/tN objects/sup_315' located by 'By.xpath: //tr[@id='3:15']/td[3]/div/sup' is not present after '2' second(s)

2021-03-02 09:53:22 - [TEST_STEP][PASSED] - logInfo("Chapter is collapsed successfully"): Chapter is collapsed successfully

2021-03-02 09:53:22 - [MESSAGE][INFO] - Chapter is collapsed successfully

2021-03-02 09:53:22 - [TEST_STEP][PASSED] - closeBrowser(): Browser is closed

2021-03-02 09:53:23 - [MESSAGE][PASSED] - Browser is closed]]></system-out>
         <system-err><![CDATA[]]></system-err>
      </testcase>
      <testcase name="Test Cases/tCC Test Cases/tN_Highlighting by Occurrence Number" time="180.976" classname="Test Cases/tCC Test Cases/tN_Highlighting by Occurrence Number" status="FAILED">
         <failure type="FAILED" message="Test Cases/tCC Test Cases/tN_Highlighting by Occurrence Number FAILED.
Reason:
com.kms.katalon.core.exception.StepFailedException: Unable to click on object 'Object Repository/tN objects/button_Titus 11_add a new row' (Root cause: com.kms.katalon.core.exception.StepFailedException: Unable to click on object 'Object Repository/tN objects/button_Titus 11_add a new row'
	at com.kms.katalon.core.webui.keyword.internal.WebUIKeywordMain.stepFailed(WebUIKeywordMain.groovy:64)
	at com.kms.katalon.core.webui.keyword.internal.WebUIKeywordMain.runKeyword(WebUIKeywordMain.groovy:26)
	at com.kms.katalon.core.webui.keyword.builtin.ClickKeyword.click(ClickKeyword.groovy:75)
	at com.kms.katalon.core.webui.keyword.builtin.ClickKeyword.execute(ClickKeyword.groovy:42)
	at com.kms.katalon.core.keyword.internal.KeywordExecutor.executeKeywordForPlatform(KeywordExecutor.groovy:73)
	at com.kms.katalon.core.webui.keyword.WebUiBuiltInKeywords.click(WebUiBuiltInKeywords.groovy:619)
	at com.kms.katalon.core.webui.keyword.WebUiBuiltInKeywords$click$3.call(Unknown Source)
	at tN_Highlighting by Occurrence Number.run(tN_Highlighting by Occurrence Number:57)
	at com.kms.katalon.core.main.ScriptEngine.run(ScriptEngine.java:194)
	at com.kms.katalon.core.main.ScriptEngine.runScriptAsRawText(ScriptEngine.java:119)
	at com.kms.katalon.core.main.TestCaseExecutor.runScript(TestCaseExecutor.java:398)
	at com.kms.katalon.core.main.TestCaseExecutor.doExecute(TestCaseExecutor.java:389)
	at com.kms.katalon.core.main.TestCaseExecutor.processExecutionPhase(TestCaseExecutor.java:368)
	at com.kms.katalon.core.main.TestCaseExecutor.accessMainPhase(TestCaseExecutor.java:360)
	at com.kms.katalon.core.main.TestCaseExecutor.execute(TestCaseExecutor.java:255)
	at com.kms.katalon.core.main.TestSuiteExecutor.accessTestCaseMainPhase(TestSuiteExecutor.java:203)
	at com.kms.katalon.core.main.TestSuiteExecutor.accessTestSuiteMainPhase(TestSuiteExecutor.java:152)
	at com.kms.katalon.core.main.TestSuiteExecutor.execute(TestSuiteExecutor.java:95)
	at com.kms.katalon.core.main.TestCaseMain.startTestSuite(TestCaseMain.java:157)
	at com.kms.katalon.core.main.TestCaseMain$startTestSuite$0.call(Unknown Source)
	at TempTestSuite1614696535798.run(TempTestSuite1614696535798.groovy:39)
Caused by: com.kms.katalon.core.webui.exception.WebElementNotFoundException: Web element with id: 'Object Repository/tN objects/button_Titus 11_add a new row' located by '//*[@class = 'MuiButtonBase-root-482 MuiIconButton-root-474 jss500' and @type = 'button' and @title = 'Add a Row']' not found
	at com.kms.katalon.core.webui.common.WebUiCommonHelper.findWebElement(WebUiCommonHelper.java:1368)
	at com.kms.katalon.core.webui.keyword.internal.WebUIAbstractKeyword.findWebElement(WebUIAbstractKeyword.groovy:27)
	at com.kms.katalon.core.webui.keyword.internal.WebUIAbstractKeyword.findWebElement(WebUIAbstractKeyword.groovy:26)
	at com.kms.katalon.core.webui.keyword.builtin.ClickKeyword$_click_closure1.doCall(ClickKeyword.groovy:66)
	at com.kms.katalon.core.webui.keyword.builtin.ClickKeyword$_click_closure1.call(ClickKeyword.groovy)
	at com.kms.katalon.core.webui.keyword.internal.WebUIKeywordMain.runKeyword(WebUIKeywordMain.groovy:20)
	at com.kms.katalon.core.webui.keyword.builtin.ClickKeyword.click(ClickKeyword.groovy:75)
	at com.kms.katalon.core.webui.keyword.builtin.ClickKeyword.execute(ClickKeyword.groovy:42)
	at com.kms.katalon.core.keyword.internal.KeywordExecutor.executeKeywordForPlatform(KeywordExecutor.groovy:73)
	at com.kms.katalon.core.webui.keyword.WebUiBuiltInKeywords.click(WebUiBuiltInKeywords.groovy:619)
	at com.kms.katalon.core.webui.keyword.WebUiBuiltInKeywords$click$3.call(Unknown Source)
	at Script1607640140574.run(Script1607640140574.groovy:57)
	... 13 more
)
	at com.kms.katalon.core.keyword.internal.KeywordMain.stepFailed(KeywordMain.groovy:39)
	at com.kms.katalon.core.webui.keyword.internal.WebUIKeywordMain.stepFailed(WebUIKeywordMain.groovy:64)
	at com.kms.katalon.core.webui.keyword.internal.WebUIKeywordMain.runKeyword(WebUIKeywordMain.groovy:26)
	at com.kms.katalon.core.webui.keyword.builtin.ClickKeyword.click(ClickKeyword.groovy:75)
	at com.kms.katalon.core.webui.keyword.builtin.ClickKeyword.execute(ClickKeyword.groovy:42)
	at com.kms.katalon.core.keyword.internal.KeywordExecutor.executeKeywordForPlatform(KeywordExecutor.groovy:73)
	at com.kms.katalon.core.webui.keyword.WebUiBuiltInKeywords.click(WebUiBuiltInKeywords.groovy:619)
	at com.kms.katalon.core.webui.keyword.WebUiBuiltInKeywords$click$3.call(Unknown Source)
	at tN_Highlighting by Occurrence Number.run(tN_Highlighting by Occurrence Number:57)
	at com.kms.katalon.core.main.ScriptEngine.run(ScriptEngine.java:194)
	at com.kms.katalon.core.main.ScriptEngine.runScriptAsRawText(ScriptEngine.java:119)
	at com.kms.katalon.core.main.TestCaseExecutor.runScript(TestCaseExecutor.java:398)
	at com.kms.katalon.core.main.TestCaseExecutor.doExecute(TestCaseExecutor.java:389)
	at com.kms.katalon.core.main.TestCaseExecutor.processExecutionPhase(TestCaseExecutor.java:368)
	at com.kms.katalon.core.main.TestCaseExecutor.accessMainPhase(TestCaseExecutor.java:360)
	at com.kms.katalon.core.main.TestCaseExecutor.execute(TestCaseExecutor.java:255)
	at com.kms.katalon.core.main.TestSuiteExecutor.accessTestCaseMainPhase(TestSuiteExecutor.java:203)
	at com.kms.katalon.core.main.TestSuiteExecutor.accessTestSuiteMainPhase(TestSuiteExecutor.java:152)
	at com.kms.katalon.core.main.TestSuiteExecutor.execute(TestSuiteExecutor.java:95)
	at com.kms.katalon.core.main.TestCaseMain.startTestSuite(TestCaseMain.java:157)
	at com.kms.katalon.core.main.TestCaseMain$startTestSuite$0.call(Unknown Source)
	at TempTestSuite1614696535798.run(TempTestSuite1614696535798.groovy:39)
Caused by: com.kms.katalon.core.exception.StepFailedException: Unable to click on object 'Object Repository/tN objects/button_Titus 11_add a new row'
	... 21 more
Caused by: com.kms.katalon.core.webui.exception.WebElementNotFoundException: Web element with id: 'Object Repository/tN objects/button_Titus 11_add a new row' located by '//*[@class = 'MuiButtonBase-root-482 MuiIconButton-root-474 jss500' and @type = 'button' and @title = 'Add a Row']' not found
	at com.kms.katalon.core.webui.common.WebUiCommonHelper.findWebElement(WebUiCommonHelper.java:1368)
	at com.kms.katalon.core.webui.keyword.internal.WebUIAbstractKeyword.findWebElement(WebUIAbstractKeyword.groovy:27)
	at com.kms.katalon.core.webui.keyword.internal.WebUIAbstractKeyword.findWebElement(WebUIAbstractKeyword.groovy:26)
	at com.kms.katalon.core.webui.keyword.builtin.ClickKeyword$_click_closure1.doCall(ClickKeyword.groovy:66)
	at com.kms.katalon.core.webui.keyword.builtin.ClickKeyword$_click_closure1.call(ClickKeyword.groovy)
	at com.kms.katalon.core.webui.keyword.internal.WebUIKeywordMain.runKeyword(WebUIKeywordMain.groovy:20)
	... 19 more
"/>
         <system-out><![CDATA[2021-03-02 09:53:23 - [TEST_CASE][FAILED] - Test Cases/tCC Test Cases/tN_Highlighting by Occurrence Number: Test Cases/tCC Test Cases/tN_Highlighting by Occurrence Number FAILED.
Reason:
com.kms.katalon.core.exception.StepFailedException: Unable to click on object 'Object Repository/tN objects/button_Titus 11_add a new row' (Root cause: com.kms.katalon.core.exception.StepFailedException: Unable to click on object 'Object Repository/tN objects/button_Titus 11_add a new row'
	at com.kms.katalon.core.webui.keyword.internal.WebUIKeywordMain.stepFailed(WebUIKeywordMain.groovy:64)
	at com.kms.katalon.core.webui.keyword.internal.WebUIKeywordMain.runKeyword(WebUIKeywordMain.groovy:26)
	at com.kms.katalon.core.webui.keyword.builtin.ClickKeyword.click(ClickKeyword.groovy:75)
	at com.kms.katalon.core.webui.keyword.builtin.ClickKeyword.execute(ClickKeyword.groovy:42)
	at com.kms.katalon.core.keyword.internal.KeywordExecutor.executeKeywordForPlatform(KeywordExecutor.groovy:73)
	at com.kms.katalon.core.webui.keyword.WebUiBuiltInKeywords.click(WebUiBuiltInKeywords.groovy:619)
	at com.kms.katalon.core.webui.keyword.WebUiBuiltInKeywords$click$3.call(Unknown Source)
	at tN_Highlighting by Occurrence Number.run(tN_Highlighting by Occurrence Number:57)
	at com.kms.katalon.core.main.ScriptEngine.run(ScriptEngine.java:194)
	at com.kms.katalon.core.main.ScriptEngine.runScriptAsRawText(ScriptEngine.java:119)
	at com.kms.katalon.core.main.TestCaseExecutor.runScript(TestCaseExecutor.java:398)
	at com.kms.katalon.core.main.TestCaseExecutor.doExecute(TestCaseExecutor.java:389)
	at com.kms.katalon.core.main.TestCaseExecutor.processExecutionPhase(TestCaseExecutor.java:368)
	at com.kms.katalon.core.main.TestCaseExecutor.accessMainPhase(TestCaseExecutor.java:360)
	at com.kms.katalon.core.main.TestCaseExecutor.execute(TestCaseExecutor.java:255)
	at com.kms.katalon.core.main.TestSuiteExecutor.accessTestCaseMainPhase(TestSuiteExecutor.java:203)
	at com.kms.katalon.core.main.TestSuiteExecutor.accessTestSuiteMainPhase(TestSuiteExecutor.java:152)
	at com.kms.katalon.core.main.TestSuiteExecutor.execute(TestSuiteExecutor.java:95)
	at com.kms.katalon.core.main.TestCaseMain.startTestSuite(TestCaseMain.java:157)
	at com.kms.katalon.core.main.TestCaseMain$startTestSuite$0.call(Unknown Source)
	at TempTestSuite1614696535798.run(TempTestSuite1614696535798.groovy:39)
Caused by: com.kms.katalon.core.webui.exception.WebElementNotFoundException: Web element with id: 'Object Repository/tN objects/button_Titus 11_add a new row' located by '//*[@class = 'MuiButtonBase-root-482 MuiIconButton-root-474 jss500' and @type = 'button' and @title = 'Add a Row']' not found
	at com.kms.katalon.core.webui.common.WebUiCommonHelper.findWebElement(WebUiCommonHelper.java:1368)
	at com.kms.katalon.core.webui.keyword.internal.WebUIAbstractKeyword.findWebElement(WebUIAbstractKeyword.groovy:27)
	at com.kms.katalon.core.webui.keyword.internal.WebUIAbstractKeyword.findWebElement(WebUIAbstractKeyword.groovy:26)
	at com.kms.katalon.core.webui.keyword.builtin.ClickKeyword$_click_closure1.doCall(ClickKeyword.groovy:66)
	at com.kms.katalon.core.webui.keyword.builtin.ClickKeyword$_click_closure1.call(ClickKeyword.groovy)
	at com.kms.katalon.core.webui.keyword.internal.WebUIKeywordMain.runKeyword(WebUIKeywordMain.groovy:20)
	at com.kms.katalon.core.webui.keyword.builtin.ClickKeyword.click(ClickKeyword.groovy:75)
	at com.kms.katalon.core.webui.keyword.builtin.ClickKeyword.execute(ClickKeyword.groovy:42)
	at com.kms.katalon.core.keyword.internal.KeywordExecutor.executeKeywordForPlatform(KeywordExecutor.groovy:73)
	at com.kms.katalon.core.webui.keyword.WebUiBuiltInKeywords.click(WebUiBuiltInKeywords.groovy:619)
	at com.kms.katalon.core.webui.keyword.WebUiBuiltInKeywords$click$3.call(Unknown Source)
	at Script1607640140574.run(Script1607640140574.groovy:57)
	... 13 more
)
	at com.kms.katalon.core.keyword.internal.KeywordMain.stepFailed(KeywordMain.groovy:39)
	at com.kms.katalon.core.webui.keyword.internal.WebUIKeywordMain.stepFailed(WebUIKeywordMain.groovy:64)
	at com.kms.katalon.core.webui.keyword.internal.WebUIKeywordMain.runKeyword(WebUIKeywordMain.groovy:26)
	at com.kms.katalon.core.webui.keyword.builtin.ClickKeyword.click(ClickKeyword.groovy:75)
	at com.kms.katalon.core.webui.keyword.builtin.ClickKeyword.execute(ClickKeyword.groovy:42)
	at com.kms.katalon.core.keyword.internal.KeywordExecutor.executeKeywordForPlatform(KeywordExecutor.groovy:73)
	at com.kms.katalon.core.webui.keyword.WebUiBuiltInKeywords.click(WebUiBuiltInKeywords.groovy:619)
	at com.kms.katalon.core.webui.keyword.WebUiBuiltInKeywords$click$3.call(Unknown Source)
	at tN_Highlighting by Occurrence Number.run(tN_Highlighting by Occurrence Number:57)
	at com.kms.katalon.core.main.ScriptEngine.run(ScriptEngine.java:194)
	at com.kms.katalon.core.main.ScriptEngine.runScriptAsRawText(ScriptEngine.java:119)
	at com.kms.katalon.core.main.TestCaseExecutor.runScript(TestCaseExecutor.java:398)
	at com.kms.katalon.core.main.TestCaseExecutor.doExecute(TestCaseExecutor.java:389)
	at com.kms.katalon.core.main.TestCaseExecutor.processExecutionPhase(TestCaseExecutor.java:368)
	at com.kms.katalon.core.main.TestCaseExecutor.accessMainPhase(TestCaseExecutor.java:360)
	at com.kms.katalon.core.main.TestCaseExecutor.execute(TestCaseExecutor.java:255)
	at com.kms.katalon.core.main.TestSuiteExecutor.accessTestCaseMainPhase(TestSuiteExecutor.java:203)
	at com.kms.katalon.core.main.TestSuiteExecutor.accessTestSuiteMainPhase(TestSuiteExecutor.java:152)
	at com.kms.katalon.core.main.TestSuiteExecutor.execute(TestSuiteExecutor.java:95)
	at com.kms.katalon.core.main.TestCaseMain.startTestSuite(TestCaseMain.java:157)
	at com.kms.katalon.core.main.TestCaseMain$startTestSuite$0.call(Unknown Source)
	at TempTestSuite1614696535798.run(TempTestSuite1614696535798.groovy:39)
Caused by: com.kms.katalon.core.exception.StepFailedException: Unable to click on object 'Object Repository/tN objects/button_Titus 11_add a new row'
	... 21 more
Caused by: com.kms.katalon.core.webui.exception.WebElementNotFoundException: Web element with id: 'Object Repository/tN objects/button_Titus 11_add a new row' located by '//*[@class = 'MuiButtonBase-root-482 MuiIconButton-root-474 jss500' and @type = 'button' and @title = 'Add a Row']' not found
	at com.kms.katalon.core.webui.common.WebUiCommonHelper.findWebElement(WebUiCommonHelper.java:1368)
	at com.kms.katalon.core.webui.keyword.internal.WebUIAbstractKeyword.findWebElement(WebUIAbstractKeyword.groovy:27)
	at com.kms.katalon.core.webui.keyword.internal.WebUIAbstractKeyword.findWebElement(WebUIAbstractKeyword.groovy:26)
	at com.kms.katalon.core.webui.keyword.builtin.ClickKeyword$_click_closure1.doCall(ClickKeyword.groovy:66)
	at com.kms.katalon.core.webui.keyword.builtin.ClickKeyword$_click_closure1.call(ClickKeyword.groovy)
	at com.kms.katalon.core.webui.keyword.internal.WebUIKeywordMain.runKeyword(WebUIKeywordMain.groovy:20)
	... 19 more


2021-03-02 09:53:23 - [TEST_STEP][PASSED] - com.tccreate.keywords.WriteToFile.writeTofilename("tN-Highlighting by occurrence number"): com.tccreate.keywords.WriteToFile.writeTofilename is PASSED

2021-03-02 09:53:23 - [MESSAGE][PASSED] - com.tccreate.keywords.WriteToFile.writeTofilename is PASSED

2021-03-02 09:53:23 - [TEST_STEP][PASSED] - com.helper.login.TimeDate.getTimeDate(): com.helper.login.TimeDate.getTimeDate is PASSED

2021-03-02 09:53:23 - [MESSAGE][INFO] - Time at which the test run:2021-03-02 09:53:23.201

2021-03-02 09:53:23 - [MESSAGE][PASSED] - com.helper.login.TimeDate.getTimeDate is PASSED

2021-03-02 09:53:23 - [TEST_STEP][PASSED] - com.helper.login.loginhelper.logintoapp(): com.helper.login.loginhelper.logintoapp is PASSED

2021-03-02 09:53:23 - [MESSAGE][INFO] - Starting 'Chrome' driver

2021-03-02 09:53:23 - [MESSAGE][INFO] - Action delay is set to 1,000 milliseconds

2021-03-02 09:53:24 - [MESSAGE][WARNING] - FFmpeg was not installed! Browser Recording will be disabled. Please follow this document to install FFmpeg first: https://docs.katalon.com/katalon-studio/docs/screenshots-videos.html#browser-based-recorder

2021-03-02 09:53:27 - [MESSAGE][PASSED] - Browser is opened with url: 'https://develop--tc-create-app.netlify.app/'

2021-03-02 09:53:27 - [MESSAGE][PASSED] - Wait for page load successfully

2021-03-02 09:53:27 - [MESSAGE][PASSED] - Current window maximized

2021-03-02 09:53:28 - [MESSAGE][PASSED] - Keys 'elsylambert' sent to object: 'Object Repository/Page_tC Create/input__username'

2021-03-02 09:53:30 - [MESSAGE][PASSED] - Keys 'fatak43' sent to object: 'Object Repository/Page_tC Create/input__password'

2021-03-02 09:53:31 - [MESSAGE][PASSED] - Object: 'Object Repository/Page_tC Create/button_Login' is clicked on

2021-03-02 09:53:32 - [MESSAGE][PASSED] - Delayed 1 second(s)

2021-03-02 09:53:33 - [MESSAGE][PASSED] - Text of object 'Object Repository/Page_tC Create/tcc-version number' is: 'translationCore Create - v1.2.0-rc.2 build 28-4717783'

2021-03-02 09:53:33 - [MESSAGE][INFO] - : The current version and build number is translationCore Create - v1.2.0-rc.2 build 28-4717783

2021-03-02 09:53:33 - [MESSAGE][PASSED] - com.helper.login.loginhelper.logintoapp is PASSED

2021-03-02 09:53:33 - [TEST_STEP][PASSED] - com.tccreate.keywords.selectOrg.organization(""): com.tccreate.keywords.selectOrg.organization is PASSED

2021-03-02 09:53:34 - [MESSAGE][PASSED] - Object: 'Object Repository/page_tC Create/Organization unfoldingWord' is clicked on

2021-03-02 09:53:36 - [MESSAGE][WARNING] - No alert found after 2 second(s).

2021-03-02 09:53:36 - [MESSAGE][PASSED] - com.tccreate.keywords.selectOrg.organization is PASSED

2021-03-02 09:53:36 - [TEST_STEP][PASSED] - com.tccreate.keywords.selectOrg.resource("unfoldingWordÂ® Translation Notes"): com.tccreate.keywords.selectOrg.resource is PASSED

2021-03-02 09:53:37 - [MESSAGE][PASSED] - Object: 'Object Repository/Page_tC Create/resource_Parmed' is clicked on

2021-03-02 09:53:37 - [MESSAGE][PASSED] - com.tccreate.keywords.selectOrg.resource is PASSED

2021-03-02 09:53:37 - [TEST_STEP][PASSED] - com.tccreate.keywords.selectOrg.language(""): com.tccreate.keywords.selectOrg.language is PASSED

2021-03-02 09:53:39 - [MESSAGE][PASSED] - Object: 'Object Repository/Page_tC Create/combo_Select Language' is clicked on

2021-03-02 09:53:40 - [MESSAGE][PASSED] - Object: 'Object Repository/Page_tC Create/listOption_Language_Parmed' is clicked on

2021-03-02 09:53:40 - [MESSAGE][PASSED] - com.tccreate.keywords.selectOrg.language is PASSED

2021-03-02 09:53:40 - [TEST_STEP][PASSED] - click(findTestObject("Object Repository/Page_tC Create/span_en_tn_57-TIT.tsv")): Object: 'Object Repository/Page_tC Create/span_en_tn_57-TIT.tsv' is clicked on

2021-03-02 09:53:42 - [MESSAGE][PASSED] - Object: 'Object Repository/Page_tC Create/span_en_tn_57-TIT.tsv' is clicked on

2021-03-02 09:53:42 - [TEST_STEP][PASSED] - click(findTestObject("Object Repository/tN objects/button_view columns")): Object: 'Object Repository/tN objects/button_view columns' is clicked on

2021-03-02 09:53:47 - [MESSAGE][PASSED] - Object: 'Object Repository/tN objects/button_view columns' is clicked on

2021-03-02 09:53:47 - [TEST_STEP][PASSED] - click(findTestObject("tN objects/input_OrigQuote_checkbox")): Object: 'Object Repository/tN objects/input_OrigQuote_checkbox' is clicked on

2021-03-02 09:53:48 - [MESSAGE][PASSED] - Object: 'Object Repository/tN objects/input_OrigQuote_checkbox' is clicked on

2021-03-02 09:53:48 - [TEST_STEP][PASSED] - click(findTestObject("Object Repository/tN objects/input_SupportReference")): Object: 'Object Repository/tN objects/input_SupportReference' is clicked on

2021-03-02 09:53:50 - [MESSAGE][PASSED] - Object: 'Object Repository/tN objects/input_SupportReference' is clicked on

2021-03-02 09:53:50 - [TEST_STEP][PASSED] - click(findTestObject("tN objects/button__Close-Columns")): Object: 'Object Repository/tN objects/button__Close-Columns' is clicked on

2021-03-02 09:53:51 - [MESSAGE][PASSED] - Object: 'Object Repository/tN objects/button__Close-Columns' is clicked on

2021-03-02 09:53:51 - [TEST_STEP][PASSED] - buttonstate = com.tccreate.keywords.ExpandAllScriptureToggle.toggleAllScripture("test"): com.tccreate.keywords.ExpandAllScriptureToggle.toggleAllScripture is PASSED

2021-03-02 09:53:54 - [MESSAGE][INFO] - Unable to find the element located by 'By.xpath: //*[@type = 'button' and @data-test = 'drawer-menu-close-button']'. Please recheck the objects properties to make sure the desired element is located. 

2021-03-02 09:53:54 - [MESSAGE][WARNING] - Object 'Object Repository/Page_tC Create/button_DrawerClose' is not present after 2 second(s)

2021-03-02 09:53:56 - [MESSAGE][PASSED] - Object: 'Object Repository/Page_tC Create/Hamburger Menu Button' is clicked on

2021-03-02 09:53:57 - [MESSAGE][PASSED] - Delayed 1 second(s)

2021-03-02 09:53:57 - [MESSAGE][PASSED] - Object 'Object Repository/Page_tC Create/input_Expand all Scripture_default' is checked

2021-03-02 09:53:59 - [MESSAGE][PASSED] - Object: 'Object Repository/Page_tC Create/button_DrawerClose' is clicked on

2021-03-02 09:53:59 - [MESSAGE][PASSED] - Object 'Object Repository/Page_tC Create/Hamburger Menu Button' is visible

2021-03-02 09:53:59 - [MESSAGE][PASSED] - com.tccreate.keywords.ExpandAllScriptureToggle.toggleAllScripture is PASSED

2021-03-02 09:53:59 - [TEST_STEP][PASSED] - out.println(" the state of the button is" + buttonstate): null

2021-03-02 09:53:59 - [TEST_STEP][PASSED] - delay(1): Delayed 1 second(s)

2021-03-02 09:54:00 - [MESSAGE][PASSED] - Delayed 1 second(s)

2021-03-02 09:54:00 - [TEST_STEP][PASSED] - if (buttonstate == "off"): null

2021-03-02 09:54:00 - [TEST_STEP][PASSED] - else: Parallel scripture viewer is ON

2021-03-02 09:54:00 - [TEST_STEP][PASSED] - logInfo("Parallel scripture viewer is ON"): Parallel scripture viewer is ON

2021-03-02 09:54:00 - [MESSAGE][INFO] - Parallel scripture viewer is ON

2021-03-02 09:54:00 - [TEST_STEP][PASSED] - scrollToElement(findTestObject("Object Repository/tN objects/div_Titus 11"), 2): Scroll to object 'Object Repository/tN objects/div_Titus 11' successfully

2021-03-02 09:54:01 - [MESSAGE][PASSED] - Scroll to object 'Object Repository/tN objects/div_Titus 11' successfully

2021-03-02 09:54:01 - [TEST_STEP][FAILED] - click(findTestObject("Object Repository/tN objects/button_Titus 11_add a new row")): Unable to click on object 'Object Repository/tN objects/button_Titus 11_add a new row' (Root cause: com.kms.katalon.core.exception.StepFailedException: Unable to click on object 'Object Repository/tN objects/button_Titus 11_add a new row'
	at com.kms.katalon.core.webui.keyword.internal.WebUIKeywordMain.stepFailed(WebUIKeywordMain.groovy:64)
	at com.kms.katalon.core.webui.keyword.internal.WebUIKeywordMain.runKeyword(WebUIKeywordMain.groovy:26)
	at com.kms.katalon.core.webui.keyword.builtin.ClickKeyword.click(ClickKeyword.groovy:75)
	at com.kms.katalon.core.webui.keyword.builtin.ClickKeyword.execute(ClickKeyword.groovy:42)
	at com.kms.katalon.core.keyword.internal.KeywordExecutor.executeKeywordForPlatform(KeywordExecutor.groovy:73)
	at com.kms.katalon.core.webui.keyword.WebUiBuiltInKeywords.click(WebUiBuiltInKeywords.groovy:619)
	at com.kms.katalon.core.webui.keyword.WebUiBuiltInKeywords$click$3.call(Unknown Source)
	at tN_Highlighting by Occurrence Number.run(tN_Highlighting by Occurrence Number:57)
	at com.kms.katalon.core.main.ScriptEngine.run(ScriptEngine.java:194)
	at com.kms.katalon.core.main.ScriptEngine.runScriptAsRawText(ScriptEngine.java:119)
	at com.kms.katalon.core.main.TestCaseExecutor.runScript(TestCaseExecutor.java:398)
	at com.kms.katalon.core.main.TestCaseExecutor.doExecute(TestCaseExecutor.java:389)
	at com.kms.katalon.core.main.TestCaseExecutor.processExecutionPhase(TestCaseExecutor.java:368)
	at com.kms.katalon.core.main.TestCaseExecutor.accessMainPhase(TestCaseExecutor.java:360)
	at com.kms.katalon.core.main.TestCaseExecutor.execute(TestCaseExecutor.java:255)
	at com.kms.katalon.core.main.TestSuiteExecutor.accessTestCaseMainPhase(TestSuiteExecutor.java:203)
	at com.kms.katalon.core.main.TestSuiteExecutor.accessTestSuiteMainPhase(TestSuiteExecutor.java:152)
	at com.kms.katalon.core.main.TestSuiteExecutor.execute(TestSuiteExecutor.java:95)
	at com.kms.katalon.core.main.TestCaseMain.startTestSuite(TestCaseMain.java:157)
	at com.kms.katalon.core.main.TestCaseMain$startTestSuite$0.call(Unknown Source)
	at TempTestSuite1614696535798.run(TempTestSuite1614696535798.groovy:39)
Caused by: com.kms.katalon.core.webui.exception.WebElementNotFoundException: Web element with id: 'Object Repository/tN objects/button_Titus 11_add a new row' located by '//*[@class = 'MuiButtonBase-root-482 MuiIconButton-root-474 jss500' and @type = 'button' and @title = 'Add a Row']' not found
	at com.kms.katalon.core.webui.common.WebUiCommonHelper.findWebElement(WebUiCommonHelper.java:1368)
	at com.kms.katalon.core.webui.keyword.internal.WebUIAbstractKeyword.findWebElement(WebUIAbstractKeyword.groovy:27)
	at com.kms.katalon.core.webui.keyword.internal.WebUIAbstractKeyword.findWebElement(WebUIAbstractKeyword.groovy:26)
	at com.kms.katalon.core.webui.keyword.builtin.ClickKeyword$_click_closure1.doCall(ClickKeyword.groovy:66)
	at com.kms.katalon.core.webui.keyword.builtin.ClickKeyword$_click_closure1.call(ClickKeyword.groovy)
	at com.kms.katalon.core.webui.keyword.internal.WebUIKeywordMain.runKeyword(WebUIKeywordMain.groovy:20)
	at com.kms.katalon.core.webui.keyword.builtin.ClickKeyword.click(ClickKeyword.groovy:75)
	at com.kms.katalon.core.webui.keyword.builtin.ClickKeyword.execute(ClickKeyword.groovy:42)
	at com.kms.katalon.core.keyword.internal.KeywordExecutor.executeKeywordForPlatform(KeywordExecutor.groovy:73)
	at com.kms.katalon.core.webui.keyword.WebUiBuiltInKeywords.click(WebUiBuiltInKeywords.groovy:619)
	at com.kms.katalon.core.webui.keyword.WebUiBuiltInKeywords$click$3.call(Unknown Source)
	at Script1607640140574.run(Script1607640140574.groovy:57)
	... 13 more
)

2021-03-02 09:54:32 - [MESSAGE][INFO] - Unable to find the element located by 'By.xpath: //*[@class = 'MuiButtonBase-root-482 MuiIconButton-root-474 jss500' and @type = 'button' and @title = 'Add a Row']'. Please recheck the objects properties to make sure the desired element is located. 

2021-03-02 09:54:32 - [MESSAGE][FAILED] - Unable to click on object 'Object Repository/tN objects/button_Titus 11_add a new row' (Root cause: com.kms.katalon.core.exception.StepFailedException: Unable to click on object 'Object Repository/tN objects/button_Titus 11_add a new row'
	at com.kms.katalon.core.webui.keyword.internal.WebUIKeywordMain.stepFailed(WebUIKeywordMain.groovy:64)
	at com.kms.katalon.core.webui.keyword.internal.WebUIKeywordMain.runKeyword(WebUIKeywordMain.groovy:26)
	at com.kms.katalon.core.webui.keyword.builtin.ClickKeyword.click(ClickKeyword.groovy:75)
	at com.kms.katalon.core.webui.keyword.builtin.ClickKeyword.execute(ClickKeyword.groovy:42)
	at com.kms.katalon.core.keyword.internal.KeywordExecutor.executeKeywordForPlatform(KeywordExecutor.groovy:73)
	at com.kms.katalon.core.webui.keyword.WebUiBuiltInKeywords.click(WebUiBuiltInKeywords.groovy:619)
	at com.kms.katalon.core.webui.keyword.WebUiBuiltInKeywords$click$3.call(Unknown Source)
	at tN_Highlighting by Occurrence Number.run(tN_Highlighting by Occurrence Number:57)
	at com.kms.katalon.core.main.ScriptEngine.run(ScriptEngine.java:194)
	at com.kms.katalon.core.main.ScriptEngine.runScriptAsRawText(ScriptEngine.java:119)
	at com.kms.katalon.core.main.TestCaseExecutor.runScript(TestCaseExecutor.java:398)
	at com.kms.katalon.core.main.TestCaseExecutor.doExecute(TestCaseExecutor.java:389)
	at com.kms.katalon.core.main.TestCaseExecutor.processExecutionPhase(TestCaseExecutor.java:368)
	at com.kms.katalon.core.main.TestCaseExecutor.accessMainPhase(TestCaseExecutor.java:360)
	at com.kms.katalon.core.main.TestCaseExecutor.execute(TestCaseExecutor.java:255)
	at com.kms.katalon.core.main.TestSuiteExecutor.accessTestCaseMainPhase(TestSuiteExecutor.java:203)
	at com.kms.katalon.core.main.TestSuiteExecutor.accessTestSuiteMainPhase(TestSuiteExecutor.java:152)
	at com.kms.katalon.core.main.TestSuiteExecutor.execute(TestSuiteExecutor.java:95)
	at com.kms.katalon.core.main.TestCaseMain.startTestSuite(TestCaseMain.java:157)
	at com.kms.katalon.core.main.TestCaseMain$startTestSuite$0.call(Unknown Source)
	at TempTestSuite1614696535798.run(TempTestSuite1614696535798.groovy:39)
Caused by: com.kms.katalon.core.webui.exception.WebElementNotFoundException: Web element with id: 'Object Repository/tN objects/button_Titus 11_add a new row' located by '//*[@class = 'MuiButtonBase-root-482 MuiIconButton-root-474 jss500' and @type = 'button' and @title = 'Add a Row']' not found
	at com.kms.katalon.core.webui.common.WebUiCommonHelper.findWebElement(WebUiCommonHelper.java:1368)
	at com.kms.katalon.core.webui.keyword.internal.WebUIAbstractKeyword.findWebElement(WebUIAbstractKeyword.groovy:27)
	at com.kms.katalon.core.webui.keyword.internal.WebUIAbstractKeyword.findWebElement(WebUIAbstractKeyword.groovy:26)
	at com.kms.katalon.core.webui.keyword.builtin.ClickKeyword$_click_closure1.doCall(ClickKeyword.groovy:66)
	at com.kms.katalon.core.webui.keyword.builtin.ClickKeyword$_click_closure1.call(ClickKeyword.groovy)
	at com.kms.katalon.core.webui.keyword.internal.WebUIKeywordMain.runKeyword(WebUIKeywordMain.groovy:20)
	at com.kms.katalon.core.webui.keyword.builtin.ClickKeyword.click(ClickKeyword.groovy:75)
	at com.kms.katalon.core.webui.keyword.builtin.ClickKeyword.execute(ClickKeyword.groovy:42)
	at com.kms.katalon.core.keyword.internal.KeywordExecutor.executeKeywordForPlatform(KeywordExecutor.groovy:73)
	at com.kms.katalon.core.webui.keyword.WebUiBuiltInKeywords.click(WebUiBuiltInKeywords.groovy:619)
	at com.kms.katalon.core.webui.keyword.WebUiBuiltInKeywords$click$3.call(Unknown Source)
	at Script1607640140574.run(Script1607640140574.groovy:57)
	... 13 more
)
[[ATTACHMENT|/Users/elsylitsonlambert/git/tcCreateQA/Reports/20210302_094855/Test Suite1- Regression/20210302_094855/1614696872339.png]]

2021-03-02 09:54:32 - [TEST_STEP][FAILED] - click(findTestObject("Object Repository/tN objects/button_Add")): Unable to click on object 'Object Repository/tN objects/button_Add' (Root cause: com.kms.katalon.core.exception.StepFailedException: Unable to click on object 'Object Repository/tN objects/button_Add'
	at com.kms.katalon.core.webui.keyword.internal.WebUIKeywordMain.stepFailed(WebUIKeywordMain.groovy:64)
	at com.kms.katalon.core.webui.keyword.internal.WebUIKeywordMain.runKeyword(WebUIKeywordMain.groovy:26)
	at com.kms.katalon.core.webui.keyword.builtin.ClickKeyword.click(ClickKeyword.groovy:75)
	at com.kms.katalon.core.webui.keyword.builtin.ClickKeyword.execute(ClickKeyword.groovy:42)
	at com.kms.katalon.core.keyword.internal.KeywordExecutor.executeKeywordForPlatform(KeywordExecutor.groovy:73)
	at com.kms.katalon.core.webui.keyword.WebUiBuiltInKeywords.click(WebUiBuiltInKeywords.groovy:619)
	at com.kms.katalon.core.webui.keyword.WebUiBuiltInKeywords$click$3.call(Unknown Source)
	at tN_Highlighting by Occurrence Number.run(tN_Highlighting by Occurrence Number:58)
	at com.kms.katalon.core.main.ScriptEngine.run(ScriptEngine.java:194)
	at com.kms.katalon.core.main.ScriptEngine.runScriptAsRawText(ScriptEngine.java:119)
	at com.kms.katalon.core.main.TestCaseExecutor.runScript(TestCaseExecutor.java:398)
	at com.kms.katalon.core.main.TestCaseExecutor.doExecute(TestCaseExecutor.java:389)
	at com.kms.katalon.core.main.TestCaseExecutor.processExecutionPhase(TestCaseExecutor.java:368)
	at com.kms.katalon.core.main.TestCaseExecutor.accessMainPhase(TestCaseExecutor.java:360)
	at com.kms.katalon.core.main.TestCaseExecutor.execute(TestCaseExecutor.java:255)
	at com.kms.katalon.core.main.TestSuiteExecutor.accessTestCaseMainPhase(TestSuiteExecutor.java:203)
	at com.kms.katalon.core.main.TestSuiteExecutor.accessTestSuiteMainPhase(TestSuiteExecutor.java:152)
	at com.kms.katalon.core.main.TestSuiteExecutor.execute(TestSuiteExecutor.java:95)
	at com.kms.katalon.core.main.TestCaseMain.startTestSuite(TestCaseMain.java:157)
	at com.kms.katalon.core.main.TestCaseMain$startTestSuite$0.call(Unknown Source)
	at TempTestSuite1614696535798.run(TempTestSuite1614696535798.groovy:39)
Caused by: com.kms.katalon.core.webui.exception.WebElementNotFoundException: Web element with id: 'Object Repository/tN objects/button_Add' located by '//*[@type = 'button' and (text() = 'Add' or . = 'Add')]' not found
	at com.kms.katalon.core.webui.common.WebUiCommonHelper.findWebElement(WebUiCommonHelper.java:1368)
	at com.kms.katalon.core.webui.keyword.internal.WebUIAbstractKeyword.findWebElement(WebUIAbstractKeyword.groovy:27)
	at com.kms.katalon.core.webui.keyword.internal.WebUIAbstractKeyword.findWebElement(WebUIAbstractKeyword.groovy:26)
	at com.kms.katalon.core.webui.keyword.builtin.ClickKeyword$_click_closure1.doCall(ClickKeyword.groovy:66)
	at com.kms.katalon.core.webui.keyword.builtin.ClickKeyword$_click_closure1.call(ClickKeyword.groovy)
	at com.kms.katalon.core.webui.keyword.internal.WebUIKeywordMain.runKeyword(WebUIKeywordMain.groovy:20)
	at com.kms.katalon.core.webui.keyword.builtin.ClickKeyword.click(ClickKeyword.groovy:75)
	at com.kms.katalon.core.webui.keyword.builtin.ClickKeyword.execute(ClickKeyword.groovy:42)
	at com.kms.katalon.core.keyword.internal.KeywordExecutor.executeKeywordForPlatform(KeywordExecutor.groovy:73)
	at com.kms.katalon.core.webui.keyword.WebUiBuiltInKeywords.click(WebUiBuiltInKeywords.groovy:619)
	at com.kms.katalon.core.webui.keyword.WebUiBuiltInKeywords$click$3.call(Unknown Source)
	at Script1607640140574.run(Script1607640140574.groovy:58)
	... 13 more
)

2021-03-02 09:55:04 - [MESSAGE][INFO] - Unable to find the element located by 'By.xpath: //*[@type = 'button' and (text() = 'Add' or . = 'Add')]'. Please recheck the objects properties to make sure the desired element is located. 

2021-03-02 09:55:04 - [MESSAGE][FAILED] - Unable to click on object 'Object Repository/tN objects/button_Add' (Root cause: com.kms.katalon.core.exception.StepFailedException: Unable to click on object 'Object Repository/tN objects/button_Add'
	at com.kms.katalon.core.webui.keyword.internal.WebUIKeywordMain.stepFailed(WebUIKeywordMain.groovy:64)
	at com.kms.katalon.core.webui.keyword.internal.WebUIKeywordMain.runKeyword(WebUIKeywordMain.groovy:26)
	at com.kms.katalon.core.webui.keyword.builtin.ClickKeyword.click(ClickKeyword.groovy:75)
	at com.kms.katalon.core.webui.keyword.builtin.ClickKeyword.execute(ClickKeyword.groovy:42)
	at com.kms.katalon.core.keyword.internal.KeywordExecutor.executeKeywordForPlatform(KeywordExecutor.groovy:73)
	at com.kms.katalon.core.webui.keyword.WebUiBuiltInKeywords.click(WebUiBuiltInKeywords.groovy:619)
	at com.kms.katalon.core.webui.keyword.WebUiBuiltInKeywords$click$3.call(Unknown Source)
	at tN_Highlighting by Occurrence Number.run(tN_Highlighting by Occurrence Number:58)
	at com.kms.katalon.core.main.ScriptEngine.run(ScriptEngine.java:194)
	at com.kms.katalon.core.main.ScriptEngine.runScriptAsRawText(ScriptEngine.java:119)
	at com.kms.katalon.core.main.TestCaseExecutor.runScript(TestCaseExecutor.java:398)
	at com.kms.katalon.core.main.TestCaseExecutor.doExecute(TestCaseExecutor.java:389)
	at com.kms.katalon.core.main.TestCaseExecutor.processExecutionPhase(TestCaseExecutor.java:368)
	at com.kms.katalon.core.main.TestCaseExecutor.accessMainPhase(TestCaseExecutor.java:360)
	at com.kms.katalon.core.main.TestCaseExecutor.execute(TestCaseExecutor.java:255)
	at com.kms.katalon.core.main.TestSuiteExecutor.accessTestCaseMainPhase(TestSuiteExecutor.java:203)
	at com.kms.katalon.core.main.TestSuiteExecutor.accessTestSuiteMainPhase(TestSuiteExecutor.java:152)
	at com.kms.katalon.core.main.TestSuiteExecutor.execute(TestSuiteExecutor.java:95)
	at com.kms.katalon.core.main.TestCaseMain.startTestSuite(TestCaseMain.java:157)
	at com.kms.katalon.core.main.TestCaseMain$startTestSuite$0.call(Unknown Source)
	at TempTestSuite1614696535798.run(TempTestSuite1614696535798.groovy:39)
Caused by: com.kms.katalon.core.webui.exception.WebElementNotFoundException: Web element with id: 'Object Repository/tN objects/button_Add' located by '//*[@type = 'button' and (text() = 'Add' or . = 'Add')]' not found
	at com.kms.katalon.core.webui.common.WebUiCommonHelper.findWebElement(WebUiCommonHelper.java:1368)
	at com.kms.katalon.core.webui.keyword.internal.WebUIAbstractKeyword.findWebElement(WebUIAbstractKeyword.groovy:27)
	at com.kms.katalon.core.webui.keyword.internal.WebUIAbstractKeyword.findWebElement(WebUIAbstractKeyword.groovy:26)
	at com.kms.katalon.core.webui.keyword.builtin.ClickKeyword$_click_closure1.doCall(ClickKeyword.groovy:66)
	at com.kms.katalon.core.webui.keyword.builtin.ClickKeyword$_click_closure1.call(ClickKeyword.groovy)
	at com.kms.katalon.core.webui.keyword.internal.WebUIKeywordMain.runKeyword(WebUIKeywordMain.groovy:20)
	at com.kms.katalon.core.webui.keyword.builtin.ClickKeyword.click(ClickKeyword.groovy:75)
	at com.kms.katalon.core.webui.keyword.builtin.ClickKeyword.execute(ClickKeyword.groovy:42)
	at com.kms.katalon.core.keyword.internal.KeywordExecutor.executeKeywordForPlatform(KeywordExecutor.groovy:73)
	at com.kms.katalon.core.webui.keyword.WebUiBuiltInKeywords.click(WebUiBuiltInKeywords.groovy:619)
	at com.kms.katalon.core.webui.keyword.WebUiBuiltInKeywords$click$3.call(Unknown Source)
	at Script1607640140574.run(Script1607640140574.groovy:58)
	... 13 more
)
[[ATTACHMENT|/Users/elsylitsonlambert/git/tcCreateQA/Reports/20210302_094855/Test Suite1- Regression/20210302_094855/1614696904263.png]]

2021-03-02 09:55:04 - [TEST_STEP][PASSED] - word1 = getText(findTestObject("tN objects/word1")): Text of object 'Object Repository/tN objects/word1' is: 'ÎÎµÎ¿á¿¦'

2021-03-02 09:55:05 - [MESSAGE][PASSED] - Text of object 'Object Repository/tN objects/word1' is: 'ÎÎµÎ¿á¿¦'

2021-03-02 09:55:05 - [TEST_STEP][PASSED] - logInfo("the word is" + word1): the word isÎÎµÎ¿á¿¦

2021-03-02 09:55:05 - [MESSAGE][INFO] - the word isÎÎµÎ¿á¿¦

2021-03-02 09:55:05 - [TEST_STEP][PASSED] - color_word1 = getCSSValue(findTestObject("tN objects/word1"), "color"): Get CSS 'color' value on 'Object Repository/tN objects/word1' successfully: 'rgba(0, 0, 0, 0.87)'.

2021-03-02 09:55:05 - [MESSAGE][PASSED] - Get CSS 'color' value on 'Object Repository/tN objects/word1' successfully: 'rgba(0, 0, 0, 0.87)'.

2021-03-02 09:55:05 - [TEST_STEP][PASSED] - backcolor_word1 = getCSSValue(findTestObject("tN objects/word1"), "background-color"): Get CSS 'background-color' value on 'Object Repository/tN objects/word1' successfully: 'rgba(0, 0, 0, 0)'.

2021-03-02 09:55:05 - [MESSAGE][PASSED] - Get CSS 'background-color' value on 'Object Repository/tN objects/word1' successfully: 'rgba(0, 0, 0, 0)'.

2021-03-02 09:55:05 - [TEST_STEP][PASSED] - logInfo(color_word1): rgba(0, 0, 0, 0.87)

2021-03-02 09:55:05 - [MESSAGE][INFO] - rgba(0, 0, 0, 0.87)

2021-03-02 09:55:05 - [TEST_STEP][PASSED] - logInfo(backcolor_word1): rgba(0, 0, 0, 0)

2021-03-02 09:55:05 - [MESSAGE][INFO] - rgba(0, 0, 0, 0)

2021-03-02 09:55:05 - [TEST_STEP][PASSED] - click(findTestObject("Object Repository/tN objects/p_OL_box")): Object: 'Object Repository/tN objects/p_OL_box' is clicked on

2021-03-02 09:55:07 - [MESSAGE][PASSED] - Object: 'Object Repository/tN objects/p_OL_box' is clicked on

2021-03-02 09:55:07 - [TEST_STEP][PASSED] - setText(findTestObject("Object Repository/tN objects/p_OL_box"), "ÎÎµÎ¿á¿¦"): Text 'ÎÎµÎ¿á¿¦' is set on object 'Object Repository/tN objects/p_OL_box'

2021-03-02 09:55:10 - [MESSAGE][PASSED] - Text 'ÎÎµÎ¿á¿¦' is set on object 'Object Repository/tN objects/p_OL_box'

2021-03-02 09:55:10 - [TEST_STEP][PASSED] - driver = getWebDriver(): null

2021-03-02 09:55:10 - [TEST_STEP][PASSED] - action = new org.openqa.selenium.interactions.Actions(driver): null

2021-03-02 09:55:10 - [TEST_STEP][PASSED] - build().perform(): null

2021-03-02 09:55:10 - [TEST_STEP][PASSED] - if (!(color_word1.equals(backcolor_word1))): First Occurrence is highlighted!

2021-03-02 09:55:10 - [TEST_STEP][PASSED] - logInfo("First Occurrence is highlighted!"): First Occurrence is highlighted!

2021-03-02 09:55:10 - [MESSAGE][INFO] - First Occurrence is highlighted!

2021-03-02 09:55:10 - [TEST_STEP][FAILED] - color_word2 = getCSSValue(findTestObject("tN objects/word2"), "color"): Cannot get CSS 'color' value on 'Object Repository/tN objects/word2'. (Root cause: com.kms.katalon.core.exception.StepFailedException: Cannot get CSS 'color' value on 'Object Repository/tN objects/word2'.
	at com.kms.katalon.core.webui.keyword.internal.WebUIKeywordMain.stepFailed(WebUIKeywordMain.groovy:64)
	at com.kms.katalon.core.webui.keyword.internal.WebUIKeywordMain.runKeyword(WebUIKeywordMain.groovy:26)
	at com.kms.katalon.core.webui.keyword.builtin.getCSSValueKeyword.getCSSValue(GetCSSValueKeyword.groovy:84)
	at com.kms.katalon.core.webui.keyword.builtin.getCSSValueKeyword.execute(GetCSSValueKeyword.groovy:68)
	at com.kms.katalon.core.keyword.internal.KeywordExecutor.executeKeywordForPlatform(KeywordExecutor.groovy:73)
	at com.kms.katalon.core.webui.keyword.WebUiBuiltInKeywords.getCSSValue(WebUiBuiltInKeywords.groovy:4535)
	at com.kms.katalon.core.webui.keyword.WebUiBuiltInKeywords$getCSSValue$21.call(Unknown Source)
	at tN_Highlighting by Occurrence Number.run(tN_Highlighting by Occurrence Number:98)
	at com.kms.katalon.core.main.ScriptEngine.run(ScriptEngine.java:194)
	at com.kms.katalon.core.main.ScriptEngine.runScriptAsRawText(ScriptEngine.java:119)
	at com.kms.katalon.core.main.TestCaseExecutor.runScript(TestCaseExecutor.java:398)
	at com.kms.katalon.core.main.TestCaseExecutor.doExecute(TestCaseExecutor.java:389)
	at com.kms.katalon.core.main.TestCaseExecutor.processExecutionPhase(TestCaseExecutor.java:368)
	at com.kms.katalon.core.main.TestCaseExecutor.accessMainPhase(TestCaseExecutor.java:360)
	at com.kms.katalon.core.main.TestCaseExecutor.execute(TestCaseExecutor.java:255)
	at com.kms.katalon.core.main.TestSuiteExecutor.accessTestCaseMainPhase(TestSuiteExecutor.java:203)
	at com.kms.katalon.core.main.TestSuiteExecutor.accessTestSuiteMainPhase(TestSuiteExecutor.java:152)
	at com.kms.katalon.core.main.TestSuiteExecutor.execute(TestSuiteExecutor.java:95)
	at com.kms.katalon.core.main.TestCaseMain.startTestSuite(TestCaseMain.java:157)
	at com.kms.katalon.core.main.TestCaseMain$startTestSuite$0.call(Unknown Source)
	at TempTestSuite1614696535798.run(TempTestSuite1614696535798.groovy:39)
Caused by: com.kms.katalon.core.webui.exception.WebElementNotFoundException: Web element with id: 'Object Repository/tN objects/word2' located by 'id("header-1-1-rtc9")/div[@class="jss256"]/div[@class="jss259"]/div[@id="wrapY"]/table[@class="MuiTable-root-501 jss324"]/tbody[@class="MuiTableBody-root-510 jss325"]/tr[@id="1:1"]/td[@class="MuiTableCell-root-513 MuiTableCell-body-515 jss512"]/div[@class="jss2122"]/span[11][count(. | //*[(text() = 'ÎÎµÎ¿á¿¦' or . = 'ÎÎµÎ¿á¿¦')]) = count(//*[(text() = 'ÎÎµÎ¿á¿¦' or . = 'ÎÎµÎ¿á¿¦')])]' not found
	at com.kms.katalon.core.webui.common.WebUiCommonHelper.findWebElement(WebUiCommonHelper.java:1368)
	at com.kms.katalon.core.webui.keyword.internal.WebUIAbstractKeyword.findWebElement(WebUIAbstractKeyword.groovy:27)
	at com.kms.katalon.core.webui.keyword.internal.WebUIAbstractKeyword.findWebElement(WebUIAbstractKeyword.groovy:26)
	at com.kms.katalon.core.webui.keyword.builtin.getCSSValueKeyword$_getCSSValue_closure1.doCall(GetCSSValueKeyword.groovy:75)
	at com.kms.katalon.core.webui.keyword.builtin.getCSSValueKeyword$_getCSSValue_closure1.call(GetCSSValueKeyword.groovy)
	at com.kms.katalon.core.webui.keyword.internal.WebUIKeywordMain.runKeyword(WebUIKeywordMain.groovy:20)
	at com.kms.katalon.core.webui.keyword.builtin.getCSSValueKeyword.getCSSValue(GetCSSValueKeyword.groovy:84)
	at com.kms.katalon.core.webui.keyword.builtin.getCSSValueKeyword.execute(GetCSSValueKeyword.groovy:68)
	at com.kms.katalon.core.keyword.internal.KeywordExecutor.executeKeywordForPlatform(KeywordExecutor.groovy:73)
	at com.kms.katalon.core.webui.keyword.WebUiBuiltInKeywords.getCSSValue(WebUiBuiltInKeywords.groovy:4535)
	at com.kms.katalon.core.webui.keyword.WebUiBuiltInKeywords$getCSSValue$21.call(Unknown Source)
	at Script1607640140574.run(Script1607640140574.groovy:98)
	... 13 more
)

2021-03-02 09:55:42 - [MESSAGE][INFO] - Unable to find the element located by 'By.xpath: id("header-1-1-rtc9")/div[@class="jss256"]/div[@class="jss259"]/div[@id="wrapY"]/table[@class="MuiTable-root-501 jss324"]/tbody[@class="MuiTableBody-root-510 jss325"]/tr[@id="1:1"]/td[@class="MuiTableCell-root-513 MuiTableCell-body-515 jss512"]/div[@class="jss2122"]/span[11][count(. | //*[(text() = 'ÎÎµÎ¿á¿¦' or . = 'ÎÎµÎ¿á¿¦')]) = count(//*[(text() = 'ÎÎµÎ¿á¿¦' or . = 'ÎÎµÎ¿á¿¦')])]'. Please recheck the objects properties to make sure the desired element is located. 

2021-03-02 09:55:42 - [MESSAGE][FAILED] - Cannot get CSS 'color' value on 'Object Repository/tN objects/word2'. (Root cause: com.kms.katalon.core.exception.StepFailedException: Cannot get CSS 'color' value on 'Object Repository/tN objects/word2'.
	at com.kms.katalon.core.webui.keyword.internal.WebUIKeywordMain.stepFailed(WebUIKeywordMain.groovy:64)
	at com.kms.katalon.core.webui.keyword.internal.WebUIKeywordMain.runKeyword(WebUIKeywordMain.groovy:26)
	at com.kms.katalon.core.webui.keyword.builtin.getCSSValueKeyword.getCSSValue(GetCSSValueKeyword.groovy:84)
	at com.kms.katalon.core.webui.keyword.builtin.getCSSValueKeyword.execute(GetCSSValueKeyword.groovy:68)
	at com.kms.katalon.core.keyword.internal.KeywordExecutor.executeKeywordForPlatform(KeywordExecutor.groovy:73)
	at com.kms.katalon.core.webui.keyword.WebUiBuiltInKeywords.getCSSValue(WebUiBuiltInKeywords.groovy:4535)
	at com.kms.katalon.core.webui.keyword.WebUiBuiltInKeywords$getCSSValue$21.call(Unknown Source)
	at tN_Highlighting by Occurrence Number.run(tN_Highlighting by Occurrence Number:98)
	at com.kms.katalon.core.main.ScriptEngine.run(ScriptEngine.java:194)
	at com.kms.katalon.core.main.ScriptEngine.runScriptAsRawText(ScriptEngine.java:119)
	at com.kms.katalon.core.main.TestCaseExecutor.runScript(TestCaseExecutor.java:398)
	at com.kms.katalon.core.main.TestCaseExecutor.doExecute(TestCaseExecutor.java:389)
	at com.kms.katalon.core.main.TestCaseExecutor.processExecutionPhase(TestCaseExecutor.java:368)
	at com.kms.katalon.core.main.TestCaseExecutor.accessMainPhase(TestCaseExecutor.java:360)
	at com.kms.katalon.core.main.TestCaseExecutor.execute(TestCaseExecutor.java:255)
	at com.kms.katalon.core.main.TestSuiteExecutor.accessTestCaseMainPhase(TestSuiteExecutor.java:203)
	at com.kms.katalon.core.main.TestSuiteExecutor.accessTestSuiteMainPhase(TestSuiteExecutor.java:152)
	at com.kms.katalon.core.main.TestSuiteExecutor.execute(TestSuiteExecutor.java:95)
	at com.kms.katalon.core.main.TestCaseMain.startTestSuite(TestCaseMain.java:157)
	at com.kms.katalon.core.main.TestCaseMain$startTestSuite$0.call(Unknown Source)
	at TempTestSuite1614696535798.run(TempTestSuite1614696535798.groovy:39)
Caused by: com.kms.katalon.core.webui.exception.WebElementNotFoundException: Web element with id: 'Object Repository/tN objects/word2' located by 'id("header-1-1-rtc9")/div[@class="jss256"]/div[@class="jss259"]/div[@id="wrapY"]/table[@class="MuiTable-root-501 jss324"]/tbody[@class="MuiTableBody-root-510 jss325"]/tr[@id="1:1"]/td[@class="MuiTableCell-root-513 MuiTableCell-body-515 jss512"]/div[@class="jss2122"]/span[11][count(. | //*[(text() = 'ÎÎµÎ¿á¿¦' or . = 'ÎÎµÎ¿á¿¦')]) = count(//*[(text() = 'ÎÎµÎ¿á¿¦' or . = 'ÎÎµÎ¿á¿¦')])]' not found
	at com.kms.katalon.core.webui.common.WebUiCommonHelper.findWebElement(WebUiCommonHelper.java:1368)
	at com.kms.katalon.core.webui.keyword.internal.WebUIAbstractKeyword.findWebElement(WebUIAbstractKeyword.groovy:27)
	at com.kms.katalon.core.webui.keyword.internal.WebUIAbstractKeyword.findWebElement(WebUIAbstractKeyword.groovy:26)
	at com.kms.katalon.core.webui.keyword.builtin.getCSSValueKeyword$_getCSSValue_closure1.doCall(GetCSSValueKeyword.groovy:75)
	at com.kms.katalon.core.webui.keyword.builtin.getCSSValueKeyword$_getCSSValue_closure1.call(GetCSSValueKeyword.groovy)
	at com.kms.katalon.core.webui.keyword.internal.WebUIKeywordMain.runKeyword(WebUIKeywordMain.groovy:20)
	at com.kms.katalon.core.webui.keyword.builtin.getCSSValueKeyword.getCSSValue(GetCSSValueKeyword.groovy:84)
	at com.kms.katalon.core.webui.keyword.builtin.getCSSValueKeyword.execute(GetCSSValueKeyword.groovy:68)
	at com.kms.katalon.core.keyword.internal.KeywordExecutor.executeKeywordForPlatform(KeywordExecutor.groovy:73)
	at com.kms.katalon.core.webui.keyword.WebUiBuiltInKeywords.getCSSValue(WebUiBuiltInKeywords.groovy:4535)
	at com.kms.katalon.core.webui.keyword.WebUiBuiltInKeywords$getCSSValue$21.call(Unknown Source)
	at Script1607640140574.run(Script1607640140574.groovy:98)
	... 13 more
)
[[ATTACHMENT|/Users/elsylitsonlambert/git/tcCreateQA/Reports/20210302_094855/Test Suite1- Regression/20210302_094855/1614696942058.png]]

2021-03-02 09:55:42 - [TEST_STEP][FAILED] - backcolor_word2 = getCSSValue(findTestObject("tN objects/word2"), "background-color"): Cannot get CSS 'background-color' value on 'Object Repository/tN objects/word2'. (Root cause: com.kms.katalon.core.exception.StepFailedException: Cannot get CSS 'background-color' value on 'Object Repository/tN objects/word2'.
	at com.kms.katalon.core.webui.keyword.internal.WebUIKeywordMain.stepFailed(WebUIKeywordMain.groovy:64)
	at com.kms.katalon.core.webui.keyword.internal.WebUIKeywordMain.runKeyword(WebUIKeywordMain.groovy:26)
	at com.kms.katalon.core.webui.keyword.builtin.getCSSValueKeyword.getCSSValue(GetCSSValueKeyword.groovy:84)
	at com.kms.katalon.core.webui.keyword.builtin.getCSSValueKeyword.execute(GetCSSValueKeyword.groovy:68)
	at com.kms.katalon.core.keyword.internal.KeywordExecutor.executeKeywordForPlatform(KeywordExecutor.groovy:73)
	at com.kms.katalon.core.webui.keyword.WebUiBuiltInKeywords.getCSSValue(WebUiBuiltInKeywords.groovy:4535)
	at com.kms.katalon.core.webui.keyword.WebUiBuiltInKeywords$getCSSValue$21.call(Unknown Source)
	at tN_Highlighting by Occurrence Number.run(tN_Highlighting by Occurrence Number:100)
	at com.kms.katalon.core.main.ScriptEngine.run(ScriptEngine.java:194)
	at com.kms.katalon.core.main.ScriptEngine.runScriptAsRawText(ScriptEngine.java:119)
	at com.kms.katalon.core.main.TestCaseExecutor.runScript(TestCaseExecutor.java:398)
	at com.kms.katalon.core.main.TestCaseExecutor.doExecute(TestCaseExecutor.java:389)
	at com.kms.katalon.core.main.TestCaseExecutor.processExecutionPhase(TestCaseExecutor.java:368)
	at com.kms.katalon.core.main.TestCaseExecutor.accessMainPhase(TestCaseExecutor.java:360)
	at com.kms.katalon.core.main.TestCaseExecutor.execute(TestCaseExecutor.java:255)
	at com.kms.katalon.core.main.TestSuiteExecutor.accessTestCaseMainPhase(TestSuiteExecutor.java:203)
	at com.kms.katalon.core.main.TestSuiteExecutor.accessTestSuiteMainPhase(TestSuiteExecutor.java:152)
	at com.kms.katalon.core.main.TestSuiteExecutor.execute(TestSuiteExecutor.java:95)
	at com.kms.katalon.core.main.TestCaseMain.startTestSuite(TestCaseMain.java:157)
	at com.kms.katalon.core.main.TestCaseMain$startTestSuite$0.call(Unknown Source)
	at TempTestSuite1614696535798.run(TempTestSuite1614696535798.groovy:39)
Caused by: com.kms.katalon.core.webui.exception.WebElementNotFoundException: Web element with id: 'Object Repository/tN objects/word2' located by 'id("header-1-1-rtc9")/div[@class="jss256"]/div[@class="jss259"]/div[@id="wrapY"]/table[@class="MuiTable-root-501 jss324"]/tbody[@class="MuiTableBody-root-510 jss325"]/tr[@id="1:1"]/td[@class="MuiTableCell-root-513 MuiTableCell-body-515 jss512"]/div[@class="jss2122"]/span[11][count(. | //*[(text() = 'ÎÎµÎ¿á¿¦' or . = 'ÎÎµÎ¿á¿¦')]) = count(//*[(text() = 'ÎÎµÎ¿á¿¦' or . = 'ÎÎµÎ¿á¿¦')])]' not found
	at com.kms.katalon.core.webui.common.WebUiCommonHelper.findWebElement(WebUiCommonHelper.java:1368)
	at com.kms.katalon.core.webui.keyword.internal.WebUIAbstractKeyword.findWebElement(WebUIAbstractKeyword.groovy:27)
	at com.kms.katalon.core.webui.keyword.internal.WebUIAbstractKeyword.findWebElement(WebUIAbstractKeyword.groovy:26)
	at com.kms.katalon.core.webui.keyword.builtin.getCSSValueKeyword$_getCSSValue_closure1.doCall(GetCSSValueKeyword.groovy:75)
	at com.kms.katalon.core.webui.keyword.builtin.getCSSValueKeyword$_getCSSValue_closure1.call(GetCSSValueKeyword.groovy)
	at com.kms.katalon.core.webui.keyword.internal.WebUIKeywordMain.runKeyword(WebUIKeywordMain.groovy:20)
	at com.kms.katalon.core.webui.keyword.builtin.getCSSValueKeyword.getCSSValue(GetCSSValueKeyword.groovy:84)
	at com.kms.katalon.core.webui.keyword.builtin.getCSSValueKeyword.execute(GetCSSValueKeyword.groovy:68)
	at com.kms.katalon.core.keyword.internal.KeywordExecutor.executeKeywordForPlatform(KeywordExecutor.groovy:73)
	at com.kms.katalon.core.webui.keyword.WebUiBuiltInKeywords.getCSSValue(WebUiBuiltInKeywords.groovy:4535)
	at com.kms.katalon.core.webui.keyword.WebUiBuiltInKeywords$getCSSValue$21.call(Unknown Source)
	at Script1607640140574.run(Script1607640140574.groovy:100)
	... 13 more
)

2021-03-02 09:56:13 - [MESSAGE][INFO] - Unable to find the element located by 'By.xpath: id("header-1-1-rtc9")/div[@class="jss256"]/div[@class="jss259"]/div[@id="wrapY"]/table[@class="MuiTable-root-501 jss324"]/tbody[@class="MuiTableBody-root-510 jss325"]/tr[@id="1:1"]/td[@class="MuiTableCell-root-513 MuiTableCell-body-515 jss512"]/div[@class="jss2122"]/span[11][count(. | //*[(text() = 'ÎÎµÎ¿á¿¦' or . = 'ÎÎµÎ¿á¿¦')]) = count(//*[(text() = 'ÎÎµÎ¿á¿¦' or . = 'ÎÎµÎ¿á¿¦')])]'. Please recheck the objects properties to make sure the desired element is located. 

2021-03-02 09:56:14 - [MESSAGE][FAILED] - Cannot get CSS 'background-color' value on 'Object Repository/tN objects/word2'. (Root cause: com.kms.katalon.core.exception.StepFailedException: Cannot get CSS 'background-color' value on 'Object Repository/tN objects/word2'.
	at com.kms.katalon.core.webui.keyword.internal.WebUIKeywordMain.stepFailed(WebUIKeywordMain.groovy:64)
	at com.kms.katalon.core.webui.keyword.internal.WebUIKeywordMain.runKeyword(WebUIKeywordMain.groovy:26)
	at com.kms.katalon.core.webui.keyword.builtin.getCSSValueKeyword.getCSSValue(GetCSSValueKeyword.groovy:84)
	at com.kms.katalon.core.webui.keyword.builtin.getCSSValueKeyword.execute(GetCSSValueKeyword.groovy:68)
	at com.kms.katalon.core.keyword.internal.KeywordExecutor.executeKeywordForPlatform(KeywordExecutor.groovy:73)
	at com.kms.katalon.core.webui.keyword.WebUiBuiltInKeywords.getCSSValue(WebUiBuiltInKeywords.groovy:4535)
	at com.kms.katalon.core.webui.keyword.WebUiBuiltInKeywords$getCSSValue$21.call(Unknown Source)
	at tN_Highlighting by Occurrence Number.run(tN_Highlighting by Occurrence Number:100)
	at com.kms.katalon.core.main.ScriptEngine.run(ScriptEngine.java:194)
	at com.kms.katalon.core.main.ScriptEngine.runScriptAsRawText(ScriptEngine.java:119)
	at com.kms.katalon.core.main.TestCaseExecutor.runScript(TestCaseExecutor.java:398)
	at com.kms.katalon.core.main.TestCaseExecutor.doExecute(TestCaseExecutor.java:389)
	at com.kms.katalon.core.main.TestCaseExecutor.processExecutionPhase(TestCaseExecutor.java:368)
	at com.kms.katalon.core.main.TestCaseExecutor.accessMainPhase(TestCaseExecutor.java:360)
	at com.kms.katalon.core.main.TestCaseExecutor.execute(TestCaseExecutor.java:255)
	at com.kms.katalon.core.main.TestSuiteExecutor.accessTestCaseMainPhase(TestSuiteExecutor.java:203)
	at com.kms.katalon.core.main.TestSuiteExecutor.accessTestSuiteMainPhase(TestSuiteExecutor.java:152)
	at com.kms.katalon.core.main.TestSuiteExecutor.execute(TestSuiteExecutor.java:95)
	at com.kms.katalon.core.main.TestCaseMain.startTestSuite(TestCaseMain.java:157)
	at com.kms.katalon.core.main.TestCaseMain$startTestSuite$0.call(Unknown Source)
	at TempTestSuite1614696535798.run(TempTestSuite1614696535798.groovy:39)
Caused by: com.kms.katalon.core.webui.exception.WebElementNotFoundException: Web element with id: 'Object Repository/tN objects/word2' located by 'id("header-1-1-rtc9")/div[@class="jss256"]/div[@class="jss259"]/div[@id="wrapY"]/table[@class="MuiTable-root-501 jss324"]/tbody[@class="MuiTableBody-root-510 jss325"]/tr[@id="1:1"]/td[@class="MuiTableCell-root-513 MuiTableCell-body-515 jss512"]/div[@class="jss2122"]/span[11][count(. | //*[(text() = 'ÎÎµÎ¿á¿¦' or . = 'ÎÎµÎ¿á¿¦')]) = count(//*[(text() = 'ÎÎµÎ¿á¿¦' or . = 'ÎÎµÎ¿á¿¦')])]' not found
	at com.kms.katalon.core.webui.common.WebUiCommonHelper.findWebElement(WebUiCommonHelper.java:1368)
	at com.kms.katalon.core.webui.keyword.internal.WebUIAbstractKeyword.findWebElement(WebUIAbstractKeyword.groovy:27)
	at com.kms.katalon.core.webui.keyword.internal.WebUIAbstractKeyword.findWebElement(WebUIAbstractKeyword.groovy:26)
	at com.kms.katalon.core.webui.keyword.builtin.getCSSValueKeyword$_getCSSValue_closure1.doCall(GetCSSValueKeyword.groovy:75)
	at com.kms.katalon.core.webui.keyword.builtin.getCSSValueKeyword$_getCSSValue_closure1.call(GetCSSValueKeyword.groovy)
	at com.kms.katalon.core.webui.keyword.internal.WebUIKeywordMain.runKeyword(WebUIKeywordMain.groovy:20)
	at com.kms.katalon.core.webui.keyword.builtin.getCSSValueKeyword.getCSSValue(GetCSSValueKeyword.groovy:84)
	at com.kms.katalon.core.webui.keyword.builtin.getCSSValueKeyword.execute(GetCSSValueKeyword.groovy:68)
	at com.kms.katalon.core.keyword.internal.KeywordExecutor.executeKeywordForPlatform(KeywordExecutor.groovy:73)
	at com.kms.katalon.core.webui.keyword.WebUiBuiltInKeywords.getCSSValue(WebUiBuiltInKeywords.groovy:4535)
	at com.kms.katalon.core.webui.keyword.WebUiBuiltInKeywords$getCSSValue$21.call(Unknown Source)
	at Script1607640140574.run(Script1607640140574.groovy:100)
	... 13 more
)
[[ATTACHMENT|/Users/elsylitsonlambert/git/tcCreateQA/Reports/20210302_094855/Test Suite1- Regression/20210302_094855/1614696973799.png]]

2021-03-02 09:56:14 - [TEST_STEP][FAILED] - click(findTestObject("Object Repository/tN objects/p_occurrence box")): Unable to click on object 'Object Repository/tN objects/p_occurrence box' (Root cause: com.kms.katalon.core.exception.StepFailedException: Unable to click on object 'Object Repository/tN objects/p_occurrence box'
	at com.kms.katalon.core.webui.keyword.internal.WebUIKeywordMain.stepFailed(WebUIKeywordMain.groovy:64)
	at com.kms.katalon.core.webui.keyword.internal.WebUIKeywordMain.runKeyword(WebUIKeywordMain.groovy:26)
	at com.kms.katalon.core.webui.keyword.builtin.ClickKeyword.click(ClickKeyword.groovy:75)
	at com.kms.katalon.core.webui.keyword.builtin.ClickKeyword.execute(ClickKeyword.groovy:42)
	at com.kms.katalon.core.keyword.internal.KeywordExecutor.executeKeywordForPlatform(KeywordExecutor.groovy:73)
	at com.kms.katalon.core.webui.keyword.WebUiBuiltInKeywords.click(WebUiBuiltInKeywords.groovy:619)
	at com.kms.katalon.core.webui.keyword.WebUiBuiltInKeywords$click$3.call(Unknown Source)
	at tN_Highlighting by Occurrence Number.run(tN_Highlighting by Occurrence Number:101)
	at com.kms.katalon.core.main.ScriptEngine.run(ScriptEngine.java:194)
	at com.kms.katalon.core.main.ScriptEngine.runScriptAsRawText(ScriptEngine.java:119)
	at com.kms.katalon.core.main.TestCaseExecutor.runScript(TestCaseExecutor.java:398)
	at com.kms.katalon.core.main.TestCaseExecutor.doExecute(TestCaseExecutor.java:389)
	at com.kms.katalon.core.main.TestCaseExecutor.processExecutionPhase(TestCaseExecutor.java:368)
	at com.kms.katalon.core.main.TestCaseExecutor.accessMainPhase(TestCaseExecutor.java:360)
	at com.kms.katalon.core.main.TestCaseExecutor.execute(TestCaseExecutor.java:255)
	at com.kms.katalon.core.main.TestSuiteExecutor.accessTestCaseMainPhase(TestSuiteExecutor.java:203)
	at com.kms.katalon.core.main.TestSuiteExecutor.accessTestSuiteMainPhase(TestSuiteExecutor.java:152)
	at com.kms.katalon.core.main.TestSuiteExecutor.execute(TestSuiteExecutor.java:95)
	at com.kms.katalon.core.main.TestCaseMain.startTestSuite(TestCaseMain.java:157)
	at com.kms.katalon.core.main.TestCaseMain$startTestSuite$0.call(Unknown Source)
	at TempTestSuite1614696535798.run(TempTestSuite1614696535798.groovy:39)
Caused by: org.openqa.selenium.ElementClickInterceptedException: element click intercepted: Element <p>...</p> is not clickable at point (1336, 922). Other element would receive the click: <div class="jss271">...</div>
  (Session info: chrome=88.0.4324.192)
Build info: version: '3.141.59', revision: 'e82be7d358', time: '2018-11-14T08:25:53'
System info: host: 'ELSYs-MacBook-Pro.local', ip: 'fe80:0:0:0:4c6:2f0:149:ad3b%en0', os.name: 'Mac OS X', os.arch: 'x86_64', os.version: '10.16', java.version: '1.8.0_275'
Driver info: com.kms.katalon.selenium.driver.CChromeDriver
Capabilities {acceptInsecureCerts: false, browserName: chrome, browserVersion: 88.0.4324.192, chrome: {chromedriverVersion: 88.0.4324.96 (68dba2d8a0b14..., userDataDir: /var/folders/sf/msc8p_nx3x3...}, goog:chromeOptions: {debuggerAddress: localhost:49855}, javascriptEnabled: true, networkConnectionEnabled: false, pageLoadStrategy: normal, platform: MAC, platformName: MAC, proxy: Proxy(), setWindowRect: true, strictFileInteractability: false, timeouts: {implicit: 0, pageLoad: 300000, script: 30000}, unhandledPromptBehavior: dismiss and notify, webauthn:extension:largeBlob: true, webauthn:virtualAuthenticators: true}
Session ID: 20247ede49a5398f67fdf1b60a397b0d
	at org.openqa.selenium.remote.http.W3CHttpResponseCodec.createException(W3CHttpResponseCodec.java:187)
	at org.openqa.selenium.remote.http.W3CHttpResponseCodec.decode(W3CHttpResponseCodec.java:122)
	at org.openqa.selenium.remote.http.W3CHttpResponseCodec.decode(W3CHttpResponseCodec.java:49)
	at org.openqa.selenium.remote.HttpCommandExecutor.execute(HttpCommandExecutor.java:158)
	at org.openqa.selenium.remote.service.DriverCommandExecutor.execute(DriverCommandExecutor.java:83)
	at org.openqa.selenium.remote.RemoteWebDriver.execute(RemoteWebDriver.java:552)
	at com.kms.katalon.selenium.driver.CChromeDriver.execute(CChromeDriver.java:19)
	at org.openqa.selenium.remote.RemoteWebElement.execute(RemoteWebElement.java:285)
	at org.openqa.selenium.remote.RemoteWebElement.click(RemoteWebElement.java:84)
	at org.openqa.selenium.support.events.EventFiringWebDriver$EventFiringWebElement.lambda$new$0(EventFiringWebDriver.java:404)
	at com.sun.proxy.$Proxy11.click(Unknown Source)
	at org.openqa.selenium.support.events.EventFiringWebDriver$EventFiringWebElement.click(EventFiringWebDriver.java:417)
	at com.kms.katalon.core.webui.keyword.builtin.ClickKeyword$_click_closure1.doCall(ClickKeyword.groovy:68)
	at com.kms.katalon.core.webui.keyword.builtin.ClickKeyword$_click_closure1.call(ClickKeyword.groovy)
	at com.kms.katalon.core.webui.keyword.internal.WebUIKeywordMain.runKeyword(WebUIKeywordMain.groovy:20)
	at com.kms.katalon.core.webui.keyword.builtin.ClickKeyword.click(ClickKeyword.groovy:75)
	at com.kms.katalon.core.webui.keyword.builtin.ClickKeyword.execute(ClickKeyword.groovy:42)
	at com.kms.katalon.core.keyword.internal.KeywordExecutor.executeKeywordForPlatform(KeywordExecutor.groovy:73)
	at com.kms.katalon.core.webui.keyword.WebUiBuiltInKeywords.click(WebUiBuiltInKeywords.groovy:619)
	at com.kms.katalon.core.webui.keyword.WebUiBuiltInKeywords$click$3.call(Unknown Source)
	at Script1607640140574.run(Script1607640140574.groovy:101)
	... 13 more
)

2021-03-02 09:56:17 - [MESSAGE][FAILED] - Unable to click on object 'Object Repository/tN objects/p_occurrence box' (Root cause: com.kms.katalon.core.exception.StepFailedException: Unable to click on object 'Object Repository/tN objects/p_occurrence box'
	at com.kms.katalon.core.webui.keyword.internal.WebUIKeywordMain.stepFailed(WebUIKeywordMain.groovy:64)
	at com.kms.katalon.core.webui.keyword.internal.WebUIKeywordMain.runKeyword(WebUIKeywordMain.groovy:26)
	at com.kms.katalon.core.webui.keyword.builtin.ClickKeyword.click(ClickKeyword.groovy:75)
	at com.kms.katalon.core.webui.keyword.builtin.ClickKeyword.execute(ClickKeyword.groovy:42)
	at com.kms.katalon.core.keyword.internal.KeywordExecutor.executeKeywordForPlatform(KeywordExecutor.groovy:73)
	at com.kms.katalon.core.webui.keyword.WebUiBuiltInKeywords.click(WebUiBuiltInKeywords.groovy:619)
	at com.kms.katalon.core.webui.keyword.WebUiBuiltInKeywords$click$3.call(Unknown Source)
	at tN_Highlighting by Occurrence Number.run(tN_Highlighting by Occurrence Number:101)
	at com.kms.katalon.core.main.ScriptEngine.run(ScriptEngine.java:194)
	at com.kms.katalon.core.main.ScriptEngine.runScriptAsRawText(ScriptEngine.java:119)
	at com.kms.katalon.core.main.TestCaseExecutor.runScript(TestCaseExecutor.java:398)
	at com.kms.katalon.core.main.TestCaseExecutor.doExecute(TestCaseExecutor.java:389)
	at com.kms.katalon.core.main.TestCaseExecutor.processExecutionPhase(TestCaseExecutor.java:368)
	at com.kms.katalon.core.main.TestCaseExecutor.accessMainPhase(TestCaseExecutor.java:360)
	at com.kms.katalon.core.main.TestCaseExecutor.execute(TestCaseExecutor.java:255)
	at com.kms.katalon.core.main.TestSuiteExecutor.accessTestCaseMainPhase(TestSuiteExecutor.java:203)
	at com.kms.katalon.core.main.TestSuiteExecutor.accessTestSuiteMainPhase(TestSuiteExecutor.java:152)
	at com.kms.katalon.core.main.TestSuiteExecutor.execute(TestSuiteExecutor.java:95)
	at com.kms.katalon.core.main.TestCaseMain.startTestSuite(TestCaseMain.java:157)
	at com.kms.katalon.core.main.TestCaseMain$startTestSuite$0.call(Unknown Source)
	at TempTestSuite1614696535798.run(TempTestSuite1614696535798.groovy:39)
Caused by: org.openqa.selenium.ElementClickInterceptedException: element click intercepted: Element <p>...</p> is not clickable at point (1336, 922). Other element would receive the click: <div class="jss271">...</div>
  (Session info: chrome=88.0.4324.192)
Build info: version: '3.141.59', revision: 'e82be7d358', time: '2018-11-14T08:25:53'
System info: host: 'ELSYs-MacBook-Pro.local', ip: 'fe80:0:0:0:4c6:2f0:149:ad3b%en0', os.name: 'Mac OS X', os.arch: 'x86_64', os.version: '10.16', java.version: '1.8.0_275'
Driver info: com.kms.katalon.selenium.driver.CChromeDriver
Capabilities {acceptInsecureCerts: false, browserName: chrome, browserVersion: 88.0.4324.192, chrome: {chromedriverVersion: 88.0.4324.96 (68dba2d8a0b14..., userDataDir: /var/folders/sf/msc8p_nx3x3...}, goog:chromeOptions: {debuggerAddress: localhost:49855}, javascriptEnabled: true, networkConnectionEnabled: false, pageLoadStrategy: normal, platform: MAC, platformName: MAC, proxy: Proxy(), setWindowRect: true, strictFileInteractability: false, timeouts: {implicit: 0, pageLoad: 300000, script: 30000}, unhandledPromptBehavior: dismiss and notify, webauthn:extension:largeBlob: true, webauthn:virtualAuthenticators: true}
Session ID: 20247ede49a5398f67fdf1b60a397b0d
	at org.openqa.selenium.remote.http.W3CHttpResponseCodec.createException(W3CHttpResponseCodec.java:187)
	at org.openqa.selenium.remote.http.W3CHttpResponseCodec.decode(W3CHttpResponseCodec.java:122)
	at org.openqa.selenium.remote.http.W3CHttpResponseCodec.decode(W3CHttpResponseCodec.java:49)
	at org.openqa.selenium.remote.HttpCommandExecutor.execute(HttpCommandExecutor.java:158)
	at org.openqa.selenium.remote.service.DriverCommandExecutor.execute(DriverCommandExecutor.java:83)
	at org.openqa.selenium.remote.RemoteWebDriver.execute(RemoteWebDriver.java:552)
	at com.kms.katalon.selenium.driver.CChromeDriver.execute(CChromeDriver.java:19)
	at org.openqa.selenium.remote.RemoteWebElement.execute(RemoteWebElement.java:285)
	at org.openqa.selenium.remote.RemoteWebElement.click(RemoteWebElement.java:84)
	at org.openqa.selenium.support.events.EventFiringWebDriver$EventFiringWebElement.lambda$new$0(EventFiringWebDriver.java:404)
	at com.sun.proxy.$Proxy11.click(Unknown Source)
	at org.openqa.selenium.support.events.EventFiringWebDriver$EventFiringWebElement.click(EventFiringWebDriver.java:417)
	at com.kms.katalon.core.webui.keyword.builtin.ClickKeyword$_click_closure1.doCall(ClickKeyword.groovy:68)
	at com.kms.katalon.core.webui.keyword.builtin.ClickKeyword$_click_closure1.call(ClickKeyword.groovy)
	at com.kms.katalon.core.webui.keyword.internal.WebUIKeywordMain.runKeyword(WebUIKeywordMain.groovy:20)
	at com.kms.katalon.core.webui.keyword.builtin.ClickKeyword.click(ClickKeyword.groovy:75)
	at com.kms.katalon.core.webui.keyword.builtin.ClickKeyword.execute(ClickKeyword.groovy:42)
	at com.kms.katalon.core.keyword.internal.KeywordExecutor.executeKeywordForPlatform(KeywordExecutor.groovy:73)
	at com.kms.katalon.core.webui.keyword.WebUiBuiltInKeywords.click(WebUiBuiltInKeywords.groovy:619)
	at com.kms.katalon.core.webui.keyword.WebUiBuiltInKeywords$click$3.call(Unknown Source)
	at Script1607640140574.run(Script1607640140574.groovy:101)
	... 13 more
)
[[ATTACHMENT|/Users/elsylitsonlambert/git/tcCreateQA/Reports/20210302_094855/Test Suite1- Regression/20210302_094855/1614696976895.png]]

2021-03-02 09:56:17 - [TEST_STEP][PASSED] - clearText(findTestObject("Object Repository/tN objects/p_occurrence box"), CONTINUE_ON_FAILURE): Text of object 'Object Repository/tN objects/p_occurrence box' is cleared

2021-03-02 09:56:18 - [MESSAGE][PASSED] - Text of object 'Object Repository/tN objects/p_occurrence box' is cleared

2021-03-02 09:56:18 - [TEST_STEP][PASSED] - sendKeys(findTestObject("Object Repository/tN objects/p_occurrence box"), "2"): Keys '2' sent to object: 'Object Repository/tN objects/p_occurrence box'

2021-03-02 09:56:20 - [MESSAGE][PASSED] - Keys '2' sent to object: 'Object Repository/tN objects/p_occurrence box'

2021-03-02 09:56:20 - [TEST_STEP][PASSED] - build().perform(): null

2021-03-02 09:56:20 - [TEST_STEP][PASSED] - if (!(color_word2.equals(backcolor_word2))): null

2021-03-02 09:56:20 - [TEST_STEP][PASSED] - else: Text is not highlighted!

2021-03-02 09:56:20 - [TEST_STEP][PASSED] - logInfo("Text is not highlighted!"): Text is not highlighted!

2021-03-02 09:56:20 - [MESSAGE][INFO] - Text is not highlighted!

2021-03-02 09:56:20 - [TEST_STEP][PASSED] - clearText(findTestObject("Object Repository/tN objects/p_occurrence box"), CONTINUE_ON_FAILURE): Text of object 'Object Repository/tN objects/p_occurrence box' is cleared

2021-03-02 09:56:22 - [MESSAGE][PASSED] - Text of object 'Object Repository/tN objects/p_occurrence box' is cleared

2021-03-02 09:56:22 - [TEST_STEP][PASSED] - sendKeys(findTestObject("Object Repository/tN objects/p_occurrence box"), "-1"): Keys '-1' sent to object: 'Object Repository/tN objects/p_occurrence box'

2021-03-02 09:56:23 - [MESSAGE][PASSED] - Keys '-1' sent to object: 'Object Repository/tN objects/p_occurrence box'

2021-03-02 09:56:23 - [TEST_STEP][PASSED] - build().perform(): null

2021-03-02 09:56:23 - [TEST_STEP][PASSED] - if (!(color_word1.equals(backcolor_word1)) && !(color_word2.equals(backcolor_word2))): null

2021-03-02 09:56:23 - [TEST_STEP][PASSED] - else: Text is not highlighted!

2021-03-02 09:56:23 - [TEST_STEP][PASSED] - logInfo("Text is not highlighted!"): Text is not highlighted!

2021-03-02 09:56:23 - [MESSAGE][INFO] - Text is not highlighted!

2021-03-02 09:56:23 - [TEST_STEP][PASSED] - closeBrowser(): Browser is closed

2021-03-02 09:56:23 - [MESSAGE][PASSED] - Browser is closed]]></system-out>
         <system-err><![CDATA[2021-03-02 09:53:23 - [TEST_CASE][FAILED] - Test Cases/tCC Test Cases/tN_Highlighting by Occurrence Number: Test Cases/tCC Test Cases/tN_Highlighting by Occurrence Number FAILED.
Reason:
com.kms.katalon.core.exception.StepFailedException: Unable to click on object 'Object Repository/tN objects/button_Titus 11_add a new row' (Root cause: com.kms.katalon.core.exception.StepFailedException: Unable to click on object 'Object Repository/tN objects/button_Titus 11_add a new row'
	at com.kms.katalon.core.webui.keyword.internal.WebUIKeywordMain.stepFailed(WebUIKeywordMain.groovy:64)
	at com.kms.katalon.core.webui.keyword.internal.WebUIKeywordMain.runKeyword(WebUIKeywordMain.groovy:26)
	at com.kms.katalon.core.webui.keyword.builtin.ClickKeyword.click(ClickKeyword.groovy:75)
	at com.kms.katalon.core.webui.keyword.builtin.ClickKeyword.execute(ClickKeyword.groovy:42)
	at com.kms.katalon.core.keyword.internal.KeywordExecutor.executeKeywordForPlatform(KeywordExecutor.groovy:73)
	at com.kms.katalon.core.webui.keyword.WebUiBuiltInKeywords.click(WebUiBuiltInKeywords.groovy:619)
	at com.kms.katalon.core.webui.keyword.WebUiBuiltInKeywords$click$3.call(Unknown Source)
	at tN_Highlighting by Occurrence Number.run(tN_Highlighting by Occurrence Number:57)
	at com.kms.katalon.core.main.ScriptEngine.run(ScriptEngine.java:194)
	at com.kms.katalon.core.main.ScriptEngine.runScriptAsRawText(ScriptEngine.java:119)
	at com.kms.katalon.core.main.TestCaseExecutor.runScript(TestCaseExecutor.java:398)
	at com.kms.katalon.core.main.TestCaseExecutor.doExecute(TestCaseExecutor.java:389)
	at com.kms.katalon.core.main.TestCaseExecutor.processExecutionPhase(TestCaseExecutor.java:368)
	at com.kms.katalon.core.main.TestCaseExecutor.accessMainPhase(TestCaseExecutor.java:360)
	at com.kms.katalon.core.main.TestCaseExecutor.execute(TestCaseExecutor.java:255)
	at com.kms.katalon.core.main.TestSuiteExecutor.accessTestCaseMainPhase(TestSuiteExecutor.java:203)
	at com.kms.katalon.core.main.TestSuiteExecutor.accessTestSuiteMainPhase(TestSuiteExecutor.java:152)
	at com.kms.katalon.core.main.TestSuiteExecutor.execute(TestSuiteExecutor.java:95)
	at com.kms.katalon.core.main.TestCaseMain.startTestSuite(TestCaseMain.java:157)
	at com.kms.katalon.core.main.TestCaseMain$startTestSuite$0.call(Unknown Source)
	at TempTestSuite1614696535798.run(TempTestSuite1614696535798.groovy:39)
Caused by: com.kms.katalon.core.webui.exception.WebElementNotFoundException: Web element with id: 'Object Repository/tN objects/button_Titus 11_add a new row' located by '//*[@class = 'MuiButtonBase-root-482 MuiIconButton-root-474 jss500' and @type = 'button' and @title = 'Add a Row']' not found
	at com.kms.katalon.core.webui.common.WebUiCommonHelper.findWebElement(WebUiCommonHelper.java:1368)
	at com.kms.katalon.core.webui.keyword.internal.WebUIAbstractKeyword.findWebElement(WebUIAbstractKeyword.groovy:27)
	at com.kms.katalon.core.webui.keyword.internal.WebUIAbstractKeyword.findWebElement(WebUIAbstractKeyword.groovy:26)
	at com.kms.katalon.core.webui.keyword.builtin.ClickKeyword$_click_closure1.doCall(ClickKeyword.groovy:66)
	at com.kms.katalon.core.webui.keyword.builtin.ClickKeyword$_click_closure1.call(ClickKeyword.groovy)
	at com.kms.katalon.core.webui.keyword.internal.WebUIKeywordMain.runKeyword(WebUIKeywordMain.groovy:20)
	at com.kms.katalon.core.webui.keyword.builtin.ClickKeyword.click(ClickKeyword.groovy:75)
	at com.kms.katalon.core.webui.keyword.builtin.ClickKeyword.execute(ClickKeyword.groovy:42)
	at com.kms.katalon.core.keyword.internal.KeywordExecutor.executeKeywordForPlatform(KeywordExecutor.groovy:73)
	at com.kms.katalon.core.webui.keyword.WebUiBuiltInKeywords.click(WebUiBuiltInKeywords.groovy:619)
	at com.kms.katalon.core.webui.keyword.WebUiBuiltInKeywords$click$3.call(Unknown Source)
	at Script1607640140574.run(Script1607640140574.groovy:57)
	... 13 more
)
	at com.kms.katalon.core.keyword.internal.KeywordMain.stepFailed(KeywordMain.groovy:39)
	at com.kms.katalon.core.webui.keyword.internal.WebUIKeywordMain.stepFailed(WebUIKeywordMain.groovy:64)
	at com.kms.katalon.core.webui.keyword.internal.WebUIKeywordMain.runKeyword(WebUIKeywordMain.groovy:26)
	at com.kms.katalon.core.webui.keyword.builtin.ClickKeyword.click(ClickKeyword.groovy:75)
	at com.kms.katalon.core.webui.keyword.builtin.ClickKeyword.execute(ClickKeyword.groovy:42)
	at com.kms.katalon.core.keyword.internal.KeywordExecutor.executeKeywordForPlatform(KeywordExecutor.groovy:73)
	at com.kms.katalon.core.webui.keyword.WebUiBuiltInKeywords.click(WebUiBuiltInKeywords.groovy:619)
	at com.kms.katalon.core.webui.keyword.WebUiBuiltInKeywords$click$3.call(Unknown Source)
	at tN_Highlighting by Occurrence Number.run(tN_Highlighting by Occurrence Number:57)
	at com.kms.katalon.core.main.ScriptEngine.run(ScriptEngine.java:194)
	at com.kms.katalon.core.main.ScriptEngine.runScriptAsRawText(ScriptEngine.java:119)
	at com.kms.katalon.core.main.TestCaseExecutor.runScript(TestCaseExecutor.java:398)
	at com.kms.katalon.core.main.TestCaseExecutor.doExecute(TestCaseExecutor.java:389)
	at com.kms.katalon.core.main.TestCaseExecutor.processExecutionPhase(TestCaseExecutor.java:368)
	at com.kms.katalon.core.main.TestCaseExecutor.accessMainPhase(TestCaseExecutor.java:360)
	at com.kms.katalon.core.main.TestCaseExecutor.execute(TestCaseExecutor.java:255)
	at com.kms.katalon.core.main.TestSuiteExecutor.accessTestCaseMainPhase(TestSuiteExecutor.java:203)
	at com.kms.katalon.core.main.TestSuiteExecutor.accessTestSuiteMainPhase(TestSuiteExecutor.java:152)
	at com.kms.katalon.core.main.TestSuiteExecutor.execute(TestSuiteExecutor.java:95)
	at com.kms.katalon.core.main.TestCaseMain.startTestSuite(TestCaseMain.java:157)
	at com.kms.katalon.core.main.TestCaseMain$startTestSuite$0.call(Unknown Source)
	at TempTestSuite1614696535798.run(TempTestSuite1614696535798.groovy:39)
Caused by: com.kms.katalon.core.exception.StepFailedException: Unable to click on object 'Object Repository/tN objects/button_Titus 11_add a new row'
	... 21 more
Caused by: com.kms.katalon.core.webui.exception.WebElementNotFoundException: Web element with id: 'Object Repository/tN objects/button_Titus 11_add a new row' located by '//*[@class = 'MuiButtonBase-root-482 MuiIconButton-root-474 jss500' and @type = 'button' and @title = 'Add a Row']' not found
	at com.kms.katalon.core.webui.common.WebUiCommonHelper.findWebElement(WebUiCommonHelper.java:1368)
	at com.kms.katalon.core.webui.keyword.internal.WebUIAbstractKeyword.findWebElement(WebUIAbstractKeyword.groovy:27)
	at com.kms.katalon.core.webui.keyword.internal.WebUIAbstractKeyword.findWebElement(WebUIAbstractKeyword.groovy:26)
	at com.kms.katalon.core.webui.keyword.builtin.ClickKeyword$_click_closure1.doCall(ClickKeyword.groovy:66)
	at com.kms.katalon.core.webui.keyword.builtin.ClickKeyword$_click_closure1.call(ClickKeyword.groovy)
	at com.kms.katalon.core.webui.keyword.internal.WebUIKeywordMain.runKeyword(WebUIKeywordMain.groovy:20)
	... 19 more]]></system-err>
      </testcase>
      <testcase name="Test Cases/tCC Test Cases/tW_Saving tW Article" time="66.717" classname="Test Cases/tCC Test Cases/tW_Saving tW Article" status="FAILED">
         <failure type="FAILED" message="Test Cases/tCC Test Cases/tW_Saving tW Article FAILED.
Reason:
com.kms.katalon.core.exception.StepFailedException: Unable to send keys '  edits by a test script' to object 'Object Repository/tW Objects/div_Almighty test' (Root cause: com.kms.katalon.core.exception.StepFailedException: Unable to send keys '  edits by a test script' to object 'Object Repository/tW Objects/div_Almighty test'
	at com.kms.katalon.core.webui.keyword.internal.WebUIKeywordMain.stepFailed(WebUIKeywordMain.groovy:64)
	at com.kms.katalon.core.webui.keyword.internal.WebUIKeywordMain.runKeyword(WebUIKeywordMain.groovy:26)
	at com.kms.katalon.core.webui.keyword.builtin.SendKeysKeyword.sendKeys(SendKeysKeyword.groovy:60)
	at com.kms.katalon.core.webui.keyword.builtin.SendKeysKeyword.execute(SendKeysKeyword.groovy:38)
	at com.kms.katalon.core.keyword.internal.KeywordExecutor.executeKeywordForPlatform(KeywordExecutor.groovy:73)
	at com.kms.katalon.core.webui.keyword.WebUiBuiltInKeywords.sendKeys(WebUiBuiltInKeywords.groovy:863)
	at com.kms.katalon.core.webui.keyword.WebUiBuiltInKeywords$sendKeys$2.call(Unknown Source)
	at tW_Saving tW Article.run(tW_Saving tW Article:39)
	at com.kms.katalon.core.main.ScriptEngine.run(ScriptEngine.java:194)
	at com.kms.katalon.core.main.ScriptEngine.runScriptAsRawText(ScriptEngine.java:119)
	at com.kms.katalon.core.main.TestCaseExecutor.runScript(TestCaseExecutor.java:398)
	at com.kms.katalon.core.main.TestCaseExecutor.doExecute(TestCaseExecutor.java:389)
	at com.kms.katalon.core.main.TestCaseExecutor.processExecutionPhase(TestCaseExecutor.java:368)
	at com.kms.katalon.core.main.TestCaseExecutor.accessMainPhase(TestCaseExecutor.java:360)
	at com.kms.katalon.core.main.TestCaseExecutor.execute(TestCaseExecutor.java:255)
	at com.kms.katalon.core.main.TestSuiteExecutor.accessTestCaseMainPhase(TestSuiteExecutor.java:203)
	at com.kms.katalon.core.main.TestSuiteExecutor.accessTestSuiteMainPhase(TestSuiteExecutor.java:152)
	at com.kms.katalon.core.main.TestSuiteExecutor.execute(TestSuiteExecutor.java:95)
	at com.kms.katalon.core.main.TestCaseMain.startTestSuite(TestCaseMain.java:157)
	at com.kms.katalon.core.main.TestCaseMain$startTestSuite$0.call(Unknown Source)
	at TempTestSuite1614696535798.run(TempTestSuite1614696535798.groovy:39)
Caused by: com.kms.katalon.core.webui.exception.WebElementNotFoundException: Web element with id: 'Object Repository/tW Objects/div_Almighty test' located by '//div[@id='root']/div/div/div/div[2]/div[2]/div/div[2]/div/div/div/div/div/div[2]/div/div' not found
	at com.kms.katalon.core.webui.common.WebUiCommonHelper.findWebElement(WebUiCommonHelper.java:1368)
	at com.kms.katalon.core.webui.keyword.internal.WebUIAbstractKeyword.findWebElement(WebUIAbstractKeyword.groovy:27)
	at com.kms.katalon.core.webui.keyword.internal.WebUIAbstractKeyword.findWebElement(WebUIAbstractKeyword.groovy:26)
	at com.kms.katalon.core.webui.keyword.builtin.SendKeysKeyword$_sendKeys_closure1.doCall(SendKeysKeyword.groovy:52)
	at com.kms.katalon.core.webui.keyword.builtin.SendKeysKeyword$_sendKeys_closure1.call(SendKeysKeyword.groovy)
	at com.kms.katalon.core.webui.keyword.internal.WebUIKeywordMain.runKeyword(WebUIKeywordMain.groovy:20)
	at com.kms.katalon.core.webui.keyword.builtin.SendKeysKeyword.sendKeys(SendKeysKeyword.groovy:60)
	at com.kms.katalon.core.webui.keyword.builtin.SendKeysKeyword.execute(SendKeysKeyword.groovy:38)
	at com.kms.katalon.core.keyword.internal.KeywordExecutor.executeKeywordForPlatform(KeywordExecutor.groovy:73)
	at com.kms.katalon.core.webui.keyword.WebUiBuiltInKeywords.sendKeys(WebUiBuiltInKeywords.groovy:863)
	at com.kms.katalon.core.webui.keyword.WebUiBuiltInKeywords$sendKeys$2.call(Unknown Source)
	at Script1607640231574.run(Script1607640231574.groovy:39)
	... 13 more
)
	at com.kms.katalon.core.keyword.internal.KeywordMain.stepFailed(KeywordMain.groovy:39)
	at com.kms.katalon.core.webui.keyword.internal.WebUIKeywordMain.stepFailed(WebUIKeywordMain.groovy:64)
	at com.kms.katalon.core.webui.keyword.internal.WebUIKeywordMain.runKeyword(WebUIKeywordMain.groovy:26)
	at com.kms.katalon.core.webui.keyword.builtin.SendKeysKeyword.sendKeys(SendKeysKeyword.groovy:60)
	at com.kms.katalon.core.webui.keyword.builtin.SendKeysKeyword.execute(SendKeysKeyword.groovy:38)
	at com.kms.katalon.core.keyword.internal.KeywordExecutor.executeKeywordForPlatform(KeywordExecutor.groovy:73)
	at com.kms.katalon.core.webui.keyword.WebUiBuiltInKeywords.sendKeys(WebUiBuiltInKeywords.groovy:863)
	at com.kms.katalon.core.webui.keyword.WebUiBuiltInKeywords$sendKeys$2.call(Unknown Source)
	at tW_Saving tW Article.run(tW_Saving tW Article:39)
	at com.kms.katalon.core.main.ScriptEngine.run(ScriptEngine.java:194)
	at com.kms.katalon.core.main.ScriptEngine.runScriptAsRawText(ScriptEngine.java:119)
	at com.kms.katalon.core.main.TestCaseExecutor.runScript(TestCaseExecutor.java:398)
	at com.kms.katalon.core.main.TestCaseExecutor.doExecute(TestCaseExecutor.java:389)
	at com.kms.katalon.core.main.TestCaseExecutor.processExecutionPhase(TestCaseExecutor.java:368)
	at com.kms.katalon.core.main.TestCaseExecutor.accessMainPhase(TestCaseExecutor.java:360)
	at com.kms.katalon.core.main.TestCaseExecutor.execute(TestCaseExecutor.java:255)
	at com.kms.katalon.core.main.TestSuiteExecutor.accessTestCaseMainPhase(TestSuiteExecutor.java:203)
	at com.kms.katalon.core.main.TestSuiteExecutor.accessTestSuiteMainPhase(TestSuiteExecutor.java:152)
	at com.kms.katalon.core.main.TestSuiteExecutor.execute(TestSuiteExecutor.java:95)
	at com.kms.katalon.core.main.TestCaseMain.startTestSuite(TestCaseMain.java:157)
	at com.kms.katalon.core.main.TestCaseMain$startTestSuite$0.call(Unknown Source)
	at TempTestSuite1614696535798.run(TempTestSuite1614696535798.groovy:39)
Caused by: com.kms.katalon.core.exception.StepFailedException: Unable to send keys '  edits by a test script' to object 'Object Repository/tW Objects/div_Almighty test'
	... 21 more
Caused by: com.kms.katalon.core.webui.exception.WebElementNotFoundException: Web element with id: 'Object Repository/tW Objects/div_Almighty test' located by '//div[@id='root']/div/div/div/div[2]/div[2]/div/div[2]/div/div/div/div/div/div[2]/div/div' not found
	at com.kms.katalon.core.webui.common.WebUiCommonHelper.findWebElement(WebUiCommonHelper.java:1368)
	at com.kms.katalon.core.webui.keyword.internal.WebUIAbstractKeyword.findWebElement(WebUIAbstractKeyword.groovy:27)
	at com.kms.katalon.core.webui.keyword.internal.WebUIAbstractKeyword.findWebElement(WebUIAbstractKeyword.groovy:26)
	at com.kms.katalon.core.webui.keyword.builtin.SendKeysKeyword$_sendKeys_closure1.doCall(SendKeysKeyword.groovy:52)
	at com.kms.katalon.core.webui.keyword.builtin.SendKeysKeyword$_sendKeys_closure1.call(SendKeysKeyword.groovy)
	at com.kms.katalon.core.webui.keyword.internal.WebUIKeywordMain.runKeyword(WebUIKeywordMain.groovy:20)
	... 19 more
"/>
         <system-out><![CDATA[2021-03-02 09:56:23 - [TEST_CASE][FAILED] - Test Cases/tCC Test Cases/tW_Saving tW Article: Test Cases/tCC Test Cases/tW_Saving tW Article FAILED.
Reason:
com.kms.katalon.core.exception.StepFailedException: Unable to send keys '  edits by a test script' to object 'Object Repository/tW Objects/div_Almighty test' (Root cause: com.kms.katalon.core.exception.StepFailedException: Unable to send keys '  edits by a test script' to object 'Object Repository/tW Objects/div_Almighty test'
	at com.kms.katalon.core.webui.keyword.internal.WebUIKeywordMain.stepFailed(WebUIKeywordMain.groovy:64)
	at com.kms.katalon.core.webui.keyword.internal.WebUIKeywordMain.runKeyword(WebUIKeywordMain.groovy:26)
	at com.kms.katalon.core.webui.keyword.builtin.SendKeysKeyword.sendKeys(SendKeysKeyword.groovy:60)
	at com.kms.katalon.core.webui.keyword.builtin.SendKeysKeyword.execute(SendKeysKeyword.groovy:38)
	at com.kms.katalon.core.keyword.internal.KeywordExecutor.executeKeywordForPlatform(KeywordExecutor.groovy:73)
	at com.kms.katalon.core.webui.keyword.WebUiBuiltInKeywords.sendKeys(WebUiBuiltInKeywords.groovy:863)
	at com.kms.katalon.core.webui.keyword.WebUiBuiltInKeywords$sendKeys$2.call(Unknown Source)
	at tW_Saving tW Article.run(tW_Saving tW Article:39)
	at com.kms.katalon.core.main.ScriptEngine.run(ScriptEngine.java:194)
	at com.kms.katalon.core.main.ScriptEngine.runScriptAsRawText(ScriptEngine.java:119)
	at com.kms.katalon.core.main.TestCaseExecutor.runScript(TestCaseExecutor.java:398)
	at com.kms.katalon.core.main.TestCaseExecutor.doExecute(TestCaseExecutor.java:389)
	at com.kms.katalon.core.main.TestCaseExecutor.processExecutionPhase(TestCaseExecutor.java:368)
	at com.kms.katalon.core.main.TestCaseExecutor.accessMainPhase(TestCaseExecutor.java:360)
	at com.kms.katalon.core.main.TestCaseExecutor.execute(TestCaseExecutor.java:255)
	at com.kms.katalon.core.main.TestSuiteExecutor.accessTestCaseMainPhase(TestSuiteExecutor.java:203)
	at com.kms.katalon.core.main.TestSuiteExecutor.accessTestSuiteMainPhase(TestSuiteExecutor.java:152)
	at com.kms.katalon.core.main.TestSuiteExecutor.execute(TestSuiteExecutor.java:95)
	at com.kms.katalon.core.main.TestCaseMain.startTestSuite(TestCaseMain.java:157)
	at com.kms.katalon.core.main.TestCaseMain$startTestSuite$0.call(Unknown Source)
	at TempTestSuite1614696535798.run(TempTestSuite1614696535798.groovy:39)
Caused by: com.kms.katalon.core.webui.exception.WebElementNotFoundException: Web element with id: 'Object Repository/tW Objects/div_Almighty test' located by '//div[@id='root']/div/div/div/div[2]/div[2]/div/div[2]/div/div/div/div/div/div[2]/div/div' not found
	at com.kms.katalon.core.webui.common.WebUiCommonHelper.findWebElement(WebUiCommonHelper.java:1368)
	at com.kms.katalon.core.webui.keyword.internal.WebUIAbstractKeyword.findWebElement(WebUIAbstractKeyword.groovy:27)
	at com.kms.katalon.core.webui.keyword.internal.WebUIAbstractKeyword.findWebElement(WebUIAbstractKeyword.groovy:26)
	at com.kms.katalon.core.webui.keyword.builtin.SendKeysKeyword$_sendKeys_closure1.doCall(SendKeysKeyword.groovy:52)
	at com.kms.katalon.core.webui.keyword.builtin.SendKeysKeyword$_sendKeys_closure1.call(SendKeysKeyword.groovy)
	at com.kms.katalon.core.webui.keyword.internal.WebUIKeywordMain.runKeyword(WebUIKeywordMain.groovy:20)
	at com.kms.katalon.core.webui.keyword.builtin.SendKeysKeyword.sendKeys(SendKeysKeyword.groovy:60)
	at com.kms.katalon.core.webui.keyword.builtin.SendKeysKeyword.execute(SendKeysKeyword.groovy:38)
	at com.kms.katalon.core.keyword.internal.KeywordExecutor.executeKeywordForPlatform(KeywordExecutor.groovy:73)
	at com.kms.katalon.core.webui.keyword.WebUiBuiltInKeywords.sendKeys(WebUiBuiltInKeywords.groovy:863)
	at com.kms.katalon.core.webui.keyword.WebUiBuiltInKeywords$sendKeys$2.call(Unknown Source)
	at Script1607640231574.run(Script1607640231574.groovy:39)
	... 13 more
)
	at com.kms.katalon.core.keyword.internal.KeywordMain.stepFailed(KeywordMain.groovy:39)
	at com.kms.katalon.core.webui.keyword.internal.WebUIKeywordMain.stepFailed(WebUIKeywordMain.groovy:64)
	at com.kms.katalon.core.webui.keyword.internal.WebUIKeywordMain.runKeyword(WebUIKeywordMain.groovy:26)
	at com.kms.katalon.core.webui.keyword.builtin.SendKeysKeyword.sendKeys(SendKeysKeyword.groovy:60)
	at com.kms.katalon.core.webui.keyword.builtin.SendKeysKeyword.execute(SendKeysKeyword.groovy:38)
	at com.kms.katalon.core.keyword.internal.KeywordExecutor.executeKeywordForPlatform(KeywordExecutor.groovy:73)
	at com.kms.katalon.core.webui.keyword.WebUiBuiltInKeywords.sendKeys(WebUiBuiltInKeywords.groovy:863)
	at com.kms.katalon.core.webui.keyword.WebUiBuiltInKeywords$sendKeys$2.call(Unknown Source)
	at tW_Saving tW Article.run(tW_Saving tW Article:39)
	at com.kms.katalon.core.main.ScriptEngine.run(ScriptEngine.java:194)
	at com.kms.katalon.core.main.ScriptEngine.runScriptAsRawText(ScriptEngine.java:119)
	at com.kms.katalon.core.main.TestCaseExecutor.runScript(TestCaseExecutor.java:398)
	at com.kms.katalon.core.main.TestCaseExecutor.doExecute(TestCaseExecutor.java:389)
	at com.kms.katalon.core.main.TestCaseExecutor.processExecutionPhase(TestCaseExecutor.java:368)
	at com.kms.katalon.core.main.TestCaseExecutor.accessMainPhase(TestCaseExecutor.java:360)
	at com.kms.katalon.core.main.TestCaseExecutor.execute(TestCaseExecutor.java:255)
	at com.kms.katalon.core.main.TestSuiteExecutor.accessTestCaseMainPhase(TestSuiteExecutor.java:203)
	at com.kms.katalon.core.main.TestSuiteExecutor.accessTestSuiteMainPhase(TestSuiteExecutor.java:152)
	at com.kms.katalon.core.main.TestSuiteExecutor.execute(TestSuiteExecutor.java:95)
	at com.kms.katalon.core.main.TestCaseMain.startTestSuite(TestCaseMain.java:157)
	at com.kms.katalon.core.main.TestCaseMain$startTestSuite$0.call(Unknown Source)
	at TempTestSuite1614696535798.run(TempTestSuite1614696535798.groovy:39)
Caused by: com.kms.katalon.core.exception.StepFailedException: Unable to send keys '  edits by a test script' to object 'Object Repository/tW Objects/div_Almighty test'
	... 21 more
Caused by: com.kms.katalon.core.webui.exception.WebElementNotFoundException: Web element with id: 'Object Repository/tW Objects/div_Almighty test' located by '//div[@id='root']/div/div/div/div[2]/div[2]/div/div[2]/div/div/div/div/div/div[2]/div/div' not found
	at com.kms.katalon.core.webui.common.WebUiCommonHelper.findWebElement(WebUiCommonHelper.java:1368)
	at com.kms.katalon.core.webui.keyword.internal.WebUIAbstractKeyword.findWebElement(WebUIAbstractKeyword.groovy:27)
	at com.kms.katalon.core.webui.keyword.internal.WebUIAbstractKeyword.findWebElement(WebUIAbstractKeyword.groovy:26)
	at com.kms.katalon.core.webui.keyword.builtin.SendKeysKeyword$_sendKeys_closure1.doCall(SendKeysKeyword.groovy:52)
	at com.kms.katalon.core.webui.keyword.builtin.SendKeysKeyword$_sendKeys_closure1.call(SendKeysKeyword.groovy)
	at com.kms.katalon.core.webui.keyword.internal.WebUIKeywordMain.runKeyword(WebUIKeywordMain.groovy:20)
	... 19 more


2021-03-02 09:56:24 - [TEST_STEP][PASSED] - com.tccreate.keywords.WriteToFile.writeTofilename("tW-Save"): com.tccreate.keywords.WriteToFile.writeTofilename is PASSED

2021-03-02 09:56:24 - [MESSAGE][PASSED] - com.tccreate.keywords.WriteToFile.writeTofilename is PASSED

2021-03-02 09:56:24 - [TEST_STEP][PASSED] - com.helper.login.TimeDate.getTimeDate(): com.helper.login.TimeDate.getTimeDate is PASSED

2021-03-02 09:56:24 - [MESSAGE][INFO] - Time at which the test run:2021-03-02 09:56:24.151

2021-03-02 09:56:24 - [MESSAGE][PASSED] - com.helper.login.TimeDate.getTimeDate is PASSED

2021-03-02 09:56:24 - [TEST_STEP][PASSED] - com.helper.login.loginhelper.logintoapp(): com.helper.login.loginhelper.logintoapp is PASSED

2021-03-02 09:56:24 - [MESSAGE][INFO] - Starting 'Chrome' driver

2021-03-02 09:56:24 - [MESSAGE][INFO] - Action delay is set to 1,000 milliseconds

2021-03-02 09:56:25 - [MESSAGE][WARNING] - FFmpeg was not installed! Browser Recording will be disabled. Please follow this document to install FFmpeg first: https://docs.katalon.com/katalon-studio/docs/screenshots-videos.html#browser-based-recorder

2021-03-02 09:56:28 - [MESSAGE][PASSED] - Browser is opened with url: 'https://develop--tc-create-app.netlify.app/'

2021-03-02 09:56:28 - [MESSAGE][PASSED] - Wait for page load successfully

2021-03-02 09:56:28 - [MESSAGE][PASSED] - Current window maximized

2021-03-02 09:56:29 - [MESSAGE][PASSED] - Keys 'elsylambert' sent to object: 'Object Repository/Page_tC Create/input__username'

2021-03-02 09:56:31 - [MESSAGE][PASSED] - Keys 'fatak43' sent to object: 'Object Repository/Page_tC Create/input__password'

2021-03-02 09:56:32 - [MESSAGE][PASSED] - Object: 'Object Repository/Page_tC Create/button_Login' is clicked on

2021-03-02 09:56:33 - [MESSAGE][PASSED] - Delayed 1 second(s)

2021-03-02 09:56:34 - [MESSAGE][PASSED] - Text of object 'Object Repository/Page_tC Create/tcc-version number' is: 'translationCore Create - v1.2.0-rc.2 build 28-4717783'

2021-03-02 09:56:34 - [MESSAGE][INFO] - : The current version and build number is translationCore Create - v1.2.0-rc.2 build 28-4717783

2021-03-02 09:56:34 - [MESSAGE][PASSED] - com.helper.login.loginhelper.logintoapp is PASSED

2021-03-02 09:56:34 - [TEST_STEP][PASSED] - com.tccreate.keywords.selectOrg.organization(""): com.tccreate.keywords.selectOrg.organization is PASSED

2021-03-02 09:56:35 - [MESSAGE][PASSED] - Object: 'Object Repository/page_tC Create/Organization unfoldingWord' is clicked on

2021-03-02 09:56:37 - [MESSAGE][WARNING] - No alert found after 2 second(s).

2021-03-02 09:56:37 - [MESSAGE][PASSED] - com.tccreate.keywords.selectOrg.organization is PASSED

2021-03-02 09:56:37 - [TEST_STEP][PASSED] - com.tccreate.keywords.selectOrg.resource("unfoldingWordÂ® Translation Words"): com.tccreate.keywords.selectOrg.resource is PASSED

2021-03-02 09:56:39 - [MESSAGE][PASSED] - Object: 'Object Repository/Page_tC Create/resource_Parmed' is clicked on

2021-03-02 09:56:39 - [MESSAGE][PASSED] - com.tccreate.keywords.selectOrg.resource is PASSED

2021-03-02 09:56:39 - [TEST_STEP][PASSED] - com.tccreate.keywords.selectOrg.language(""): com.tccreate.keywords.selectOrg.language is PASSED

2021-03-02 09:56:40 - [MESSAGE][PASSED] - Object: 'Object Repository/Page_tC Create/combo_Select Language' is clicked on

2021-03-02 09:56:42 - [MESSAGE][PASSED] - Object: 'Object Repository/Page_tC Create/listOption_Language_Parmed' is clicked on

2021-03-02 09:56:42 - [MESSAGE][PASSED] - com.tccreate.keywords.selectOrg.language is PASSED

2021-03-02 09:56:42 - [TEST_STEP][PASSED] - click(findTestObject("tW Objects/span_bible")): Object: 'Object Repository/tW Objects/span_bible' is clicked on

2021-03-02 09:56:44 - [MESSAGE][PASSED] - Object: 'Object Repository/tW Objects/span_bible' is clicked on

2021-03-02 09:56:44 - [TEST_STEP][PASSED] - click(findTestObject("tW Objects/span_kt")): Object: 'Object Repository/tW Objects/span_kt' is clicked on

2021-03-02 09:56:46 - [MESSAGE][PASSED] - Object: 'Object Repository/tW Objects/span_kt' is clicked on

2021-03-02 09:56:46 - [TEST_STEP][PASSED] - click(findTestObject("tW Objects/span_almighty.md")): Object: 'Object Repository/tW Objects/span_almighty.md' is clicked on

2021-03-02 09:56:48 - [MESSAGE][PASSED] - Object: 'Object Repository/tW Objects/span_almighty.md' is clicked on

2021-03-02 09:56:48 - [TEST_STEP][PASSED] - click(findTestObject("tW Objects/h1_Almighty")): Object: 'Object Repository/tW Objects/h1_Almighty' is clicked on

2021-03-02 09:56:50 - [MESSAGE][PASSED] - Object: 'Object Repository/tW Objects/h1_Almighty' is clicked on

2021-03-02 09:56:50 - [TEST_STEP][FAILED] - sendKeys(findTestObject("tW Objects/div_Almighty test"), "  edits by a test script"): Unable to send keys '  edits by a test script' to object 'Object Repository/tW Objects/div_Almighty test' (Root cause: com.kms.katalon.core.exception.StepFailedException: Unable to send keys '  edits by a test script' to object 'Object Repository/tW Objects/div_Almighty test'
	at com.kms.katalon.core.webui.keyword.internal.WebUIKeywordMain.stepFailed(WebUIKeywordMain.groovy:64)
	at com.kms.katalon.core.webui.keyword.internal.WebUIKeywordMain.runKeyword(WebUIKeywordMain.groovy:26)
	at com.kms.katalon.core.webui.keyword.builtin.SendKeysKeyword.sendKeys(SendKeysKeyword.groovy:60)
	at com.kms.katalon.core.webui.keyword.builtin.SendKeysKeyword.execute(SendKeysKeyword.groovy:38)
	at com.kms.katalon.core.keyword.internal.KeywordExecutor.executeKeywordForPlatform(KeywordExecutor.groovy:73)
	at com.kms.katalon.core.webui.keyword.WebUiBuiltInKeywords.sendKeys(WebUiBuiltInKeywords.groovy:863)
	at com.kms.katalon.core.webui.keyword.WebUiBuiltInKeywords$sendKeys$2.call(Unknown Source)
	at tW_Saving tW Article.run(tW_Saving tW Article:39)
	at com.kms.katalon.core.main.ScriptEngine.run(ScriptEngine.java:194)
	at com.kms.katalon.core.main.ScriptEngine.runScriptAsRawText(ScriptEngine.java:119)
	at com.kms.katalon.core.main.TestCaseExecutor.runScript(TestCaseExecutor.java:398)
	at com.kms.katalon.core.main.TestCaseExecutor.doExecute(TestCaseExecutor.java:389)
	at com.kms.katalon.core.main.TestCaseExecutor.processExecutionPhase(TestCaseExecutor.java:368)
	at com.kms.katalon.core.main.TestCaseExecutor.accessMainPhase(TestCaseExecutor.java:360)
	at com.kms.katalon.core.main.TestCaseExecutor.execute(TestCaseExecutor.java:255)
	at com.kms.katalon.core.main.TestSuiteExecutor.accessTestCaseMainPhase(TestSuiteExecutor.java:203)
	at com.kms.katalon.core.main.TestSuiteExecutor.accessTestSuiteMainPhase(TestSuiteExecutor.java:152)
	at com.kms.katalon.core.main.TestSuiteExecutor.execute(TestSuiteExecutor.java:95)
	at com.kms.katalon.core.main.TestCaseMain.startTestSuite(TestCaseMain.java:157)
	at com.kms.katalon.core.main.TestCaseMain$startTestSuite$0.call(Unknown Source)
	at TempTestSuite1614696535798.run(TempTestSuite1614696535798.groovy:39)
Caused by: com.kms.katalon.core.webui.exception.WebElementNotFoundException: Web element with id: 'Object Repository/tW Objects/div_Almighty test' located by '//div[@id='root']/div/div/div/div[2]/div[2]/div/div[2]/div/div/div/div/div/div[2]/div/div' not found
	at com.kms.katalon.core.webui.common.WebUiCommonHelper.findWebElement(WebUiCommonHelper.java:1368)
	at com.kms.katalon.core.webui.keyword.internal.WebUIAbstractKeyword.findWebElement(WebUIAbstractKeyword.groovy:27)
	at com.kms.katalon.core.webui.keyword.internal.WebUIAbstractKeyword.findWebElement(WebUIAbstractKeyword.groovy:26)
	at com.kms.katalon.core.webui.keyword.builtin.SendKeysKeyword$_sendKeys_closure1.doCall(SendKeysKeyword.groovy:52)
	at com.kms.katalon.core.webui.keyword.builtin.SendKeysKeyword$_sendKeys_closure1.call(SendKeysKeyword.groovy)
	at com.kms.katalon.core.webui.keyword.internal.WebUIKeywordMain.runKeyword(WebUIKeywordMain.groovy:20)
	at com.kms.katalon.core.webui.keyword.builtin.SendKeysKeyword.sendKeys(SendKeysKeyword.groovy:60)
	at com.kms.katalon.core.webui.keyword.builtin.SendKeysKeyword.execute(SendKeysKeyword.groovy:38)
	at com.kms.katalon.core.keyword.internal.KeywordExecutor.executeKeywordForPlatform(KeywordExecutor.groovy:73)
	at com.kms.katalon.core.webui.keyword.WebUiBuiltInKeywords.sendKeys(WebUiBuiltInKeywords.groovy:863)
	at com.kms.katalon.core.webui.keyword.WebUiBuiltInKeywords$sendKeys$2.call(Unknown Source)
	at Script1607640231574.run(Script1607640231574.groovy:39)
	... 13 more
)

2021-03-02 09:57:21 - [MESSAGE][INFO] - Unable to find the element located by 'By.xpath: //div[@id='root']/div/div/div/div[2]/div[2]/div/div[2]/div/div/div/div/div/div[2]/div/div'. Please recheck the objects properties to make sure the desired element is located. 

2021-03-02 09:57:21 - [MESSAGE][FAILED] - Unable to send keys '  edits by a test script' to object 'Object Repository/tW Objects/div_Almighty test' (Root cause: com.kms.katalon.core.exception.StepFailedException: Unable to send keys '  edits by a test script' to object 'Object Repository/tW Objects/div_Almighty test'
	at com.kms.katalon.core.webui.keyword.internal.WebUIKeywordMain.stepFailed(WebUIKeywordMain.groovy:64)
	at com.kms.katalon.core.webui.keyword.internal.WebUIKeywordMain.runKeyword(WebUIKeywordMain.groovy:26)
	at com.kms.katalon.core.webui.keyword.builtin.SendKeysKeyword.sendKeys(SendKeysKeyword.groovy:60)
	at com.kms.katalon.core.webui.keyword.builtin.SendKeysKeyword.execute(SendKeysKeyword.groovy:38)
	at com.kms.katalon.core.keyword.internal.KeywordExecutor.executeKeywordForPlatform(KeywordExecutor.groovy:73)
	at com.kms.katalon.core.webui.keyword.WebUiBuiltInKeywords.sendKeys(WebUiBuiltInKeywords.groovy:863)
	at com.kms.katalon.core.webui.keyword.WebUiBuiltInKeywords$sendKeys$2.call(Unknown Source)
	at tW_Saving tW Article.run(tW_Saving tW Article:39)
	at com.kms.katalon.core.main.ScriptEngine.run(ScriptEngine.java:194)
	at com.kms.katalon.core.main.ScriptEngine.runScriptAsRawText(ScriptEngine.java:119)
	at com.kms.katalon.core.main.TestCaseExecutor.runScript(TestCaseExecutor.java:398)
	at com.kms.katalon.core.main.TestCaseExecutor.doExecute(TestCaseExecutor.java:389)
	at com.kms.katalon.core.main.TestCaseExecutor.processExecutionPhase(TestCaseExecutor.java:368)
	at com.kms.katalon.core.main.TestCaseExecutor.accessMainPhase(TestCaseExecutor.java:360)
	at com.kms.katalon.core.main.TestCaseExecutor.execute(TestCaseExecutor.java:255)
	at com.kms.katalon.core.main.TestSuiteExecutor.accessTestCaseMainPhase(TestSuiteExecutor.java:203)
	at com.kms.katalon.core.main.TestSuiteExecutor.accessTestSuiteMainPhase(TestSuiteExecutor.java:152)
	at com.kms.katalon.core.main.TestSuiteExecutor.execute(TestSuiteExecutor.java:95)
	at com.kms.katalon.core.main.TestCaseMain.startTestSuite(TestCaseMain.java:157)
	at com.kms.katalon.core.main.TestCaseMain$startTestSuite$0.call(Unknown Source)
	at TempTestSuite1614696535798.run(TempTestSuite1614696535798.groovy:39)
Caused by: com.kms.katalon.core.webui.exception.WebElementNotFoundException: Web element with id: 'Object Repository/tW Objects/div_Almighty test' located by '//div[@id='root']/div/div/div/div[2]/div[2]/div/div[2]/div/div/div/div/div/div[2]/div/div' not found
	at com.kms.katalon.core.webui.common.WebUiCommonHelper.findWebElement(WebUiCommonHelper.java:1368)
	at com.kms.katalon.core.webui.keyword.internal.WebUIAbstractKeyword.findWebElement(WebUIAbstractKeyword.groovy:27)
	at com.kms.katalon.core.webui.keyword.internal.WebUIAbstractKeyword.findWebElement(WebUIAbstractKeyword.groovy:26)
	at com.kms.katalon.core.webui.keyword.builtin.SendKeysKeyword$_sendKeys_closure1.doCall(SendKeysKeyword.groovy:52)
	at com.kms.katalon.core.webui.keyword.builtin.SendKeysKeyword$_sendKeys_closure1.call(SendKeysKeyword.groovy)
	at com.kms.katalon.core.webui.keyword.internal.WebUIKeywordMain.runKeyword(WebUIKeywordMain.groovy:20)
	at com.kms.katalon.core.webui.keyword.builtin.SendKeysKeyword.sendKeys(SendKeysKeyword.groovy:60)
	at com.kms.katalon.core.webui.keyword.builtin.SendKeysKeyword.execute(SendKeysKeyword.groovy:38)
	at com.kms.katalon.core.keyword.internal.KeywordExecutor.executeKeywordForPlatform(KeywordExecutor.groovy:73)
	at com.kms.katalon.core.webui.keyword.WebUiBuiltInKeywords.sendKeys(WebUiBuiltInKeywords.groovy:863)
	at com.kms.katalon.core.webui.keyword.WebUiBuiltInKeywords$sendKeys$2.call(Unknown Source)
	at Script1607640231574.run(Script1607640231574.groovy:39)
	... 13 more
)
[[ATTACHMENT|/Users/elsylitsonlambert/git/tcCreateQA/Reports/20210302_094855/Test Suite1- Regression/20210302_094855/1614697041233.png]]

2021-03-02 09:57:21 - [TEST_STEP][FAILED] - click(findTestObject("Object Repository/Page_tC Create/button_Save")): Unable to click on object 'Object Repository/Page_tC Create/button_Save' (Root cause: com.kms.katalon.core.exception.StepFailedException: Unable to click on object 'Object Repository/Page_tC Create/button_Save'
	at com.kms.katalon.core.webui.keyword.internal.WebUIKeywordMain.stepFailed(WebUIKeywordMain.groovy:64)
	at com.kms.katalon.core.webui.keyword.internal.WebUIKeywordMain.runKeyword(WebUIKeywordMain.groovy:26)
	at com.kms.katalon.core.webui.keyword.builtin.ClickKeyword.click(ClickKeyword.groovy:75)
	at com.kms.katalon.core.webui.keyword.builtin.ClickKeyword.execute(ClickKeyword.groovy:42)
	at com.kms.katalon.core.keyword.internal.KeywordExecutor.executeKeywordForPlatform(KeywordExecutor.groovy:73)
	at com.kms.katalon.core.webui.keyword.WebUiBuiltInKeywords.click(WebUiBuiltInKeywords.groovy:619)
	at com.kms.katalon.core.webui.keyword.WebUiBuiltInKeywords$click$3.call(Unknown Source)
	at tW_Saving tW Article.run(tW_Saving tW Article:41)
	at com.kms.katalon.core.main.ScriptEngine.run(ScriptEngine.java:194)
	at com.kms.katalon.core.main.ScriptEngine.runScriptAsRawText(ScriptEngine.java:119)
	at com.kms.katalon.core.main.TestCaseExecutor.runScript(TestCaseExecutor.java:398)
	at com.kms.katalon.core.main.TestCaseExecutor.doExecute(TestCaseExecutor.java:389)
	at com.kms.katalon.core.main.TestCaseExecutor.processExecutionPhase(TestCaseExecutor.java:368)
	at com.kms.katalon.core.main.TestCaseExecutor.accessMainPhase(TestCaseExecutor.java:360)
	at com.kms.katalon.core.main.TestCaseExecutor.execute(TestCaseExecutor.java:255)
	at com.kms.katalon.core.main.TestSuiteExecutor.accessTestCaseMainPhase(TestSuiteExecutor.java:203)
	at com.kms.katalon.core.main.TestSuiteExecutor.accessTestSuiteMainPhase(TestSuiteExecutor.java:152)
	at com.kms.katalon.core.main.TestSuiteExecutor.execute(TestSuiteExecutor.java:95)
	at com.kms.katalon.core.main.TestCaseMain.startTestSuite(TestCaseMain.java:157)
	at com.kms.katalon.core.main.TestCaseMain$startTestSuite$0.call(Unknown Source)
	at TempTestSuite1614696535798.run(TempTestSuite1614696535798.groovy:39)
Caused by: org.openqa.selenium.ElementClickInterceptedException: element click intercepted: Element <button class="MuiButtonBase-root MuiIconButton-root jss57 Mui-disabled Mui-disabled" tabindex="-1" type="button" disabled="" aria-label="Save" title="Save">...</button> is not clickable at point (1740, 148). Other element would receive the click: <div class="jss56">...</div>
  (Session info: chrome=88.0.4324.192)
Build info: version: '3.141.59', revision: 'e82be7d358', time: '2018-11-14T08:25:53'
System info: host: 'ELSYs-MacBook-Pro.local', ip: 'fe80:0:0:0:4c6:2f0:149:ad3b%en0', os.name: 'Mac OS X', os.arch: 'x86_64', os.version: '10.16', java.version: '1.8.0_275'
Driver info: com.kms.katalon.selenium.driver.CChromeDriver
Capabilities {acceptInsecureCerts: false, browserName: chrome, browserVersion: 88.0.4324.192, chrome: {chromedriverVersion: 88.0.4324.96 (68dba2d8a0b14..., userDataDir: /var/folders/sf/msc8p_nx3x3...}, goog:chromeOptions: {debuggerAddress: localhost:49956}, javascriptEnabled: true, networkConnectionEnabled: false, pageLoadStrategy: normal, platform: MAC, platformName: MAC, proxy: Proxy(), setWindowRect: true, strictFileInteractability: false, timeouts: {implicit: 0, pageLoad: 300000, script: 30000}, unhandledPromptBehavior: dismiss and notify, webauthn:extension:largeBlob: true, webauthn:virtualAuthenticators: true}
Session ID: e833646a285400abda7bcc04f898665f
	at org.openqa.selenium.remote.http.W3CHttpResponseCodec.createException(W3CHttpResponseCodec.java:187)
	at org.openqa.selenium.remote.http.W3CHttpResponseCodec.decode(W3CHttpResponseCodec.java:122)
	at org.openqa.selenium.remote.http.W3CHttpResponseCodec.decode(W3CHttpResponseCodec.java:49)
	at org.openqa.selenium.remote.HttpCommandExecutor.execute(HttpCommandExecutor.java:158)
	at org.openqa.selenium.remote.service.DriverCommandExecutor.execute(DriverCommandExecutor.java:83)
	at org.openqa.selenium.remote.RemoteWebDriver.execute(RemoteWebDriver.java:552)
	at com.kms.katalon.selenium.driver.CChromeDriver.execute(CChromeDriver.java:19)
	at org.openqa.selenium.remote.RemoteWebElement.execute(RemoteWebElement.java:285)
	at org.openqa.selenium.remote.RemoteWebElement.click(RemoteWebElement.java:84)
	at org.openqa.selenium.support.events.EventFiringWebDriver$EventFiringWebElement.lambda$new$0(EventFiringWebDriver.java:404)
	at com.sun.proxy.$Proxy11.click(Unknown Source)
	at org.openqa.selenium.support.events.EventFiringWebDriver$EventFiringWebElement.click(EventFiringWebDriver.java:417)
	at com.kms.katalon.core.webui.keyword.builtin.ClickKeyword$_click_closure1.doCall(ClickKeyword.groovy:68)
	at com.kms.katalon.core.webui.keyword.builtin.ClickKeyword$_click_closure1.call(ClickKeyword.groovy)
	at com.kms.katalon.core.webui.keyword.internal.WebUIKeywordMain.runKeyword(WebUIKeywordMain.groovy:20)
	at com.kms.katalon.core.webui.keyword.builtin.ClickKeyword.click(ClickKeyword.groovy:75)
	at com.kms.katalon.core.webui.keyword.builtin.ClickKeyword.execute(ClickKeyword.groovy:42)
	at com.kms.katalon.core.keyword.internal.KeywordExecutor.executeKeywordForPlatform(KeywordExecutor.groovy:73)
	at com.kms.katalon.core.webui.keyword.WebUiBuiltInKeywords.click(WebUiBuiltInKeywords.groovy:619)
	at com.kms.katalon.core.webui.keyword.WebUiBuiltInKeywords$click$3.call(Unknown Source)
	at Script1607640231574.run(Script1607640231574.groovy:41)
	... 13 more
)

2021-03-02 09:57:24 - [MESSAGE][FAILED] - Unable to click on object 'Object Repository/Page_tC Create/button_Save' (Root cause: com.kms.katalon.core.exception.StepFailedException: Unable to click on object 'Object Repository/Page_tC Create/button_Save'
	at com.kms.katalon.core.webui.keyword.internal.WebUIKeywordMain.stepFailed(WebUIKeywordMain.groovy:64)
	at com.kms.katalon.core.webui.keyword.internal.WebUIKeywordMain.runKeyword(WebUIKeywordMain.groovy:26)
	at com.kms.katalon.core.webui.keyword.builtin.ClickKeyword.click(ClickKeyword.groovy:75)
	at com.kms.katalon.core.webui.keyword.builtin.ClickKeyword.execute(ClickKeyword.groovy:42)
	at com.kms.katalon.core.keyword.internal.KeywordExecutor.executeKeywordForPlatform(KeywordExecutor.groovy:73)
	at com.kms.katalon.core.webui.keyword.WebUiBuiltInKeywords.click(WebUiBuiltInKeywords.groovy:619)
	at com.kms.katalon.core.webui.keyword.WebUiBuiltInKeywords$click$3.call(Unknown Source)
	at tW_Saving tW Article.run(tW_Saving tW Article:41)
	at com.kms.katalon.core.main.ScriptEngine.run(ScriptEngine.java:194)
	at com.kms.katalon.core.main.ScriptEngine.runScriptAsRawText(ScriptEngine.java:119)
	at com.kms.katalon.core.main.TestCaseExecutor.runScript(TestCaseExecutor.java:398)
	at com.kms.katalon.core.main.TestCaseExecutor.doExecute(TestCaseExecutor.java:389)
	at com.kms.katalon.core.main.TestCaseExecutor.processExecutionPhase(TestCaseExecutor.java:368)
	at com.kms.katalon.core.main.TestCaseExecutor.accessMainPhase(TestCaseExecutor.java:360)
	at com.kms.katalon.core.main.TestCaseExecutor.execute(TestCaseExecutor.java:255)
	at com.kms.katalon.core.main.TestSuiteExecutor.accessTestCaseMainPhase(TestSuiteExecutor.java:203)
	at com.kms.katalon.core.main.TestSuiteExecutor.accessTestSuiteMainPhase(TestSuiteExecutor.java:152)
	at com.kms.katalon.core.main.TestSuiteExecutor.execute(TestSuiteExecutor.java:95)
	at com.kms.katalon.core.main.TestCaseMain.startTestSuite(TestCaseMain.java:157)
	at com.kms.katalon.core.main.TestCaseMain$startTestSuite$0.call(Unknown Source)
	at TempTestSuite1614696535798.run(TempTestSuite1614696535798.groovy:39)
Caused by: org.openqa.selenium.ElementClickInterceptedException: element click intercepted: Element <button class="MuiButtonBase-root MuiIconButton-root jss57 Mui-disabled Mui-disabled" tabindex="-1" type="button" disabled="" aria-label="Save" title="Save">...</button> is not clickable at point (1740, 148). Other element would receive the click: <div class="jss56">...</div>
  (Session info: chrome=88.0.4324.192)
Build info: version: '3.141.59', revision: 'e82be7d358', time: '2018-11-14T08:25:53'
System info: host: 'ELSYs-MacBook-Pro.local', ip: 'fe80:0:0:0:4c6:2f0:149:ad3b%en0', os.name: 'Mac OS X', os.arch: 'x86_64', os.version: '10.16', java.version: '1.8.0_275'
Driver info: com.kms.katalon.selenium.driver.CChromeDriver
Capabilities {acceptInsecureCerts: false, browserName: chrome, browserVersion: 88.0.4324.192, chrome: {chromedriverVersion: 88.0.4324.96 (68dba2d8a0b14..., userDataDir: /var/folders/sf/msc8p_nx3x3...}, goog:chromeOptions: {debuggerAddress: localhost:49956}, javascriptEnabled: true, networkConnectionEnabled: false, pageLoadStrategy: normal, platform: MAC, platformName: MAC, proxy: Proxy(), setWindowRect: true, strictFileInteractability: false, timeouts: {implicit: 0, pageLoad: 300000, script: 30000}, unhandledPromptBehavior: dismiss and notify, webauthn:extension:largeBlob: true, webauthn:virtualAuthenticators: true}
Session ID: e833646a285400abda7bcc04f898665f
	at org.openqa.selenium.remote.http.W3CHttpResponseCodec.createException(W3CHttpResponseCodec.java:187)
	at org.openqa.selenium.remote.http.W3CHttpResponseCodec.decode(W3CHttpResponseCodec.java:122)
	at org.openqa.selenium.remote.http.W3CHttpResponseCodec.decode(W3CHttpResponseCodec.java:49)
	at org.openqa.selenium.remote.HttpCommandExecutor.execute(HttpCommandExecutor.java:158)
	at org.openqa.selenium.remote.service.DriverCommandExecutor.execute(DriverCommandExecutor.java:83)
	at org.openqa.selenium.remote.RemoteWebDriver.execute(RemoteWebDriver.java:552)
	at com.kms.katalon.selenium.driver.CChromeDriver.execute(CChromeDriver.java:19)
	at org.openqa.selenium.remote.RemoteWebElement.execute(RemoteWebElement.java:285)
	at org.openqa.selenium.remote.RemoteWebElement.click(RemoteWebElement.java:84)
	at org.openqa.selenium.support.events.EventFiringWebDriver$EventFiringWebElement.lambda$new$0(EventFiringWebDriver.java:404)
	at com.sun.proxy.$Proxy11.click(Unknown Source)
	at org.openqa.selenium.support.events.EventFiringWebDriver$EventFiringWebElement.click(EventFiringWebDriver.java:417)
	at com.kms.katalon.core.webui.keyword.builtin.ClickKeyword$_click_closure1.doCall(ClickKeyword.groovy:68)
	at com.kms.katalon.core.webui.keyword.builtin.ClickKeyword$_click_closure1.call(ClickKeyword.groovy)
	at com.kms.katalon.core.webui.keyword.internal.WebUIKeywordMain.runKeyword(WebUIKeywordMain.groovy:20)
	at com.kms.katalon.core.webui.keyword.builtin.ClickKeyword.click(ClickKeyword.groovy:75)
	at com.kms.katalon.core.webui.keyword.builtin.ClickKeyword.execute(ClickKeyword.groovy:42)
	at com.kms.katalon.core.keyword.internal.KeywordExecutor.executeKeywordForPlatform(KeywordExecutor.groovy:73)
	at com.kms.katalon.core.webui.keyword.WebUiBuiltInKeywords.click(WebUiBuiltInKeywords.groovy:619)
	at com.kms.katalon.core.webui.keyword.WebUiBuiltInKeywords$click$3.call(Unknown Source)
	at Script1607640231574.run(Script1607640231574.groovy:41)
	... 13 more
)
[[ATTACHMENT|/Users/elsylitsonlambert/git/tcCreateQA/Reports/20210302_094855/Test Suite1- Regression/20210302_094855/1614697044084.png]]

2021-03-02 09:57:24 - [TEST_STEP][PASSED] - delay(2): Delayed 2 second(s)

2021-03-02 09:57:26 - [MESSAGE][PASSED] - Delayed 2 second(s)

2021-03-02 09:57:26 - [TEST_STEP][PASSED] - if (verifyElementNotClickable(findTestObject("Page_tC Create/button_Save"), CONTINUE_ON_FAILURE)): null

2021-03-02 09:57:26 - [MESSAGE][PASSED] - Object 'Object Repository/Page_tC Create/button_Save' is NOT clickable

2021-03-02 09:57:26 - [TEST_STEP][PASSED] - logInfo(" Save button is greyed out as expected"):  Save button is greyed out as expected

2021-03-02 09:57:26 - [MESSAGE][INFO] -  Save button is greyed out as expected

2021-03-02 09:57:26 - [TEST_STEP][PASSED] - click(findTestObject("Object Repository/tW Objects/chip_English - unfoldingWorden_twElsyLambert-tc-create-1")): Object: 'Object Repository/tW Objects/chip_English - unfoldingWorden_twElsyLambert-tc-create-1' is clicked on

2021-03-02 09:57:28 - [MESSAGE][PASSED] - Object: 'Object Repository/tW Objects/chip_English - unfoldingWorden_twElsyLambert-tc-create-1' is clicked on

2021-03-02 09:57:28 - [TEST_STEP][PASSED] - delay(2): Delayed 2 second(s)

2021-03-02 09:57:30 - [MESSAGE][PASSED] - Delayed 2 second(s)

2021-03-02 09:57:30 - [TEST_STEP][PASSED] - switchToWindowIndex(1): Switched to window with index: '1'

2021-03-02 09:57:30 - [MESSAGE][PASSED] - Switched to window with index: '1'

2021-03-02 09:57:30 - [TEST_STEP][PASSED] - if (getText(findTestObject("Object Repository/tW Objects/h1_Almighty article on DCS")).contains("edits by a test script")): null

2021-03-02 09:57:30 - [MESSAGE][PASSED] - Text of object 'Object Repository/tW Objects/h1_Almighty article on DCS' is: 'Almighty  edits by a test script'

2021-03-02 09:57:30 - [TEST_STEP][PASSED] - logInfo("The edits are saved on the DCS Repo File"): The edits are saved on the DCS Repo File

2021-03-02 09:57:30 - [MESSAGE][INFO] - The edits are saved on the DCS Repo File

2021-03-02 09:57:30 - [TEST_STEP][PASSED] - switchToWindowIndex(0): Switched to window with index: '0'

2021-03-02 09:57:30 - [MESSAGE][PASSED] - Switched to window with index: '0'

2021-03-02 09:57:30 - [TEST_STEP][PASSED] - closeBrowser(): Browser is closed

2021-03-02 09:57:30 - [MESSAGE][PASSED] - Browser is closed

2021-03-02 09:57:30 - [TEST_STEP][PASSED] - closeBrowser(): Browser is closed

2021-03-02 09:57:30 - [MESSAGE][PASSED] - Browser is closed]]></system-out>
         <system-err><![CDATA[2021-03-02 09:56:23 - [TEST_CASE][FAILED] - Test Cases/tCC Test Cases/tW_Saving tW Article: Test Cases/tCC Test Cases/tW_Saving tW Article FAILED.
Reason:
com.kms.katalon.core.exception.StepFailedException: Unable to send keys '  edits by a test script' to object 'Object Repository/tW Objects/div_Almighty test' (Root cause: com.kms.katalon.core.exception.StepFailedException: Unable to send keys '  edits by a test script' to object 'Object Repository/tW Objects/div_Almighty test'
	at com.kms.katalon.core.webui.keyword.internal.WebUIKeywordMain.stepFailed(WebUIKeywordMain.groovy:64)
	at com.kms.katalon.core.webui.keyword.internal.WebUIKeywordMain.runKeyword(WebUIKeywordMain.groovy:26)
	at com.kms.katalon.core.webui.keyword.builtin.SendKeysKeyword.sendKeys(SendKeysKeyword.groovy:60)
	at com.kms.katalon.core.webui.keyword.builtin.SendKeysKeyword.execute(SendKeysKeyword.groovy:38)
	at com.kms.katalon.core.keyword.internal.KeywordExecutor.executeKeywordForPlatform(KeywordExecutor.groovy:73)
	at com.kms.katalon.core.webui.keyword.WebUiBuiltInKeywords.sendKeys(WebUiBuiltInKeywords.groovy:863)
	at com.kms.katalon.core.webui.keyword.WebUiBuiltInKeywords$sendKeys$2.call(Unknown Source)
	at tW_Saving tW Article.run(tW_Saving tW Article:39)
	at com.kms.katalon.core.main.ScriptEngine.run(ScriptEngine.java:194)
	at com.kms.katalon.core.main.ScriptEngine.runScriptAsRawText(ScriptEngine.java:119)
	at com.kms.katalon.core.main.TestCaseExecutor.runScript(TestCaseExecutor.java:398)
	at com.kms.katalon.core.main.TestCaseExecutor.doExecute(TestCaseExecutor.java:389)
	at com.kms.katalon.core.main.TestCaseExecutor.processExecutionPhase(TestCaseExecutor.java:368)
	at com.kms.katalon.core.main.TestCaseExecutor.accessMainPhase(TestCaseExecutor.java:360)
	at com.kms.katalon.core.main.TestCaseExecutor.execute(TestCaseExecutor.java:255)
	at com.kms.katalon.core.main.TestSuiteExecutor.accessTestCaseMainPhase(TestSuiteExecutor.java:203)
	at com.kms.katalon.core.main.TestSuiteExecutor.accessTestSuiteMainPhase(TestSuiteExecutor.java:152)
	at com.kms.katalon.core.main.TestSuiteExecutor.execute(TestSuiteExecutor.java:95)
	at com.kms.katalon.core.main.TestCaseMain.startTestSuite(TestCaseMain.java:157)
	at com.kms.katalon.core.main.TestCaseMain$startTestSuite$0.call(Unknown Source)
	at TempTestSuite1614696535798.run(TempTestSuite1614696535798.groovy:39)
Caused by: com.kms.katalon.core.webui.exception.WebElementNotFoundException: Web element with id: 'Object Repository/tW Objects/div_Almighty test' located by '//div[@id='root']/div/div/div/div[2]/div[2]/div/div[2]/div/div/div/div/div/div[2]/div/div' not found
	at com.kms.katalon.core.webui.common.WebUiCommonHelper.findWebElement(WebUiCommonHelper.java:1368)
	at com.kms.katalon.core.webui.keyword.internal.WebUIAbstractKeyword.findWebElement(WebUIAbstractKeyword.groovy:27)
	at com.kms.katalon.core.webui.keyword.internal.WebUIAbstractKeyword.findWebElement(WebUIAbstractKeyword.groovy:26)
	at com.kms.katalon.core.webui.keyword.builtin.SendKeysKeyword$_sendKeys_closure1.doCall(SendKeysKeyword.groovy:52)
	at com.kms.katalon.core.webui.keyword.builtin.SendKeysKeyword$_sendKeys_closure1.call(SendKeysKeyword.groovy)
	at com.kms.katalon.core.webui.keyword.internal.WebUIKeywordMain.runKeyword(WebUIKeywordMain.groovy:20)
	at com.kms.katalon.core.webui.keyword.builtin.SendKeysKeyword.sendKeys(SendKeysKeyword.groovy:60)
	at com.kms.katalon.core.webui.keyword.builtin.SendKeysKeyword.execute(SendKeysKeyword.groovy:38)
	at com.kms.katalon.core.keyword.internal.KeywordExecutor.executeKeywordForPlatform(KeywordExecutor.groovy:73)
	at com.kms.katalon.core.webui.keyword.WebUiBuiltInKeywords.sendKeys(WebUiBuiltInKeywords.groovy:863)
	at com.kms.katalon.core.webui.keyword.WebUiBuiltInKeywords$sendKeys$2.call(Unknown Source)
	at Script1607640231574.run(Script1607640231574.groovy:39)
	... 13 more
)
	at com.kms.katalon.core.keyword.internal.KeywordMain.stepFailed(KeywordMain.groovy:39)
	at com.kms.katalon.core.webui.keyword.internal.WebUIKeywordMain.stepFailed(WebUIKeywordMain.groovy:64)
	at com.kms.katalon.core.webui.keyword.internal.WebUIKeywordMain.runKeyword(WebUIKeywordMain.groovy:26)
	at com.kms.katalon.core.webui.keyword.builtin.SendKeysKeyword.sendKeys(SendKeysKeyword.groovy:60)
	at com.kms.katalon.core.webui.keyword.builtin.SendKeysKeyword.execute(SendKeysKeyword.groovy:38)
	at com.kms.katalon.core.keyword.internal.KeywordExecutor.executeKeywordForPlatform(KeywordExecutor.groovy:73)
	at com.kms.katalon.core.webui.keyword.WebUiBuiltInKeywords.sendKeys(WebUiBuiltInKeywords.groovy:863)
	at com.kms.katalon.core.webui.keyword.WebUiBuiltInKeywords$sendKeys$2.call(Unknown Source)
	at tW_Saving tW Article.run(tW_Saving tW Article:39)
	at com.kms.katalon.core.main.ScriptEngine.run(ScriptEngine.java:194)
	at com.kms.katalon.core.main.ScriptEngine.runScriptAsRawText(ScriptEngine.java:119)
	at com.kms.katalon.core.main.TestCaseExecutor.runScript(TestCaseExecutor.java:398)
	at com.kms.katalon.core.main.TestCaseExecutor.doExecute(TestCaseExecutor.java:389)
	at com.kms.katalon.core.main.TestCaseExecutor.processExecutionPhase(TestCaseExecutor.java:368)
	at com.kms.katalon.core.main.TestCaseExecutor.accessMainPhase(TestCaseExecutor.java:360)
	at com.kms.katalon.core.main.TestCaseExecutor.execute(TestCaseExecutor.java:255)
	at com.kms.katalon.core.main.TestSuiteExecutor.accessTestCaseMainPhase(TestSuiteExecutor.java:203)
	at com.kms.katalon.core.main.TestSuiteExecutor.accessTestSuiteMainPhase(TestSuiteExecutor.java:152)
	at com.kms.katalon.core.main.TestSuiteExecutor.execute(TestSuiteExecutor.java:95)
	at com.kms.katalon.core.main.TestCaseMain.startTestSuite(TestCaseMain.java:157)
	at com.kms.katalon.core.main.TestCaseMain$startTestSuite$0.call(Unknown Source)
	at TempTestSuite1614696535798.run(TempTestSuite1614696535798.groovy:39)
Caused by: com.kms.katalon.core.exception.StepFailedException: Unable to send keys '  edits by a test script' to object 'Object Repository/tW Objects/div_Almighty test'
	... 21 more
Caused by: com.kms.katalon.core.webui.exception.WebElementNotFoundException: Web element with id: 'Object Repository/tW Objects/div_Almighty test' located by '//div[@id='root']/div/div/div/div[2]/div[2]/div/div[2]/div/div/div/div/div/div[2]/div/div' not found
	at com.kms.katalon.core.webui.common.WebUiCommonHelper.findWebElement(WebUiCommonHelper.java:1368)
	at com.kms.katalon.core.webui.keyword.internal.WebUIAbstractKeyword.findWebElement(WebUIAbstractKeyword.groovy:27)
	at com.kms.katalon.core.webui.keyword.internal.WebUIAbstractKeyword.findWebElement(WebUIAbstractKeyword.groovy:26)
	at com.kms.katalon.core.webui.keyword.builtin.SendKeysKeyword$_sendKeys_closure1.doCall(SendKeysKeyword.groovy:52)
	at com.kms.katalon.core.webui.keyword.builtin.SendKeysKeyword$_sendKeys_closure1.call(SendKeysKeyword.groovy)
	at com.kms.katalon.core.webui.keyword.internal.WebUIKeywordMain.runKeyword(WebUIKeywordMain.groovy:20)
	... 19 more]]></system-err>
      </testcase>
      <testcase name="Test Cases/tCC Test Cases/tA_Saving tA Article" time="96.512" classname="Test Cases/tCC Test Cases/tA_Saving tA Article" status="FAILED">
         <failure type="FAILED" message="Test Cases/tCC Test Cases/tA_Saving tA Article FAILED.
Reason:
com.kms.katalon.core.exception.StepFailedException: Unable to click on object 'Object Repository/Page_tC Create/div_A FARMER represents God, and the VINEYA_8b10d9' (Root cause: com.kms.katalon.core.exception.StepFailedException: Unable to click on object 'Object Repository/Page_tC Create/div_A FARMER represents God, and the VINEYA_8b10d9'
	at com.kms.katalon.core.webui.keyword.internal.WebUIKeywordMain.stepFailed(WebUIKeywordMain.groovy:64)
	at com.kms.katalon.core.webui.keyword.internal.WebUIKeywordMain.runKeyword(WebUIKeywordMain.groovy:26)
	at com.kms.katalon.core.webui.keyword.builtin.ClickKeyword.click(ClickKeyword.groovy:75)
	at com.kms.katalon.core.webui.keyword.builtin.ClickKeyword.execute(ClickKeyword.groovy:42)
	at com.kms.katalon.core.keyword.internal.KeywordExecutor.executeKeywordForPlatform(KeywordExecutor.groovy:73)
	at com.kms.katalon.core.webui.keyword.WebUiBuiltInKeywords.click(WebUiBuiltInKeywords.groovy:619)
	at com.kms.katalon.core.webui.keyword.WebUiBuiltInKeywords$click$3.call(Unknown Source)
	at tA_Saving tA Article.run(tA_Saving tA Article:38)
	at com.kms.katalon.core.main.ScriptEngine.run(ScriptEngine.java:194)
	at com.kms.katalon.core.main.ScriptEngine.runScriptAsRawText(ScriptEngine.java:119)
	at com.kms.katalon.core.main.TestCaseExecutor.runScript(TestCaseExecutor.java:398)
	at com.kms.katalon.core.main.TestCaseExecutor.doExecute(TestCaseExecutor.java:389)
	at com.kms.katalon.core.main.TestCaseExecutor.processExecutionPhase(TestCaseExecutor.java:368)
	at com.kms.katalon.core.main.TestCaseExecutor.accessMainPhase(TestCaseExecutor.java:360)
	at com.kms.katalon.core.main.TestCaseExecutor.execute(TestCaseExecutor.java:255)
	at com.kms.katalon.core.main.TestSuiteExecutor.accessTestCaseMainPhase(TestSuiteExecutor.java:203)
	at com.kms.katalon.core.main.TestSuiteExecutor.accessTestSuiteMainPhase(TestSuiteExecutor.java:152)
	at com.kms.katalon.core.main.TestSuiteExecutor.execute(TestSuiteExecutor.java:95)
	at com.kms.katalon.core.main.TestCaseMain.startTestSuite(TestCaseMain.java:157)
	at com.kms.katalon.core.main.TestCaseMain$startTestSuite$0.call(Unknown Source)
	at TempTestSuite1614696535798.run(TempTestSuite1614696535798.groovy:39)
Caused by: com.kms.katalon.core.webui.exception.WebElementNotFoundException: Web element with id: 'Object Repository/Page_tC Create/div_A FARMER represents God, and the VINEYA_8b10d9' located by '//div[@id='root']/div/div/div/div[2]/div[2]/div[2]/div/div' not found
	at com.kms.katalon.core.webui.common.WebUiCommonHelper.findWebElement(WebUiCommonHelper.java:1368)
	at com.kms.katalon.core.webui.keyword.internal.WebUIAbstractKeyword.findWebElement(WebUIAbstractKeyword.groovy:27)
	at com.kms.katalon.core.webui.keyword.internal.WebUIAbstractKeyword.findWebElement(WebUIAbstractKeyword.groovy:26)
	at com.kms.katalon.core.webui.keyword.builtin.ClickKeyword$_click_closure1.doCall(ClickKeyword.groovy:66)
	at com.kms.katalon.core.webui.keyword.builtin.ClickKeyword$_click_closure1.call(ClickKeyword.groovy)
	at com.kms.katalon.core.webui.keyword.internal.WebUIKeywordMain.runKeyword(WebUIKeywordMain.groovy:20)
	at com.kms.katalon.core.webui.keyword.builtin.ClickKeyword.click(ClickKeyword.groovy:75)
	at com.kms.katalon.core.webui.keyword.builtin.ClickKeyword.execute(ClickKeyword.groovy:42)
	at com.kms.katalon.core.keyword.internal.KeywordExecutor.executeKeywordForPlatform(KeywordExecutor.groovy:73)
	at com.kms.katalon.core.webui.keyword.WebUiBuiltInKeywords.click(WebUiBuiltInKeywords.groovy:619)
	at com.kms.katalon.core.webui.keyword.WebUiBuiltInKeywords$click$3.call(Unknown Source)
	at Script1609168958432.run(Script1609168958432.groovy:38)
	... 13 more
)
	at com.kms.katalon.core.keyword.internal.KeywordMain.stepFailed(KeywordMain.groovy:39)
	at com.kms.katalon.core.webui.keyword.internal.WebUIKeywordMain.stepFailed(WebUIKeywordMain.groovy:64)
	at com.kms.katalon.core.webui.keyword.internal.WebUIKeywordMain.runKeyword(WebUIKeywordMain.groovy:26)
	at com.kms.katalon.core.webui.keyword.builtin.ClickKeyword.click(ClickKeyword.groovy:75)
	at com.kms.katalon.core.webui.keyword.builtin.ClickKeyword.execute(ClickKeyword.groovy:42)
	at com.kms.katalon.core.keyword.internal.KeywordExecutor.executeKeywordForPlatform(KeywordExecutor.groovy:73)
	at com.kms.katalon.core.webui.keyword.WebUiBuiltInKeywords.click(WebUiBuiltInKeywords.groovy:619)
	at com.kms.katalon.core.webui.keyword.WebUiBuiltInKeywords$click$3.call(Unknown Source)
	at tA_Saving tA Article.run(tA_Saving tA Article:38)
	at com.kms.katalon.core.main.ScriptEngine.run(ScriptEngine.java:194)
	at com.kms.katalon.core.main.ScriptEngine.runScriptAsRawText(ScriptEngine.java:119)
	at com.kms.katalon.core.main.TestCaseExecutor.runScript(TestCaseExecutor.java:398)
	at com.kms.katalon.core.main.TestCaseExecutor.doExecute(TestCaseExecutor.java:389)
	at com.kms.katalon.core.main.TestCaseExecutor.processExecutionPhase(TestCaseExecutor.java:368)
	at com.kms.katalon.core.main.TestCaseExecutor.accessMainPhase(TestCaseExecutor.java:360)
	at com.kms.katalon.core.main.TestCaseExecutor.execute(TestCaseExecutor.java:255)
	at com.kms.katalon.core.main.TestSuiteExecutor.accessTestCaseMainPhase(TestSuiteExecutor.java:203)
	at com.kms.katalon.core.main.TestSuiteExecutor.accessTestSuiteMainPhase(TestSuiteExecutor.java:152)
	at com.kms.katalon.core.main.TestSuiteExecutor.execute(TestSuiteExecutor.java:95)
	at com.kms.katalon.core.main.TestCaseMain.startTestSuite(TestCaseMain.java:157)
	at com.kms.katalon.core.main.TestCaseMain$startTestSuite$0.call(Unknown Source)
	at TempTestSuite1614696535798.run(TempTestSuite1614696535798.groovy:39)
Caused by: com.kms.katalon.core.exception.StepFailedException: Unable to click on object 'Object Repository/Page_tC Create/div_A FARMER represents God, and the VINEYA_8b10d9'
	... 21 more
Caused by: com.kms.katalon.core.webui.exception.WebElementNotFoundException: Web element with id: 'Object Repository/Page_tC Create/div_A FARMER represents God, and the VINEYA_8b10d9' located by '//div[@id='root']/div/div/div/div[2]/div[2]/div[2]/div/div' not found
	at com.kms.katalon.core.webui.common.WebUiCommonHelper.findWebElement(WebUiCommonHelper.java:1368)
	at com.kms.katalon.core.webui.keyword.internal.WebUIAbstractKeyword.findWebElement(WebUIAbstractKeyword.groovy:27)
	at com.kms.katalon.core.webui.keyword.internal.WebUIAbstractKeyword.findWebElement(WebUIAbstractKeyword.groovy:26)
	at com.kms.katalon.core.webui.keyword.builtin.ClickKeyword$_click_closure1.doCall(ClickKeyword.groovy:66)
	at com.kms.katalon.core.webui.keyword.builtin.ClickKeyword$_click_closure1.call(ClickKeyword.groovy)
	at com.kms.katalon.core.webui.keyword.internal.WebUIKeywordMain.runKeyword(WebUIKeywordMain.groovy:20)
	... 19 more
"/>
         <system-out><![CDATA[2021-03-02 09:57:30 - [TEST_CASE][FAILED] - Test Cases/tCC Test Cases/tA_Saving tA Article: Test Cases/tCC Test Cases/tA_Saving tA Article FAILED.
Reason:
com.kms.katalon.core.exception.StepFailedException: Unable to click on object 'Object Repository/Page_tC Create/div_A FARMER represents God, and the VINEYA_8b10d9' (Root cause: com.kms.katalon.core.exception.StepFailedException: Unable to click on object 'Object Repository/Page_tC Create/div_A FARMER represents God, and the VINEYA_8b10d9'
	at com.kms.katalon.core.webui.keyword.internal.WebUIKeywordMain.stepFailed(WebUIKeywordMain.groovy:64)
	at com.kms.katalon.core.webui.keyword.internal.WebUIKeywordMain.runKeyword(WebUIKeywordMain.groovy:26)
	at com.kms.katalon.core.webui.keyword.builtin.ClickKeyword.click(ClickKeyword.groovy:75)
	at com.kms.katalon.core.webui.keyword.builtin.ClickKeyword.execute(ClickKeyword.groovy:42)
	at com.kms.katalon.core.keyword.internal.KeywordExecutor.executeKeywordForPlatform(KeywordExecutor.groovy:73)
	at com.kms.katalon.core.webui.keyword.WebUiBuiltInKeywords.click(WebUiBuiltInKeywords.groovy:619)
	at com.kms.katalon.core.webui.keyword.WebUiBuiltInKeywords$click$3.call(Unknown Source)
	at tA_Saving tA Article.run(tA_Saving tA Article:38)
	at com.kms.katalon.core.main.ScriptEngine.run(ScriptEngine.java:194)
	at com.kms.katalon.core.main.ScriptEngine.runScriptAsRawText(ScriptEngine.java:119)
	at com.kms.katalon.core.main.TestCaseExecutor.runScript(TestCaseExecutor.java:398)
	at com.kms.katalon.core.main.TestCaseExecutor.doExecute(TestCaseExecutor.java:389)
	at com.kms.katalon.core.main.TestCaseExecutor.processExecutionPhase(TestCaseExecutor.java:368)
	at com.kms.katalon.core.main.TestCaseExecutor.accessMainPhase(TestCaseExecutor.java:360)
	at com.kms.katalon.core.main.TestCaseExecutor.execute(TestCaseExecutor.java:255)
	at com.kms.katalon.core.main.TestSuiteExecutor.accessTestCaseMainPhase(TestSuiteExecutor.java:203)
	at com.kms.katalon.core.main.TestSuiteExecutor.accessTestSuiteMainPhase(TestSuiteExecutor.java:152)
	at com.kms.katalon.core.main.TestSuiteExecutor.execute(TestSuiteExecutor.java:95)
	at com.kms.katalon.core.main.TestCaseMain.startTestSuite(TestCaseMain.java:157)
	at com.kms.katalon.core.main.TestCaseMain$startTestSuite$0.call(Unknown Source)
	at TempTestSuite1614696535798.run(TempTestSuite1614696535798.groovy:39)
Caused by: com.kms.katalon.core.webui.exception.WebElementNotFoundException: Web element with id: 'Object Repository/Page_tC Create/div_A FARMER represents God, and the VINEYA_8b10d9' located by '//div[@id='root']/div/div/div/div[2]/div[2]/div[2]/div/div' not found
	at com.kms.katalon.core.webui.common.WebUiCommonHelper.findWebElement(WebUiCommonHelper.java:1368)
	at com.kms.katalon.core.webui.keyword.internal.WebUIAbstractKeyword.findWebElement(WebUIAbstractKeyword.groovy:27)
	at com.kms.katalon.core.webui.keyword.internal.WebUIAbstractKeyword.findWebElement(WebUIAbstractKeyword.groovy:26)
	at com.kms.katalon.core.webui.keyword.builtin.ClickKeyword$_click_closure1.doCall(ClickKeyword.groovy:66)
	at com.kms.katalon.core.webui.keyword.builtin.ClickKeyword$_click_closure1.call(ClickKeyword.groovy)
	at com.kms.katalon.core.webui.keyword.internal.WebUIKeywordMain.runKeyword(WebUIKeywordMain.groovy:20)
	at com.kms.katalon.core.webui.keyword.builtin.ClickKeyword.click(ClickKeyword.groovy:75)
	at com.kms.katalon.core.webui.keyword.builtin.ClickKeyword.execute(ClickKeyword.groovy:42)
	at com.kms.katalon.core.keyword.internal.KeywordExecutor.executeKeywordForPlatform(KeywordExecutor.groovy:73)
	at com.kms.katalon.core.webui.keyword.WebUiBuiltInKeywords.click(WebUiBuiltInKeywords.groovy:619)
	at com.kms.katalon.core.webui.keyword.WebUiBuiltInKeywords$click$3.call(Unknown Source)
	at Script1609168958432.run(Script1609168958432.groovy:38)
	... 13 more
)
	at com.kms.katalon.core.keyword.internal.KeywordMain.stepFailed(KeywordMain.groovy:39)
	at com.kms.katalon.core.webui.keyword.internal.WebUIKeywordMain.stepFailed(WebUIKeywordMain.groovy:64)
	at com.kms.katalon.core.webui.keyword.internal.WebUIKeywordMain.runKeyword(WebUIKeywordMain.groovy:26)
	at com.kms.katalon.core.webui.keyword.builtin.ClickKeyword.click(ClickKeyword.groovy:75)
	at com.kms.katalon.core.webui.keyword.builtin.ClickKeyword.execute(ClickKeyword.groovy:42)
	at com.kms.katalon.core.keyword.internal.KeywordExecutor.executeKeywordForPlatform(KeywordExecutor.groovy:73)
	at com.kms.katalon.core.webui.keyword.WebUiBuiltInKeywords.click(WebUiBuiltInKeywords.groovy:619)
	at com.kms.katalon.core.webui.keyword.WebUiBuiltInKeywords$click$3.call(Unknown Source)
	at tA_Saving tA Article.run(tA_Saving tA Article:38)
	at com.kms.katalon.core.main.ScriptEngine.run(ScriptEngine.java:194)
	at com.kms.katalon.core.main.ScriptEngine.runScriptAsRawText(ScriptEngine.java:119)
	at com.kms.katalon.core.main.TestCaseExecutor.runScript(TestCaseExecutor.java:398)
	at com.kms.katalon.core.main.TestCaseExecutor.doExecute(TestCaseExecutor.java:389)
	at com.kms.katalon.core.main.TestCaseExecutor.processExecutionPhase(TestCaseExecutor.java:368)
	at com.kms.katalon.core.main.TestCaseExecutor.accessMainPhase(TestCaseExecutor.java:360)
	at com.kms.katalon.core.main.TestCaseExecutor.execute(TestCaseExecutor.java:255)
	at com.kms.katalon.core.main.TestSuiteExecutor.accessTestCaseMainPhase(TestSuiteExecutor.java:203)
	at com.kms.katalon.core.main.TestSuiteExecutor.accessTestSuiteMainPhase(TestSuiteExecutor.java:152)
	at com.kms.katalon.core.main.TestSuiteExecutor.execute(TestSuiteExecutor.java:95)
	at com.kms.katalon.core.main.TestCaseMain.startTestSuite(TestCaseMain.java:157)
	at com.kms.katalon.core.main.TestCaseMain$startTestSuite$0.call(Unknown Source)
	at TempTestSuite1614696535798.run(TempTestSuite1614696535798.groovy:39)
Caused by: com.kms.katalon.core.exception.StepFailedException: Unable to click on object 'Object Repository/Page_tC Create/div_A FARMER represents God, and the VINEYA_8b10d9'
	... 21 more
Caused by: com.kms.katalon.core.webui.exception.WebElementNotFoundException: Web element with id: 'Object Repository/Page_tC Create/div_A FARMER represents God, and the VINEYA_8b10d9' located by '//div[@id='root']/div/div/div/div[2]/div[2]/div[2]/div/div' not found
	at com.kms.katalon.core.webui.common.WebUiCommonHelper.findWebElement(WebUiCommonHelper.java:1368)
	at com.kms.katalon.core.webui.keyword.internal.WebUIAbstractKeyword.findWebElement(WebUIAbstractKeyword.groovy:27)
	at com.kms.katalon.core.webui.keyword.internal.WebUIAbstractKeyword.findWebElement(WebUIAbstractKeyword.groovy:26)
	at com.kms.katalon.core.webui.keyword.builtin.ClickKeyword$_click_closure1.doCall(ClickKeyword.groovy:66)
	at com.kms.katalon.core.webui.keyword.builtin.ClickKeyword$_click_closure1.call(ClickKeyword.groovy)
	at com.kms.katalon.core.webui.keyword.internal.WebUIKeywordMain.runKeyword(WebUIKeywordMain.groovy:20)
	... 19 more


2021-03-02 09:57:30 - [TEST_STEP][PASSED] - com.tccreate.keywords.WriteToFile.writeTofilename("tA-Save"): com.tccreate.keywords.WriteToFile.writeTofilename is PASSED

2021-03-02 09:57:30 - [MESSAGE][PASSED] - com.tccreate.keywords.WriteToFile.writeTofilename is PASSED

2021-03-02 09:57:30 - [TEST_STEP][PASSED] - com.helper.login.TimeDate.getTimeDate(): com.helper.login.TimeDate.getTimeDate is PASSED

2021-03-02 09:57:30 - [MESSAGE][INFO] - Time at which the test run:2021-03-02 09:57:30.87

2021-03-02 09:57:30 - [MESSAGE][PASSED] - com.helper.login.TimeDate.getTimeDate is PASSED

2021-03-02 09:57:30 - [TEST_STEP][PASSED] - com.helper.login.loginhelper.logintoapp(): com.helper.login.loginhelper.logintoapp is PASSED

2021-03-02 09:57:30 - [MESSAGE][INFO] - Starting 'Chrome' driver

2021-03-02 09:57:30 - [MESSAGE][INFO] - Action delay is set to 1,000 milliseconds

2021-03-02 09:57:31 - [MESSAGE][WARNING] - FFmpeg was not installed! Browser Recording will be disabled. Please follow this document to install FFmpeg first: https://docs.katalon.com/katalon-studio/docs/screenshots-videos.html#browser-based-recorder

2021-03-02 09:57:34 - [MESSAGE][PASSED] - Browser is opened with url: 'https://develop--tc-create-app.netlify.app/'

2021-03-02 09:57:34 - [MESSAGE][PASSED] - Wait for page load successfully

2021-03-02 09:57:35 - [MESSAGE][PASSED] - Current window maximized

2021-03-02 09:57:36 - [MESSAGE][PASSED] - Keys 'elsylambert' sent to object: 'Object Repository/Page_tC Create/input__username'

2021-03-02 09:57:37 - [MESSAGE][PASSED] - Keys 'fatak43' sent to object: 'Object Repository/Page_tC Create/input__password'

2021-03-02 09:57:39 - [MESSAGE][PASSED] - Object: 'Object Repository/Page_tC Create/button_Login' is clicked on

2021-03-02 09:57:40 - [MESSAGE][PASSED] - Delayed 1 second(s)

2021-03-02 09:57:40 - [MESSAGE][PASSED] - Text of object 'Object Repository/Page_tC Create/tcc-version number' is: 'translationCore Create - v1.2.0-rc.2 build 28-4717783'

2021-03-02 09:57:40 - [MESSAGE][INFO] - : The current version and build number is translationCore Create - v1.2.0-rc.2 build 28-4717783

2021-03-02 09:57:40 - [MESSAGE][PASSED] - com.helper.login.loginhelper.logintoapp is PASSED

2021-03-02 09:57:40 - [TEST_STEP][PASSED] - com.tccreate.keywords.selectOrg.organization(""): com.tccreate.keywords.selectOrg.organization is PASSED

2021-03-02 09:57:42 - [MESSAGE][PASSED] - Object: 'Object Repository/page_tC Create/Organization unfoldingWord' is clicked on

2021-03-02 09:57:44 - [MESSAGE][WARNING] - No alert found after 2 second(s).

2021-03-02 09:57:44 - [MESSAGE][PASSED] - com.tccreate.keywords.selectOrg.organization is PASSED

2021-03-02 09:57:44 - [TEST_STEP][PASSED] - com.tccreate.keywords.selectOrg.resource("unfoldingWordÂ® Translation Academy"): com.tccreate.keywords.selectOrg.resource is PASSED

2021-03-02 09:57:45 - [MESSAGE][PASSED] - Object: 'Object Repository/Page_tC Create/resource_Parmed' is clicked on

2021-03-02 09:57:45 - [MESSAGE][PASSED] - com.tccreate.keywords.selectOrg.resource is PASSED

2021-03-02 09:57:45 - [TEST_STEP][PASSED] - com.tccreate.keywords.selectOrg.language(""): com.tccreate.keywords.selectOrg.language is PASSED

2021-03-02 09:57:47 - [MESSAGE][PASSED] - Object: 'Object Repository/Page_tC Create/combo_Select Language' is clicked on

2021-03-02 09:57:48 - [MESSAGE][PASSED] - Object: 'Object Repository/Page_tC Create/listOption_Language_Parmed' is clicked on

2021-03-02 09:57:48 - [MESSAGE][PASSED] - com.tccreate.keywords.selectOrg.language is PASSED

2021-03-02 09:57:48 - [TEST_STEP][PASSED] - click(findTestObject("Page_tC Create/span_translate")): Object: 'Object Repository/Page_tC Create/span_translate' is clicked on

2021-03-02 09:57:50 - [MESSAGE][PASSED] - Object: 'Object Repository/Page_tC Create/span_translate' is clicked on

2021-03-02 09:57:50 - [TEST_STEP][PASSED] - click(findTestObject("Object Repository/Page_tC Create/span_bita-farming")): Object: 'Object Repository/Page_tC Create/span_bita-farming' is clicked on

2021-03-02 09:57:52 - [MESSAGE][PASSED] - Object: 'Object Repository/Page_tC Create/span_bita-farming' is clicked on

2021-03-02 09:57:52 - [TEST_STEP][PASSED] - click(findTestObject("Object Repository/Page_tC Create/span_01.md")): Object: 'Object Repository/Page_tC Create/span_01.md' is clicked on

2021-03-02 09:57:54 - [MESSAGE][PASSED] - Object: 'Object Repository/Page_tC Create/span_01.md' is clicked on

2021-03-02 09:57:54 - [TEST_STEP][FAILED] - click(findTestObject("Object Repository/Page_tC Create/div_A FARMER represents God, and the VINEYA_8b10d9")): Unable to click on object 'Object Repository/Page_tC Create/div_A FARMER represents God, and the VINEYA_8b10d9' (Root cause: com.kms.katalon.core.exception.StepFailedException: Unable to click on object 'Object Repository/Page_tC Create/div_A FARMER represents God, and the VINEYA_8b10d9'
	at com.kms.katalon.core.webui.keyword.internal.WebUIKeywordMain.stepFailed(WebUIKeywordMain.groovy:64)
	at com.kms.katalon.core.webui.keyword.internal.WebUIKeywordMain.runKeyword(WebUIKeywordMain.groovy:26)
	at com.kms.katalon.core.webui.keyword.builtin.ClickKeyword.click(ClickKeyword.groovy:75)
	at com.kms.katalon.core.webui.keyword.builtin.ClickKeyword.execute(ClickKeyword.groovy:42)
	at com.kms.katalon.core.keyword.internal.KeywordExecutor.executeKeywordForPlatform(KeywordExecutor.groovy:73)
	at com.kms.katalon.core.webui.keyword.WebUiBuiltInKeywords.click(WebUiBuiltInKeywords.groovy:619)
	at com.kms.katalon.core.webui.keyword.WebUiBuiltInKeywords$click$3.call(Unknown Source)
	at tA_Saving tA Article.run(tA_Saving tA Article:38)
	at com.kms.katalon.core.main.ScriptEngine.run(ScriptEngine.java:194)
	at com.kms.katalon.core.main.ScriptEngine.runScriptAsRawText(ScriptEngine.java:119)
	at com.kms.katalon.core.main.TestCaseExecutor.runScript(TestCaseExecutor.java:398)
	at com.kms.katalon.core.main.TestCaseExecutor.doExecute(TestCaseExecutor.java:389)
	at com.kms.katalon.core.main.TestCaseExecutor.processExecutionPhase(TestCaseExecutor.java:368)
	at com.kms.katalon.core.main.TestCaseExecutor.accessMainPhase(TestCaseExecutor.java:360)
	at com.kms.katalon.core.main.TestCaseExecutor.execute(TestCaseExecutor.java:255)
	at com.kms.katalon.core.main.TestSuiteExecutor.accessTestCaseMainPhase(TestSuiteExecutor.java:203)
	at com.kms.katalon.core.main.TestSuiteExecutor.accessTestSuiteMainPhase(TestSuiteExecutor.java:152)
	at com.kms.katalon.core.main.TestSuiteExecutor.execute(TestSuiteExecutor.java:95)
	at com.kms.katalon.core.main.TestCaseMain.startTestSuite(TestCaseMain.java:157)
	at com.kms.katalon.core.main.TestCaseMain$startTestSuite$0.call(Unknown Source)
	at TempTestSuite1614696535798.run(TempTestSuite1614696535798.groovy:39)
Caused by: com.kms.katalon.core.webui.exception.WebElementNotFoundException: Web element with id: 'Object Repository/Page_tC Create/div_A FARMER represents God, and the VINEYA_8b10d9' located by '//div[@id='root']/div/div/div/div[2]/div[2]/div[2]/div/div' not found
	at com.kms.katalon.core.webui.common.WebUiCommonHelper.findWebElement(WebUiCommonHelper.java:1368)
	at com.kms.katalon.core.webui.keyword.internal.WebUIAbstractKeyword.findWebElement(WebUIAbstractKeyword.groovy:27)
	at com.kms.katalon.core.webui.keyword.internal.WebUIAbstractKeyword.findWebElement(WebUIAbstractKeyword.groovy:26)
	at com.kms.katalon.core.webui.keyword.builtin.ClickKeyword$_click_closure1.doCall(ClickKeyword.groovy:66)
	at com.kms.katalon.core.webui.keyword.builtin.ClickKeyword$_click_closure1.call(ClickKeyword.groovy)
	at com.kms.katalon.core.webui.keyword.internal.WebUIKeywordMain.runKeyword(WebUIKeywordMain.groovy:20)
	at com.kms.katalon.core.webui.keyword.builtin.ClickKeyword.click(ClickKeyword.groovy:75)
	at com.kms.katalon.core.webui.keyword.builtin.ClickKeyword.execute(ClickKeyword.groovy:42)
	at com.kms.katalon.core.keyword.internal.KeywordExecutor.executeKeywordForPlatform(KeywordExecutor.groovy:73)
	at com.kms.katalon.core.webui.keyword.WebUiBuiltInKeywords.click(WebUiBuiltInKeywords.groovy:619)
	at com.kms.katalon.core.webui.keyword.WebUiBuiltInKeywords$click$3.call(Unknown Source)
	at Script1609168958432.run(Script1609168958432.groovy:38)
	... 13 more
)

2021-03-02 09:58:25 - [MESSAGE][INFO] - Unable to find the element located by 'By.xpath: //div[@id='root']/div/div/div/div[2]/div[2]/div[2]/div/div'. Please recheck the objects properties to make sure the desired element is located. 

2021-03-02 09:58:26 - [MESSAGE][FAILED] - Unable to click on object 'Object Repository/Page_tC Create/div_A FARMER represents God, and the VINEYA_8b10d9' (Root cause: com.kms.katalon.core.exception.StepFailedException: Unable to click on object 'Object Repository/Page_tC Create/div_A FARMER represents God, and the VINEYA_8b10d9'
	at com.kms.katalon.core.webui.keyword.internal.WebUIKeywordMain.stepFailed(WebUIKeywordMain.groovy:64)
	at com.kms.katalon.core.webui.keyword.internal.WebUIKeywordMain.runKeyword(WebUIKeywordMain.groovy:26)
	at com.kms.katalon.core.webui.keyword.builtin.ClickKeyword.click(ClickKeyword.groovy:75)
	at com.kms.katalon.core.webui.keyword.builtin.ClickKeyword.execute(ClickKeyword.groovy:42)
	at com.kms.katalon.core.keyword.internal.KeywordExecutor.executeKeywordForPlatform(KeywordExecutor.groovy:73)
	at com.kms.katalon.core.webui.keyword.WebUiBuiltInKeywords.click(WebUiBuiltInKeywords.groovy:619)
	at com.kms.katalon.core.webui.keyword.WebUiBuiltInKeywords$click$3.call(Unknown Source)
	at tA_Saving tA Article.run(tA_Saving tA Article:38)
	at com.kms.katalon.core.main.ScriptEngine.run(ScriptEngine.java:194)
	at com.kms.katalon.core.main.ScriptEngine.runScriptAsRawText(ScriptEngine.java:119)
	at com.kms.katalon.core.main.TestCaseExecutor.runScript(TestCaseExecutor.java:398)
	at com.kms.katalon.core.main.TestCaseExecutor.doExecute(TestCaseExecutor.java:389)
	at com.kms.katalon.core.main.TestCaseExecutor.processExecutionPhase(TestCaseExecutor.java:368)
	at com.kms.katalon.core.main.TestCaseExecutor.accessMainPhase(TestCaseExecutor.java:360)
	at com.kms.katalon.core.main.TestCaseExecutor.execute(TestCaseExecutor.java:255)
	at com.kms.katalon.core.main.TestSuiteExecutor.accessTestCaseMainPhase(TestSuiteExecutor.java:203)
	at com.kms.katalon.core.main.TestSuiteExecutor.accessTestSuiteMainPhase(TestSuiteExecutor.java:152)
	at com.kms.katalon.core.main.TestSuiteExecutor.execute(TestSuiteExecutor.java:95)
	at com.kms.katalon.core.main.TestCaseMain.startTestSuite(TestCaseMain.java:157)
	at com.kms.katalon.core.main.TestCaseMain$startTestSuite$0.call(Unknown Source)
	at TempTestSuite1614696535798.run(TempTestSuite1614696535798.groovy:39)
Caused by: com.kms.katalon.core.webui.exception.WebElementNotFoundException: Web element with id: 'Object Repository/Page_tC Create/div_A FARMER represents God, and the VINEYA_8b10d9' located by '//div[@id='root']/div/div/div/div[2]/div[2]/div[2]/div/div' not found
	at com.kms.katalon.core.webui.common.WebUiCommonHelper.findWebElement(WebUiCommonHelper.java:1368)
	at com.kms.katalon.core.webui.keyword.internal.WebUIAbstractKeyword.findWebElement(WebUIAbstractKeyword.groovy:27)
	at com.kms.katalon.core.webui.keyword.internal.WebUIAbstractKeyword.findWebElement(WebUIAbstractKeyword.groovy:26)
	at com.kms.katalon.core.webui.keyword.builtin.ClickKeyword$_click_closure1.doCall(ClickKeyword.groovy:66)
	at com.kms.katalon.core.webui.keyword.builtin.ClickKeyword$_click_closure1.call(ClickKeyword.groovy)
	at com.kms.katalon.core.webui.keyword.internal.WebUIKeywordMain.runKeyword(WebUIKeywordMain.groovy:20)
	at com.kms.katalon.core.webui.keyword.builtin.ClickKeyword.click(ClickKeyword.groovy:75)
	at com.kms.katalon.core.webui.keyword.builtin.ClickKeyword.execute(ClickKeyword.groovy:42)
	at com.kms.katalon.core.keyword.internal.KeywordExecutor.executeKeywordForPlatform(KeywordExecutor.groovy:73)
	at com.kms.katalon.core.webui.keyword.WebUiBuiltInKeywords.click(WebUiBuiltInKeywords.groovy:619)
	at com.kms.katalon.core.webui.keyword.WebUiBuiltInKeywords$click$3.call(Unknown Source)
	at Script1609168958432.run(Script1609168958432.groovy:38)
	... 13 more
)
[[ATTACHMENT|/Users/elsylitsonlambert/git/tcCreateQA/Reports/20210302_094855/Test Suite1- Regression/20210302_094855/1614697105815.png]]

2021-03-02 09:58:26 - [TEST_STEP][FAILED] - sendKeys(findTestObject("Object Repository/tA/div_A FARMER represents God- Edit box"), " test edit by the test script"): Unable to send keys ' test edit by the test script' to object 'Object Repository/tA/div_A FARMER represents God- Edit box' (Root cause: com.kms.katalon.core.exception.StepFailedException: Unable to send keys ' test edit by the test script' to object 'Object Repository/tA/div_A FARMER represents God- Edit box'
	at com.kms.katalon.core.webui.keyword.internal.WebUIKeywordMain.stepFailed(WebUIKeywordMain.groovy:64)
	at com.kms.katalon.core.webui.keyword.internal.WebUIKeywordMain.runKeyword(WebUIKeywordMain.groovy:26)
	at com.kms.katalon.core.webui.keyword.builtin.SendKeysKeyword.sendKeys(SendKeysKeyword.groovy:60)
	at com.kms.katalon.core.webui.keyword.builtin.SendKeysKeyword.execute(SendKeysKeyword.groovy:38)
	at com.kms.katalon.core.keyword.internal.KeywordExecutor.executeKeywordForPlatform(KeywordExecutor.groovy:73)
	at com.kms.katalon.core.webui.keyword.WebUiBuiltInKeywords.sendKeys(WebUiBuiltInKeywords.groovy:863)
	at com.kms.katalon.core.webui.keyword.WebUiBuiltInKeywords$sendKeys$2.call(Unknown Source)
	at tA_Saving tA Article.run(tA_Saving tA Article:40)
	at com.kms.katalon.core.main.ScriptEngine.run(ScriptEngine.java:194)
	at com.kms.katalon.core.main.ScriptEngine.runScriptAsRawText(ScriptEngine.java:119)
	at com.kms.katalon.core.main.TestCaseExecutor.runScript(TestCaseExecutor.java:398)
	at com.kms.katalon.core.main.TestCaseExecutor.doExecute(TestCaseExecutor.java:389)
	at com.kms.katalon.core.main.TestCaseExecutor.processExecutionPhase(TestCaseExecutor.java:368)
	at com.kms.katalon.core.main.TestCaseExecutor.accessMainPhase(TestCaseExecutor.java:360)
	at com.kms.katalon.core.main.TestCaseExecutor.execute(TestCaseExecutor.java:255)
	at com.kms.katalon.core.main.TestSuiteExecutor.accessTestCaseMainPhase(TestSuiteExecutor.java:203)
	at com.kms.katalon.core.main.TestSuiteExecutor.accessTestSuiteMainPhase(TestSuiteExecutor.java:152)
	at com.kms.katalon.core.main.TestSuiteExecutor.execute(TestSuiteExecutor.java:95)
	at com.kms.katalon.core.main.TestCaseMain.startTestSuite(TestCaseMain.java:157)
	at com.kms.katalon.core.main.TestCaseMain$startTestSuite$0.call(Unknown Source)
	at TempTestSuite1614696535798.run(TempTestSuite1614696535798.groovy:39)
Caused by: com.kms.katalon.core.webui.exception.WebElementNotFoundException: Web element with id: 'Object Repository/tA/div_A FARMER represents God- Edit box' located by '//div[@id='root']/div/div/div/div[2]/div[2]/div[2]/div[2]/div/div/div/div/div/div[2]/div/div' not found
	at com.kms.katalon.core.webui.common.WebUiCommonHelper.findWebElement(WebUiCommonHelper.java:1368)
	at com.kms.katalon.core.webui.keyword.internal.WebUIAbstractKeyword.findWebElement(WebUIAbstractKeyword.groovy:27)
	at com.kms.katalon.core.webui.keyword.internal.WebUIAbstractKeyword.findWebElement(WebUIAbstractKeyword.groovy:26)
	at com.kms.katalon.core.webui.keyword.builtin.SendKeysKeyword$_sendKeys_closure1.doCall(SendKeysKeyword.groovy:52)
	at com.kms.katalon.core.webui.keyword.builtin.SendKeysKeyword$_sendKeys_closure1.call(SendKeysKeyword.groovy)
	at com.kms.katalon.core.webui.keyword.internal.WebUIKeywordMain.runKeyword(WebUIKeywordMain.groovy:20)
	at com.kms.katalon.core.webui.keyword.builtin.SendKeysKeyword.sendKeys(SendKeysKeyword.groovy:60)
	at com.kms.katalon.core.webui.keyword.builtin.SendKeysKeyword.execute(SendKeysKeyword.groovy:38)
	at com.kms.katalon.core.keyword.internal.KeywordExecutor.executeKeywordForPlatform(KeywordExecutor.groovy:73)
	at com.kms.katalon.core.webui.keyword.WebUiBuiltInKeywords.sendKeys(WebUiBuiltInKeywords.groovy:863)
	at com.kms.katalon.core.webui.keyword.WebUiBuiltInKeywords$sendKeys$2.call(Unknown Source)
	at Script1609168958432.run(Script1609168958432.groovy:40)
	... 13 more
)

2021-03-02 09:58:57 - [MESSAGE][INFO] - Unable to find the element located by 'By.xpath: //div[@id='root']/div/div/div/div[2]/div[2]/div[2]/div[2]/div/div/div/div/div/div[2]/div/div'. Please recheck the objects properties to make sure the desired element is located. 

2021-03-02 09:58:58 - [MESSAGE][FAILED] - Unable to send keys ' test edit by the test script' to object 'Object Repository/tA/div_A FARMER represents God- Edit box' (Root cause: com.kms.katalon.core.exception.StepFailedException: Unable to send keys ' test edit by the test script' to object 'Object Repository/tA/div_A FARMER represents God- Edit box'
	at com.kms.katalon.core.webui.keyword.internal.WebUIKeywordMain.stepFailed(WebUIKeywordMain.groovy:64)
	at com.kms.katalon.core.webui.keyword.internal.WebUIKeywordMain.runKeyword(WebUIKeywordMain.groovy:26)
	at com.kms.katalon.core.webui.keyword.builtin.SendKeysKeyword.sendKeys(SendKeysKeyword.groovy:60)
	at com.kms.katalon.core.webui.keyword.builtin.SendKeysKeyword.execute(SendKeysKeyword.groovy:38)
	at com.kms.katalon.core.keyword.internal.KeywordExecutor.executeKeywordForPlatform(KeywordExecutor.groovy:73)
	at com.kms.katalon.core.webui.keyword.WebUiBuiltInKeywords.sendKeys(WebUiBuiltInKeywords.groovy:863)
	at com.kms.katalon.core.webui.keyword.WebUiBuiltInKeywords$sendKeys$2.call(Unknown Source)
	at tA_Saving tA Article.run(tA_Saving tA Article:40)
	at com.kms.katalon.core.main.ScriptEngine.run(ScriptEngine.java:194)
	at com.kms.katalon.core.main.ScriptEngine.runScriptAsRawText(ScriptEngine.java:119)
	at com.kms.katalon.core.main.TestCaseExecutor.runScript(TestCaseExecutor.java:398)
	at com.kms.katalon.core.main.TestCaseExecutor.doExecute(TestCaseExecutor.java:389)
	at com.kms.katalon.core.main.TestCaseExecutor.processExecutionPhase(TestCaseExecutor.java:368)
	at com.kms.katalon.core.main.TestCaseExecutor.accessMainPhase(TestCaseExecutor.java:360)
	at com.kms.katalon.core.main.TestCaseExecutor.execute(TestCaseExecutor.java:255)
	at com.kms.katalon.core.main.TestSuiteExecutor.accessTestCaseMainPhase(TestSuiteExecutor.java:203)
	at com.kms.katalon.core.main.TestSuiteExecutor.accessTestSuiteMainPhase(TestSuiteExecutor.java:152)
	at com.kms.katalon.core.main.TestSuiteExecutor.execute(TestSuiteExecutor.java:95)
	at com.kms.katalon.core.main.TestCaseMain.startTestSuite(TestCaseMain.java:157)
	at com.kms.katalon.core.main.TestCaseMain$startTestSuite$0.call(Unknown Source)
	at TempTestSuite1614696535798.run(TempTestSuite1614696535798.groovy:39)
Caused by: com.kms.katalon.core.webui.exception.WebElementNotFoundException: Web element with id: 'Object Repository/tA/div_A FARMER represents God- Edit box' located by '//div[@id='root']/div/div/div/div[2]/div[2]/div[2]/div[2]/div/div/div/div/div/div[2]/div/div' not found
	at com.kms.katalon.core.webui.common.WebUiCommonHelper.findWebElement(WebUiCommonHelper.java:1368)
	at com.kms.katalon.core.webui.keyword.internal.WebUIAbstractKeyword.findWebElement(WebUIAbstractKeyword.groovy:27)
	at com.kms.katalon.core.webui.keyword.internal.WebUIAbstractKeyword.findWebElement(WebUIAbstractKeyword.groovy:26)
	at com.kms.katalon.core.webui.keyword.builtin.SendKeysKeyword$_sendKeys_closure1.doCall(SendKeysKeyword.groovy:52)
	at com.kms.katalon.core.webui.keyword.builtin.SendKeysKeyword$_sendKeys_closure1.call(SendKeysKeyword.groovy)
	at com.kms.katalon.core.webui.keyword.internal.WebUIKeywordMain.runKeyword(WebUIKeywordMain.groovy:20)
	at com.kms.katalon.core.webui.keyword.builtin.SendKeysKeyword.sendKeys(SendKeysKeyword.groovy:60)
	at com.kms.katalon.core.webui.keyword.builtin.SendKeysKeyword.execute(SendKeysKeyword.groovy:38)
	at com.kms.katalon.core.keyword.internal.KeywordExecutor.executeKeywordForPlatform(KeywordExecutor.groovy:73)
	at com.kms.katalon.core.webui.keyword.WebUiBuiltInKeywords.sendKeys(WebUiBuiltInKeywords.groovy:863)
	at com.kms.katalon.core.webui.keyword.WebUiBuiltInKeywords$sendKeys$2.call(Unknown Source)
	at Script1609168958432.run(Script1609168958432.groovy:40)
	... 13 more
)
[[ATTACHMENT|/Users/elsylitsonlambert/git/tcCreateQA/Reports/20210302_094855/Test Suite1- Regression/20210302_094855/1614697137556.png]]

2021-03-02 09:58:58 - [TEST_STEP][FAILED] - click(findTestObject("Page_tC Create/button_Save")): Unable to click on object 'Object Repository/Page_tC Create/button_Save' (Root cause: com.kms.katalon.core.exception.StepFailedException: Unable to click on object 'Object Repository/Page_tC Create/button_Save'
	at com.kms.katalon.core.webui.keyword.internal.WebUIKeywordMain.stepFailed(WebUIKeywordMain.groovy:64)
	at com.kms.katalon.core.webui.keyword.internal.WebUIKeywordMain.runKeyword(WebUIKeywordMain.groovy:26)
	at com.kms.katalon.core.webui.keyword.builtin.ClickKeyword.click(ClickKeyword.groovy:75)
	at com.kms.katalon.core.webui.keyword.builtin.ClickKeyword.execute(ClickKeyword.groovy:42)
	at com.kms.katalon.core.keyword.internal.KeywordExecutor.executeKeywordForPlatform(KeywordExecutor.groovy:73)
	at com.kms.katalon.core.webui.keyword.WebUiBuiltInKeywords.click(WebUiBuiltInKeywords.groovy:619)
	at com.kms.katalon.core.webui.keyword.WebUiBuiltInKeywords$click$3.call(Unknown Source)
	at tA_Saving tA Article.run(tA_Saving tA Article:42)
	at com.kms.katalon.core.main.ScriptEngine.run(ScriptEngine.java:194)
	at com.kms.katalon.core.main.ScriptEngine.runScriptAsRawText(ScriptEngine.java:119)
	at com.kms.katalon.core.main.TestCaseExecutor.runScript(TestCaseExecutor.java:398)
	at com.kms.katalon.core.main.TestCaseExecutor.doExecute(TestCaseExecutor.java:389)
	at com.kms.katalon.core.main.TestCaseExecutor.processExecutionPhase(TestCaseExecutor.java:368)
	at com.kms.katalon.core.main.TestCaseExecutor.accessMainPhase(TestCaseExecutor.java:360)
	at com.kms.katalon.core.main.TestCaseExecutor.execute(TestCaseExecutor.java:255)
	at com.kms.katalon.core.main.TestSuiteExecutor.accessTestCaseMainPhase(TestSuiteExecutor.java:203)
	at com.kms.katalon.core.main.TestSuiteExecutor.accessTestSuiteMainPhase(TestSuiteExecutor.java:152)
	at com.kms.katalon.core.main.TestSuiteExecutor.execute(TestSuiteExecutor.java:95)
	at com.kms.katalon.core.main.TestCaseMain.startTestSuite(TestCaseMain.java:157)
	at com.kms.katalon.core.main.TestCaseMain$startTestSuite$0.call(Unknown Source)
	at TempTestSuite1614696535798.run(TempTestSuite1614696535798.groovy:39)
Caused by: org.openqa.selenium.ElementClickInterceptedException: element click intercepted: Element <button class="MuiButtonBase-root MuiIconButton-root jss57 Mui-disabled Mui-disabled" tabindex="-1" type="button" disabled="" aria-label="Save" title="Save">...</button> is not clickable at point (1740, 148). Other element would receive the click: <div class="jss56">...</div>
  (Session info: chrome=88.0.4324.192)
Build info: version: '3.141.59', revision: 'e82be7d358', time: '2018-11-14T08:25:53'
System info: host: 'ELSYs-MacBook-Pro.local', ip: 'fe80:0:0:0:4c6:2f0:149:ad3b%en0', os.name: 'Mac OS X', os.arch: 'x86_64', os.version: '10.16', java.version: '1.8.0_275'
Driver info: com.kms.katalon.selenium.driver.CChromeDriver
Capabilities {acceptInsecureCerts: false, browserName: chrome, browserVersion: 88.0.4324.192, chrome: {chromedriverVersion: 88.0.4324.96 (68dba2d8a0b14..., userDataDir: /var/folders/sf/msc8p_nx3x3...}, goog:chromeOptions: {debuggerAddress: localhost:50019}, javascriptEnabled: true, networkConnectionEnabled: false, pageLoadStrategy: normal, platform: MAC, platformName: MAC, proxy: Proxy(), setWindowRect: true, strictFileInteractability: false, timeouts: {implicit: 0, pageLoad: 300000, script: 30000}, unhandledPromptBehavior: dismiss and notify, webauthn:extension:largeBlob: true, webauthn:virtualAuthenticators: true}
Session ID: f2280f8d1b4f7e9bdcb17682da4aafff
	at org.openqa.selenium.remote.http.W3CHttpResponseCodec.createException(W3CHttpResponseCodec.java:187)
	at org.openqa.selenium.remote.http.W3CHttpResponseCodec.decode(W3CHttpResponseCodec.java:122)
	at org.openqa.selenium.remote.http.W3CHttpResponseCodec.decode(W3CHttpResponseCodec.java:49)
	at org.openqa.selenium.remote.HttpCommandExecutor.execute(HttpCommandExecutor.java:158)
	at org.openqa.selenium.remote.service.DriverCommandExecutor.execute(DriverCommandExecutor.java:83)
	at org.openqa.selenium.remote.RemoteWebDriver.execute(RemoteWebDriver.java:552)
	at com.kms.katalon.selenium.driver.CChromeDriver.execute(CChromeDriver.java:19)
	at org.openqa.selenium.remote.RemoteWebElement.execute(RemoteWebElement.java:285)
	at org.openqa.selenium.remote.RemoteWebElement.click(RemoteWebElement.java:84)
	at org.openqa.selenium.support.events.EventFiringWebDriver$EventFiringWebElement.lambda$new$0(EventFiringWebDriver.java:404)
	at com.sun.proxy.$Proxy11.click(Unknown Source)
	at org.openqa.selenium.support.events.EventFiringWebDriver$EventFiringWebElement.click(EventFiringWebDriver.java:417)
	at com.kms.katalon.core.webui.keyword.builtin.ClickKeyword$_click_closure1.doCall(ClickKeyword.groovy:68)
	at com.kms.katalon.core.webui.keyword.builtin.ClickKeyword$_click_closure1.call(ClickKeyword.groovy)
	at com.kms.katalon.core.webui.keyword.internal.WebUIKeywordMain.runKeyword(WebUIKeywordMain.groovy:20)
	at com.kms.katalon.core.webui.keyword.builtin.ClickKeyword.click(ClickKeyword.groovy:75)
	at com.kms.katalon.core.webui.keyword.builtin.ClickKeyword.execute(ClickKeyword.groovy:42)
	at com.kms.katalon.core.keyword.internal.KeywordExecutor.executeKeywordForPlatform(KeywordExecutor.groovy:73)
	at com.kms.katalon.core.webui.keyword.WebUiBuiltInKeywords.click(WebUiBuiltInKeywords.groovy:619)
	at com.kms.katalon.core.webui.keyword.WebUiBuiltInKeywords$click$3.call(Unknown Source)
	at Script1609168958432.run(Script1609168958432.groovy:42)
	... 13 more
)

2021-03-02 09:59:01 - [MESSAGE][FAILED] - Unable to click on object 'Object Repository/Page_tC Create/button_Save' (Root cause: com.kms.katalon.core.exception.StepFailedException: Unable to click on object 'Object Repository/Page_tC Create/button_Save'
	at com.kms.katalon.core.webui.keyword.internal.WebUIKeywordMain.stepFailed(WebUIKeywordMain.groovy:64)
	at com.kms.katalon.core.webui.keyword.internal.WebUIKeywordMain.runKeyword(WebUIKeywordMain.groovy:26)
	at com.kms.katalon.core.webui.keyword.builtin.ClickKeyword.click(ClickKeyword.groovy:75)
	at com.kms.katalon.core.webui.keyword.builtin.ClickKeyword.execute(ClickKeyword.groovy:42)
	at com.kms.katalon.core.keyword.internal.KeywordExecutor.executeKeywordForPlatform(KeywordExecutor.groovy:73)
	at com.kms.katalon.core.webui.keyword.WebUiBuiltInKeywords.click(WebUiBuiltInKeywords.groovy:619)
	at com.kms.katalon.core.webui.keyword.WebUiBuiltInKeywords$click$3.call(Unknown Source)
	at tA_Saving tA Article.run(tA_Saving tA Article:42)
	at com.kms.katalon.core.main.ScriptEngine.run(ScriptEngine.java:194)
	at com.kms.katalon.core.main.ScriptEngine.runScriptAsRawText(ScriptEngine.java:119)
	at com.kms.katalon.core.main.TestCaseExecutor.runScript(TestCaseExecutor.java:398)
	at com.kms.katalon.core.main.TestCaseExecutor.doExecute(TestCaseExecutor.java:389)
	at com.kms.katalon.core.main.TestCaseExecutor.processExecutionPhase(TestCaseExecutor.java:368)
	at com.kms.katalon.core.main.TestCaseExecutor.accessMainPhase(TestCaseExecutor.java:360)
	at com.kms.katalon.core.main.TestCaseExecutor.execute(TestCaseExecutor.java:255)
	at com.kms.katalon.core.main.TestSuiteExecutor.accessTestCaseMainPhase(TestSuiteExecutor.java:203)
	at com.kms.katalon.core.main.TestSuiteExecutor.accessTestSuiteMainPhase(TestSuiteExecutor.java:152)
	at com.kms.katalon.core.main.TestSuiteExecutor.execute(TestSuiteExecutor.java:95)
	at com.kms.katalon.core.main.TestCaseMain.startTestSuite(TestCaseMain.java:157)
	at com.kms.katalon.core.main.TestCaseMain$startTestSuite$0.call(Unknown Source)
	at TempTestSuite1614696535798.run(TempTestSuite1614696535798.groovy:39)
Caused by: org.openqa.selenium.ElementClickInterceptedException: element click intercepted: Element <button class="MuiButtonBase-root MuiIconButton-root jss57 Mui-disabled Mui-disabled" tabindex="-1" type="button" disabled="" aria-label="Save" title="Save">...</button> is not clickable at point (1740, 148). Other element would receive the click: <div class="jss56">...</div>
  (Session info: chrome=88.0.4324.192)
Build info: version: '3.141.59', revision: 'e82be7d358', time: '2018-11-14T08:25:53'
System info: host: 'ELSYs-MacBook-Pro.local', ip: 'fe80:0:0:0:4c6:2f0:149:ad3b%en0', os.name: 'Mac OS X', os.arch: 'x86_64', os.version: '10.16', java.version: '1.8.0_275'
Driver info: com.kms.katalon.selenium.driver.CChromeDriver
Capabilities {acceptInsecureCerts: false, browserName: chrome, browserVersion: 88.0.4324.192, chrome: {chromedriverVersion: 88.0.4324.96 (68dba2d8a0b14..., userDataDir: /var/folders/sf/msc8p_nx3x3...}, goog:chromeOptions: {debuggerAddress: localhost:50019}, javascriptEnabled: true, networkConnectionEnabled: false, pageLoadStrategy: normal, platform: MAC, platformName: MAC, proxy: Proxy(), setWindowRect: true, strictFileInteractability: false, timeouts: {implicit: 0, pageLoad: 300000, script: 30000}, unhandledPromptBehavior: dismiss and notify, webauthn:extension:largeBlob: true, webauthn:virtualAuthenticators: true}
Session ID: f2280f8d1b4f7e9bdcb17682da4aafff
	at org.openqa.selenium.remote.http.W3CHttpResponseCodec.createException(W3CHttpResponseCodec.java:187)
	at org.openqa.selenium.remote.http.W3CHttpResponseCodec.decode(W3CHttpResponseCodec.java:122)
	at org.openqa.selenium.remote.http.W3CHttpResponseCodec.decode(W3CHttpResponseCodec.java:49)
	at org.openqa.selenium.remote.HttpCommandExecutor.execute(HttpCommandExecutor.java:158)
	at org.openqa.selenium.remote.service.DriverCommandExecutor.execute(DriverCommandExecutor.java:83)
	at org.openqa.selenium.remote.RemoteWebDriver.execute(RemoteWebDriver.java:552)
	at com.kms.katalon.selenium.driver.CChromeDriver.execute(CChromeDriver.java:19)
	at org.openqa.selenium.remote.RemoteWebElement.execute(RemoteWebElement.java:285)
	at org.openqa.selenium.remote.RemoteWebElement.click(RemoteWebElement.java:84)
	at org.openqa.selenium.support.events.EventFiringWebDriver$EventFiringWebElement.lambda$new$0(EventFiringWebDriver.java:404)
	at com.sun.proxy.$Proxy11.click(Unknown Source)
	at org.openqa.selenium.support.events.EventFiringWebDriver$EventFiringWebElement.click(EventFiringWebDriver.java:417)
	at com.kms.katalon.core.webui.keyword.builtin.ClickKeyword$_click_closure1.doCall(ClickKeyword.groovy:68)
	at com.kms.katalon.core.webui.keyword.builtin.ClickKeyword$_click_closure1.call(ClickKeyword.groovy)
	at com.kms.katalon.core.webui.keyword.internal.WebUIKeywordMain.runKeyword(WebUIKeywordMain.groovy:20)
	at com.kms.katalon.core.webui.keyword.builtin.ClickKeyword.click(ClickKeyword.groovy:75)
	at com.kms.katalon.core.webui.keyword.builtin.ClickKeyword.execute(ClickKeyword.groovy:42)
	at com.kms.katalon.core.keyword.internal.KeywordExecutor.executeKeywordForPlatform(KeywordExecutor.groovy:73)
	at com.kms.katalon.core.webui.keyword.WebUiBuiltInKeywords.click(WebUiBuiltInKeywords.groovy:619)
	at com.kms.katalon.core.webui.keyword.WebUiBuiltInKeywords$click$3.call(Unknown Source)
	at Script1609168958432.run(Script1609168958432.groovy:42)
	... 13 more
)
[[ATTACHMENT|/Users/elsylitsonlambert/git/tcCreateQA/Reports/20210302_094855/Test Suite1- Regression/20210302_094855/1614697140620.png]]

2021-03-02 09:59:01 - [TEST_STEP][PASSED] - delay(2): Delayed 2 second(s)

2021-03-02 09:59:03 - [MESSAGE][PASSED] - Delayed 2 second(s)

2021-03-02 09:59:03 - [TEST_STEP][PASSED] - if (verifyElementNotClickable(findTestObject("Page_tC Create/button_Save"), CONTINUE_ON_FAILURE)): null

2021-03-02 09:59:03 - [MESSAGE][PASSED] - Object 'Object Repository/Page_tC Create/button_Save' is NOT clickable

2021-03-02 09:59:03 - [TEST_STEP][PASSED] - logInfo(" 
 Save button is greyed out as expected"):  
 Save button is greyed out as expected

2021-03-02 09:59:03 - [MESSAGE][INFO] -  
 Save button is greyed out as expected

2021-03-02 09:59:03 - [TEST_STEP][PASSED] - click(findTestObject("Object Repository/tA/Chip_English - unfoldingWorden_taElsyLambert-tc-create-1")): Object: 'Object Repository/tA/Chip_English - unfoldingWorden_taElsyLambert-tc-create-1' is clicked on

2021-03-02 09:59:04 - [MESSAGE][PASSED] - Object: 'Object Repository/tA/Chip_English - unfoldingWorden_taElsyLambert-tc-create-1' is clicked on

2021-03-02 09:59:04 - [TEST_STEP][PASSED] - delay(2): Delayed 2 second(s)

2021-03-02 09:59:06 - [MESSAGE][PASSED] - Delayed 2 second(s)

2021-03-02 09:59:06 - [TEST_STEP][PASSED] - switchToWindowIndex(1): Switched to window with index: '1'

2021-03-02 09:59:06 - [MESSAGE][PASSED] - Switched to window with index: '1'

2021-03-02 09:59:06 - [TEST_STEP][PASSED] - if (getText(findTestObject("Object Repository/tA/h4_dcs article")).contains("test edit by the test script")): null

2021-03-02 09:59:07 - [MESSAGE][PASSED] - Text of object 'Object Repository/tA/h4_dcs article' is: 'A FARMER represents God, and the VINEYARD represents his chosen people test edit by the test script'

2021-03-02 09:59:07 - [TEST_STEP][PASSED] - logInfo("
 The edits are saved on the DCS Repo File"): 
 The edits are saved on the DCS Repo File

2021-03-02 09:59:07 - [MESSAGE][INFO] - 
 The edits are saved on the DCS Repo File

2021-03-02 09:59:07 - [TEST_STEP][PASSED] - switchToWindowIndex(0): Switched to window with index: '0'

2021-03-02 09:59:07 - [MESSAGE][PASSED] - Switched to window with index: '0'

2021-03-02 09:59:07 - [TEST_STEP][PASSED] - logInfo("
 TEST PASSED:Edits are saved successfully in tA articles"): 
 TEST PASSED:Edits are saved successfully in tA articles

2021-03-02 09:59:07 - [MESSAGE][INFO] - 
 TEST PASSED:Edits are saved successfully in tA articles

2021-03-02 09:59:07 - [TEST_STEP][PASSED] - closeBrowser(): Browser is closed

2021-03-02 09:59:07 - [MESSAGE][PASSED] - Browser is closed]]></system-out>
         <system-err><![CDATA[2021-03-02 09:57:30 - [TEST_CASE][FAILED] - Test Cases/tCC Test Cases/tA_Saving tA Article: Test Cases/tCC Test Cases/tA_Saving tA Article FAILED.
Reason:
com.kms.katalon.core.exception.StepFailedException: Unable to click on object 'Object Repository/Page_tC Create/div_A FARMER represents God, and the VINEYA_8b10d9' (Root cause: com.kms.katalon.core.exception.StepFailedException: Unable to click on object 'Object Repository/Page_tC Create/div_A FARMER represents God, and the VINEYA_8b10d9'
	at com.kms.katalon.core.webui.keyword.internal.WebUIKeywordMain.stepFailed(WebUIKeywordMain.groovy:64)
	at com.kms.katalon.core.webui.keyword.internal.WebUIKeywordMain.runKeyword(WebUIKeywordMain.groovy:26)
	at com.kms.katalon.core.webui.keyword.builtin.ClickKeyword.click(ClickKeyword.groovy:75)
	at com.kms.katalon.core.webui.keyword.builtin.ClickKeyword.execute(ClickKeyword.groovy:42)
	at com.kms.katalon.core.keyword.internal.KeywordExecutor.executeKeywordForPlatform(KeywordExecutor.groovy:73)
	at com.kms.katalon.core.webui.keyword.WebUiBuiltInKeywords.click(WebUiBuiltInKeywords.groovy:619)
	at com.kms.katalon.core.webui.keyword.WebUiBuiltInKeywords$click$3.call(Unknown Source)
	at tA_Saving tA Article.run(tA_Saving tA Article:38)
	at com.kms.katalon.core.main.ScriptEngine.run(ScriptEngine.java:194)
	at com.kms.katalon.core.main.ScriptEngine.runScriptAsRawText(ScriptEngine.java:119)
	at com.kms.katalon.core.main.TestCaseExecutor.runScript(TestCaseExecutor.java:398)
	at com.kms.katalon.core.main.TestCaseExecutor.doExecute(TestCaseExecutor.java:389)
	at com.kms.katalon.core.main.TestCaseExecutor.processExecutionPhase(TestCaseExecutor.java:368)
	at com.kms.katalon.core.main.TestCaseExecutor.accessMainPhase(TestCaseExecutor.java:360)
	at com.kms.katalon.core.main.TestCaseExecutor.execute(TestCaseExecutor.java:255)
	at com.kms.katalon.core.main.TestSuiteExecutor.accessTestCaseMainPhase(TestSuiteExecutor.java:203)
	at com.kms.katalon.core.main.TestSuiteExecutor.accessTestSuiteMainPhase(TestSuiteExecutor.java:152)
	at com.kms.katalon.core.main.TestSuiteExecutor.execute(TestSuiteExecutor.java:95)
	at com.kms.katalon.core.main.TestCaseMain.startTestSuite(TestCaseMain.java:157)
	at com.kms.katalon.core.main.TestCaseMain$startTestSuite$0.call(Unknown Source)
	at TempTestSuite1614696535798.run(TempTestSuite1614696535798.groovy:39)
Caused by: com.kms.katalon.core.webui.exception.WebElementNotFoundException: Web element with id: 'Object Repository/Page_tC Create/div_A FARMER represents God, and the VINEYA_8b10d9' located by '//div[@id='root']/div/div/div/div[2]/div[2]/div[2]/div/div' not found
	at com.kms.katalon.core.webui.common.WebUiCommonHelper.findWebElement(WebUiCommonHelper.java:1368)
	at com.kms.katalon.core.webui.keyword.internal.WebUIAbstractKeyword.findWebElement(WebUIAbstractKeyword.groovy:27)
	at com.kms.katalon.core.webui.keyword.internal.WebUIAbstractKeyword.findWebElement(WebUIAbstractKeyword.groovy:26)
	at com.kms.katalon.core.webui.keyword.builtin.ClickKeyword$_click_closure1.doCall(ClickKeyword.groovy:66)
	at com.kms.katalon.core.webui.keyword.builtin.ClickKeyword$_click_closure1.call(ClickKeyword.groovy)
	at com.kms.katalon.core.webui.keyword.internal.WebUIKeywordMain.runKeyword(WebUIKeywordMain.groovy:20)
	at com.kms.katalon.core.webui.keyword.builtin.ClickKeyword.click(ClickKeyword.groovy:75)
	at com.kms.katalon.core.webui.keyword.builtin.ClickKeyword.execute(ClickKeyword.groovy:42)
	at com.kms.katalon.core.keyword.internal.KeywordExecutor.executeKeywordForPlatform(KeywordExecutor.groovy:73)
	at com.kms.katalon.core.webui.keyword.WebUiBuiltInKeywords.click(WebUiBuiltInKeywords.groovy:619)
	at com.kms.katalon.core.webui.keyword.WebUiBuiltInKeywords$click$3.call(Unknown Source)
	at Script1609168958432.run(Script1609168958432.groovy:38)
	... 13 more
)
	at com.kms.katalon.core.keyword.internal.KeywordMain.stepFailed(KeywordMain.groovy:39)
	at com.kms.katalon.core.webui.keyword.internal.WebUIKeywordMain.stepFailed(WebUIKeywordMain.groovy:64)
	at com.kms.katalon.core.webui.keyword.internal.WebUIKeywordMain.runKeyword(WebUIKeywordMain.groovy:26)
	at com.kms.katalon.core.webui.keyword.builtin.ClickKeyword.click(ClickKeyword.groovy:75)
	at com.kms.katalon.core.webui.keyword.builtin.ClickKeyword.execute(ClickKeyword.groovy:42)
	at com.kms.katalon.core.keyword.internal.KeywordExecutor.executeKeywordForPlatform(KeywordExecutor.groovy:73)
	at com.kms.katalon.core.webui.keyword.WebUiBuiltInKeywords.click(WebUiBuiltInKeywords.groovy:619)
	at com.kms.katalon.core.webui.keyword.WebUiBuiltInKeywords$click$3.call(Unknown Source)
	at tA_Saving tA Article.run(tA_Saving tA Article:38)
	at com.kms.katalon.core.main.ScriptEngine.run(ScriptEngine.java:194)
	at com.kms.katalon.core.main.ScriptEngine.runScriptAsRawText(ScriptEngine.java:119)
	at com.kms.katalon.core.main.TestCaseExecutor.runScript(TestCaseExecutor.java:398)
	at com.kms.katalon.core.main.TestCaseExecutor.doExecute(TestCaseExecutor.java:389)
	at com.kms.katalon.core.main.TestCaseExecutor.processExecutionPhase(TestCaseExecutor.java:368)
	at com.kms.katalon.core.main.TestCaseExecutor.accessMainPhase(TestCaseExecutor.java:360)
	at com.kms.katalon.core.main.TestCaseExecutor.execute(TestCaseExecutor.java:255)
	at com.kms.katalon.core.main.TestSuiteExecutor.accessTestCaseMainPhase(TestSuiteExecutor.java:203)
	at com.kms.katalon.core.main.TestSuiteExecutor.accessTestSuiteMainPhase(TestSuiteExecutor.java:152)
	at com.kms.katalon.core.main.TestSuiteExecutor.execute(TestSuiteExecutor.java:95)
	at com.kms.katalon.core.main.TestCaseMain.startTestSuite(TestCaseMain.java:157)
	at com.kms.katalon.core.main.TestCaseMain$startTestSuite$0.call(Unknown Source)
	at TempTestSuite1614696535798.run(TempTestSuite1614696535798.groovy:39)
Caused by: com.kms.katalon.core.exception.StepFailedException: Unable to click on object 'Object Repository/Page_tC Create/div_A FARMER represents God, and the VINEYA_8b10d9'
	... 21 more
Caused by: com.kms.katalon.core.webui.exception.WebElementNotFoundException: Web element with id: 'Object Repository/Page_tC Create/div_A FARMER represents God, and the VINEYA_8b10d9' located by '//div[@id='root']/div/div/div/div[2]/div[2]/div[2]/div/div' not found
	at com.kms.katalon.core.webui.common.WebUiCommonHelper.findWebElement(WebUiCommonHelper.java:1368)
	at com.kms.katalon.core.webui.keyword.internal.WebUIAbstractKeyword.findWebElement(WebUIAbstractKeyword.groovy:27)
	at com.kms.katalon.core.webui.keyword.internal.WebUIAbstractKeyword.findWebElement(WebUIAbstractKeyword.groovy:26)
	at com.kms.katalon.core.webui.keyword.builtin.ClickKeyword$_click_closure1.doCall(ClickKeyword.groovy:66)
	at com.kms.katalon.core.webui.keyword.builtin.ClickKeyword$_click_closure1.call(ClickKeyword.groovy)
	at com.kms.katalon.core.webui.keyword.internal.WebUIKeywordMain.runKeyword(WebUIKeywordMain.groovy:20)
	... 19 more]]></system-err>
      </testcase>
      <testcase name="Test Cases/tCC Test Cases/tN_Add New Resource" time="69.34" classname="Test Cases/tCC Test Cases/tN_Add New Resource" status="PASSED">
         <system-out><![CDATA[2021-03-02 09:59:07 - [TEST_CASE][PASSED] - Test Cases/tCC Test Cases/tN_Add New Resource: Test Cases/tCC Test Cases/tN_Add New Resource

2021-03-02 09:59:07 - [TEST_STEP][PASSED] - com.tccreate.keywords.WriteToFile.writeTofilename("tN-Add new resource"): com.tccreate.keywords.WriteToFile.writeTofilename is PASSED

2021-03-02 09:59:07 - [MESSAGE][PASSED] - com.tccreate.keywords.WriteToFile.writeTofilename is PASSED

2021-03-02 09:59:07 - [TEST_STEP][PASSED] - com.helper.login.TimeDate.getTimeDate(): com.helper.login.TimeDate.getTimeDate is PASSED

2021-03-02 09:59:07 - [MESSAGE][INFO] - Time at which the test run:2021-03-02 09:59:07.423

2021-03-02 09:59:07 - [MESSAGE][PASSED] - com.helper.login.TimeDate.getTimeDate is PASSED

2021-03-02 09:59:07 - [TEST_STEP][PASSED] - com.helper.login.loginhelper.logintoapp(): com.helper.login.loginhelper.logintoapp is PASSED

2021-03-02 09:59:07 - [MESSAGE][INFO] - Starting 'Chrome' driver

2021-03-02 09:59:07 - [MESSAGE][INFO] - Action delay is set to 1,000 milliseconds

2021-03-02 09:59:08 - [MESSAGE][WARNING] - FFmpeg was not installed! Browser Recording will be disabled. Please follow this document to install FFmpeg first: https://docs.katalon.com/katalon-studio/docs/screenshots-videos.html#browser-based-recorder

2021-03-02 09:59:11 - [MESSAGE][PASSED] - Browser is opened with url: 'https://develop--tc-create-app.netlify.app/'

2021-03-02 09:59:11 - [MESSAGE][PASSED] - Wait for page load successfully

2021-03-02 09:59:11 - [MESSAGE][PASSED] - Current window maximized

2021-03-02 09:59:12 - [MESSAGE][PASSED] - Keys 'elsylambert' sent to object: 'Object Repository/Page_tC Create/input__username'

2021-03-02 09:59:14 - [MESSAGE][PASSED] - Keys 'fatak43' sent to object: 'Object Repository/Page_tC Create/input__password'

2021-03-02 09:59:15 - [MESSAGE][PASSED] - Object: 'Object Repository/Page_tC Create/button_Login' is clicked on

2021-03-02 09:59:16 - [MESSAGE][PASSED] - Delayed 1 second(s)

2021-03-02 09:59:17 - [MESSAGE][PASSED] - Text of object 'Object Repository/Page_tC Create/tcc-version number' is: 'translationCore Create - v1.2.0-rc.2 build 28-4717783'

2021-03-02 09:59:17 - [MESSAGE][INFO] - : The current version and build number is translationCore Create - v1.2.0-rc.2 build 28-4717783

2021-03-02 09:59:17 - [MESSAGE][PASSED] - com.helper.login.loginhelper.logintoapp is PASSED

2021-03-02 09:59:17 - [TEST_STEP][PASSED] - click(findTestObject("Page_tC Create/Add new resource objects/span_unfoldingWord")): Object: 'Object Repository/Page_tC Create/Add new resource objects/span_unfoldingWord' is clicked on

2021-03-02 09:59:18 - [MESSAGE][PASSED] - Object: 'Object Repository/Page_tC Create/Add new resource objects/span_unfoldingWord' is clicked on

2021-03-02 09:59:18 - [TEST_STEP][PASSED] - click(findTestObject("Page_tC Create/Add new resource objects/span_unfoldingWord Translation Notes")): Object: 'Object Repository/Page_tC Create/Add new resource objects/span_unfoldingWord Translation Notes' is clicked on

2021-03-02 09:59:21 - [MESSAGE][PASSED] - Object: 'Object Repository/Page_tC Create/Add new resource objects/span_unfoldingWord Translation Notes' is clicked on

2021-03-02 09:59:21 - [TEST_STEP][PASSED] - click(findTestObject("Page_tC Create/Add new resource objects/div_Select Language")): Object: 'Object Repository/Page_tC Create/Add new resource objects/div_Select Language' is clicked on

2021-03-02 09:59:22 - [MESSAGE][PASSED] - Object: 'Object Repository/Page_tC Create/Add new resource objects/div_Select Language' is clicked on

2021-03-02 09:59:22 - [TEST_STEP][PASSED] - setText(findTestObject("Object Repository/Page_tC Create/Add new resource objects/input_Step4Select Your Language_react-selec_aae5da"), "en"): Text 'en' is set on object 'Object Repository/Page_tC Create/Add new resource objects/input_Step4Select Your Language_react-selec_aae5da'

2021-03-02 09:59:25 - [MESSAGE][PASSED] - Text 'en' is set on object 'Object Repository/Page_tC Create/Add new resource objects/input_Step4Select Your Language_react-selec_aae5da'

2021-03-02 09:59:25 - [TEST_STEP][PASSED] - click(findTestObject("Page_tC Create/Add new resource objects/div_en - English - English (Europe Gateway)")): Object: 'Object Repository/Page_tC Create/Add new resource objects/div_en - English - English (Europe Gateway)' is clicked on

2021-03-02 09:59:27 - [MESSAGE][PASSED] - Object: 'Object Repository/Page_tC Create/Add new resource objects/div_en - English - English (Europe Gateway)' is clicked on

2021-03-02 09:59:27 - [TEST_STEP][PASSED] - click(findTestObject("Page_tC Create/Add new resource objects/span_en_tn_57-TIT.tsv")): Object: 'Object Repository/Page_tC Create/Add new resource objects/span_en_tn_57-TIT.tsv' is clicked on

2021-03-02 09:59:28 - [MESSAGE][PASSED] - Object: 'Object Repository/Page_tC Create/Add new resource objects/span_en_tn_57-TIT.tsv' is clicked on

2021-03-02 09:59:28 - [TEST_STEP][PASSED] - buttonstate = com.tccreate.keywords.ExpandAllScriptureToggle.toggleAllScripture("test"): com.tccreate.keywords.ExpandAllScriptureToggle.toggleAllScripture is PASSED

2021-03-02 09:59:32 - [MESSAGE][INFO] - Unable to find the element located by 'By.xpath: //*[@type = 'button' and @data-test = 'drawer-menu-close-button']'. Please recheck the objects properties to make sure the desired element is located. 

2021-03-02 09:59:32 - [MESSAGE][WARNING] - Object 'Object Repository/Page_tC Create/button_DrawerClose' is not present after 2 second(s)

2021-03-02 09:59:33 - [MESSAGE][PASSED] - Object: 'Object Repository/Page_tC Create/Hamburger Menu Button' is clicked on

2021-03-02 09:59:34 - [MESSAGE][PASSED] - Delayed 1 second(s)

2021-03-02 09:59:34 - [MESSAGE][PASSED] - Object 'Object Repository/Page_tC Create/input_Expand all Scripture_default' is checked

2021-03-02 09:59:35 - [MESSAGE][PASSED] - Object: 'Object Repository/Page_tC Create/button_DrawerClose' is clicked on

2021-03-02 09:59:36 - [MESSAGE][PASSED] - Object 'Object Repository/Page_tC Create/Hamburger Menu Button' is visible

2021-03-02 09:59:36 - [MESSAGE][PASSED] - com.tccreate.keywords.ExpandAllScriptureToggle.toggleAllScripture is PASSED

2021-03-02 09:59:36 - [TEST_STEP][PASSED] - out.println(" the state of the button is" + buttonstate): null

2021-03-02 09:59:36 - [TEST_STEP][PASSED] - delay(1): Delayed 1 second(s)

2021-03-02 09:59:37 - [MESSAGE][PASSED] - Delayed 1 second(s)

2021-03-02 09:59:37 - [TEST_STEP][PASSED] - if (buttonstate == "off"): null

2021-03-02 09:59:37 - [TEST_STEP][PASSED] - else: Parallel scripture viewer is ON

2021-03-02 09:59:37 - [TEST_STEP][PASSED] - logInfo("Parallel scripture viewer is ON"): Parallel scripture viewer is ON

2021-03-02 09:59:37 - [MESSAGE][INFO] - Parallel scripture viewer is ON

2021-03-02 09:59:37 - [TEST_STEP][PASSED] - scrollToElement(findTestObject("Page_tC Create/Add new resource objects/h6_TIT 1intro"), 2, CONTINUE_ON_FAILURE): Scroll to object 'Object Repository/Page_tC Create/Add new resource objects/h6_TIT 1intro' successfully

2021-03-02 09:59:38 - [MESSAGE][PASSED] - Scroll to object 'Object Repository/Page_tC Create/Add new resource objects/h6_TIT 1intro' successfully

2021-03-02 09:59:38 - [TEST_STEP][PASSED] - click(findTestObject("Page_tC Create/Add new resource objects/h6_Titus 11")): Object: 'Object Repository/Page_tC Create/Add new resource objects/h6_Titus 11' is clicked on

2021-03-02 09:59:39 - [MESSAGE][PASSED] - Object: 'Object Repository/Page_tC Create/Add new resource objects/h6_Titus 11' is clicked on

2021-03-02 09:59:39 - [TEST_STEP][PASSED] - verifyElementVisible(findTestObject("Page_tC Create/Add new resource objects/h6_Titus 11"), CONTINUE_ON_FAILURE): Object 'Object Repository/Page_tC Create/Add new resource objects/h6_Titus 11' is visible

2021-03-02 09:59:39 - [MESSAGE][PASSED] - Object 'Object Repository/Page_tC Create/Add new resource objects/h6_Titus 11' is visible

2021-03-02 09:59:39 - [TEST_STEP][PASSED] - click(findTestObject("Object Repository/Page_tC Create/Add new resource objects/button_Manage Versions")): Object: 'Object Repository/Page_tC Create/Add new resource objects/button_Manage Versions' is clicked on

2021-03-02 09:59:41 - [MESSAGE][PASSED] - Object: 'Object Repository/Page_tC Create/Add new resource objects/button_Manage Versions' is clicked on

2021-03-02 09:59:41 - [TEST_STEP][PASSED] - click(findTestObject("Page_tC Create/Add new resource objects/input_Resource Path_resourceUrl")): Object: 'Object Repository/Page_tC Create/Add new resource objects/input_Resource Path_resourceUrl' is clicked on

2021-03-02 09:59:42 - [MESSAGE][PASSED] - Object: 'Object Repository/Page_tC Create/Add new resource objects/input_Resource Path_resourceUrl' is clicked on

2021-03-02 09:59:42 - [TEST_STEP][PASSED] - setText(findTestObject("Page_tC Create/Add new resource objects/input_Resource Path_resourceUrl"), "Door43-Catalog/hi/ulb/master/"): Text 'Door43-Catalog/hi/ulb/master/' is set on object 'Object Repository/Page_tC Create/Add new resource objects/input_Resource Path_resourceUrl'

2021-03-02 09:59:45 - [MESSAGE][PASSED] - Text 'Door43-Catalog/hi/ulb/master/' is set on object 'Object Repository/Page_tC Create/Add new resource objects/input_Resource Path_resourceUrl'

2021-03-02 09:59:45 - [TEST_STEP][PASSED] - click(findTestObject("Object Repository/Page_tC Create/Add new resource objects/button_Add_Resource Path")): Object: 'Object Repository/Page_tC Create/Add new resource objects/button_Add_Resource Path' is clicked on

2021-03-02 09:59:46 - [MESSAGE][PASSED] - Object: 'Object Repository/Page_tC Create/Add new resource objects/button_Add_Resource Path' is clicked on

2021-03-02 09:59:46 - [TEST_STEP][PASSED] - if (verifyElementChecked(findTestObject("Object Repository/Page_tC Create/Add new resource objects/input_unfoldingWord Simplified Textv14_jss5689"), 1)): null

2021-03-02 09:59:48 - [MESSAGE][PASSED] - Object 'Object Repository/Page_tC Create/Add new resource objects/input_unfoldingWord Simplified Textv14_jss5689' is checked

2021-03-02 09:59:48 - [TEST_STEP][PASSED] - driver = getWebDriver(): null

2021-03-02 09:59:48 - [TEST_STEP][PASSED] - action = new org.openqa.selenium.interactions.Actions(driver): null

2021-03-02 09:59:48 - [TEST_STEP][PASSED] - build().perform(): null

2021-03-02 09:59:48 - [TEST_STEP][PASSED] - delay(2): Delayed 2 second(s)

2021-03-02 09:59:50 - [MESSAGE][PASSED] - Delayed 2 second(s)

2021-03-02 09:59:50 - [TEST_STEP][PASSED] - if (verifyElementVisible(findTestObject("Object Repository/Page_tC Create/Add new resource objects/Header_Unlocked Literal Bible - Hindi v5"), CONTINUE_ON_FAILURE)): null

2021-03-02 09:59:50 - [MESSAGE][PASSED] - Object 'Object Repository/Page_tC Create/Add new resource objects/Header_Unlocked Literal Bible - Hindi v5' is visible

2021-03-02 09:59:50 - [TEST_STEP][PASSED] - out.println("New Resource Header Present in the Scripture Viewer"): null

2021-03-02 09:59:50 - [TEST_STEP][PASSED] - if (verifyElementVisible(findTestObject("Object Repository/Page_tC Create/Add new resource objects/Hindi ULB Text"), CONTINUE_ON_FAILURE)): null

2021-03-02 09:59:51 - [MESSAGE][PASSED] - Object 'Object Repository/Page_tC Create/Add new resource objects/Hindi ULB Text' is visible

2021-03-02 09:59:51 - [TEST_STEP][PASSED] - logInfo(" New Resource Text added by a Relative path is Present in the Scripture Viewer"):  New Resource Text added by a Relative path is Present in the Scripture Viewer

2021-03-02 09:59:51 - [MESSAGE][INFO] -  New Resource Text added by a Relative path is Present in the Scripture Viewer

2021-03-02 09:59:51 - [TEST_STEP][PASSED] - click(findTestObject("Object Repository/Page_tC Create/Add new resource objects/button_Manage Versions")): Object: 'Object Repository/Page_tC Create/Add new resource objects/button_Manage Versions' is clicked on

2021-03-02 09:59:52 - [MESSAGE][PASSED] - Object: 'Object Repository/Page_tC Create/Add new resource objects/button_Manage Versions' is clicked on

2021-03-02 09:59:52 - [TEST_STEP][PASSED] - click(findTestObject("Page_tC Create/Add new resource objects/input_Resource Path_resourceUrl")): Object: 'Object Repository/Page_tC Create/Add new resource objects/input_Resource Path_resourceUrl' is clicked on

2021-03-02 09:59:54 - [MESSAGE][PASSED] - Object: 'Object Repository/Page_tC Create/Add new resource objects/input_Resource Path_resourceUrl' is clicked on

2021-03-02 09:59:54 - [TEST_STEP][PASSED] - setText(findTestObject("Page_tC Create/Add new resource objects/input_Resource Path_resourceUrl"), "https://git.door43.org/ru_gl/ru_rlob"): Text 'https://git.door43.org/ru_gl/ru_rlob' is set on object 'Object Repository/Page_tC Create/Add new resource objects/input_Resource Path_resourceUrl'

2021-03-02 09:59:57 - [MESSAGE][PASSED] - Text 'https://git.door43.org/ru_gl/ru_rlob' is set on object 'Object Repository/Page_tC Create/Add new resource objects/input_Resource Path_resourceUrl'

2021-03-02 09:59:57 - [TEST_STEP][PASSED] - click(findTestObject("Object Repository/Page_tC Create/Add new resource objects/button_Add_Resource Path")): Object: 'Object Repository/Page_tC Create/Add new resource objects/button_Add_Resource Path' is clicked on

2021-03-02 09:59:58 - [MESSAGE][PASSED] - Object: 'Object Repository/Page_tC Create/Add new resource objects/button_Add_Resource Path' is clicked on

2021-03-02 09:59:58 - [TEST_STEP][PASSED] - if (verifyElementChecked(findTestObject("Object Repository/Page_tC Create/Add new resource objects/input_unfoldingWord Simplified Text-Russian check box"), 1)): null

2021-03-02 10:00:00 - [MESSAGE][PASSED] - Object 'Object Repository/Page_tC Create/Add new resource objects/input_unfoldingWord Simplified Text-Russian check box' is checked

2021-03-02 10:00:00 - [TEST_STEP][PASSED] - driver = getWebDriver(): null

2021-03-02 10:00:00 - [TEST_STEP][PASSED] - action = new org.openqa.selenium.interactions.Actions(driver): null

2021-03-02 10:00:00 - [TEST_STEP][PASSED] - build().perform(): null

2021-03-02 10:00:00 - [TEST_STEP][PASSED] - delay(2): Delayed 2 second(s)

2021-03-02 10:00:02 - [MESSAGE][PASSED] - Delayed 2 second(s)

2021-03-02 10:00:02 - [TEST_STEP][PASSED] - if (verifyElementVisible(findTestObject("Object Repository/Page_tC Create/Add new resource objects/span_RLOB v1"), CONTINUE_ON_FAILURE)): null

2021-03-02 10:00:02 - [MESSAGE][PASSED] - Object 'Object Repository/Page_tC Create/Add new resource objects/span_RLOB v1' is visible

2021-03-02 10:00:02 - [TEST_STEP][PASSED] - out.println("New Resource Header Present in the Scripture Viewer"): null

2021-03-02 10:00:02 - [TEST_STEP][PASSED] - if (verifyElementVisible(findTestObject("Object Repository/Page_tC Create/Add new resource objects/div_11-russian text"), CONTINUE_ON_FAILURE)): null

2021-03-02 10:00:02 - [MESSAGE][PASSED] - Object 'Object Repository/Page_tC Create/Add new resource objects/div_11-russian text' is visible

2021-03-02 10:00:02 - [TEST_STEP][PASSED] - logInfo(" New Resource Text added by a URL is Present in the Scripture Viewer"):  New Resource Text added by a URL is Present in the Scripture Viewer

2021-03-02 10:00:02 - [MESSAGE][INFO] -  New Resource Text added by a URL is Present in the Scripture Viewer

2021-03-02 10:00:02 - [TEST_STEP][PASSED] - delay(2): Delayed 2 second(s)

2021-03-02 10:00:04 - [MESSAGE][PASSED] - Delayed 2 second(s)

2021-03-02 10:00:04 - [TEST_STEP][FAILED] - try: Unable to click on object 'Object Repository/Page_tC Create/Hamburger Menu Button' (Root cause: com.kms.katalon.core.exception.StepFailedException: Unable to click on object 'Object Repository/Page_tC Create/Hamburger Menu Button'
	at com.kms.katalon.core.webui.keyword.internal.WebUIKeywordMain.stepFailed(WebUIKeywordMain.groovy:64)
	at com.kms.katalon.core.webui.keyword.internal.WebUIKeywordMain.runKeyword(WebUIKeywordMain.groovy:26)
	at com.kms.katalon.core.webui.keyword.builtin.ClickKeyword.click(ClickKeyword.groovy:75)
	at com.kms.katalon.core.webui.keyword.builtin.ClickKeyword.execute(ClickKeyword.groovy:42)
	at com.kms.katalon.core.keyword.internal.KeywordExecutor.executeKeywordForPlatform(KeywordExecutor.groovy:73)
	at com.kms.katalon.core.webui.keyword.WebUiBuiltInKeywords.click(WebUiBuiltInKeywords.groovy:607)
	at com.kms.katalon.core.webui.keyword.WebUiBuiltInKeywords$click$7.call(Unknown Source)
	at tN_Add New Resource.run(tN_Add New Resource:148)
	at com.kms.katalon.core.main.ScriptEngine.run(ScriptEngine.java:194)
	at com.kms.katalon.core.main.ScriptEngine.runScriptAsRawText(ScriptEngine.java:119)
	at com.kms.katalon.core.main.TestCaseExecutor.runScript(TestCaseExecutor.java:398)
	at com.kms.katalon.core.main.TestCaseExecutor.doExecute(TestCaseExecutor.java:389)
	at com.kms.katalon.core.main.TestCaseExecutor.processExecutionPhase(TestCaseExecutor.java:368)
	at com.kms.katalon.core.main.TestCaseExecutor.accessMainPhase(TestCaseExecutor.java:360)
	at com.kms.katalon.core.main.TestCaseExecutor.execute(TestCaseExecutor.java:255)
	at com.kms.katalon.core.main.TestSuiteExecutor.accessTestCaseMainPhase(TestSuiteExecutor.java:203)
	at com.kms.katalon.core.main.TestSuiteExecutor.accessTestSuiteMainPhase(TestSuiteExecutor.java:152)
	at com.kms.katalon.core.main.TestSuiteExecutor.execute(TestSuiteExecutor.java:95)
	at com.kms.katalon.core.main.TestCaseMain.startTestSuite(TestCaseMain.java:157)
	at com.kms.katalon.core.main.TestCaseMain$startTestSuite$0.call(Unknown Source)
	at TempTestSuite1614696535798.run(TempTestSuite1614696535798.groovy:39)
Caused by: org.openqa.selenium.ElementClickInterceptedException: element click intercepted: Element is not clickable at point (36, -28)
  (Session info: chrome=88.0.4324.192)
Build info: version: '3.141.59', revision: 'e82be7d358', time: '2018-11-14T08:25:53'
System info: host: 'ELSYs-MacBook-Pro.local', ip: 'fe80:0:0:0:4c6:2f0:149:ad3b%en0', os.name: 'Mac OS X', os.arch: 'x86_64', os.version: '10.16', java.version: '1.8.0_275'
Driver info: com.kms.katalon.selenium.driver.CChromeDriver
Capabilities {acceptInsecureCerts: false, browserName: chrome, browserVersion: 88.0.4324.192, chrome: {chromedriverVersion: 88.0.4324.96 (68dba2d8a0b14..., userDataDir: /var/folders/sf/msc8p_nx3x3...}, goog:chromeOptions: {debuggerAddress: localhost:50086}, javascriptEnabled: true, networkConnectionEnabled: false, pageLoadStrategy: normal, platform: MAC, platformName: MAC, proxy: Proxy(), setWindowRect: true, strictFileInteractability: false, timeouts: {implicit: 0, pageLoad: 300000, script: 30000}, unhandledPromptBehavior: dismiss and notify, webauthn:extension:largeBlob: true, webauthn:virtualAuthenticators: true}
Session ID: 6355dd16e55de72207e7590d3eca3b1b
	at org.openqa.selenium.remote.http.W3CHttpResponseCodec.createException(W3CHttpResponseCodec.java:187)
	at org.openqa.selenium.remote.http.W3CHttpResponseCodec.decode(W3CHttpResponseCodec.java:122)
	at org.openqa.selenium.remote.http.W3CHttpResponseCodec.decode(W3CHttpResponseCodec.java:49)
	at org.openqa.selenium.remote.HttpCommandExecutor.execute(HttpCommandExecutor.java:158)
	at org.openqa.selenium.remote.service.DriverCommandExecutor.execute(DriverCommandExecutor.java:83)
	at org.openqa.selenium.remote.RemoteWebDriver.execute(RemoteWebDriver.java:552)
	at com.kms.katalon.selenium.driver.CChromeDriver.execute(CChromeDriver.java:19)
	at org.openqa.selenium.remote.RemoteWebElement.execute(RemoteWebElement.java:285)
	at org.openqa.selenium.remote.RemoteWebElement.click(RemoteWebElement.java:84)
	at org.openqa.selenium.support.events.EventFiringWebDriver$EventFiringWebElement.lambda$new$0(EventFiringWebDriver.java:404)
	at com.sun.proxy.$Proxy11.click(Unknown Source)
	at org.openqa.selenium.support.events.EventFiringWebDriver$EventFiringWebElement.click(EventFiringWebDriver.java:417)
	at com.kms.katalon.core.webui.keyword.builtin.ClickKeyword$_click_closure1.doCall(ClickKeyword.groovy:68)
	at com.kms.katalon.core.webui.keyword.builtin.ClickKeyword$_click_closure1.call(ClickKeyword.groovy)
	at com.kms.katalon.core.webui.keyword.internal.WebUIKeywordMain.runKeyword(WebUIKeywordMain.groovy:20)
	at com.kms.katalon.core.webui.keyword.builtin.ClickKeyword.click(ClickKeyword.groovy:75)
	at com.kms.katalon.core.webui.keyword.builtin.ClickKeyword.execute(ClickKeyword.groovy:42)
	at com.kms.katalon.core.keyword.internal.KeywordExecutor.executeKeywordForPlatform(KeywordExecutor.groovy:73)
	at com.kms.katalon.core.webui.keyword.WebUiBuiltInKeywords.click(WebUiBuiltInKeywords.groovy:607)
	at com.kms.katalon.core.webui.keyword.WebUiBuiltInKeywords$click$7.call(Unknown Source)
	at Script1609194777899.run(Script1609194777899.groovy:148)
	... 13 more
)

2021-03-02 10:00:04 - [TEST_STEP][FAILED] - click(findTestObject("Object Repository/Page_tC Create/Hamburger Menu Button"), STOP_ON_FAILURE): Unable to click on object 'Object Repository/Page_tC Create/Hamburger Menu Button' (Root cause: com.kms.katalon.core.exception.StepFailedException: Unable to click on object 'Object Repository/Page_tC Create/Hamburger Menu Button'
	at com.kms.katalon.core.webui.keyword.internal.WebUIKeywordMain.stepFailed(WebUIKeywordMain.groovy:64)
	at com.kms.katalon.core.webui.keyword.internal.WebUIKeywordMain.runKeyword(WebUIKeywordMain.groovy:26)
	at com.kms.katalon.core.webui.keyword.builtin.ClickKeyword.click(ClickKeyword.groovy:75)
	at com.kms.katalon.core.webui.keyword.builtin.ClickKeyword.execute(ClickKeyword.groovy:42)
	at com.kms.katalon.core.keyword.internal.KeywordExecutor.executeKeywordForPlatform(KeywordExecutor.groovy:73)
	at com.kms.katalon.core.webui.keyword.WebUiBuiltInKeywords.click(WebUiBuiltInKeywords.groovy:607)
	at com.kms.katalon.core.webui.keyword.WebUiBuiltInKeywords$click$7.call(Unknown Source)
	at tN_Add New Resource.run(tN_Add New Resource:148)
	at com.kms.katalon.core.main.ScriptEngine.run(ScriptEngine.java:194)
	at com.kms.katalon.core.main.ScriptEngine.runScriptAsRawText(ScriptEngine.java:119)
	at com.kms.katalon.core.main.TestCaseExecutor.runScript(TestCaseExecutor.java:398)
	at com.kms.katalon.core.main.TestCaseExecutor.doExecute(TestCaseExecutor.java:389)
	at com.kms.katalon.core.main.TestCaseExecutor.processExecutionPhase(TestCaseExecutor.java:368)
	at com.kms.katalon.core.main.TestCaseExecutor.accessMainPhase(TestCaseExecutor.java:360)
	at com.kms.katalon.core.main.TestCaseExecutor.execute(TestCaseExecutor.java:255)
	at com.kms.katalon.core.main.TestSuiteExecutor.accessTestCaseMainPhase(TestSuiteExecutor.java:203)
	at com.kms.katalon.core.main.TestSuiteExecutor.accessTestSuiteMainPhase(TestSuiteExecutor.java:152)
	at com.kms.katalon.core.main.TestSuiteExecutor.execute(TestSuiteExecutor.java:95)
	at com.kms.katalon.core.main.TestCaseMain.startTestSuite(TestCaseMain.java:157)
	at com.kms.katalon.core.main.TestCaseMain$startTestSuite$0.call(Unknown Source)
	at TempTestSuite1614696535798.run(TempTestSuite1614696535798.groovy:39)
Caused by: org.openqa.selenium.ElementClickInterceptedException: element click intercepted: Element is not clickable at point (36, -28)
  (Session info: chrome=88.0.4324.192)
Build info: version: '3.141.59', revision: 'e82be7d358', time: '2018-11-14T08:25:53'
System info: host: 'ELSYs-MacBook-Pro.local', ip: 'fe80:0:0:0:4c6:2f0:149:ad3b%en0', os.name: 'Mac OS X', os.arch: 'x86_64', os.version: '10.16', java.version: '1.8.0_275'
Driver info: com.kms.katalon.selenium.driver.CChromeDriver
Capabilities {acceptInsecureCerts: false, browserName: chrome, browserVersion: 88.0.4324.192, chrome: {chromedriverVersion: 88.0.4324.96 (68dba2d8a0b14..., userDataDir: /var/folders/sf/msc8p_nx3x3...}, goog:chromeOptions: {debuggerAddress: localhost:50086}, javascriptEnabled: true, networkConnectionEnabled: false, pageLoadStrategy: normal, platform: MAC, platformName: MAC, proxy: Proxy(), setWindowRect: true, strictFileInteractability: false, timeouts: {implicit: 0, pageLoad: 300000, script: 30000}, unhandledPromptBehavior: dismiss and notify, webauthn:extension:largeBlob: true, webauthn:virtualAuthenticators: true}
Session ID: 6355dd16e55de72207e7590d3eca3b1b
	at org.openqa.selenium.remote.http.W3CHttpResponseCodec.createException(W3CHttpResponseCodec.java:187)
	at org.openqa.selenium.remote.http.W3CHttpResponseCodec.decode(W3CHttpResponseCodec.java:122)
	at org.openqa.selenium.remote.http.W3CHttpResponseCodec.decode(W3CHttpResponseCodec.java:49)
	at org.openqa.selenium.remote.HttpCommandExecutor.execute(HttpCommandExecutor.java:158)
	at org.openqa.selenium.remote.service.DriverCommandExecutor.execute(DriverCommandExecutor.java:83)
	at org.openqa.selenium.remote.RemoteWebDriver.execute(RemoteWebDriver.java:552)
	at com.kms.katalon.selenium.driver.CChromeDriver.execute(CChromeDriver.java:19)
	at org.openqa.selenium.remote.RemoteWebElement.execute(RemoteWebElement.java:285)
	at org.openqa.selenium.remote.RemoteWebElement.click(RemoteWebElement.java:84)
	at org.openqa.selenium.support.events.EventFiringWebDriver$EventFiringWebElement.lambda$new$0(EventFiringWebDriver.java:404)
	at com.sun.proxy.$Proxy11.click(Unknown Source)
	at org.openqa.selenium.support.events.EventFiringWebDriver$EventFiringWebElement.click(EventFiringWebDriver.java:417)
	at com.kms.katalon.core.webui.keyword.builtin.ClickKeyword$_click_closure1.doCall(ClickKeyword.groovy:68)
	at com.kms.katalon.core.webui.keyword.builtin.ClickKeyword$_click_closure1.call(ClickKeyword.groovy)
	at com.kms.katalon.core.webui.keyword.internal.WebUIKeywordMain.runKeyword(WebUIKeywordMain.groovy:20)
	at com.kms.katalon.core.webui.keyword.builtin.ClickKeyword.click(ClickKeyword.groovy:75)
	at com.kms.katalon.core.webui.keyword.builtin.ClickKeyword.execute(ClickKeyword.groovy:42)
	at com.kms.katalon.core.keyword.internal.KeywordExecutor.executeKeywordForPlatform(KeywordExecutor.groovy:73)
	at com.kms.katalon.core.webui.keyword.WebUiBuiltInKeywords.click(WebUiBuiltInKeywords.groovy:607)
	at com.kms.katalon.core.webui.keyword.WebUiBuiltInKeywords$click$7.call(Unknown Source)
	at Script1609194777899.run(Script1609194777899.groovy:148)
	... 13 more
)

2021-03-02 10:00:07 - [MESSAGE][FAILED] - Unable to click on object 'Object Repository/Page_tC Create/Hamburger Menu Button' (Root cause: com.kms.katalon.core.exception.StepFailedException: Unable to click on object 'Object Repository/Page_tC Create/Hamburger Menu Button'
	at com.kms.katalon.core.webui.keyword.internal.WebUIKeywordMain.stepFailed(WebUIKeywordMain.groovy:64)
	at com.kms.katalon.core.webui.keyword.internal.WebUIKeywordMain.runKeyword(WebUIKeywordMain.groovy:26)
	at com.kms.katalon.core.webui.keyword.builtin.ClickKeyword.click(ClickKeyword.groovy:75)
	at com.kms.katalon.core.webui.keyword.builtin.ClickKeyword.execute(ClickKeyword.groovy:42)
	at com.kms.katalon.core.keyword.internal.KeywordExecutor.executeKeywordForPlatform(KeywordExecutor.groovy:73)
	at com.kms.katalon.core.webui.keyword.WebUiBuiltInKeywords.click(WebUiBuiltInKeywords.groovy:607)
	at com.kms.katalon.core.webui.keyword.WebUiBuiltInKeywords$click$7.call(Unknown Source)
	at tN_Add New Resource.run(tN_Add New Resource:148)
	at com.kms.katalon.core.main.ScriptEngine.run(ScriptEngine.java:194)
	at com.kms.katalon.core.main.ScriptEngine.runScriptAsRawText(ScriptEngine.java:119)
	at com.kms.katalon.core.main.TestCaseExecutor.runScript(TestCaseExecutor.java:398)
	at com.kms.katalon.core.main.TestCaseExecutor.doExecute(TestCaseExecutor.java:389)
	at com.kms.katalon.core.main.TestCaseExecutor.processExecutionPhase(TestCaseExecutor.java:368)
	at com.kms.katalon.core.main.TestCaseExecutor.accessMainPhase(TestCaseExecutor.java:360)
	at com.kms.katalon.core.main.TestCaseExecutor.execute(TestCaseExecutor.java:255)
	at com.kms.katalon.core.main.TestSuiteExecutor.accessTestCaseMainPhase(TestSuiteExecutor.java:203)
	at com.kms.katalon.core.main.TestSuiteExecutor.accessTestSuiteMainPhase(TestSuiteExecutor.java:152)
	at com.kms.katalon.core.main.TestSuiteExecutor.execute(TestSuiteExecutor.java:95)
	at com.kms.katalon.core.main.TestCaseMain.startTestSuite(TestCaseMain.java:157)
	at com.kms.katalon.core.main.TestCaseMain$startTestSuite$0.call(Unknown Source)
	at TempTestSuite1614696535798.run(TempTestSuite1614696535798.groovy:39)
Caused by: org.openqa.selenium.ElementClickInterceptedException: element click intercepted: Element is not clickable at point (36, -28)
  (Session info: chrome=88.0.4324.192)
Build info: version: '3.141.59', revision: 'e82be7d358', time: '2018-11-14T08:25:53'
System info: host: 'ELSYs-MacBook-Pro.local', ip: 'fe80:0:0:0:4c6:2f0:149:ad3b%en0', os.name: 'Mac OS X', os.arch: 'x86_64', os.version: '10.16', java.version: '1.8.0_275'
Driver info: com.kms.katalon.selenium.driver.CChromeDriver
Capabilities {acceptInsecureCerts: false, browserName: chrome, browserVersion: 88.0.4324.192, chrome: {chromedriverVersion: 88.0.4324.96 (68dba2d8a0b14..., userDataDir: /var/folders/sf/msc8p_nx3x3...}, goog:chromeOptions: {debuggerAddress: localhost:50086}, javascriptEnabled: true, networkConnectionEnabled: false, pageLoadStrategy: normal, platform: MAC, platformName: MAC, proxy: Proxy(), setWindowRect: true, strictFileInteractability: false, timeouts: {implicit: 0, pageLoad: 300000, script: 30000}, unhandledPromptBehavior: dismiss and notify, webauthn:extension:largeBlob: true, webauthn:virtualAuthenticators: true}
Session ID: 6355dd16e55de72207e7590d3eca3b1b
	at org.openqa.selenium.remote.http.W3CHttpResponseCodec.createException(W3CHttpResponseCodec.java:187)
	at org.openqa.selenium.remote.http.W3CHttpResponseCodec.decode(W3CHttpResponseCodec.java:122)
	at org.openqa.selenium.remote.http.W3CHttpResponseCodec.decode(W3CHttpResponseCodec.java:49)
	at org.openqa.selenium.remote.HttpCommandExecutor.execute(HttpCommandExecutor.java:158)
	at org.openqa.selenium.remote.service.DriverCommandExecutor.execute(DriverCommandExecutor.java:83)
	at org.openqa.selenium.remote.RemoteWebDriver.execute(RemoteWebDriver.java:552)
	at com.kms.katalon.selenium.driver.CChromeDriver.execute(CChromeDriver.java:19)
	at org.openqa.selenium.remote.RemoteWebElement.execute(RemoteWebElement.java:285)
	at org.openqa.selenium.remote.RemoteWebElement.click(RemoteWebElement.java:84)
	at org.openqa.selenium.support.events.EventFiringWebDriver$EventFiringWebElement.lambda$new$0(EventFiringWebDriver.java:404)
	at com.sun.proxy.$Proxy11.click(Unknown Source)
	at org.openqa.selenium.support.events.EventFiringWebDriver$EventFiringWebElement.click(EventFiringWebDriver.java:417)
	at com.kms.katalon.core.webui.keyword.builtin.ClickKeyword$_click_closure1.doCall(ClickKeyword.groovy:68)
	at com.kms.katalon.core.webui.keyword.builtin.ClickKeyword$_click_closure1.call(ClickKeyword.groovy)
	at com.kms.katalon.core.webui.keyword.internal.WebUIKeywordMain.runKeyword(WebUIKeywordMain.groovy:20)
	at com.kms.katalon.core.webui.keyword.builtin.ClickKeyword.click(ClickKeyword.groovy:75)
	at com.kms.katalon.core.webui.keyword.builtin.ClickKeyword.execute(ClickKeyword.groovy:42)
	at com.kms.katalon.core.keyword.internal.KeywordExecutor.executeKeywordForPlatform(KeywordExecutor.groovy:73)
	at com.kms.katalon.core.webui.keyword.WebUiBuiltInKeywords.click(WebUiBuiltInKeywords.groovy:607)
	at com.kms.katalon.core.webui.keyword.WebUiBuiltInKeywords$click$7.call(Unknown Source)
	at Script1609194777899.run(Script1609194777899.groovy:148)
	... 13 more
)
[[ATTACHMENT|/Users/elsylitsonlambert/git/tcCreateQA/Reports/20210302_094855/Test Suite1- Regression/20210302_094855/1614697207153.png]]

2021-03-02 10:00:07 - [TEST_STEP][PASSED] - catch (Exception e): Object: 'Object Repository/Page_tC Create/button_DrawerOpen' is clicked on

2021-03-02 10:00:07 - [TEST_STEP][PASSED] - scrollToElement(findTestObject("Object Repository/Page_tC Create/chip_Repo"), 2): Scroll to object 'Object Repository/Page_tC Create/chip_Repo' successfully

2021-03-02 10:00:08 - [MESSAGE][PASSED] - Scroll to object 'Object Repository/Page_tC Create/chip_Repo' successfully

2021-03-02 10:00:08 - [TEST_STEP][PASSED] - click(findTestObject("Page_tC Create/button_DrawerOpen"), STOP_ON_FAILURE): Object: 'Object Repository/Page_tC Create/button_DrawerOpen' is clicked on

2021-03-02 10:00:09 - [MESSAGE][PASSED] - Object: 'Object Repository/Page_tC Create/button_DrawerOpen' is clicked on

2021-03-02 10:00:09 - [TEST_STEP][PASSED] - click(findTestObject("Object Repository/Page_tC Create/Add new resource objects/span_en_tn_01-GEN.tsv")): Object: 'Object Repository/Page_tC Create/Add new resource objects/span_en_tn_01-GEN.tsv' is clicked on

2021-03-02 10:00:11 - [MESSAGE][PASSED] - Object: 'Object Repository/Page_tC Create/Add new resource objects/span_en_tn_01-GEN.tsv' is clicked on

2021-03-02 10:00:11 - [TEST_STEP][PASSED] - click(findTestObject("Object Repository/Page_tC Create/button_DrawerClose")): Object: 'Object Repository/Page_tC Create/button_DrawerClose' is clicked on

2021-03-02 10:00:14 - [MESSAGE][PASSED] - Object: 'Object Repository/Page_tC Create/button_DrawerClose' is clicked on

2021-03-02 10:00:14 - [TEST_STEP][PASSED] - delay(1): Delayed 1 second(s)

2021-03-02 10:00:15 - [MESSAGE][PASSED] - Delayed 1 second(s)

2021-03-02 10:00:15 - [TEST_STEP][PASSED] - if (verifyElementVisible(findTestObject("Object Repository/Page_tC Create/Add new resource objects/h6_GEN frontintro"), CONTINUE_ON_FAILURE)): null

2021-03-02 10:00:16 - [MESSAGE][PASSED] - Object 'Object Repository/Page_tC Create/Add new resource objects/h6_GEN frontintro' is visible

2021-03-02 10:00:16 - [TEST_STEP][PASSED] - logInfo("Other Books which do not have the added resource did not crash "): Other Books which do not have the added resource did not crash 

2021-03-02 10:00:16 - [MESSAGE][INFO] - Other Books which do not have the added resource did not crash 

2021-03-02 10:00:16 - [TEST_STEP][PASSED] - closeBrowser(): Browser is closed

2021-03-02 10:00:16 - [MESSAGE][PASSED] - Browser is closed]]></system-out>
         <system-err><![CDATA[]]></system-err>
      </testcase>
      <testcase name="Test Cases/tCC Test Cases/tN_Tool Tips" time="32.588" classname="Test Cases/tCC Test Cases/tN_Tool Tips" status="PASSED">
         <system-out><![CDATA[2021-03-02 10:00:16 - [TEST_CASE][PASSED] - Test Cases/tCC Test Cases/tN_Tool Tips: Test Cases/tCC Test Cases/tN_Tool Tips

2021-03-02 10:00:16 - [TEST_STEP][PASSED] - com.tccreate.keywords.WriteToFile.writeTofilename("tN-ToolTips"): com.tccreate.keywords.WriteToFile.writeTofilename is PASSED

2021-03-02 10:00:16 - [MESSAGE][PASSED] - com.tccreate.keywords.WriteToFile.writeTofilename is PASSED

2021-03-02 10:00:16 - [TEST_STEP][PASSED] - com.helper.login.TimeDate.getTimeDate(): com.helper.login.TimeDate.getTimeDate is PASSED

2021-03-02 10:00:16 - [MESSAGE][INFO] - Time at which the test run:2021-03-02 10:00:16.719

2021-03-02 10:00:16 - [MESSAGE][PASSED] - com.helper.login.TimeDate.getTimeDate is PASSED

2021-03-02 10:00:16 - [TEST_STEP][PASSED] - com.helper.login.loginhelper.logintoapp(): com.helper.login.loginhelper.logintoapp is PASSED

2021-03-02 10:00:16 - [MESSAGE][INFO] - Starting 'Chrome' driver

2021-03-02 10:00:16 - [MESSAGE][INFO] - Action delay is set to 1,000 milliseconds

2021-03-02 10:00:17 - [MESSAGE][WARNING] - FFmpeg was not installed! Browser Recording will be disabled. Please follow this document to install FFmpeg first: https://docs.katalon.com/katalon-studio/docs/screenshots-videos.html#browser-based-recorder

2021-03-02 10:00:20 - [MESSAGE][PASSED] - Browser is opened with url: 'https://develop--tc-create-app.netlify.app/'

2021-03-02 10:00:20 - [MESSAGE][PASSED] - Wait for page load successfully

2021-03-02 10:00:20 - [MESSAGE][PASSED] - Current window maximized

2021-03-02 10:00:22 - [MESSAGE][PASSED] - Keys 'elsylambert' sent to object: 'Object Repository/Page_tC Create/input__username'

2021-03-02 10:00:23 - [MESSAGE][PASSED] - Keys 'fatak43' sent to object: 'Object Repository/Page_tC Create/input__password'

2021-03-02 10:00:25 - [MESSAGE][PASSED] - Object: 'Object Repository/Page_tC Create/button_Login' is clicked on

2021-03-02 10:00:26 - [MESSAGE][PASSED] - Delayed 1 second(s)

2021-03-02 10:00:27 - [MESSAGE][PASSED] - Text of object 'Object Repository/Page_tC Create/tcc-version number' is: 'translationCore Create - v1.2.0-rc.2 build 28-4717783'

2021-03-02 10:00:27 - [MESSAGE][INFO] - : The current version and build number is translationCore Create - v1.2.0-rc.2 build 28-4717783

2021-03-02 10:00:27 - [MESSAGE][PASSED] - com.helper.login.loginhelper.logintoapp is PASSED

2021-03-02 10:00:27 - [TEST_STEP][PASSED] - com.tccreate.keywords.selectOrg.organization(""): com.tccreate.keywords.selectOrg.organization is PASSED

2021-03-02 10:00:28 - [MESSAGE][PASSED] - Object: 'Object Repository/page_tC Create/Organization unfoldingWord' is clicked on

2021-03-02 10:00:30 - [MESSAGE][WARNING] - No alert found after 2 second(s).

2021-03-02 10:00:30 - [MESSAGE][PASSED] - com.tccreate.keywords.selectOrg.organization is PASSED

2021-03-02 10:00:30 - [TEST_STEP][PASSED] - com.tccreate.keywords.selectOrg.resource("unfoldingWordÂ® Translation Notes"): com.tccreate.keywords.selectOrg.resource is PASSED

2021-03-02 10:00:31 - [MESSAGE][PASSED] - Object: 'Object Repository/Page_tC Create/resource_Parmed' is clicked on

2021-03-02 10:00:31 - [MESSAGE][PASSED] - com.tccreate.keywords.selectOrg.resource is PASSED

2021-03-02 10:00:31 - [TEST_STEP][PASSED] - com.tccreate.keywords.selectOrg.language(""): com.tccreate.keywords.selectOrg.language is PASSED

2021-03-02 10:00:33 - [MESSAGE][PASSED] - Object: 'Object Repository/Page_tC Create/combo_Select Language' is clicked on

2021-03-02 10:00:35 - [MESSAGE][PASSED] - Object: 'Object Repository/Page_tC Create/listOption_Language_Parmed' is clicked on

2021-03-02 10:00:35 - [MESSAGE][PASSED] - com.tccreate.keywords.selectOrg.language is PASSED

2021-03-02 10:00:35 - [TEST_STEP][PASSED] - click(findTestObject("Page_tC Create/Add new resource objects/span_en_tn_57-TIT.tsv")): Object: 'Object Repository/Page_tC Create/Add new resource objects/span_en_tn_57-TIT.tsv' is clicked on

2021-03-02 10:00:36 - [MESSAGE][PASSED] - Object: 'Object Repository/Page_tC Create/Add new resource objects/span_en_tn_57-TIT.tsv' is clicked on

2021-03-02 10:00:36 - [TEST_STEP][PASSED] - testToolTip("Object Repository/Tool tips/button_Search", "Search"): null

2021-03-02 10:00:36 - [TEST_STEP][PASSED] - actualTooltip = getAttribute(findTestObject(button), "title"): Attribute 'title' of object 'Object Repository/Tool tips/button_Search' is: 'Search'

2021-03-02 10:00:39 - [MESSAGE][PASSED] - Attribute 'title' of object 'Object Repository/Tool tips/button_Search' is: 'Search'

2021-03-02 10:00:39 - [TEST_STEP][PASSED] - out.println("Actual Title of Tool Tip for button " + toolTip + " is " + actualTooltip): null

2021-03-02 10:00:39 - [TEST_STEP][PASSED] - expectedTooltip = toolTip: null

2021-03-02 10:00:39 - [TEST_STEP][PASSED] - if (actualTooltip.equals(expectedTooltip)): null

2021-03-02 10:00:39 - [TEST_STEP][PASSED] - out.println("Test Case Passed for " + toolTip): null

2021-03-02 10:00:39 - [TEST_STEP][PASSED] - testToolTip("Object Repository/Tool tips/button_Filter table", "Filter Table"): null

2021-03-02 10:00:39 - [TEST_STEP][PASSED] - actualTooltip = getAttribute(findTestObject(button), "title"): Attribute 'title' of object 'Object Repository/Tool tips/button_Filter table' is: 'Filter Table'

2021-03-02 10:00:40 - [MESSAGE][PASSED] - Attribute 'title' of object 'Object Repository/Tool tips/button_Filter table' is: 'Filter Table'

2021-03-02 10:00:40 - [TEST_STEP][PASSED] - out.println("Actual Title of Tool Tip for button " + toolTip + " is " + actualTooltip): null

2021-03-02 10:00:40 - [TEST_STEP][PASSED] - expectedTooltip = toolTip: null

2021-03-02 10:00:40 - [TEST_STEP][PASSED] - if (actualTooltip.equals(expectedTooltip)): null

2021-03-02 10:00:40 - [TEST_STEP][PASSED] - out.println("Test Case Passed for " + toolTip): null

2021-03-02 10:00:40 - [TEST_STEP][PASSED] - testToolTip("Object Repository/Tool tips/button_view columns", "View Columns"): null

2021-03-02 10:00:40 - [TEST_STEP][PASSED] - actualTooltip = getAttribute(findTestObject(button), "title"): Attribute 'title' of object 'Object Repository/Tool tips/button_view columns' is: 'View Columns'

2021-03-02 10:00:40 - [MESSAGE][PASSED] - Attribute 'title' of object 'Object Repository/Tool tips/button_view columns' is: 'View Columns'

2021-03-02 10:00:40 - [TEST_STEP][PASSED] - out.println("Actual Title of Tool Tip for button " + toolTip + " is " + actualTooltip): null

2021-03-02 10:00:40 - [TEST_STEP][PASSED] - expectedTooltip = toolTip: null

2021-03-02 10:00:40 - [TEST_STEP][PASSED] - if (actualTooltip.equals(expectedTooltip)): null

2021-03-02 10:00:40 - [TEST_STEP][PASSED] - out.println("Test Case Passed for " + toolTip): null

2021-03-02 10:00:40 - [TEST_STEP][PASSED] - testToolTip("Object Repository/Tool tips/button_Validate", "Validate"): null

2021-03-02 10:00:40 - [TEST_STEP][PASSED] - actualTooltip = getAttribute(findTestObject(button), "title"): Attribute 'title' of object 'Object Repository/Tool tips/button_Validate' is: 'Validate'

2021-03-02 10:00:40 - [MESSAGE][PASSED] - Attribute 'title' of object 'Object Repository/Tool tips/button_Validate' is: 'Validate'

2021-03-02 10:00:40 - [TEST_STEP][PASSED] - out.println("Actual Title of Tool Tip for button " + toolTip + " is " + actualTooltip): null

2021-03-02 10:00:40 - [TEST_STEP][PASSED] - expectedTooltip = toolTip: null

2021-03-02 10:00:40 - [TEST_STEP][PASSED] - if (actualTooltip.equals(expectedTooltip)): null

2021-03-02 10:00:40 - [TEST_STEP][PASSED] - out.println("Test Case Passed for " + toolTip): null

2021-03-02 10:00:40 - [TEST_STEP][PASSED] - testToolTip("Object Repository/Tool tips/button_Preview", "Preview"): null

2021-03-02 10:00:40 - [TEST_STEP][PASSED] - actualTooltip = getAttribute(findTestObject(button), "title"): Attribute 'title' of object 'Object Repository/Tool tips/button_Preview' is: 'Preview'

2021-03-02 10:00:41 - [MESSAGE][PASSED] - Attribute 'title' of object 'Object Repository/Tool tips/button_Preview' is: 'Preview'

2021-03-02 10:00:41 - [TEST_STEP][PASSED] - out.println("Actual Title of Tool Tip for button " + toolTip + " is " + actualTooltip): null

2021-03-02 10:00:41 - [TEST_STEP][PASSED] - expectedTooltip = toolTip: null

2021-03-02 10:00:41 - [TEST_STEP][PASSED] - if (actualTooltip.equals(expectedTooltip)): null

2021-03-02 10:00:41 - [TEST_STEP][PASSED] - out.println("Test Case Passed for " + toolTip): null

2021-03-02 10:00:41 - [TEST_STEP][PASSED] - testToolTip("Object Repository/Tool tips/button_add a new row", "Add a Row"): null

2021-03-02 10:00:41 - [TEST_STEP][PASSED] - actualTooltip = getAttribute(findTestObject(button), "title"): Attribute 'title' of object 'Object Repository/Tool tips/button_add a new row' is: 'Add a Row'

2021-03-02 10:00:41 - [MESSAGE][PASSED] - Attribute 'title' of object 'Object Repository/Tool tips/button_add a new row' is: 'Add a Row'

2021-03-02 10:00:41 - [TEST_STEP][PASSED] - out.println("Actual Title of Tool Tip for button " + toolTip + " is " + actualTooltip): null

2021-03-02 10:00:41 - [TEST_STEP][PASSED] - expectedTooltip = toolTip: null

2021-03-02 10:00:41 - [TEST_STEP][PASSED] - if (actualTooltip.equals(expectedTooltip)): null

2021-03-02 10:00:41 - [TEST_STEP][PASSED] - out.println("Test Case Passed for " + toolTip): null

2021-03-02 10:00:41 - [TEST_STEP][PASSED] - testToolTip("Object Repository/Tool tips/button_Delete new row", "Delete a Row"): null

2021-03-02 10:00:41 - [TEST_STEP][PASSED] - actualTooltip = getAttribute(findTestObject(button), "title"): Attribute 'title' of object 'Object Repository/Tool tips/button_Delete new row' is: 'Delete a Row'

2021-03-02 10:00:41 - [MESSAGE][PASSED] - Attribute 'title' of object 'Object Repository/Tool tips/button_Delete new row' is: 'Delete a Row'

2021-03-02 10:00:41 - [TEST_STEP][PASSED] - out.println("Actual Title of Tool Tip for button " + toolTip + " is " + actualTooltip): null

2021-03-02 10:00:41 - [TEST_STEP][PASSED] - expectedTooltip = toolTip: null

2021-03-02 10:00:41 - [TEST_STEP][PASSED] - if (actualTooltip.equals(expectedTooltip)): null

2021-03-02 10:00:41 - [TEST_STEP][PASSED] - out.println("Test Case Passed for " + toolTip): null

2021-03-02 10:00:41 - [TEST_STEP][PASSED] - testToolTip("Object Repository/Tool tips/button_Move Row Down", "Move Row Down"): null

2021-03-02 10:00:41 - [TEST_STEP][PASSED] - actualTooltip = getAttribute(findTestObject(button), "title"): Attribute 'title' of object 'Object Repository/Tool tips/button_Move Row Down' is: 'Move Row Down'

2021-03-02 10:00:42 - [MESSAGE][PASSED] - Attribute 'title' of object 'Object Repository/Tool tips/button_Move Row Down' is: 'Move Row Down'

2021-03-02 10:00:42 - [TEST_STEP][PASSED] - out.println("Actual Title of Tool Tip for button " + toolTip + " is " + actualTooltip): null

2021-03-02 10:00:42 - [TEST_STEP][PASSED] - expectedTooltip = toolTip: null

2021-03-02 10:00:42 - [TEST_STEP][PASSED] - if (actualTooltip.equals(expectedTooltip)): null

2021-03-02 10:00:42 - [TEST_STEP][PASSED] - out.println("Test Case Passed for " + toolTip): null

2021-03-02 10:00:42 - [TEST_STEP][PASSED] - testToolTip("Object Repository/Tool tips/button_Move row up", "Move Row Up"): null

2021-03-02 10:00:42 - [TEST_STEP][PASSED] - actualTooltip = getAttribute(findTestObject(button), "title"): Attribute 'title' of object 'Object Repository/Tool tips/button_Move row up' is: 'Move Row Up'

2021-03-02 10:00:42 - [MESSAGE][PASSED] - Attribute 'title' of object 'Object Repository/Tool tips/button_Move row up' is: 'Move Row Up'

2021-03-02 10:00:42 - [TEST_STEP][PASSED] - out.println("Actual Title of Tool Tip for button " + toolTip + " is " + actualTooltip): null

2021-03-02 10:00:42 - [TEST_STEP][PASSED] - expectedTooltip = toolTip: null

2021-03-02 10:00:42 - [TEST_STEP][PASSED] - if (actualTooltip.equals(expectedTooltip)): null

2021-03-02 10:00:42 - [TEST_STEP][PASSED] - out.println("Test Case Passed for " + toolTip): null

2021-03-02 10:00:42 - [TEST_STEP][PASSED] - testToolTip("Object Repository/Tool tips/button_Manage Versions", "Manage Versions"): null

2021-03-02 10:00:42 - [TEST_STEP][PASSED] - actualTooltip = getAttribute(findTestObject(button), "title"): Attribute 'title' of object 'Object Repository/Tool tips/button_Manage Versions' is: 'Manage Versions'

2021-03-02 10:00:42 - [MESSAGE][PASSED] - Attribute 'title' of object 'Object Repository/Tool tips/button_Manage Versions' is: 'Manage Versions'

2021-03-02 10:00:42 - [TEST_STEP][PASSED] - out.println("Actual Title of Tool Tip for button " + toolTip + " is " + actualTooltip): null

2021-03-02 10:00:42 - [TEST_STEP][PASSED] - expectedTooltip = toolTip: null

2021-03-02 10:00:42 - [TEST_STEP][PASSED] - if (actualTooltip.equals(expectedTooltip)): null

2021-03-02 10:00:42 - [TEST_STEP][PASSED] - out.println("Test Case Passed for " + toolTip): null

2021-03-02 10:00:42 - [TEST_STEP][PASSED] - scrollToElement(findTestObject("Object Repository/Tool tips/button_Expand chapter"), 2): Scroll to object 'Object Repository/Tool tips/button_Expand chapter' successfully

2021-03-02 10:00:43 - [MESSAGE][PASSED] - Scroll to object 'Object Repository/Tool tips/button_Expand chapter' successfully

2021-03-02 10:00:43 - [TEST_STEP][PASSED] - testToggleTip("Object Repository/Tool tips/button_Expand chapter", "Expand Chapter", "Object Repository/Tool tips/button_collapse-chapter", "Collapse Chapter"): null

2021-03-02 10:00:43 - [TEST_STEP][PASSED] - actualTooltip = getAttribute(findTestObject(button1), "title"): Attribute 'title' of object 'Object Repository/Tool tips/button_Expand chapter' is: 'Expand Chapter'

2021-03-02 10:00:43 - [MESSAGE][PASSED] - Attribute 'title' of object 'Object Repository/Tool tips/button_Expand chapter' is: 'Expand Chapter'

2021-03-02 10:00:43 - [TEST_STEP][PASSED] - out.println("Actual Title of Tool Tip for button " + toolTip + " is " + actualTooltip): null

2021-03-02 10:00:43 - [TEST_STEP][PASSED] - expectedTooltip = toolTip: null

2021-03-02 10:00:43 - [TEST_STEP][PASSED] - if (actualTooltip.equals(expectedTooltip)): null

2021-03-02 10:00:43 - [TEST_STEP][PASSED] - out.println("Test Case Passed for " + toolTip): null

2021-03-02 10:00:43 - [TEST_STEP][PASSED] - delay(2): Delayed 2 second(s)

2021-03-02 10:00:45 - [MESSAGE][PASSED] - Delayed 2 second(s)

2021-03-02 10:00:45 - [TEST_STEP][PASSED] - click(findTestObject(button1)): Object: 'Object Repository/Tool tips/button_Expand chapter' is clicked on

2021-03-02 10:00:46 - [MESSAGE][PASSED] - Object: 'Object Repository/Tool tips/button_Expand chapter' is clicked on

2021-03-02 10:00:46 - [TEST_STEP][PASSED] - button = toggleButton: null

2021-03-02 10:00:46 - [TEST_STEP][PASSED] - toggleTipTest = toggleTip: null

2021-03-02 10:00:46 - [TEST_STEP][PASSED] - out.println("Togglebutton" + button): null

2021-03-02 10:00:46 - [TEST_STEP][PASSED] - out.println("ToggleTip" + toggleTipTest): null

2021-03-02 10:00:46 - [TEST_STEP][PASSED] - delay(2): Delayed 2 second(s)

2021-03-02 10:00:48 - [MESSAGE][PASSED] - Delayed 2 second(s)

2021-03-02 10:00:48 - [TEST_STEP][PASSED] - testToolTip(button, toggleTipTest): null

2021-03-02 10:00:48 - [TEST_STEP][PASSED] - actualTooltip = getAttribute(findTestObject(button), "title"): Attribute 'title' of object 'Object Repository/Tool tips/button_collapse-chapter' is: ''

2021-03-02 10:00:49 - [MESSAGE][PASSED] - Attribute 'title' of object 'Object Repository/Tool tips/button_collapse-chapter' is: ''

2021-03-02 10:00:49 - [TEST_STEP][PASSED] - out.println("Actual Title of Tool Tip for button " + toolTip + " is " + actualTooltip): null

2021-03-02 10:00:49 - [TEST_STEP][PASSED] - expectedTooltip = toolTip: null

2021-03-02 10:00:49 - [TEST_STEP][PASSED] - if (actualTooltip.equals(expectedTooltip)): null

2021-03-02 10:00:49 - [TEST_STEP][PASSED] - else: null

2021-03-02 10:00:49 - [TEST_STEP][PASSED] - out.println("Test Case failed- Tool tips are different"): null

2021-03-02 10:00:49 - [TEST_STEP][PASSED] - closeBrowser(): Browser is closed

2021-03-02 10:00:49 - [MESSAGE][PASSED] - Browser is closed]]></system-out>
         <system-err><![CDATA[]]></system-err>
      </testcase>
      <testcase name="Test Cases/tCC Test Cases/tA buttons funtions" time="58.687" classname="Test Cases/tCC Test Cases/tA buttons funtions" status="FAILED">
         <failure type="FAILED" message="Test Cases/tCC Test Cases/tA buttons funtions FAILED.
Reason:
com.kms.katalon.core.exception.StepFailedException: Unable to get text of object 'Object Repository/tA/div_My well beloved had a vineyard' (Root cause: com.kms.katalon.core.exception.StepFailedException: Unable to get text of object 'Object Repository/tA/div_My well beloved had a vineyard'
	at com.kms.katalon.core.webui.keyword.internal.WebUIKeywordMain.stepFailed(WebUIKeywordMain.groovy:64)
	at com.kms.katalon.core.webui.keyword.internal.WebUIKeywordMain.runKeyword(WebUIKeywordMain.groovy:26)
	at com.kms.katalon.core.webui.keyword.builtin.GetTextKeyword.getText(GetTextKeyword.groovy:88)
	at com.kms.katalon.core.webui.keyword.builtin.GetTextKeyword.execute(GetTextKeyword.groovy:67)
	at com.kms.katalon.core.keyword.internal.KeywordExecutor.executeKeywordForPlatform(KeywordExecutor.groovy:73)
	at com.kms.katalon.core.webui.keyword.WebUiBuiltInKeywords.getText(WebUiBuiltInKeywords.groovy:917)
	at com.kms.katalon.core.webui.keyword.WebUiBuiltInKeywords$getText$4.call(Unknown Source)
	at tA buttons funtions.run(tA buttons funtions:48)
	at com.kms.katalon.core.main.ScriptEngine.run(ScriptEngine.java:194)
	at com.kms.katalon.core.main.ScriptEngine.runScriptAsRawText(ScriptEngine.java:119)
	at com.kms.katalon.core.main.TestCaseExecutor.runScript(TestCaseExecutor.java:398)
	at com.kms.katalon.core.main.TestCaseExecutor.doExecute(TestCaseExecutor.java:389)
	at com.kms.katalon.core.main.TestCaseExecutor.processExecutionPhase(TestCaseExecutor.java:368)
	at com.kms.katalon.core.main.TestCaseExecutor.accessMainPhase(TestCaseExecutor.java:360)
	at com.kms.katalon.core.main.TestCaseExecutor.execute(TestCaseExecutor.java:255)
	at com.kms.katalon.core.main.TestSuiteExecutor.accessTestCaseMainPhase(TestSuiteExecutor.java:203)
	at com.kms.katalon.core.main.TestSuiteExecutor.accessTestSuiteMainPhase(TestSuiteExecutor.java:152)
	at com.kms.katalon.core.main.TestSuiteExecutor.execute(TestSuiteExecutor.java:95)
	at com.kms.katalon.core.main.TestCaseMain.startTestSuite(TestCaseMain.java:157)
	at com.kms.katalon.core.main.TestCaseMain$startTestSuite$0.call(Unknown Source)
	at TempTestSuite1614696535798.run(TempTestSuite1614696535798.groovy:39)
Caused by: com.kms.katalon.core.webui.exception.WebElementNotFoundException: Web element with id: 'Object Repository/tA/div_My well beloved had a vineyard' located by '//div[@id='root']/div/div/div/div[2]/div[2]/div[2]/div/div/div/div/div[3]/div[2]/div/div' not found
	at com.kms.katalon.core.webui.common.WebUiCommonHelper.findWebElement(WebUiCommonHelper.java:1368)
	at com.kms.katalon.core.webui.keyword.internal.WebUIAbstractKeyword.findWebElement(WebUIAbstractKeyword.groovy:27)
	at com.kms.katalon.core.webui.keyword.internal.WebUIAbstractKeyword.findWebElement(WebUIAbstractKeyword.groovy:26)
	at com.kms.katalon.core.webui.keyword.builtin.GetTextKeyword$_getText_closure1.doCall(GetTextKeyword.groovy:78)
	at com.kms.katalon.core.webui.keyword.builtin.GetTextKeyword$_getText_closure1.call(GetTextKeyword.groovy)
	at com.kms.katalon.core.webui.keyword.internal.WebUIKeywordMain.runKeyword(WebUIKeywordMain.groovy:20)
	at com.kms.katalon.core.webui.keyword.builtin.GetTextKeyword.getText(GetTextKeyword.groovy:88)
	at com.kms.katalon.core.webui.keyword.builtin.GetTextKeyword.execute(GetTextKeyword.groovy:67)
	at com.kms.katalon.core.keyword.internal.KeywordExecutor.executeKeywordForPlatform(KeywordExecutor.groovy:73)
	at com.kms.katalon.core.webui.keyword.WebUiBuiltInKeywords.getText(WebUiBuiltInKeywords.groovy:917)
	at com.kms.katalon.core.webui.keyword.WebUiBuiltInKeywords$getText$4.call(Unknown Source)
	at Script1605546600092.run(Script1605546600092.groovy:48)
	... 13 more
)
	at com.kms.katalon.core.keyword.internal.KeywordMain.stepFailed(KeywordMain.groovy:39)
	at com.kms.katalon.core.webui.keyword.internal.WebUIKeywordMain.stepFailed(WebUIKeywordMain.groovy:64)
	at com.kms.katalon.core.webui.keyword.internal.WebUIKeywordMain.runKeyword(WebUIKeywordMain.groovy:26)
	at com.kms.katalon.core.webui.keyword.builtin.GetTextKeyword.getText(GetTextKeyword.groovy:88)
	at com.kms.katalon.core.webui.keyword.builtin.GetTextKeyword.execute(GetTextKeyword.groovy:67)
	at com.kms.katalon.core.keyword.internal.KeywordExecutor.executeKeywordForPlatform(KeywordExecutor.groovy:73)
	at com.kms.katalon.core.webui.keyword.WebUiBuiltInKeywords.getText(WebUiBuiltInKeywords.groovy:917)
	at com.kms.katalon.core.webui.keyword.WebUiBuiltInKeywords$getText$4.call(Unknown Source)
	at tA buttons funtions.run(tA buttons funtions:48)
	at com.kms.katalon.core.main.ScriptEngine.run(ScriptEngine.java:194)
	at com.kms.katalon.core.main.ScriptEngine.runScriptAsRawText(ScriptEngine.java:119)
	at com.kms.katalon.core.main.TestCaseExecutor.runScript(TestCaseExecutor.java:398)
	at com.kms.katalon.core.main.TestCaseExecutor.doExecute(TestCaseExecutor.java:389)
	at com.kms.katalon.core.main.TestCaseExecutor.processExecutionPhase(TestCaseExecutor.java:368)
	at com.kms.katalon.core.main.TestCaseExecutor.accessMainPhase(TestCaseExecutor.java:360)
	at com.kms.katalon.core.main.TestCaseExecutor.execute(TestCaseExecutor.java:255)
	at com.kms.katalon.core.main.TestSuiteExecutor.accessTestCaseMainPhase(TestSuiteExecutor.java:203)
	at com.kms.katalon.core.main.TestSuiteExecutor.accessTestSuiteMainPhase(TestSuiteExecutor.java:152)
	at com.kms.katalon.core.main.TestSuiteExecutor.execute(TestSuiteExecutor.java:95)
	at com.kms.katalon.core.main.TestCaseMain.startTestSuite(TestCaseMain.java:157)
	at com.kms.katalon.core.main.TestCaseMain$startTestSuite$0.call(Unknown Source)
	at TempTestSuite1614696535798.run(TempTestSuite1614696535798.groovy:39)
Caused by: com.kms.katalon.core.exception.StepFailedException: Unable to get text of object 'Object Repository/tA/div_My well beloved had a vineyard'
	... 21 more
Caused by: com.kms.katalon.core.webui.exception.WebElementNotFoundException: Web element with id: 'Object Repository/tA/div_My well beloved had a vineyard' located by '//div[@id='root']/div/div/div/div[2]/div[2]/div[2]/div/div/div/div/div[3]/div[2]/div/div' not found
	at com.kms.katalon.core.webui.common.WebUiCommonHelper.findWebElement(WebUiCommonHelper.java:1368)
	at com.kms.katalon.core.webui.keyword.internal.WebUIAbstractKeyword.findWebElement(WebUIAbstractKeyword.groovy:27)
	at com.kms.katalon.core.webui.keyword.internal.WebUIAbstractKeyword.findWebElement(WebUIAbstractKeyword.groovy:26)
	at com.kms.katalon.core.webui.keyword.builtin.GetTextKeyword$_getText_closure1.doCall(GetTextKeyword.groovy:78)
	at com.kms.katalon.core.webui.keyword.builtin.GetTextKeyword$_getText_closure1.call(GetTextKeyword.groovy)
	at com.kms.katalon.core.webui.keyword.internal.WebUIKeywordMain.runKeyword(WebUIKeywordMain.groovy:20)
	... 19 more
"/>
         <system-out><![CDATA[2021-03-02 10:00:49 - [TEST_CASE][FAILED] - Test Cases/tCC Test Cases/tA buttons funtions: Test Cases/tCC Test Cases/tA buttons funtions FAILED.
Reason:
com.kms.katalon.core.exception.StepFailedException: Unable to get text of object 'Object Repository/tA/div_My well beloved had a vineyard' (Root cause: com.kms.katalon.core.exception.StepFailedException: Unable to get text of object 'Object Repository/tA/div_My well beloved had a vineyard'
	at com.kms.katalon.core.webui.keyword.internal.WebUIKeywordMain.stepFailed(WebUIKeywordMain.groovy:64)
	at com.kms.katalon.core.webui.keyword.internal.WebUIKeywordMain.runKeyword(WebUIKeywordMain.groovy:26)
	at com.kms.katalon.core.webui.keyword.builtin.GetTextKeyword.getText(GetTextKeyword.groovy:88)
	at com.kms.katalon.core.webui.keyword.builtin.GetTextKeyword.execute(GetTextKeyword.groovy:67)
	at com.kms.katalon.core.keyword.internal.KeywordExecutor.executeKeywordForPlatform(KeywordExecutor.groovy:73)
	at com.kms.katalon.core.webui.keyword.WebUiBuiltInKeywords.getText(WebUiBuiltInKeywords.groovy:917)
	at com.kms.katalon.core.webui.keyword.WebUiBuiltInKeywords$getText$4.call(Unknown Source)
	at tA buttons funtions.run(tA buttons funtions:48)
	at com.kms.katalon.core.main.ScriptEngine.run(ScriptEngine.java:194)
	at com.kms.katalon.core.main.ScriptEngine.runScriptAsRawText(ScriptEngine.java:119)
	at com.kms.katalon.core.main.TestCaseExecutor.runScript(TestCaseExecutor.java:398)
	at com.kms.katalon.core.main.TestCaseExecutor.doExecute(TestCaseExecutor.java:389)
	at com.kms.katalon.core.main.TestCaseExecutor.processExecutionPhase(TestCaseExecutor.java:368)
	at com.kms.katalon.core.main.TestCaseExecutor.accessMainPhase(TestCaseExecutor.java:360)
	at com.kms.katalon.core.main.TestCaseExecutor.execute(TestCaseExecutor.java:255)
	at com.kms.katalon.core.main.TestSuiteExecutor.accessTestCaseMainPhase(TestSuiteExecutor.java:203)
	at com.kms.katalon.core.main.TestSuiteExecutor.accessTestSuiteMainPhase(TestSuiteExecutor.java:152)
	at com.kms.katalon.core.main.TestSuiteExecutor.execute(TestSuiteExecutor.java:95)
	at com.kms.katalon.core.main.TestCaseMain.startTestSuite(TestCaseMain.java:157)
	at com.kms.katalon.core.main.TestCaseMain$startTestSuite$0.call(Unknown Source)
	at TempTestSuite1614696535798.run(TempTestSuite1614696535798.groovy:39)
Caused by: com.kms.katalon.core.webui.exception.WebElementNotFoundException: Web element with id: 'Object Repository/tA/div_My well beloved had a vineyard' located by '//div[@id='root']/div/div/div/div[2]/div[2]/div[2]/div/div/div/div/div[3]/div[2]/div/div' not found
	at com.kms.katalon.core.webui.common.WebUiCommonHelper.findWebElement(WebUiCommonHelper.java:1368)
	at com.kms.katalon.core.webui.keyword.internal.WebUIAbstractKeyword.findWebElement(WebUIAbstractKeyword.groovy:27)
	at com.kms.katalon.core.webui.keyword.internal.WebUIAbstractKeyword.findWebElement(WebUIAbstractKeyword.groovy:26)
	at com.kms.katalon.core.webui.keyword.builtin.GetTextKeyword$_getText_closure1.doCall(GetTextKeyword.groovy:78)
	at com.kms.katalon.core.webui.keyword.builtin.GetTextKeyword$_getText_closure1.call(GetTextKeyword.groovy)
	at com.kms.katalon.core.webui.keyword.internal.WebUIKeywordMain.runKeyword(WebUIKeywordMain.groovy:20)
	at com.kms.katalon.core.webui.keyword.builtin.GetTextKeyword.getText(GetTextKeyword.groovy:88)
	at com.kms.katalon.core.webui.keyword.builtin.GetTextKeyword.execute(GetTextKeyword.groovy:67)
	at com.kms.katalon.core.keyword.internal.KeywordExecutor.executeKeywordForPlatform(KeywordExecutor.groovy:73)
	at com.kms.katalon.core.webui.keyword.WebUiBuiltInKeywords.getText(WebUiBuiltInKeywords.groovy:917)
	at com.kms.katalon.core.webui.keyword.WebUiBuiltInKeywords$getText$4.call(Unknown Source)
	at Script1605546600092.run(Script1605546600092.groovy:48)
	... 13 more
)
	at com.kms.katalon.core.keyword.internal.KeywordMain.stepFailed(KeywordMain.groovy:39)
	at com.kms.katalon.core.webui.keyword.internal.WebUIKeywordMain.stepFailed(WebUIKeywordMain.groovy:64)
	at com.kms.katalon.core.webui.keyword.internal.WebUIKeywordMain.runKeyword(WebUIKeywordMain.groovy:26)
	at com.kms.katalon.core.webui.keyword.builtin.GetTextKeyword.getText(GetTextKeyword.groovy:88)
	at com.kms.katalon.core.webui.keyword.builtin.GetTextKeyword.execute(GetTextKeyword.groovy:67)
	at com.kms.katalon.core.keyword.internal.KeywordExecutor.executeKeywordForPlatform(KeywordExecutor.groovy:73)
	at com.kms.katalon.core.webui.keyword.WebUiBuiltInKeywords.getText(WebUiBuiltInKeywords.groovy:917)
	at com.kms.katalon.core.webui.keyword.WebUiBuiltInKeywords$getText$4.call(Unknown Source)
	at tA buttons funtions.run(tA buttons funtions:48)
	at com.kms.katalon.core.main.ScriptEngine.run(ScriptEngine.java:194)
	at com.kms.katalon.core.main.ScriptEngine.runScriptAsRawText(ScriptEngine.java:119)
	at com.kms.katalon.core.main.TestCaseExecutor.runScript(TestCaseExecutor.java:398)
	at com.kms.katalon.core.main.TestCaseExecutor.doExecute(TestCaseExecutor.java:389)
	at com.kms.katalon.core.main.TestCaseExecutor.processExecutionPhase(TestCaseExecutor.java:368)
	at com.kms.katalon.core.main.TestCaseExecutor.accessMainPhase(TestCaseExecutor.java:360)
	at com.kms.katalon.core.main.TestCaseExecutor.execute(TestCaseExecutor.java:255)
	at com.kms.katalon.core.main.TestSuiteExecutor.accessTestCaseMainPhase(TestSuiteExecutor.java:203)
	at com.kms.katalon.core.main.TestSuiteExecutor.accessTestSuiteMainPhase(TestSuiteExecutor.java:152)
	at com.kms.katalon.core.main.TestSuiteExecutor.execute(TestSuiteExecutor.java:95)
	at com.kms.katalon.core.main.TestCaseMain.startTestSuite(TestCaseMain.java:157)
	at com.kms.katalon.core.main.TestCaseMain$startTestSuite$0.call(Unknown Source)
	at TempTestSuite1614696535798.run(TempTestSuite1614696535798.groovy:39)
Caused by: com.kms.katalon.core.exception.StepFailedException: Unable to get text of object 'Object Repository/tA/div_My well beloved had a vineyard'
	... 21 more
Caused by: com.kms.katalon.core.webui.exception.WebElementNotFoundException: Web element with id: 'Object Repository/tA/div_My well beloved had a vineyard' located by '//div[@id='root']/div/div/div/div[2]/div[2]/div[2]/div/div/div/div/div[3]/div[2]/div/div' not found
	at com.kms.katalon.core.webui.common.WebUiCommonHelper.findWebElement(WebUiCommonHelper.java:1368)
	at com.kms.katalon.core.webui.keyword.internal.WebUIAbstractKeyword.findWebElement(WebUIAbstractKeyword.groovy:27)
	at com.kms.katalon.core.webui.keyword.internal.WebUIAbstractKeyword.findWebElement(WebUIAbstractKeyword.groovy:26)
	at com.kms.katalon.core.webui.keyword.builtin.GetTextKeyword$_getText_closure1.doCall(GetTextKeyword.groovy:78)
	at com.kms.katalon.core.webui.keyword.builtin.GetTextKeyword$_getText_closure1.call(GetTextKeyword.groovy)
	at com.kms.katalon.core.webui.keyword.internal.WebUIKeywordMain.runKeyword(WebUIKeywordMain.groovy:20)
	... 19 more


2021-03-02 10:00:49 - [TEST_STEP][PASSED] - com.tccreate.keywords.WriteToFile.writeTofilename("tA-buttons"): com.tccreate.keywords.WriteToFile.writeTofilename is PASSED

2021-03-02 10:00:49 - [MESSAGE][PASSED] - com.tccreate.keywords.WriteToFile.writeTofilename is PASSED

2021-03-02 10:00:49 - [TEST_STEP][PASSED] - com.helper.login.TimeDate.getTimeDate(): com.helper.login.TimeDate.getTimeDate is PASSED

2021-03-02 10:00:49 - [MESSAGE][INFO] - Time at which the test run:2021-03-02 10:00:49.299

2021-03-02 10:00:49 - [MESSAGE][PASSED] - com.helper.login.TimeDate.getTimeDate is PASSED

2021-03-02 10:00:49 - [TEST_STEP][PASSED] - com.helper.login.loginhelper.logintoapp(): com.helper.login.loginhelper.logintoapp is PASSED

2021-03-02 10:00:49 - [MESSAGE][INFO] - Starting 'Chrome' driver

2021-03-02 10:00:49 - [MESSAGE][INFO] - Action delay is set to 1,000 milliseconds

2021-03-02 10:00:50 - [MESSAGE][WARNING] - FFmpeg was not installed! Browser Recording will be disabled. Please follow this document to install FFmpeg first: https://docs.katalon.com/katalon-studio/docs/screenshots-videos.html#browser-based-recorder

2021-03-02 10:00:52 - [MESSAGE][PASSED] - Browser is opened with url: 'https://develop--tc-create-app.netlify.app/'

2021-03-02 10:00:52 - [MESSAGE][PASSED] - Wait for page load successfully

2021-03-02 10:00:53 - [MESSAGE][PASSED] - Current window maximized

2021-03-02 10:00:54 - [MESSAGE][PASSED] - Keys 'elsylambert' sent to object: 'Object Repository/Page_tC Create/input__username'

2021-03-02 10:00:56 - [MESSAGE][PASSED] - Keys 'fatak43' sent to object: 'Object Repository/Page_tC Create/input__password'

2021-03-02 10:00:57 - [MESSAGE][PASSED] - Object: 'Object Repository/Page_tC Create/button_Login' is clicked on

2021-03-02 10:00:58 - [MESSAGE][PASSED] - Delayed 1 second(s)

2021-03-02 10:00:59 - [MESSAGE][PASSED] - Text of object 'Object Repository/Page_tC Create/tcc-version number' is: 'translationCore Create - v1.2.0-rc.2 build 28-4717783'

2021-03-02 10:00:59 - [MESSAGE][INFO] - : The current version and build number is translationCore Create - v1.2.0-rc.2 build 28-4717783

2021-03-02 10:00:59 - [MESSAGE][PASSED] - com.helper.login.loginhelper.logintoapp is PASSED

2021-03-02 10:00:59 - [TEST_STEP][PASSED] - com.tccreate.keywords.selectOrg.organization(""): com.tccreate.keywords.selectOrg.organization is PASSED

2021-03-02 10:01:00 - [MESSAGE][PASSED] - Object: 'Object Repository/page_tC Create/Organization unfoldingWord' is clicked on

2021-03-02 10:01:02 - [MESSAGE][WARNING] - No alert found after 2 second(s).

2021-03-02 10:01:02 - [MESSAGE][PASSED] - com.tccreate.keywords.selectOrg.organization is PASSED

2021-03-02 10:01:02 - [TEST_STEP][PASSED] - com.tccreate.keywords.selectOrg.resource("unfoldingWordÂ® Translation Academy"): com.tccreate.keywords.selectOrg.resource is PASSED

2021-03-02 10:01:03 - [MESSAGE][PASSED] - Object: 'Object Repository/Page_tC Create/resource_Parmed' is clicked on

2021-03-02 10:01:03 - [MESSAGE][PASSED] - com.tccreate.keywords.selectOrg.resource is PASSED

2021-03-02 10:01:03 - [TEST_STEP][PASSED] - com.tccreate.keywords.selectOrg.language(""): com.tccreate.keywords.selectOrg.language is PASSED

2021-03-02 10:01:05 - [MESSAGE][PASSED] - Object: 'Object Repository/Page_tC Create/combo_Select Language' is clicked on

2021-03-02 10:01:07 - [MESSAGE][PASSED] - Object: 'Object Repository/Page_tC Create/listOption_Language_Parmed' is clicked on

2021-03-02 10:01:07 - [MESSAGE][PASSED] - com.tccreate.keywords.selectOrg.language is PASSED

2021-03-02 10:01:07 - [TEST_STEP][PASSED] - click(findTestObject("Page_tC Create/span_translate")): Object: 'Object Repository/Page_tC Create/span_translate' is clicked on

2021-03-02 10:01:08 - [MESSAGE][PASSED] - Object: 'Object Repository/Page_tC Create/span_translate' is clicked on

2021-03-02 10:01:08 - [TEST_STEP][PASSED] - click(findTestObject("Object Repository/Page_tC Create/span_bita-farming")): Object: 'Object Repository/Page_tC Create/span_bita-farming' is clicked on

2021-03-02 10:01:11 - [MESSAGE][PASSED] - Object: 'Object Repository/Page_tC Create/span_bita-farming' is clicked on

2021-03-02 10:01:11 - [TEST_STEP][PASSED] - click(findTestObject("Object Repository/Page_tC Create/span_01.md")): Object: 'Object Repository/Page_tC Create/span_01.md' is clicked on

2021-03-02 10:01:13 - [MESSAGE][PASSED] - Object: 'Object Repository/Page_tC Create/span_01.md' is clicked on

2021-03-02 10:01:13 - [TEST_STEP][PASSED] - click(findTestObject("Object Repository/tA/button_Sections")): Object: 'Object Repository/tA/button_Sections' is clicked on

2021-03-02 10:01:15 - [MESSAGE][PASSED] - Object: 'Object Repository/tA/button_Sections' is clicked on

2021-03-02 10:01:15 - [TEST_STEP][PASSED] - if (verifyElementNotPresent(findTestObject("Object Repository/tA/div_A FARMER represents God, collapse tab"), 2, CONTINUE_ON_FAILURE)): null

2021-03-02 10:01:16 - [MESSAGE][PASSED] - Web element with id: 'Object Repository/tA/div_A FARMER represents God, collapse tab' located by 'By.xpath: //div[@id='root']/div/div/div/div[2]/div[2]/div[2]/div/div[2]' is not present after '2' second(s)

2021-03-02 10:01:16 - [TEST_STEP][PASSED] - logInfo("Collapsable Sections are not visible and is expanded as expected 
"): Collapsable Sections are not visible and is expanded as expected 


2021-03-02 10:01:16 - [MESSAGE][INFO] - Collapsable Sections are not visible and is expanded as expected 


2021-03-02 10:01:16 - [TEST_STEP][FAILED] - if (getText(findTestObject("Object Repository/tA/div_My well beloved had a vineyard")).contains("My well beloved had a vineyard")): Unable to get text of object 'Object Repository/tA/div_My well beloved had a vineyard' (Root cause: com.kms.katalon.core.exception.StepFailedException: Unable to get text of object 'Object Repository/tA/div_My well beloved had a vineyard'
	at com.kms.katalon.core.webui.keyword.internal.WebUIKeywordMain.stepFailed(WebUIKeywordMain.groovy:64)
	at com.kms.katalon.core.webui.keyword.internal.WebUIKeywordMain.runKeyword(WebUIKeywordMain.groovy:26)
	at com.kms.katalon.core.webui.keyword.builtin.GetTextKeyword.getText(GetTextKeyword.groovy:88)
	at com.kms.katalon.core.webui.keyword.builtin.GetTextKeyword.execute(GetTextKeyword.groovy:67)
	at com.kms.katalon.core.keyword.internal.KeywordExecutor.executeKeywordForPlatform(KeywordExecutor.groovy:73)
	at com.kms.katalon.core.webui.keyword.WebUiBuiltInKeywords.getText(WebUiBuiltInKeywords.groovy:917)
	at com.kms.katalon.core.webui.keyword.WebUiBuiltInKeywords$getText$4.call(Unknown Source)
	at tA buttons funtions.run(tA buttons funtions:48)
	at com.kms.katalon.core.main.ScriptEngine.run(ScriptEngine.java:194)
	at com.kms.katalon.core.main.ScriptEngine.runScriptAsRawText(ScriptEngine.java:119)
	at com.kms.katalon.core.main.TestCaseExecutor.runScript(TestCaseExecutor.java:398)
	at com.kms.katalon.core.main.TestCaseExecutor.doExecute(TestCaseExecutor.java:389)
	at com.kms.katalon.core.main.TestCaseExecutor.processExecutionPhase(TestCaseExecutor.java:368)
	at com.kms.katalon.core.main.TestCaseExecutor.accessMainPhase(TestCaseExecutor.java:360)
	at com.kms.katalon.core.main.TestCaseExecutor.execute(TestCaseExecutor.java:255)
	at com.kms.katalon.core.main.TestSuiteExecutor.accessTestCaseMainPhase(TestSuiteExecutor.java:203)
	at com.kms.katalon.core.main.TestSuiteExecutor.accessTestSuiteMainPhase(TestSuiteExecutor.java:152)
	at com.kms.katalon.core.main.TestSuiteExecutor.execute(TestSuiteExecutor.java:95)
	at com.kms.katalon.core.main.TestCaseMain.startTestSuite(TestCaseMain.java:157)
	at com.kms.katalon.core.main.TestCaseMain$startTestSuite$0.call(Unknown Source)
	at TempTestSuite1614696535798.run(TempTestSuite1614696535798.groovy:39)
Caused by: com.kms.katalon.core.webui.exception.WebElementNotFoundException: Web element with id: 'Object Repository/tA/div_My well beloved had a vineyard' located by '//div[@id='root']/div/div/div/div[2]/div[2]/div[2]/div/div/div/div/div[3]/div[2]/div/div' not found
	at com.kms.katalon.core.webui.common.WebUiCommonHelper.findWebElement(WebUiCommonHelper.java:1368)
	at com.kms.katalon.core.webui.keyword.internal.WebUIAbstractKeyword.findWebElement(WebUIAbstractKeyword.groovy:27)
	at com.kms.katalon.core.webui.keyword.internal.WebUIAbstractKeyword.findWebElement(WebUIAbstractKeyword.groovy:26)
	at com.kms.katalon.core.webui.keyword.builtin.GetTextKeyword$_getText_closure1.doCall(GetTextKeyword.groovy:78)
	at com.kms.katalon.core.webui.keyword.builtin.GetTextKeyword$_getText_closure1.call(GetTextKeyword.groovy)
	at com.kms.katalon.core.webui.keyword.internal.WebUIKeywordMain.runKeyword(WebUIKeywordMain.groovy:20)
	at com.kms.katalon.core.webui.keyword.builtin.GetTextKeyword.getText(GetTextKeyword.groovy:88)
	at com.kms.katalon.core.webui.keyword.builtin.GetTextKeyword.execute(GetTextKeyword.groovy:67)
	at com.kms.katalon.core.keyword.internal.KeywordExecutor.executeKeywordForPlatform(KeywordExecutor.groovy:73)
	at com.kms.katalon.core.webui.keyword.WebUiBuiltInKeywords.getText(WebUiBuiltInKeywords.groovy:917)
	at com.kms.katalon.core.webui.keyword.WebUiBuiltInKeywords$getText$4.call(Unknown Source)
	at Script1605546600092.run(Script1605546600092.groovy:48)
	... 13 more
)

2021-03-02 10:01:47 - [MESSAGE][INFO] - Unable to find the element located by 'By.xpath: //div[@id='root']/div/div/div/div[2]/div[2]/div[2]/div/div/div/div/div[3]/div[2]/div/div'. Please recheck the objects properties to make sure the desired element is located. 

2021-03-02 10:01:47 - [MESSAGE][FAILED] - Unable to get text of object 'Object Repository/tA/div_My well beloved had a vineyard' (Root cause: com.kms.katalon.core.exception.StepFailedException: Unable to get text of object 'Object Repository/tA/div_My well beloved had a vineyard'
	at com.kms.katalon.core.webui.keyword.internal.WebUIKeywordMain.stepFailed(WebUIKeywordMain.groovy:64)
	at com.kms.katalon.core.webui.keyword.internal.WebUIKeywordMain.runKeyword(WebUIKeywordMain.groovy:26)
	at com.kms.katalon.core.webui.keyword.builtin.GetTextKeyword.getText(GetTextKeyword.groovy:88)
	at com.kms.katalon.core.webui.keyword.builtin.GetTextKeyword.execute(GetTextKeyword.groovy:67)
	at com.kms.katalon.core.keyword.internal.KeywordExecutor.executeKeywordForPlatform(KeywordExecutor.groovy:73)
	at com.kms.katalon.core.webui.keyword.WebUiBuiltInKeywords.getText(WebUiBuiltInKeywords.groovy:917)
	at com.kms.katalon.core.webui.keyword.WebUiBuiltInKeywords$getText$4.call(Unknown Source)
	at tA buttons funtions.run(tA buttons funtions:48)
	at com.kms.katalon.core.main.ScriptEngine.run(ScriptEngine.java:194)
	at com.kms.katalon.core.main.ScriptEngine.runScriptAsRawText(ScriptEngine.java:119)
	at com.kms.katalon.core.main.TestCaseExecutor.runScript(TestCaseExecutor.java:398)
	at com.kms.katalon.core.main.TestCaseExecutor.doExecute(TestCaseExecutor.java:389)
	at com.kms.katalon.core.main.TestCaseExecutor.processExecutionPhase(TestCaseExecutor.java:368)
	at com.kms.katalon.core.main.TestCaseExecutor.accessMainPhase(TestCaseExecutor.java:360)
	at com.kms.katalon.core.main.TestCaseExecutor.execute(TestCaseExecutor.java:255)
	at com.kms.katalon.core.main.TestSuiteExecutor.accessTestCaseMainPhase(TestSuiteExecutor.java:203)
	at com.kms.katalon.core.main.TestSuiteExecutor.accessTestSuiteMainPhase(TestSuiteExecutor.java:152)
	at com.kms.katalon.core.main.TestSuiteExecutor.execute(TestSuiteExecutor.java:95)
	at com.kms.katalon.core.main.TestCaseMain.startTestSuite(TestCaseMain.java:157)
	at com.kms.katalon.core.main.TestCaseMain$startTestSuite$0.call(Unknown Source)
	at TempTestSuite1614696535798.run(TempTestSuite1614696535798.groovy:39)
Caused by: com.kms.katalon.core.webui.exception.WebElementNotFoundException: Web element with id: 'Object Repository/tA/div_My well beloved had a vineyard' located by '//div[@id='root']/div/div/div/div[2]/div[2]/div[2]/div/div/div/div/div[3]/div[2]/div/div' not found
	at com.kms.katalon.core.webui.common.WebUiCommonHelper.findWebElement(WebUiCommonHelper.java:1368)
	at com.kms.katalon.core.webui.keyword.internal.WebUIAbstractKeyword.findWebElement(WebUIAbstractKeyword.groovy:27)
	at com.kms.katalon.core.webui.keyword.internal.WebUIAbstractKeyword.findWebElement(WebUIAbstractKeyword.groovy:26)
	at com.kms.katalon.core.webui.keyword.builtin.GetTextKeyword$_getText_closure1.doCall(GetTextKeyword.groovy:78)
	at com.kms.katalon.core.webui.keyword.builtin.GetTextKeyword$_getText_closure1.call(GetTextKeyword.groovy)
	at com.kms.katalon.core.webui.keyword.internal.WebUIKeywordMain.runKeyword(WebUIKeywordMain.groovy:20)
	at com.kms.katalon.core.webui.keyword.builtin.GetTextKeyword.getText(GetTextKeyword.groovy:88)
	at com.kms.katalon.core.webui.keyword.builtin.GetTextKeyword.execute(GetTextKeyword.groovy:67)
	at com.kms.katalon.core.keyword.internal.KeywordExecutor.executeKeywordForPlatform(KeywordExecutor.groovy:73)
	at com.kms.katalon.core.webui.keyword.WebUiBuiltInKeywords.getText(WebUiBuiltInKeywords.groovy:917)
	at com.kms.katalon.core.webui.keyword.WebUiBuiltInKeywords$getText$4.call(Unknown Source)
	at Script1605546600092.run(Script1605546600092.groovy:48)
	... 13 more
)
[[ATTACHMENT|/Users/elsylitsonlambert/git/tcCreateQA/Reports/20210302_094855/Test Suite1- Regression/20210302_094855/1614697307118.png]]]]></system-out>
         <system-err><![CDATA[2021-03-02 10:00:49 - [TEST_CASE][FAILED] - Test Cases/tCC Test Cases/tA buttons funtions: Test Cases/tCC Test Cases/tA buttons funtions FAILED.
Reason:
com.kms.katalon.core.exception.StepFailedException: Unable to get text of object 'Object Repository/tA/div_My well beloved had a vineyard' (Root cause: com.kms.katalon.core.exception.StepFailedException: Unable to get text of object 'Object Repository/tA/div_My well beloved had a vineyard'
	at com.kms.katalon.core.webui.keyword.internal.WebUIKeywordMain.stepFailed(WebUIKeywordMain.groovy:64)
	at com.kms.katalon.core.webui.keyword.internal.WebUIKeywordMain.runKeyword(WebUIKeywordMain.groovy:26)
	at com.kms.katalon.core.webui.keyword.builtin.GetTextKeyword.getText(GetTextKeyword.groovy:88)
	at com.kms.katalon.core.webui.keyword.builtin.GetTextKeyword.execute(GetTextKeyword.groovy:67)
	at com.kms.katalon.core.keyword.internal.KeywordExecutor.executeKeywordForPlatform(KeywordExecutor.groovy:73)
	at com.kms.katalon.core.webui.keyword.WebUiBuiltInKeywords.getText(WebUiBuiltInKeywords.groovy:917)
	at com.kms.katalon.core.webui.keyword.WebUiBuiltInKeywords$getText$4.call(Unknown Source)
	at tA buttons funtions.run(tA buttons funtions:48)
	at com.kms.katalon.core.main.ScriptEngine.run(ScriptEngine.java:194)
	at com.kms.katalon.core.main.ScriptEngine.runScriptAsRawText(ScriptEngine.java:119)
	at com.kms.katalon.core.main.TestCaseExecutor.runScript(TestCaseExecutor.java:398)
	at com.kms.katalon.core.main.TestCaseExecutor.doExecute(TestCaseExecutor.java:389)
	at com.kms.katalon.core.main.TestCaseExecutor.processExecutionPhase(TestCaseExecutor.java:368)
	at com.kms.katalon.core.main.TestCaseExecutor.accessMainPhase(TestCaseExecutor.java:360)
	at com.kms.katalon.core.main.TestCaseExecutor.execute(TestCaseExecutor.java:255)
	at com.kms.katalon.core.main.TestSuiteExecutor.accessTestCaseMainPhase(TestSuiteExecutor.java:203)
	at com.kms.katalon.core.main.TestSuiteExecutor.accessTestSuiteMainPhase(TestSuiteExecutor.java:152)
	at com.kms.katalon.core.main.TestSuiteExecutor.execute(TestSuiteExecutor.java:95)
	at com.kms.katalon.core.main.TestCaseMain.startTestSuite(TestCaseMain.java:157)
	at com.kms.katalon.core.main.TestCaseMain$startTestSuite$0.call(Unknown Source)
	at TempTestSuite1614696535798.run(TempTestSuite1614696535798.groovy:39)
Caused by: com.kms.katalon.core.webui.exception.WebElementNotFoundException: Web element with id: 'Object Repository/tA/div_My well beloved had a vineyard' located by '//div[@id='root']/div/div/div/div[2]/div[2]/div[2]/div/div/div/div/div[3]/div[2]/div/div' not found
	at com.kms.katalon.core.webui.common.WebUiCommonHelper.findWebElement(WebUiCommonHelper.java:1368)
	at com.kms.katalon.core.webui.keyword.internal.WebUIAbstractKeyword.findWebElement(WebUIAbstractKeyword.groovy:27)
	at com.kms.katalon.core.webui.keyword.internal.WebUIAbstractKeyword.findWebElement(WebUIAbstractKeyword.groovy:26)
	at com.kms.katalon.core.webui.keyword.builtin.GetTextKeyword$_getText_closure1.doCall(GetTextKeyword.groovy:78)
	at com.kms.katalon.core.webui.keyword.builtin.GetTextKeyword$_getText_closure1.call(GetTextKeyword.groovy)
	at com.kms.katalon.core.webui.keyword.internal.WebUIKeywordMain.runKeyword(WebUIKeywordMain.groovy:20)
	at com.kms.katalon.core.webui.keyword.builtin.GetTextKeyword.getText(GetTextKeyword.groovy:88)
	at com.kms.katalon.core.webui.keyword.builtin.GetTextKeyword.execute(GetTextKeyword.groovy:67)
	at com.kms.katalon.core.keyword.internal.KeywordExecutor.executeKeywordForPlatform(KeywordExecutor.groovy:73)
	at com.kms.katalon.core.webui.keyword.WebUiBuiltInKeywords.getText(WebUiBuiltInKeywords.groovy:917)
	at com.kms.katalon.core.webui.keyword.WebUiBuiltInKeywords$getText$4.call(Unknown Source)
	at Script1605546600092.run(Script1605546600092.groovy:48)
	... 13 more
)
	at com.kms.katalon.core.keyword.internal.KeywordMain.stepFailed(KeywordMain.groovy:39)
	at com.kms.katalon.core.webui.keyword.internal.WebUIKeywordMain.stepFailed(WebUIKeywordMain.groovy:64)
	at com.kms.katalon.core.webui.keyword.internal.WebUIKeywordMain.runKeyword(WebUIKeywordMain.groovy:26)
	at com.kms.katalon.core.webui.keyword.builtin.GetTextKeyword.getText(GetTextKeyword.groovy:88)
	at com.kms.katalon.core.webui.keyword.builtin.GetTextKeyword.execute(GetTextKeyword.groovy:67)
	at com.kms.katalon.core.keyword.internal.KeywordExecutor.executeKeywordForPlatform(KeywordExecutor.groovy:73)
	at com.kms.katalon.core.webui.keyword.WebUiBuiltInKeywords.getText(WebUiBuiltInKeywords.groovy:917)
	at com.kms.katalon.core.webui.keyword.WebUiBuiltInKeywords$getText$4.call(Unknown Source)
	at tA buttons funtions.run(tA buttons funtions:48)
	at com.kms.katalon.core.main.ScriptEngine.run(ScriptEngine.java:194)
	at com.kms.katalon.core.main.ScriptEngine.runScriptAsRawText(ScriptEngine.java:119)
	at com.kms.katalon.core.main.TestCaseExecutor.runScript(TestCaseExecutor.java:398)
	at com.kms.katalon.core.main.TestCaseExecutor.doExecute(TestCaseExecutor.java:389)
	at com.kms.katalon.core.main.TestCaseExecutor.processExecutionPhase(TestCaseExecutor.java:368)
	at com.kms.katalon.core.main.TestCaseExecutor.accessMainPhase(TestCaseExecutor.java:360)
	at com.kms.katalon.core.main.TestCaseExecutor.execute(TestCaseExecutor.java:255)
	at com.kms.katalon.core.main.TestSuiteExecutor.accessTestCaseMainPhase(TestSuiteExecutor.java:203)
	at com.kms.katalon.core.main.TestSuiteExecutor.accessTestSuiteMainPhase(TestSuiteExecutor.java:152)
	at com.kms.katalon.core.main.TestSuiteExecutor.execute(TestSuiteExecutor.java:95)
	at com.kms.katalon.core.main.TestCaseMain.startTestSuite(TestCaseMain.java:157)
	at com.kms.katalon.core.main.TestCaseMain$startTestSuite$0.call(Unknown Source)
	at TempTestSuite1614696535798.run(TempTestSuite1614696535798.groovy:39)
Caused by: com.kms.katalon.core.exception.StepFailedException: Unable to get text of object 'Object Repository/tA/div_My well beloved had a vineyard'
	... 21 more
Caused by: com.kms.katalon.core.webui.exception.WebElementNotFoundException: Web element with id: 'Object Repository/tA/div_My well beloved had a vineyard' located by '//div[@id='root']/div/div/div/div[2]/div[2]/div[2]/div/div/div/div/div[3]/div[2]/div/div' not found
	at com.kms.katalon.core.webui.common.WebUiCommonHelper.findWebElement(WebUiCommonHelper.java:1368)
	at com.kms.katalon.core.webui.keyword.internal.WebUIAbstractKeyword.findWebElement(WebUIAbstractKeyword.groovy:27)
	at com.kms.katalon.core.webui.keyword.internal.WebUIAbstractKeyword.findWebElement(WebUIAbstractKeyword.groovy:26)
	at com.kms.katalon.core.webui.keyword.builtin.GetTextKeyword$_getText_closure1.doCall(GetTextKeyword.groovy:78)
	at com.kms.katalon.core.webui.keyword.builtin.GetTextKeyword$_getText_closure1.call(GetTextKeyword.groovy)
	at com.kms.katalon.core.webui.keyword.internal.WebUIKeywordMain.runKeyword(WebUIKeywordMain.groovy:20)
	... 19 more]]></system-err>
      </testcase>
      <testcase name="Test Cases/tCC Test Cases/tCC Test OBS-tQ" time="55.017" classname="Test Cases/tCC Test Cases/tCC Test OBS-tQ" status="PASSED">
         <system-out><![CDATA[2021-03-02 10:01:47 - [TEST_CASE][PASSED] - Test Cases/tCC Test Cases/tCC Test OBS-tQ: Test Cases/tCC Test Cases/tCC Test OBS-tQ

2021-03-02 10:01:47 - [TEST_STEP][PASSED] - com.tccreate.keywords.WriteToFile.writeTofilename("OBS-tQ-Save"): com.tccreate.keywords.WriteToFile.writeTofilename is PASSED

2021-03-02 10:01:47 - [MESSAGE][PASSED] - com.tccreate.keywords.WriteToFile.writeTofilename is PASSED

2021-03-02 10:01:47 - [TEST_STEP][PASSED] - com.helper.login.TimeDate.getTimeDate(): com.helper.login.TimeDate.getTimeDate is PASSED

2021-03-02 10:01:47 - [MESSAGE][INFO] - Time at which the test run:2021-03-02 10:01:47.972

2021-03-02 10:01:47 - [MESSAGE][PASSED] - com.helper.login.TimeDate.getTimeDate is PASSED

2021-03-02 10:01:47 - [TEST_STEP][PASSED] - com.helper.login.loginhelper.logintoapp(): com.helper.login.loginhelper.logintoapp is PASSED

2021-03-02 10:01:47 - [MESSAGE][WARNING] - A browser is already opened. Closing browser and opening a new one

2021-03-02 10:01:48 - [MESSAGE][INFO] - Starting 'Chrome' driver

2021-03-02 10:01:48 - [MESSAGE][INFO] - Action delay is set to 1,000 milliseconds

2021-03-02 10:01:49 - [MESSAGE][WARNING] - FFmpeg was not installed! Browser Recording will be disabled. Please follow this document to install FFmpeg first: https://docs.katalon.com/katalon-studio/docs/screenshots-videos.html#browser-based-recorder

2021-03-02 10:01:51 - [MESSAGE][PASSED] - Browser is opened with url: 'https://develop--tc-create-app.netlify.app/'

2021-03-02 10:01:51 - [MESSAGE][PASSED] - Wait for page load successfully

2021-03-02 10:01:52 - [MESSAGE][PASSED] - Current window maximized

2021-03-02 10:01:53 - [MESSAGE][PASSED] - Keys 'elsylambert' sent to object: 'Object Repository/Page_tC Create/input__username'

2021-03-02 10:01:55 - [MESSAGE][PASSED] - Keys 'fatak43' sent to object: 'Object Repository/Page_tC Create/input__password'

2021-03-02 10:01:56 - [MESSAGE][PASSED] - Object: 'Object Repository/Page_tC Create/button_Login' is clicked on

2021-03-02 10:01:57 - [MESSAGE][PASSED] - Delayed 1 second(s)

2021-03-02 10:01:59 - [MESSAGE][PASSED] - Text of object 'Object Repository/Page_tC Create/tcc-version number' is: 'translationCore Create - v1.2.0-rc.2 build 28-4717783'

2021-03-02 10:01:59 - [MESSAGE][INFO] - : The current version and build number is translationCore Create - v1.2.0-rc.2 build 28-4717783

2021-03-02 10:01:59 - [MESSAGE][PASSED] - com.helper.login.loginhelper.logintoapp is PASSED

2021-03-02 10:01:59 - [TEST_STEP][PASSED] - com.tccreate.keywords.selectOrg.organization(""): com.tccreate.keywords.selectOrg.organization is PASSED

2021-03-02 10:02:02 - [MESSAGE][PASSED] - Object: 'Object Repository/page_tC Create/Organization unfoldingWord' is clicked on

2021-03-02 10:02:04 - [MESSAGE][WARNING] - No alert found after 2 second(s).

2021-03-02 10:02:04 - [MESSAGE][PASSED] - com.tccreate.keywords.selectOrg.organization is PASSED

2021-03-02 10:02:04 - [TEST_STEP][PASSED] - com.tccreate.keywords.selectOrg.resource("unfoldingWordÂ® Open Bible Stories Translation Questions"): com.tccreate.keywords.selectOrg.resource is PASSED

2021-03-02 10:02:07 - [MESSAGE][PASSED] - Object: 'Object Repository/Page_tC Create/resource_Parmed' is clicked on

2021-03-02 10:02:07 - [MESSAGE][PASSED] - com.tccreate.keywords.selectOrg.resource is PASSED

2021-03-02 10:02:07 - [TEST_STEP][PASSED] - com.tccreate.keywords.selectOrg.language(""): com.tccreate.keywords.selectOrg.language is PASSED

2021-03-02 10:02:10 - [MESSAGE][PASSED] - Object: 'Object Repository/Page_tC Create/combo_Select Language' is clicked on

2021-03-02 10:02:13 - [MESSAGE][PASSED] - Object: 'Object Repository/Page_tC Create/listOption_Language_Parmed' is clicked on

2021-03-02 10:02:13 - [MESSAGE][PASSED] - com.tccreate.keywords.selectOrg.language is PASSED

2021-03-02 10:02:13 - [TEST_STEP][PASSED] - click(findTestObject("Object Repository/OBS-tn/div_content")): Object: 'Object Repository/OBS-tn/div_content' is clicked on

2021-03-02 10:02:16 - [MESSAGE][PASSED] - Object: 'Object Repository/OBS-tn/div_content' is clicked on

2021-03-02 10:02:16 - [TEST_STEP][PASSED] - click(findTestObject("Object Repository/OBS-tn/span_02")): Object: 'Object Repository/OBS-tn/span_02' is clicked on

2021-03-02 10:02:19 - [MESSAGE][PASSED] - Object: 'Object Repository/OBS-tn/span_02' is clicked on

2021-03-02 10:02:19 - [TEST_STEP][PASSED] - click(findTestObject("Object Repository/OBS-tn/span_01.md")): Object: 'Object Repository/OBS-tn/span_01.md' is clicked on

2021-03-02 10:02:22 - [MESSAGE][PASSED] - Object: 'Object Repository/OBS-tn/span_01.md' is clicked on

2021-03-02 10:02:22 - [TEST_STEP][PASSED] - click(findTestObject("Object Repository/obs-tq/div_question edit box")): Object: 'Object Repository/obs-tq/div_question edit box' is clicked on

2021-03-02 10:02:26 - [MESSAGE][PASSED] - Object: 'Object Repository/obs-tq/div_question edit box' is clicked on

2021-03-02 10:02:26 - [TEST_STEP][PASSED] - sendKeys(findTestObject("Object Repository/obs-tq/div_question edit box"), "  edits by a test script"): Keys '  edits by a test script' sent to object: 'Object Repository/obs-tq/div_question edit box'

2021-03-02 10:02:29 - [MESSAGE][PASSED] - Keys '  edits by a test script' sent to object: 'Object Repository/obs-tq/div_question edit box'

2021-03-02 10:02:29 - [TEST_STEP][PASSED] - click(findTestObject("Object Repository/Page_tC Create/button_Save")): Object: 'Object Repository/Page_tC Create/button_Save' is clicked on

2021-03-02 10:02:32 - [MESSAGE][PASSED] - Object: 'Object Repository/Page_tC Create/button_Save' is clicked on

2021-03-02 10:02:32 - [TEST_STEP][PASSED] - delay(2): Delayed 2 second(s)

2021-03-02 10:02:34 - [MESSAGE][PASSED] - Delayed 2 second(s)

2021-03-02 10:02:34 - [TEST_STEP][PASSED] - if (verifyElementNotClickable(findTestObject("Page_tC Create/button_Save"), CONTINUE_ON_FAILURE)): null

2021-03-02 10:02:36 - [MESSAGE][PASSED] - Object 'Object Repository/Page_tC Create/button_Save' is NOT clickable

2021-03-02 10:02:36 - [TEST_STEP][PASSED] - logInfo(" Save button is greyed out as expected"):  Save button is greyed out as expected

2021-03-02 10:02:36 - [MESSAGE][INFO] -  Save button is greyed out as expected

2021-03-02 10:02:36 - [TEST_STEP][PASSED] - click(findTestObject("Object Repository/obs-tq/span_English - unfoldingWorden_obs-tqElsyLambert-tc-create-1")): Object: 'Object Repository/obs-tq/span_English - unfoldingWorden_obs-tqElsyLambert-tc-create-1' is clicked on

2021-03-02 10:02:40 - [MESSAGE][PASSED] - Object: 'Object Repository/obs-tq/span_English - unfoldingWorden_obs-tqElsyLambert-tc-create-1' is clicked on

2021-03-02 10:02:40 - [TEST_STEP][PASSED] - delay(2): Delayed 2 second(s)

2021-03-02 10:02:42 - [MESSAGE][PASSED] - Delayed 2 second(s)

2021-03-02 10:02:42 - [TEST_STEP][PASSED] - switchToWindowIndex(1): Switched to window with index: '1'

2021-03-02 10:02:42 - [MESSAGE][PASSED] - Switched to window with index: '1'

2021-03-02 10:02:42 - [TEST_STEP][PASSED] - if (getText(findTestObject("Object Repository/obs-tq/h1_DCS Repo question")).contains("edits by a test script")): null

2021-03-02 10:02:42 - [MESSAGE][PASSED] - Text of object 'Object Repository/obs-tq/h1_DCS Repo question' is: 'Home
Catalog
About DCS
Help
Register
Sign In
unfoldingWord / en_obs-tq v7
Catalog
v7
Watch
3
Star
1
Fork
3
Files
Issues
0
Pull Requests
0
Releases
4
Activity
Preview
unfoldingWordÂ® Open Bible Stories Translation Questions https://www.openbiblestories.org/
76 Commits
2 Branches
2.7 MiB
English (en)
  Branch: ElsyLambert-tc-create-1
en_obs-tq/content/02/01.md
115 B
Raw
Permalink
Blame
History
Why were Adam and Eve not ashamed that they were naked?  edits by a test script
There was no sin in the world.
Except where otherwise noted, content on DCS is licensed under a CC BY-SA 4.0 License Version: 1.13.2+dcs-61-g7325c06a8 Page: 89ms Template: 78ms
Version: 1.13.2+dcs-61-g7325c06a8 Page: 89ms Template: 78ms
GitHub
English
Licenses API unfoldingWord Go1.15.8'

2021-03-02 10:02:42 - [TEST_STEP][PASSED] - logInfo("The edits are saved on the DCS Repo File"): The edits are saved on the DCS Repo File

2021-03-02 10:02:42 - [MESSAGE][INFO] - The edits are saved on the DCS Repo File

2021-03-02 10:02:42 - [TEST_STEP][PASSED] - switchToWindowIndex(0): Switched to window with index: '0'

2021-03-02 10:02:42 - [MESSAGE][PASSED] - Switched to window with index: '0'

2021-03-02 10:02:42 - [TEST_STEP][PASSED] - closeBrowser(): Browser is closed

2021-03-02 10:02:42 - [MESSAGE][PASSED] - Browser is closed

2021-03-02 10:02:42 - [TEST_STEP][PASSED] - closeBrowser(): Browser is closed

2021-03-02 10:02:42 - [MESSAGE][PASSED] - Browser is closed]]></system-out>
         <system-err><![CDATA[]]></system-err>
      </testcase>
      <testcase name="Test Cases/tCC Test Cases/tCC-Test OBS-tn" time="38.161" classname="Test Cases/tCC Test Cases/tCC-Test OBS-tn" status="PASSED">
         <system-out><![CDATA[2021-03-02 10:02:42 - [TEST_CASE][PASSED] - Test Cases/tCC Test Cases/tCC-Test OBS-tn: Test Cases/tCC Test Cases/tCC-Test OBS-tn

2021-03-02 10:02:43 - [TEST_STEP][PASSED] - com.tccreate.keywords.WriteToFile.writeTofilename("OBS-tN-Save"): com.tccreate.keywords.WriteToFile.writeTofilename is PASSED

2021-03-02 10:02:43 - [MESSAGE][PASSED] - com.tccreate.keywords.WriteToFile.writeTofilename is PASSED

2021-03-02 10:02:43 - [TEST_STEP][PASSED] - com.helper.login.TimeDate.getTimeDate(): com.helper.login.TimeDate.getTimeDate is PASSED

2021-03-02 10:02:43 - [MESSAGE][INFO] - Time at which the test run:2021-03-02 10:02:43.079

2021-03-02 10:02:43 - [MESSAGE][PASSED] - com.helper.login.TimeDate.getTimeDate is PASSED

2021-03-02 10:02:43 - [TEST_STEP][PASSED] - com.helper.login.loginhelper.logintoapp(): com.helper.login.loginhelper.logintoapp is PASSED

2021-03-02 10:02:43 - [MESSAGE][INFO] - Starting 'Chrome' driver

2021-03-02 10:02:43 - [MESSAGE][INFO] - Action delay is set to 1,000 milliseconds

2021-03-02 10:02:44 - [MESSAGE][WARNING] - FFmpeg was not installed! Browser Recording will be disabled. Please follow this document to install FFmpeg first: https://docs.katalon.com/katalon-studio/docs/screenshots-videos.html#browser-based-recorder

2021-03-02 10:02:46 - [MESSAGE][PASSED] - Browser is opened with url: 'https://develop--tc-create-app.netlify.app/'

2021-03-02 10:02:46 - [MESSAGE][PASSED] - Wait for page load successfully

2021-03-02 10:02:46 - [MESSAGE][PASSED] - Current window maximized

2021-03-02 10:02:48 - [MESSAGE][PASSED] - Keys 'elsylambert' sent to object: 'Object Repository/Page_tC Create/input__username'

2021-03-02 10:02:49 - [MESSAGE][PASSED] - Keys 'fatak43' sent to object: 'Object Repository/Page_tC Create/input__password'

2021-03-02 10:02:51 - [MESSAGE][PASSED] - Object: 'Object Repository/Page_tC Create/button_Login' is clicked on

2021-03-02 10:02:52 - [MESSAGE][PASSED] - Delayed 1 second(s)

2021-03-02 10:02:52 - [MESSAGE][PASSED] - Text of object 'Object Repository/Page_tC Create/tcc-version number' is: 'translationCore Create - v1.2.0-rc.2 build 28-4717783'

2021-03-02 10:02:52 - [MESSAGE][INFO] - : The current version and build number is translationCore Create - v1.2.0-rc.2 build 28-4717783

2021-03-02 10:02:52 - [MESSAGE][PASSED] - com.helper.login.loginhelper.logintoapp is PASSED

2021-03-02 10:02:52 - [TEST_STEP][PASSED] - com.tccreate.keywords.selectOrg.organization(""): com.tccreate.keywords.selectOrg.organization is PASSED

2021-03-02 10:02:54 - [MESSAGE][PASSED] - Object: 'Object Repository/page_tC Create/Organization unfoldingWord' is clicked on

2021-03-02 10:02:56 - [MESSAGE][WARNING] - No alert found after 2 second(s).

2021-03-02 10:02:56 - [MESSAGE][PASSED] - com.tccreate.keywords.selectOrg.organization is PASSED

2021-03-02 10:02:56 - [TEST_STEP][PASSED] - com.tccreate.keywords.selectOrg.resource("unfoldingWordÂ® Open Bible Stories Translation Notes"): com.tccreate.keywords.selectOrg.resource is PASSED

2021-03-02 10:02:57 - [MESSAGE][PASSED] - Object: 'Object Repository/Page_tC Create/resource_Parmed' is clicked on

2021-03-02 10:02:57 - [MESSAGE][PASSED] - com.tccreate.keywords.selectOrg.resource is PASSED

2021-03-02 10:02:57 - [TEST_STEP][PASSED] - com.tccreate.keywords.selectOrg.language(""): com.tccreate.keywords.selectOrg.language is PASSED

2021-03-02 10:02:59 - [MESSAGE][PASSED] - Object: 'Object Repository/Page_tC Create/combo_Select Language' is clicked on

2021-03-02 10:03:00 - [MESSAGE][PASSED] - Object: 'Object Repository/Page_tC Create/listOption_Language_Parmed' is clicked on

2021-03-02 10:03:00 - [MESSAGE][PASSED] - com.tccreate.keywords.selectOrg.language is PASSED

2021-03-02 10:03:00 - [TEST_STEP][PASSED] - click(findTestObject("Object Repository/OBS-tn/div_content")): Object: 'Object Repository/OBS-tn/div_content' is clicked on

2021-03-02 10:03:02 - [MESSAGE][PASSED] - Object: 'Object Repository/OBS-tn/div_content' is clicked on

2021-03-02 10:03:02 - [TEST_STEP][PASSED] - click(findTestObject("Object Repository/OBS-tn/span_02")): Object: 'Object Repository/OBS-tn/span_02' is clicked on

2021-03-02 10:03:05 - [MESSAGE][PASSED] - Object: 'Object Repository/OBS-tn/span_02' is clicked on

2021-03-02 10:03:05 - [TEST_STEP][PASSED] - click(findTestObject("Object Repository/OBS-tn/span_01.md")): Object: 'Object Repository/OBS-tn/span_01.md' is clicked on

2021-03-02 10:03:08 - [MESSAGE][PASSED] - Object: 'Object Repository/OBS-tn/span_01.md' is clicked on

2021-03-02 10:03:08 - [TEST_STEP][PASSED] - click(findTestObject("Object Repository/OBS-tn/div_the beautiful garden edits box")): Object: 'Object Repository/OBS-tn/div_the beautiful garden edits box' is clicked on

2021-03-02 10:03:11 - [MESSAGE][PASSED] - Object: 'Object Repository/OBS-tn/div_the beautiful garden edits box' is clicked on

2021-03-02 10:03:11 - [TEST_STEP][PASSED] - sendKeys(findTestObject("Object Repository/OBS-tn/div_the beautiful garden edits box"), "  edits by a test script"): Keys '  edits by a test script' sent to object: 'Object Repository/OBS-tn/div_the beautiful garden edits box'

2021-03-02 10:03:13 - [MESSAGE][PASSED] - Keys '  edits by a test script' sent to object: 'Object Repository/OBS-tn/div_the beautiful garden edits box'

2021-03-02 10:03:13 - [TEST_STEP][PASSED] - click(findTestObject("Object Repository/Page_tC Create/button_Save")): Object: 'Object Repository/Page_tC Create/button_Save' is clicked on

2021-03-02 10:03:14 - [MESSAGE][PASSED] - Object: 'Object Repository/Page_tC Create/button_Save' is clicked on

2021-03-02 10:03:14 - [TEST_STEP][PASSED] - delay(2): Delayed 2 second(s)

2021-03-02 10:03:16 - [MESSAGE][PASSED] - Delayed 2 second(s)

2021-03-02 10:03:16 - [TEST_STEP][PASSED] - if (verifyElementNotClickable(findTestObject("Page_tC Create/button_Save"), CONTINUE_ON_FAILURE)): null

2021-03-02 10:03:17 - [MESSAGE][PASSED] - Object 'Object Repository/Page_tC Create/button_Save' is NOT clickable

2021-03-02 10:03:17 - [TEST_STEP][PASSED] - logInfo(" Save button is greyed out as expected"):  Save button is greyed out as expected

2021-03-02 10:03:17 - [MESSAGE][INFO] -  Save button is greyed out as expected

2021-03-02 10:03:17 - [TEST_STEP][PASSED] - click(findTestObject("Object Repository/OBS-tn/div_English - unfoldingWorden_obs-tnElsyLambert-tc-create-1")): Object: 'Object Repository/OBS-tn/div_English - unfoldingWorden_obs-tnElsyLambert-tc-create-1' is clicked on

2021-03-02 10:03:18 - [MESSAGE][PASSED] - Object: 'Object Repository/OBS-tn/div_English - unfoldingWorden_obs-tnElsyLambert-tc-create-1' is clicked on

2021-03-02 10:03:18 - [TEST_STEP][PASSED] - delay(2): Delayed 2 second(s)

2021-03-02 10:03:20 - [MESSAGE][PASSED] - Delayed 2 second(s)

2021-03-02 10:03:20 - [TEST_STEP][PASSED] - switchToWindowIndex(1): Switched to window with index: '1'

2021-03-02 10:03:20 - [MESSAGE][PASSED] - Switched to window with index: '1'

2021-03-02 10:03:20 - [TEST_STEP][PASSED] - if (getText(findTestObject("Object Repository/OBS-tn/h1_the beautiful garden on DCS")).contains("edits by a test script")): null

2021-03-02 10:03:20 - [MESSAGE][PASSED] - Text of object 'Object Repository/OBS-tn/h1_the beautiful garden on DCS' is: 'Home
Catalog
About DCS
Help
Register
Sign In
unfoldingWord / en_obs-tn v9
Catalog
v9
Watch
3
Star
1
Fork
7
Files
Issues
0
Pull Requests
0
Releases
6
Activity
Preview
unfoldingWordÂ® Open Bible Stories Translation Notes https://www.openbiblestories.org/
235 Commits
7 Branches
14 MiB
English (en)
  Branch: ElsyLambert-tc-create-1
en_obs-tn/content/02/01.md
609 B
Raw
Permalink
Blame
History
the beautiful garden  edits by a test script
This refers to a special collection of trees and plants that God prepared for Adam and Eve to enjoy and from which to eat. This should be the same word that was used in 01:11. See how you translated it there.
shame
the feeling that comes with knowing we have sinned or that we fall short in some way
talked with God
The word for talk should be the same as would be used to refer to talking to a human being. God may have taken a physical form to talk to the man and the woman since the text indicates that they talked to him face-to-face.
Except where otherwise noted, content on DCS is licensed under a CC BY-SA 4.0 License Version: 1.13.2+dcs-61-g7325c06a8 Page: 88ms Template: 74ms
Version: 1.13.2+dcs-61-g7325c06a8 Page: 88ms Template: 74ms
GitHub
English
Licenses API unfoldingWord Go1.15.8'

2021-03-02 10:03:20 - [TEST_STEP][PASSED] - logInfo("The edits are saved on the DCS Repo File"): The edits are saved on the DCS Repo File

2021-03-02 10:03:20 - [MESSAGE][INFO] - The edits are saved on the DCS Repo File

2021-03-02 10:03:20 - [TEST_STEP][PASSED] - switchToWindowIndex(0): Switched to window with index: '0'

2021-03-02 10:03:20 - [MESSAGE][PASSED] - Switched to window with index: '0'

2021-03-02 10:03:20 - [TEST_STEP][PASSED] - closeBrowser(): Browser is closed

2021-03-02 10:03:21 - [MESSAGE][PASSED] - Browser is closed

2021-03-02 10:03:21 - [TEST_STEP][PASSED] - closeBrowser(): Browser is closed

2021-03-02 10:03:21 - [MESSAGE][PASSED] - Browser is closed]]></system-out>
         <system-err><![CDATA[]]></system-err>
      </testcase>
      <testcase name="Test Cases/tCC Test Cases/tCC Test OBS Study Notes" time="36.479" classname="Test Cases/tCC Test Cases/tCC Test OBS Study Notes" status="PASSED">
         <system-out><![CDATA[2021-03-02 10:03:21 - [TEST_CASE][PASSED] - Test Cases/tCC Test Cases/tCC Test OBS Study Notes: Test Cases/tCC Test Cases/tCC Test OBS Study Notes

2021-03-02 10:03:21 - [TEST_STEP][PASSED] - com.tccreate.keywords.WriteToFile.writeTofilename("OBS-sn-Save"): com.tccreate.keywords.WriteToFile.writeTofilename is PASSED

2021-03-02 10:03:21 - [MESSAGE][PASSED] - com.tccreate.keywords.WriteToFile.writeTofilename is PASSED

2021-03-02 10:03:21 - [TEST_STEP][PASSED] - com.helper.login.TimeDate.getTimeDate(): com.helper.login.TimeDate.getTimeDate is PASSED

2021-03-02 10:03:21 - [MESSAGE][INFO] - Time at which the test run:2021-03-02 10:03:21.186

2021-03-02 10:03:21 - [MESSAGE][PASSED] - com.helper.login.TimeDate.getTimeDate is PASSED

2021-03-02 10:03:21 - [TEST_STEP][PASSED] - com.helper.login.loginhelper.logintoapp(): com.helper.login.loginhelper.logintoapp is PASSED

2021-03-02 10:03:21 - [MESSAGE][INFO] - Starting 'Chrome' driver

2021-03-02 10:03:21 - [MESSAGE][INFO] - Action delay is set to 1,000 milliseconds

2021-03-02 10:03:22 - [MESSAGE][WARNING] - FFmpeg was not installed! Browser Recording will be disabled. Please follow this document to install FFmpeg first: https://docs.katalon.com/katalon-studio/docs/screenshots-videos.html#browser-based-recorder

2021-03-02 10:03:25 - [MESSAGE][PASSED] - Browser is opened with url: 'https://develop--tc-create-app.netlify.app/'

2021-03-02 10:03:25 - [MESSAGE][PASSED] - Wait for page load successfully

2021-03-02 10:03:25 - [MESSAGE][PASSED] - Current window maximized

2021-03-02 10:03:26 - [MESSAGE][PASSED] - Keys 'elsylambert' sent to object: 'Object Repository/Page_tC Create/input__username'

2021-03-02 10:03:28 - [MESSAGE][PASSED] - Keys 'fatak43' sent to object: 'Object Repository/Page_tC Create/input__password'

2021-03-02 10:03:29 - [MESSAGE][PASSED] - Object: 'Object Repository/Page_tC Create/button_Login' is clicked on

2021-03-02 10:03:30 - [MESSAGE][PASSED] - Delayed 1 second(s)

2021-03-02 10:03:31 - [MESSAGE][PASSED] - Text of object 'Object Repository/Page_tC Create/tcc-version number' is: 'translationCore Create - v1.2.0-rc.2 build 28-4717783'

2021-03-02 10:03:31 - [MESSAGE][INFO] - : The current version and build number is translationCore Create - v1.2.0-rc.2 build 28-4717783

2021-03-02 10:03:31 - [MESSAGE][PASSED] - com.helper.login.loginhelper.logintoapp is PASSED

2021-03-02 10:03:31 - [TEST_STEP][PASSED] - com.tccreate.keywords.selectOrg.organization(""): com.tccreate.keywords.selectOrg.organization is PASSED

2021-03-02 10:03:32 - [MESSAGE][PASSED] - Object: 'Object Repository/page_tC Create/Organization unfoldingWord' is clicked on

2021-03-02 10:03:34 - [MESSAGE][WARNING] - No alert found after 2 second(s).

2021-03-02 10:03:34 - [MESSAGE][PASSED] - com.tccreate.keywords.selectOrg.organization is PASSED

2021-03-02 10:03:34 - [TEST_STEP][PASSED] - com.tccreate.keywords.selectOrg.resource("unfoldingWordÂ® Open Bible Stories Study Notes"): com.tccreate.keywords.selectOrg.resource is PASSED

2021-03-02 10:03:36 - [MESSAGE][PASSED] - Object: 'Object Repository/Page_tC Create/resource_Parmed' is clicked on

2021-03-02 10:03:36 - [MESSAGE][PASSED] - com.tccreate.keywords.selectOrg.resource is PASSED

2021-03-02 10:03:36 - [TEST_STEP][PASSED] - com.tccreate.keywords.selectOrg.language(""): com.tccreate.keywords.selectOrg.language is PASSED

2021-03-02 10:03:37 - [MESSAGE][PASSED] - Object: 'Object Repository/Page_tC Create/combo_Select Language' is clicked on

2021-03-02 10:03:39 - [MESSAGE][PASSED] - Object: 'Object Repository/Page_tC Create/listOption_Language_Parmed' is clicked on

2021-03-02 10:03:39 - [MESSAGE][PASSED] - com.tccreate.keywords.selectOrg.language is PASSED

2021-03-02 10:03:39 - [TEST_STEP][PASSED] - click(findTestObject("Object Repository/OBS-tn/div_content")): Object: 'Object Repository/OBS-tn/div_content' is clicked on

2021-03-02 10:03:41 - [MESSAGE][PASSED] - Object: 'Object Repository/OBS-tn/div_content' is clicked on

2021-03-02 10:03:41 - [TEST_STEP][PASSED] - click(findTestObject("Object Repository/OBS-tn/span_02")): Object: 'Object Repository/OBS-tn/span_02' is clicked on

2021-03-02 10:03:43 - [MESSAGE][PASSED] - Object: 'Object Repository/OBS-tn/span_02' is clicked on

2021-03-02 10:03:43 - [TEST_STEP][PASSED] - click(findTestObject("Object Repository/OBS-tn/span_02.md")): Object: 'Object Repository/OBS-tn/span_02.md' is clicked on

2021-03-02 10:03:45 - [MESSAGE][PASSED] - Object: 'Object Repository/OBS-tn/span_02.md' is clicked on

2021-03-02 10:03:45 - [TEST_STEP][PASSED] - click(findTestObject("Object Repository/obs-sn/div_a snake edit box")): Object: 'Object Repository/obs-sn/div_a snake edit box' is clicked on

2021-03-02 10:03:48 - [MESSAGE][PASSED] - Object: 'Object Repository/obs-sn/div_a snake edit box' is clicked on

2021-03-02 10:03:48 - [TEST_STEP][PASSED] - sendKeys(findTestObject("Object Repository/obs-sn/div_a snake edit box"), "  edits by a test script"): Keys '  edits by a test script' sent to object: 'Object Repository/obs-sn/div_a snake edit box'

2021-03-02 10:03:49 - [MESSAGE][PASSED] - Keys '  edits by a test script' sent to object: 'Object Repository/obs-sn/div_a snake edit box'

2021-03-02 10:03:49 - [TEST_STEP][PASSED] - click(findTestObject("Object Repository/Page_tC Create/button_Save")): Object: 'Object Repository/Page_tC Create/button_Save' is clicked on

2021-03-02 10:03:51 - [MESSAGE][PASSED] - Object: 'Object Repository/Page_tC Create/button_Save' is clicked on

2021-03-02 10:03:51 - [TEST_STEP][PASSED] - delay(2): Delayed 2 second(s)

2021-03-02 10:03:53 - [MESSAGE][PASSED] - Delayed 2 second(s)

2021-03-02 10:03:53 - [TEST_STEP][PASSED] - if (verifyElementNotClickable(findTestObject("Page_tC Create/button_Save"), CONTINUE_ON_FAILURE)): null

2021-03-02 10:03:53 - [MESSAGE][PASSED] - Object 'Object Repository/Page_tC Create/button_Save' is NOT clickable

2021-03-02 10:03:53 - [TEST_STEP][PASSED] - logInfo(" Save button is greyed out as expected"):  Save button is greyed out as expected

2021-03-02 10:03:53 - [MESSAGE][INFO] -  Save button is greyed out as expected

2021-03-02 10:03:53 - [TEST_STEP][PASSED] - click(findTestObject("Object Repository/obs-sn/div_English - unfoldingWorden_obs-snElsyLambert-tc-create-1")): Object: 'Object Repository/obs-sn/div_English - unfoldingWorden_obs-snElsyLambert-tc-create-1' is clicked on

2021-03-02 10:03:55 - [MESSAGE][PASSED] - Object: 'Object Repository/obs-sn/div_English - unfoldingWorden_obs-snElsyLambert-tc-create-1' is clicked on

2021-03-02 10:03:55 - [TEST_STEP][PASSED] - delay(2): Delayed 2 second(s)

2021-03-02 10:03:57 - [MESSAGE][PASSED] - Delayed 2 second(s)

2021-03-02 10:03:57 - [TEST_STEP][PASSED] - switchToWindowIndex(1): Switched to window with index: '1'

2021-03-02 10:03:57 - [MESSAGE][PASSED] - Switched to window with index: '1'

2021-03-02 10:03:57 - [TEST_STEP][PASSED] - if (getText(findTestObject("Object Repository/obs-sn/h1_a snake DCS page")).contains("edits by a test script")): null

2021-03-02 10:03:57 - [MESSAGE][PASSED] - Text of object 'Object Repository/obs-sn/h1_a snake DCS page' is: 'Home
Catalog
About DCS
Help
Register
Sign In
unfoldingWord / en_obs-sn v4
Catalog
v4
Watch
9
Star
1
Fork
3
Files
Issues
0
Pull Requests
0
Releases
4
Activity
Preview
unfoldingWordÂ® Open Bible Stories Study Notes
177 Commits
2 Branches
2.0 MiB
English (en)
  Branch: ElsyLambert-tc-create-1
en_obs-sn/content/02/02.md
422 B
Raw
Permalink
Blame
History
a snake  edits by a test script
Some scholars think the snake represents Satan. Other scholars think the snake was a real snake, and that Satan was the one who was speaking through it.
Did God really tell you not to eat the fruit from any of the trees in the garden?
The snake asked this question to cause the woman to think about the things that God told her not to do, instead of the things he said she could do.
Except where otherwise noted, content on DCS is licensed under a CC BY-SA 4.0 License Version: 1.13.2+dcs-61-g7325c06a8 Page: 94ms Template: 86ms
Version: 1.13.2+dcs-61-g7325c06a8 Page: 94ms Template: 86ms
GitHub
English
Licenses API unfoldingWord Go1.15.8'

2021-03-02 10:03:57 - [TEST_STEP][PASSED] - logInfo("The edits are saved on the DCS Repo File"): The edits are saved on the DCS Repo File

2021-03-02 10:03:57 - [MESSAGE][INFO] - The edits are saved on the DCS Repo File

2021-03-02 10:03:57 - [TEST_STEP][PASSED] - switchToWindowIndex(0): Switched to window with index: '0'

2021-03-02 10:03:57 - [MESSAGE][PASSED] - Switched to window with index: '0'

2021-03-02 10:03:57 - [TEST_STEP][PASSED] - closeBrowser(): Browser is closed

2021-03-02 10:03:57 - [MESSAGE][PASSED] - Browser is closed

2021-03-02 10:03:57 - [TEST_STEP][PASSED] - closeBrowser(): Browser is closed

2021-03-02 10:03:57 - [MESSAGE][PASSED] - Browser is closed]]></system-out>
         <system-err><![CDATA[]]></system-err>
      </testcase>
      <testcase name="Test Cases/tCC Test Cases/Tool Tips - tA" time="55.572" classname="Test Cases/tCC Test Cases/Tool Tips - tA" status="PASSED">
         <system-out><![CDATA[2021-03-02 10:03:57 - [TEST_CASE][PASSED] - Test Cases/tCC Test Cases/Tool Tips - tA: Test Cases/tCC Test Cases/Tool Tips - tA

2021-03-02 10:03:57 - [TEST_STEP][PASSED] - com.helper.login.loginhelper.logintoapp(): com.helper.login.loginhelper.logintoapp is PASSED

2021-03-02 10:03:57 - [MESSAGE][INFO] - Starting 'Chrome' driver

2021-03-02 10:03:57 - [MESSAGE][INFO] - Action delay is set to 1,000 milliseconds

2021-03-02 10:03:58 - [MESSAGE][WARNING] - FFmpeg was not installed! Browser Recording will be disabled. Please follow this document to install FFmpeg first: https://docs.katalon.com/katalon-studio/docs/screenshots-videos.html#browser-based-recorder

2021-03-02 10:04:01 - [MESSAGE][PASSED] - Browser is opened with url: 'https://develop--tc-create-app.netlify.app/'

2021-03-02 10:04:01 - [MESSAGE][PASSED] - Wait for page load successfully

2021-03-02 10:04:02 - [MESSAGE][PASSED] - Current window maximized

2021-03-02 10:04:03 - [MESSAGE][PASSED] - Keys 'elsylambert' sent to object: 'Object Repository/Page_tC Create/input__username'

2021-03-02 10:04:04 - [MESSAGE][PASSED] - Keys 'fatak43' sent to object: 'Object Repository/Page_tC Create/input__password'

2021-03-02 10:04:06 - [MESSAGE][PASSED] - Object: 'Object Repository/Page_tC Create/button_Login' is clicked on

2021-03-02 10:04:07 - [MESSAGE][PASSED] - Delayed 1 second(s)

2021-03-02 10:04:07 - [MESSAGE][PASSED] - Text of object 'Object Repository/Page_tC Create/tcc-version number' is: 'translationCore Create - v1.2.0-rc.2 build 28-4717783'

2021-03-02 10:04:07 - [MESSAGE][INFO] - : The current version and build number is translationCore Create - v1.2.0-rc.2 build 28-4717783

2021-03-02 10:04:07 - [MESSAGE][PASSED] - com.helper.login.loginhelper.logintoapp is PASSED

2021-03-02 10:04:07 - [TEST_STEP][PASSED] - com.tccreate.keywords.selectOrg.organization(""): com.tccreate.keywords.selectOrg.organization is PASSED

2021-03-02 10:04:09 - [MESSAGE][PASSED] - Object: 'Object Repository/page_tC Create/Organization unfoldingWord' is clicked on

2021-03-02 10:04:11 - [MESSAGE][WARNING] - No alert found after 2 second(s).

2021-03-02 10:04:11 - [MESSAGE][PASSED] - com.tccreate.keywords.selectOrg.organization is PASSED

2021-03-02 10:04:11 - [TEST_STEP][PASSED] - com.tccreate.keywords.selectOrg.resource("unfoldingWordÂ® Translation Academy"): com.tccreate.keywords.selectOrg.resource is PASSED

2021-03-02 10:04:12 - [MESSAGE][PASSED] - Object: 'Object Repository/Page_tC Create/resource_Parmed' is clicked on

2021-03-02 10:04:12 - [MESSAGE][PASSED] - com.tccreate.keywords.selectOrg.resource is PASSED

2021-03-02 10:04:12 - [TEST_STEP][PASSED] - com.tccreate.keywords.selectOrg.language(""): com.tccreate.keywords.selectOrg.language is PASSED

2021-03-02 10:04:14 - [MESSAGE][PASSED] - Object: 'Object Repository/Page_tC Create/combo_Select Language' is clicked on

2021-03-02 10:04:15 - [MESSAGE][PASSED] - Object: 'Object Repository/Page_tC Create/listOption_Language_Parmed' is clicked on

2021-03-02 10:04:15 - [MESSAGE][PASSED] - com.tccreate.keywords.selectOrg.language is PASSED

2021-03-02 10:04:15 - [TEST_STEP][PASSED] - click(findTestObject("Page_tC Create/span_translate")): Object: 'Object Repository/Page_tC Create/span_translate' is clicked on

2021-03-02 10:04:17 - [MESSAGE][PASSED] - Object: 'Object Repository/Page_tC Create/span_translate' is clicked on

2021-03-02 10:04:17 - [TEST_STEP][PASSED] - click(findTestObject("Object Repository/Page_tC Create/span_bita-farming")): Object: 'Object Repository/Page_tC Create/span_bita-farming' is clicked on

2021-03-02 10:04:20 - [MESSAGE][PASSED] - Object: 'Object Repository/Page_tC Create/span_bita-farming' is clicked on

2021-03-02 10:04:20 - [TEST_STEP][PASSED] - click(findTestObject("Object Repository/Page_tC Create/span_01.md")): Object: 'Object Repository/Page_tC Create/span_01.md' is clicked on

2021-03-02 10:04:23 - [MESSAGE][PASSED] - Object: 'Object Repository/Page_tC Create/span_01.md' is clicked on

2021-03-02 10:04:23 - [TEST_STEP][PASSED] - testToggleTip("Object Repository/Tool tips/button_Sections", "Sections", "Object Repository/Tool tips/button_No Sections", "No Sections"): null

2021-03-02 10:04:23 - [TEST_STEP][PASSED] - actualTooltip = getAttribute(findTestObject(button1), "title"): Attribute 'title' of object 'Object Repository/Tool tips/button_Sections' is: 'Sections'

2021-03-02 10:04:25 - [MESSAGE][PASSED] - Attribute 'title' of object 'Object Repository/Tool tips/button_Sections' is: 'Sections'

2021-03-02 10:04:25 - [TEST_STEP][PASSED] - out.println("Actual Title of Tool Tip for button " + toolTip + " is " + actualTooltip): null

2021-03-02 10:04:25 - [TEST_STEP][PASSED] - expectedTooltip = toolTip: null

2021-03-02 10:04:25 - [TEST_STEP][PASSED] - if (actualTooltip.equals(expectedTooltip)): null

2021-03-02 10:04:25 - [TEST_STEP][PASSED] - out.println("Test Case Passed for " + toolTip): null

2021-03-02 10:04:25 - [TEST_STEP][PASSED] - delay(2): Delayed 2 second(s)

2021-03-02 10:04:27 - [MESSAGE][PASSED] - Delayed 2 second(s)

2021-03-02 10:04:27 - [TEST_STEP][PASSED] - click(findTestObject(button1)): Object: 'Object Repository/Tool tips/button_Sections' is clicked on

2021-03-02 10:04:28 - [MESSAGE][PASSED] - Object: 'Object Repository/Tool tips/button_Sections' is clicked on

2021-03-02 10:04:28 - [TEST_STEP][PASSED] - button = toggleButton: null

2021-03-02 10:04:28 - [TEST_STEP][PASSED] - toggleTipTest = toggleTip: null

2021-03-02 10:04:28 - [TEST_STEP][PASSED] - out.println("Togglebutton" + button): null

2021-03-02 10:04:28 - [TEST_STEP][PASSED] - out.println("ToggleTip" + toggleTipTest): null

2021-03-02 10:04:28 - [TEST_STEP][PASSED] - delay(2): Delayed 2 second(s)

2021-03-02 10:04:30 - [MESSAGE][PASSED] - Delayed 2 second(s)

2021-03-02 10:04:30 - [TEST_STEP][PASSED] - testToolTip(button, toggleTipTest): null

2021-03-02 10:04:30 - [TEST_STEP][PASSED] - actualTooltip = getAttribute(findTestObject(button), "title"): Attribute 'title' of object 'Object Repository/Tool tips/button_No Sections' is: 'No Sections'

2021-03-02 10:04:44 - [MESSAGE][PASSED] - Attribute 'title' of object 'Object Repository/Tool tips/button_No Sections' is: 'No Sections'

2021-03-02 10:04:44 - [TEST_STEP][PASSED] - out.println("Actual Title of Tool Tip for button " + toolTip + " is " + actualTooltip): null

2021-03-02 10:04:44 - [TEST_STEP][PASSED] - expectedTooltip = toolTip: null

2021-03-02 10:04:44 - [TEST_STEP][PASSED] - if (actualTooltip.equals(expectedTooltip)): null

2021-03-02 10:04:44 - [TEST_STEP][PASSED] - out.println("Test Case Passed for " + toolTip): null

2021-03-02 10:04:44 - [TEST_STEP][PASSED] - testToggleTip("Object Repository/Tool tips/button_Blocks", "Blocks", "Object Repository/Tool tips/button_No Blocks", "NoBlocks"): null

2021-03-02 10:04:44 - [TEST_STEP][PASSED] - actualTooltip = getAttribute(findTestObject(button1), "title"): Attribute 'title' of object 'Object Repository/Tool tips/button_Blocks' is: 'Blocks'

2021-03-02 10:04:45 - [MESSAGE][PASSED] - Attribute 'title' of object 'Object Repository/Tool tips/button_Blocks' is: 'Blocks'

2021-03-02 10:04:45 - [TEST_STEP][PASSED] - out.println("Actual Title of Tool Tip for button " + toolTip + " is " + actualTooltip): null

2021-03-02 10:04:45 - [TEST_STEP][PASSED] - expectedTooltip = toolTip: null

2021-03-02 10:04:45 - [TEST_STEP][PASSED] - if (actualTooltip.equals(expectedTooltip)): null

2021-03-02 10:04:45 - [TEST_STEP][PASSED] - out.println("Test Case Passed for " + toolTip): null

2021-03-02 10:04:45 - [TEST_STEP][PASSED] - delay(2): Delayed 2 second(s)

2021-03-02 10:04:47 - [MESSAGE][PASSED] - Delayed 2 second(s)

2021-03-02 10:04:47 - [TEST_STEP][PASSED] - click(findTestObject(button1)): Object: 'Object Repository/Tool tips/button_Blocks' is clicked on

2021-03-02 10:04:48 - [MESSAGE][PASSED] - Object: 'Object Repository/Tool tips/button_Blocks' is clicked on

2021-03-02 10:04:48 - [TEST_STEP][PASSED] - button = toggleButton: null

2021-03-02 10:04:48 - [TEST_STEP][PASSED] - toggleTipTest = toggleTip: null

2021-03-02 10:04:48 - [TEST_STEP][PASSED] - out.println("Togglebutton" + button): null

2021-03-02 10:04:48 - [TEST_STEP][PASSED] - out.println("ToggleTip" + toggleTipTest): null

2021-03-02 10:04:48 - [TEST_STEP][PASSED] - delay(2): Delayed 2 second(s)

2021-03-02 10:04:50 - [MESSAGE][PASSED] - Delayed 2 second(s)

2021-03-02 10:04:50 - [TEST_STEP][PASSED] - testToolTip(button, toggleTipTest): null

2021-03-02 10:04:50 - [TEST_STEP][PASSED] - actualTooltip = getAttribute(findTestObject(button), "title"): Attribute 'title' of object 'Object Repository/Tool tips/button_No Blocks' is: 'NoBlocks'

2021-03-02 10:04:52 - [MESSAGE][PASSED] - Attribute 'title' of object 'Object Repository/Tool tips/button_No Blocks' is: 'NoBlocks'

2021-03-02 10:04:52 - [TEST_STEP][PASSED] - out.println("Actual Title of Tool Tip for button " + toolTip + " is " + actualTooltip): null

2021-03-02 10:04:52 - [TEST_STEP][PASSED] - expectedTooltip = toolTip: null

2021-03-02 10:04:52 - [TEST_STEP][PASSED] - if (actualTooltip.equals(expectedTooltip)): null

2021-03-02 10:04:52 - [TEST_STEP][PASSED] - out.println("Test Case Passed for " + toolTip): null

2021-03-02 10:04:52 - [TEST_STEP][PASSED] - testToolTip("Object Repository/Tool tips/button_Preview", "Preview"): null

2021-03-02 10:04:52 - [TEST_STEP][PASSED] - actualTooltip = getAttribute(findTestObject(button), "title"): Attribute 'title' of object 'Object Repository/Tool tips/button_Preview' is: 'Preview'

2021-03-02 10:04:52 - [MESSAGE][PASSED] - Attribute 'title' of object 'Object Repository/Tool tips/button_Preview' is: 'Preview'

2021-03-02 10:04:52 - [TEST_STEP][PASSED] - out.println("Actual Title of Tool Tip for button " + toolTip + " is " + actualTooltip): null

2021-03-02 10:04:52 - [TEST_STEP][PASSED] - expectedTooltip = toolTip: null

2021-03-02 10:04:52 - [TEST_STEP][PASSED] - if (actualTooltip.equals(expectedTooltip)): null

2021-03-02 10:04:52 - [TEST_STEP][PASSED] - out.println("Test Case Passed for " + toolTip): null

2021-03-02 10:04:52 - [TEST_STEP][PASSED] - closeBrowser(): Browser is closed

2021-03-02 10:04:53 - [MESSAGE][PASSED] - Browser is closed]]></system-out>
         <system-err><![CDATA[]]></system-err>
      </testcase>
      <system-out><![CDATA[2021-03-02 09:48:57 - [TEST_SUITE][FAILED] - Test Suite1- Regression: Test Cases/tCC Test Cases/tN_Add or Delete a Row FAILED.
Reason:
com.kms.katalon.core.exception.StepFailedException: Unable to click on object 'Object Repository/tN objects/button_Titus 11_add a new row' (Root cause: com.kms.katalon.core.exception.StepFailedException: Unable to click on object 'Object Repository/tN objects/button_Titus 11_add a new row'
	at com.kms.katalon.core.webui.keyword.internal.WebUIKeywordMain.stepFailed(WebUIKeywordMain.groovy:64)
	at com.kms.katalon.core.webui.keyword.internal.WebUIKeywordMain.runKeyword(WebUIKeywordMain.groovy:26)
	at com.kms.katalon.core.webui.keyword.builtin.ClickKeyword.click(ClickKeyword.groovy:75)
	at com.kms.katalon.core.webui.keyword.builtin.ClickKeyword.execute(ClickKeyword.groovy:42)
	at com.kms.katalon.core.keyword.internal.KeywordExecutor.executeKeywordForPlatform(KeywordExecutor.groovy:73)
	at com.kms.katalon.core.webui.keyword.WebUiBuiltInKeywords.click(WebUiBuiltInKeywords.groovy:619)
	at com.kms.katalon.core.webui.keyword.WebUiBuiltInKeywords$click$3.call(Unknown Source)
	at tN_Add or Delete a Row.run(tN_Add or Delete a Row:38)
	at com.kms.katalon.core.main.ScriptEngine.run(ScriptEngine.java:194)
	at com.kms.katalon.core.main.ScriptEngine.runScriptAsRawText(ScriptEngine.java:119)
	at com.kms.katalon.core.main.TestCaseExecutor.runScript(TestCaseExecutor.java:398)
	at com.kms.katalon.core.main.TestCaseExecutor.doExecute(TestCaseExecutor.java:389)
	at com.kms.katalon.core.main.TestCaseExecutor.processExecutionPhase(TestCaseExecutor.java:368)
	at com.kms.katalon.core.main.TestCaseExecutor.accessMainPhase(TestCaseExecutor.java:360)
	at com.kms.katalon.core.main.TestCaseExecutor.execute(TestCaseExecutor.java:255)
	at com.kms.katalon.core.main.TestSuiteExecutor.accessTestCaseMainPhase(TestSuiteExecutor.java:203)
	at com.kms.katalon.core.main.TestSuiteExecutor.accessTestSuiteMainPhase(TestSuiteExecutor.java:152)
	at com.kms.katalon.core.main.TestSuiteExecutor.execute(TestSuiteExecutor.java:95)
	at com.kms.katalon.core.main.TestCaseMain.startTestSuite(TestCaseMain.java:157)
	at com.kms.katalon.core.main.TestCaseMain$startTestSuite$0.call(Unknown Source)
	at TempTestSuite1614696535798.run(TempTestSuite1614696535798.groovy:39)
Caused by: com.kms.katalon.core.webui.exception.WebElementNotFoundException: Web element with id: 'Object Repository/tN objects/button_Titus 11_add a new row' located by '//*[@class = 'MuiButtonBase-root-482 MuiIconButton-root-474 jss500' and @type = 'button' and @title = 'Add a Row']' not found
	at com.kms.katalon.core.webui.common.WebUiCommonHelper.findWebElement(WebUiCommonHelper.java:1368)
	at com.kms.katalon.core.webui.keyword.internal.WebUIAbstractKeyword.findWebElement(WebUIAbstractKeyword.groovy:27)
	at com.kms.katalon.core.webui.keyword.internal.WebUIAbstractKeyword.findWebElement(WebUIAbstractKeyword.groovy:26)
	at com.kms.katalon.core.webui.keyword.builtin.ClickKeyword$_click_closure1.doCall(ClickKeyword.groovy:66)
	at com.kms.katalon.core.webui.keyword.builtin.ClickKeyword$_click_closure1.call(ClickKeyword.groovy)
	at com.kms.katalon.core.webui.keyword.internal.WebUIKeywordMain.runKeyword(WebUIKeywordMain.groovy:20)
	at com.kms.katalon.core.webui.keyword.builtin.ClickKeyword.click(ClickKeyword.groovy:75)
	at com.kms.katalon.core.webui.keyword.builtin.ClickKeyword.execute(ClickKeyword.groovy:42)
	at com.kms.katalon.core.keyword.internal.KeywordExecutor.executeKeywordForPlatform(KeywordExecutor.groovy:73)
	at com.kms.katalon.core.webui.keyword.WebUiBuiltInKeywords.click(WebUiBuiltInKeywords.groovy:619)
	at com.kms.katalon.core.webui.keyword.WebUiBuiltInKeywords$click$3.call(Unknown Source)
	at Script1607640096280.run(Script1607640096280.groovy:38)
	... 13 more
)
	at com.kms.katalon.core.keyword.internal.KeywordMain.stepFailed(KeywordMain.groovy:39)
	at com.kms.katalon.core.webui.keyword.internal.WebUIKeywordMain.stepFailed(WebUIKeywordMain.groovy:64)
	at com.kms.katalon.core.webui.keyword.internal.WebUIKeywordMain.runKeyword(WebUIKeywordMain.groovy:26)
	at com.kms.katalon.core.webui.keyword.builtin.ClickKeyword.click(ClickKeyword.groovy:75)
	at com.kms.katalon.core.webui.keyword.builtin.ClickKeyword.execute(ClickKeyword.groovy:42)
	at com.kms.katalon.core.keyword.internal.KeywordExecutor.executeKeywordForPlatform(KeywordExecutor.groovy:73)
	at com.kms.katalon.core.webui.keyword.WebUiBuiltInKeywords.click(WebUiBuiltInKeywords.groovy:619)
	at com.kms.katalon.core.webui.keyword.WebUiBuiltInKeywords$click$3.call(Unknown Source)
	at tN_Add or Delete a Row.run(tN_Add or Delete a Row:38)
	at com.kms.katalon.core.main.ScriptEngine.run(ScriptEngine.java:194)
	at com.kms.katalon.core.main.ScriptEngine.runScriptAsRawText(ScriptEngine.java:119)
	at com.kms.katalon.core.main.TestCaseExecutor.runScript(TestCaseExecutor.java:398)
	at com.kms.katalon.core.main.TestCaseExecutor.doExecute(TestCaseExecutor.java:389)
	at com.kms.katalon.core.main.TestCaseExecutor.processExecutionPhase(TestCaseExecutor.java:368)
	at com.kms.katalon.core.main.TestCaseExecutor.accessMainPhase(TestCaseExecutor.java:360)
	at com.kms.katalon.core.main.TestCaseExecutor.execute(TestCaseExecutor.java:255)
	at com.kms.katalon.core.main.TestSuiteExecutor.accessTestCaseMainPhase(TestSuiteExecutor.java:203)
	at com.kms.katalon.core.main.TestSuiteExecutor.accessTestSuiteMainPhase(TestSuiteExecutor.java:152)
	at com.kms.katalon.core.main.TestSuiteExecutor.execute(TestSuiteExecutor.java:95)
	at com.kms.katalon.core.main.TestCaseMain.startTestSuite(TestCaseMain.java:157)
	at com.kms.katalon.core.main.TestCaseMain$startTestSuite$0.call(Unknown Source)
	at TempTestSuite1614696535798.run(TempTestSuite1614696535798.groovy:39)
Caused by: com.kms.katalon.core.exception.StepFailedException: Unable to click on object 'Object Repository/tN objects/button_Titus 11_add a new row'
	... 21 more
Caused by: com.kms.katalon.core.webui.exception.WebElementNotFoundException: Web element with id: 'Object Repository/tN objects/button_Titus 11_add a new row' located by '//*[@class = 'MuiButtonBase-root-482 MuiIconButton-root-474 jss500' and @type = 'button' and @title = 'Add a Row']' not found
	at com.kms.katalon.core.webui.common.WebUiCommonHelper.findWebElement(WebUiCommonHelper.java:1368)
	at com.kms.katalon.core.webui.keyword.internal.WebUIAbstractKeyword.findWebElement(WebUIAbstractKeyword.groovy:27)
	at com.kms.katalon.core.webui.keyword.internal.WebUIAbstractKeyword.findWebElement(WebUIAbstractKeyword.groovy:26)
	at com.kms.katalon.core.webui.keyword.builtin.ClickKeyword$_click_closure1.doCall(ClickKeyword.groovy:66)
	at com.kms.katalon.core.webui.keyword.builtin.ClickKeyword$_click_closure1.call(ClickKeyword.groovy)
	at com.kms.katalon.core.webui.keyword.internal.WebUIKeywordMain.runKeyword(WebUIKeywordMain.groovy:20)
	... 19 more]]></system-out>
      <system-err><![CDATA[2021-03-02 09:48:57 - [TEST_SUITE][FAILED] - Test Suite1- Regression: Test Cases/tCC Test Cases/tN_Add or Delete a Row FAILED.
Reason:
com.kms.katalon.core.exception.StepFailedException: Unable to click on object 'Object Repository/tN objects/button_Titus 11_add a new row' (Root cause: com.kms.katalon.core.exception.StepFailedException: Unable to click on object 'Object Repository/tN objects/button_Titus 11_add a new row'
	at com.kms.katalon.core.webui.keyword.internal.WebUIKeywordMain.stepFailed(WebUIKeywordMain.groovy:64)
	at com.kms.katalon.core.webui.keyword.internal.WebUIKeywordMain.runKeyword(WebUIKeywordMain.groovy:26)
	at com.kms.katalon.core.webui.keyword.builtin.ClickKeyword.click(ClickKeyword.groovy:75)
	at com.kms.katalon.core.webui.keyword.builtin.ClickKeyword.execute(ClickKeyword.groovy:42)
	at com.kms.katalon.core.keyword.internal.KeywordExecutor.executeKeywordForPlatform(KeywordExecutor.groovy:73)
	at com.kms.katalon.core.webui.keyword.WebUiBuiltInKeywords.click(WebUiBuiltInKeywords.groovy:619)
	at com.kms.katalon.core.webui.keyword.WebUiBuiltInKeywords$click$3.call(Unknown Source)
	at tN_Add or Delete a Row.run(tN_Add or Delete a Row:38)
	at com.kms.katalon.core.main.ScriptEngine.run(ScriptEngine.java:194)
	at com.kms.katalon.core.main.ScriptEngine.runScriptAsRawText(ScriptEngine.java:119)
	at com.kms.katalon.core.main.TestCaseExecutor.runScript(TestCaseExecutor.java:398)
	at com.kms.katalon.core.main.TestCaseExecutor.doExecute(TestCaseExecutor.java:389)
	at com.kms.katalon.core.main.TestCaseExecutor.processExecutionPhase(TestCaseExecutor.java:368)
	at com.kms.katalon.core.main.TestCaseExecutor.accessMainPhase(TestCaseExecutor.java:360)
	at com.kms.katalon.core.main.TestCaseExecutor.execute(TestCaseExecutor.java:255)
	at com.kms.katalon.core.main.TestSuiteExecutor.accessTestCaseMainPhase(TestSuiteExecutor.java:203)
	at com.kms.katalon.core.main.TestSuiteExecutor.accessTestSuiteMainPhase(TestSuiteExecutor.java:152)
	at com.kms.katalon.core.main.TestSuiteExecutor.execute(TestSuiteExecutor.java:95)
	at com.kms.katalon.core.main.TestCaseMain.startTestSuite(TestCaseMain.java:157)
	at com.kms.katalon.core.main.TestCaseMain$startTestSuite$0.call(Unknown Source)
	at TempTestSuite1614696535798.run(TempTestSuite1614696535798.groovy:39)
Caused by: com.kms.katalon.core.webui.exception.WebElementNotFoundException: Web element with id: 'Object Repository/tN objects/button_Titus 11_add a new row' located by '//*[@class = 'MuiButtonBase-root-482 MuiIconButton-root-474 jss500' and @type = 'button' and @title = 'Add a Row']' not found
	at com.kms.katalon.core.webui.common.WebUiCommonHelper.findWebElement(WebUiCommonHelper.java:1368)
	at com.kms.katalon.core.webui.keyword.internal.WebUIAbstractKeyword.findWebElement(WebUIAbstractKeyword.groovy:27)
	at com.kms.katalon.core.webui.keyword.internal.WebUIAbstractKeyword.findWebElement(WebUIAbstractKeyword.groovy:26)
	at com.kms.katalon.core.webui.keyword.builtin.ClickKeyword$_click_closure1.doCall(ClickKeyword.groovy:66)
	at com.kms.katalon.core.webui.keyword.builtin.ClickKeyword$_click_closure1.call(ClickKeyword.groovy)
	at com.kms.katalon.core.webui.keyword.internal.WebUIKeywordMain.runKeyword(WebUIKeywordMain.groovy:20)
	at com.kms.katalon.core.webui.keyword.builtin.ClickKeyword.click(ClickKeyword.groovy:75)
	at com.kms.katalon.core.webui.keyword.builtin.ClickKeyword.execute(ClickKeyword.groovy:42)
	at com.kms.katalon.core.keyword.internal.KeywordExecutor.executeKeywordForPlatform(KeywordExecutor.groovy:73)
	at com.kms.katalon.core.webui.keyword.WebUiBuiltInKeywords.click(WebUiBuiltInKeywords.groovy:619)
	at com.kms.katalon.core.webui.keyword.WebUiBuiltInKeywords$click$3.call(Unknown Source)
	at Script1607640096280.run(Script1607640096280.groovy:38)
	... 13 more
)
	at com.kms.katalon.core.keyword.internal.KeywordMain.stepFailed(KeywordMain.groovy:39)
	at com.kms.katalon.core.webui.keyword.internal.WebUIKeywordMain.stepFailed(WebUIKeywordMain.groovy:64)
	at com.kms.katalon.core.webui.keyword.internal.WebUIKeywordMain.runKeyword(WebUIKeywordMain.groovy:26)
	at com.kms.katalon.core.webui.keyword.builtin.ClickKeyword.click(ClickKeyword.groovy:75)
	at com.kms.katalon.core.webui.keyword.builtin.ClickKeyword.execute(ClickKeyword.groovy:42)
	at com.kms.katalon.core.keyword.internal.KeywordExecutor.executeKeywordForPlatform(KeywordExecutor.groovy:73)
	at com.kms.katalon.core.webui.keyword.WebUiBuiltInKeywords.click(WebUiBuiltInKeywords.groovy:619)
	at com.kms.katalon.core.webui.keyword.WebUiBuiltInKeywords$click$3.call(Unknown Source)
	at tN_Add or Delete a Row.run(tN_Add or Delete a Row:38)
	at com.kms.katalon.core.main.ScriptEngine.run(ScriptEngine.java:194)
	at com.kms.katalon.core.main.ScriptEngine.runScriptAsRawText(ScriptEngine.java:119)
	at com.kms.katalon.core.main.TestCaseExecutor.runScript(TestCaseExecutor.java:398)
	at com.kms.katalon.core.main.TestCaseExecutor.doExecute(TestCaseExecutor.java:389)
	at com.kms.katalon.core.main.TestCaseExecutor.processExecutionPhase(TestCaseExecutor.java:368)
	at com.kms.katalon.core.main.TestCaseExecutor.accessMainPhase(TestCaseExecutor.java:360)
	at com.kms.katalon.core.main.TestCaseExecutor.execute(TestCaseExecutor.java:255)
	at com.kms.katalon.core.main.TestSuiteExecutor.accessTestCaseMainPhase(TestSuiteExecutor.java:203)
	at com.kms.katalon.core.main.TestSuiteExecutor.accessTestSuiteMainPhase(TestSuiteExecutor.java:152)
	at com.kms.katalon.core.main.TestSuiteExecutor.execute(TestSuiteExecutor.java:95)
	at com.kms.katalon.core.main.TestCaseMain.startTestSuite(TestCaseMain.java:157)
	at com.kms.katalon.core.main.TestCaseMain$startTestSuite$0.call(Unknown Source)
	at TempTestSuite1614696535798.run(TempTestSuite1614696535798.groovy:39)
Caused by: com.kms.katalon.core.exception.StepFailedException: Unable to click on object 'Object Repository/tN objects/button_Titus 11_add a new row'
	... 21 more
Caused by: com.kms.katalon.core.webui.exception.WebElementNotFoundException: Web element with id: 'Object Repository/tN objects/button_Titus 11_add a new row' located by '//*[@class = 'MuiButtonBase-root-482 MuiIconButton-root-474 jss500' and @type = 'button' and @title = 'Add a Row']' not found
	at com.kms.katalon.core.webui.common.WebUiCommonHelper.findWebElement(WebUiCommonHelper.java:1368)
	at com.kms.katalon.core.webui.keyword.internal.WebUIAbstractKeyword.findWebElement(WebUIAbstractKeyword.groovy:27)
	at com.kms.katalon.core.webui.keyword.internal.WebUIAbstractKeyword.findWebElement(WebUIAbstractKeyword.groovy:26)
	at com.kms.katalon.core.webui.keyword.builtin.ClickKeyword$_click_closure1.doCall(ClickKeyword.groovy:66)
	at com.kms.katalon.core.webui.keyword.builtin.ClickKeyword$_click_closure1.call(ClickKeyword.groovy)
	at com.kms.katalon.core.webui.keyword.internal.WebUIKeywordMain.runKeyword(WebUIKeywordMain.groovy:20)
	... 19 more]]></system-err>
   </testsuite>
</testsuites>
